
> blogger@0.0.0 start /home/bitnami/blogger
> PORT=80 node ./bin/www

[0mGET /blogAdd [36m304 [0m10.249 ms - -[0m
[0mGET /bootstrap/css/fontawesome-all.css [33m404 [0m1.846 ms - 906[0m
[0mGET /stylesheets/style.css [36m304 [0m1.686 ms - -[0m
[0mGET /bootstrap/js/jquery.min.js [33m404 [0m2.355 ms - 906[0m
[0mGET /bootstrap/css/bootstrap.min.css [36m304 [0m2.534 ms - -[0m
[0mGET /bootstrap/js/bootstrap.min.js [36m304 [0m0.239 ms - -[0m
[0mGET /blogAdd [36m304 [0m0.922 ms - -[0m
[0mGET /bootstrap/css/fontawesome-all.css [33m404 [0m0.828 ms - 906[0m
[0mGET /bootstrap/js/jquery.min.js [33m404 [0m1.191 ms - 906[0m
[0mGET /stylesheets/style.css [36m304 [0m0.232 ms - -[0m
[0mGET /bootstrap/css/bootstrap.min.css [36m304 [0m0.236 ms - -[0m
[0mGET /bootstrap/js/bootstrap.min.js [36m304 [0m0.245 ms - -[0m
[0mGET /blogList [32m200 [0m0.874 ms - 953[0m
[0mGET /bootstrap/css/fontawesome-all.css [33m404 [0m0.549 ms - 906[0m
[0mGET /bootstrap/js/jquery.min.js [33m404 [0m0.480 ms - 906[0m
[0mGET /bootstrap/css/bootstrap.min.css [36m304 [0m0.438 ms - -[0m
[0mGET /stylesheets/style.css [36m304 [0m0.482 ms - -[0m
[0mGET /bootstrap/js/bootstrap.min.js [36m304 [0m0.212 ms - -[0m
[0mGET / [36m304 [0m1.118 ms - -[0m
[0mGET /bootstrap/css/fontawesome-all.css [33m404 [0m0.572 ms - 906[0m
[0mGET /bootstrap/js/jquery.min.js [33m404 [0m0.548 ms - 906[0m
[0mGET /stylesheets/style.css [36m304 [0m0.434 ms - -[0m
[0mGET /bootstrap/css/bootstrap.min.css [36m304 [0m0.439 ms - -[0m
[0mGET /bootstrap/js/bootstrap.min.js [36m304 [0m0.203 ms - -[0m
[0mGET / [36m304 [0m0.820 ms - -[0m
[0mGET /bootstrap/css/fontawesome-all.css [33m404 [0m0.816 ms - 906[0m
[0mGET /bootstrap/js/jquery.min.js [33m404 [0m1.151 ms - 906[0m
[0mGET /stylesheets/style.css [36m304 [0m0.440 ms - -[0m
[0mGET /bootstrap/css/bootstrap.min.css [36m304 [0m0.456 ms - -[0m
[0mGET /bootstrap/js/bootstrap.min.js [36m304 [0m0.200 ms - -[0m
[0mGET / [32m200 [0m0.651 ms - 967[0m
[0mGET / [32m200 [0m0.574 ms - 967[0m
[0mGET / [32m200 [0m0.644 ms - 967[0m
[0mGET / [32m200 [0m0.640 ms - 967[0m
[0mGET / [32m200 [0m0.619 ms - 967[0m
[0mGET / [32m200 [0m1.098 ms - 967[0m
[0mGET / [32m200 [0m0.612 ms - 967[0m
[0mGET / [32m200 [0m0.653 ms - 967[0m
[0mGET / [32m200 [0m0.668 ms - 967[0m
[0mGET / [32m200 [0m0.589 ms - 967[0m
[0mGET / [32m200 [0m0.615 ms - 967[0m
[0mGET / [32m200 [0m0.442 ms - 967[0m
[0mGET / [32m200 [0m0.614 ms - 967[0m
[0mGET / [32m200 [0m2.409 ms - 967[0m
[0mGET / [32m200 [0m0.585 ms - 967[0m
[0mGET / [32m200 [0m0.575 ms - 967[0m
[0mGET / [32m200 [0m0.557 ms - 967[0m
[0mGET / [32m200 [0m0.712 ms - 967[0m
[0mGET / [32m200 [0m0.590 ms - 967[0m
[0mGET / [32m200 [0m0.606 ms - 967[0m
[0mGET / [32m200 [0m10.234 ms - 967[0m
[0mGET / [32m200 [0m0.591 ms - 967[0m
[0mGET / [32m200 [0m0.603 ms - 967[0m
[0mGET / [32m200 [0m0.629 ms - 967[0m
[0mGET / [32m200 [0m0.669 ms - 967[0m
[0mGET / [32m200 [0m0.549 ms - 967[0m
[0mGET / [32m200 [0m0.598 ms - 967[0m
[0mGET / [32m200 [0m0.625 ms - 967[0m
[0mGET / [32m200 [0m0.573 ms - 967[0m
[0mGET / [32m200 [0m0.582 ms - 967[0m
[0mGET / [32m200 [0m0.596 ms - 967[0m
[0mGET / [32m200 [0m0.607 ms - 967[0m
[0mGET / [32m200 [0m0.619 ms - 967[0m
[0mGET / [32m200 [0m0.610 ms - 967[0m
[0mGET / [32m200 [0m0.625 ms - 967[0m
[0mGET / [32m200 [0m0.598 ms - 967[0m
[0mGET / [32m200 [0m0.704 ms - 967[0m
[0mGET / [32m200 [0m0.601 ms - 967[0m
[0mGET / [32m200 [0m0.596 ms - 967[0m
[0mGET / [32m200 [0m0.643 ms - 967[0m
[0mGET / [32m200 [0m0.621 ms - 967[0m
[0mGET / [32m200 [0m0.612 ms - 967[0m
[0mGET / [0m- [0m- ms - -[0m
[0mGET / [32m200 [0m0.644 ms - 967[0m
[0mGET /acadmin.php [33m404 [0m11.327 ms - 906[0m
[0mGET / [32m200 [0m0.596 ms - 967[0m
[0mGET / [32m200 [0m1.000 ms - 967[0m
[0mGET / [32m200 [0m0.602 ms - 967[0m
[0mGET / [32m200 [0m0.604 ms - 967[0m
[0mGET / [32m200 [0m0.665 ms - 967[0m
[0mGET / [32m200 [0m0.666 ms - 967[0m
[0mGET /webdav/ [33m404 [0m0.703 ms - 906[0m
[0mGET /help.php [33m404 [0m0.695 ms - 906[0m
[0mGET /_query.php [33m404 [0m0.689 ms - 906[0m
[0mGET /logon.php [33m404 [0m0.719 ms - 906[0m
[0mGET /help-e.php [33m404 [0m0.693 ms - 906[0m
[0mGET /log.php [33m404 [0m0.684 ms - 906[0m
[0mGET /pmd_online.php [33m404 [0m0.732 ms - 906[0m
[0mGET /x.php [33m404 [0m0.725 ms - 906[0m
[0mGET /shell.php [33m404 [0m0.720 ms - 906[0m
[0mGET /htdocs.php [33m404 [0m9.132 ms - 906[0m
[0mGET /lala.php [33m404 [0m2.012 ms - 906[0m
[0mGET /wpc.php [33m404 [0m16.988 ms - 906[0m
[0mGET /wpo.php [33m404 [0m1.010 ms - 906[0m
[0mGET /text.php [33m404 [0m0.806 ms - 906[0m
[0mGET /wp-config.php [33m404 [0m0.767 ms - 906[0m
[0mGET /muhstik.php [33m404 [0m0.697 ms - 906[0m
[0mGET /muhstik-dpr.php [33m404 [0m0.727 ms - 906[0m
[0mGET /lol.php [33m404 [0m0.729 ms - 906[0m
[0mGET /cmdd.php [33m404 [0m0.703 ms - 906[0m
[0mGET /phpmyadmin/scripts/setup.php [33m404 [0m0.711 ms - 906[0m
[0mGET /phpMyAdmin/scripts/setup.php [33m404 [0m0.735 ms - 906[0m
[0mGET /phpmyadmin/scripts/db___.init.php [33m404 [0m0.700 ms - 906[0m
[0mGET /phpMyAdmin/scripts/db___.init.php [33m404 [0m0.739 ms - 906[0m
[0mPOST /wuwu11.php [33m404 [0m46.756 ms - 906[0m
[0mPOST /xw.php [33m404 [0m0.954 ms - 906[0m
[0mPOST /xw1.php [33m404 [0m0.739 ms - 906[0m
[0mPOST /9678.php [33m404 [0m0.805 ms - 906[0m
[0mPOST /wc.php [33m404 [0m0.727 ms - 906[0m
[0mPOST /xx.php [33m404 [0m0.737 ms - 906[0m
[0mPOST /s.php [33m404 [0m20.111 ms - 906[0m
[0mPOST /sheep.php [33m404 [0m0.728 ms - 906[0m
[0mPOST /db.init.php [33m404 [0m0.711 ms - 906[0m
[0mPOST /db_session.init.php [33m404 [0m0.725 ms - 906[0m
[0mPOST /db__.init.php [33m404 [0m0.716 ms - 906[0m
[0mPOST /wp-admins.php [33m404 [0m0.747 ms - 906[0m
[0mPOST /m.php?pbid=open [33m404 [0m0.743 ms - 906[0m
[0mPOST /mx.php [33m404 [0m0.723 ms - 906[0m
[0mPOST /wshell.php [33m404 [0m0.728 ms - 906[0m
[0mPOST /xshell.php [33m404 [0m0.725 ms - 906[0m
[0mPOST /qq.php [33m404 [0m1.336 ms - 906[0m
[0mPOST /conflg.php [33m404 [0m0.702 ms - 906[0m
[0mPOST /conflg.php [33m404 [0m0.724 ms - 906[0m
[0mPOST /lindex.php [33m404 [0m0.725 ms - 906[0m
[0mPOST /phpstudy.php [33m404 [0m0.713 ms - 906[0m
[0mPOST /phpStudy.php [33m404 [0m0.705 ms - 906[0m
[0mPOST /weixiao.php [33m404 [0m0.730 ms - 906[0m
[0mPOST /feixiang.php [33m404 [0m0.721 ms - 906[0m
[0mPOST /ak47.php [33m404 [0m0.721 ms - 906[0m
[0mPOST /ak48.php [33m404 [0m0.711 ms - 906[0m
[0mPOST /yao.php [33m404 [0m0.734 ms - 906[0m
[0mPOST /webslee.php [33m404 [0m0.761 ms - 906[0m
[0mPOST /hm.php [33m404 [0m0.774 ms - 906[0m
[0mPOST /cainiao.php [33m404 [0m1.247 ms - 906[0m
[0mPOST /zuoshou.php [33m404 [0m0.720 ms - 906[0m
[0mPOST /zuo.php [33m404 [0m0.733 ms - 906[0m
[0mPOST /aotu.php [33m404 [0m0.718 ms - 906[0m
[0mPOST /aotu7.php [33m404 [0m0.740 ms - 906[0m
[0mPOST /bak.php [33m404 [0m0.745 ms - 906[0m
[0mPOST /system.php [33m404 [0m0.725 ms - 906[0m
[0mPOST /l6.php [33m404 [0m0.705 ms - 906[0m
[0mGET /phpMyAdmin/index.php [33m404 [0m0.710 ms - 906[0m
[0mGET /pmd/index.php [33m404 [0m0.728 ms - 906[0m
[0mGET /PMA/index.php [33m404 [0m0.706 ms - 906[0m
[0mGET /PMA2/index.php [33m404 [0m0.760 ms - 906[0m
[0mGET /pmamy2/index.php [33m404 [0m0.705 ms - 906[0m
[0mGET /mysql/index.php [33m404 [0m0.708 ms - 906[0m
[0mGET /admin/index.php [33m404 [0m0.715 ms - 906[0m
[0mGET /db/index.php [33m404 [0m0.668 ms - 906[0m
[0mGET /dbadmin/index.php [33m404 [0m0.710 ms - 906[0m
[0mGET /web/phpMyAdmin/index.php [33m404 [0m0.694 ms - 906[0m
[0mGET /admin/pma/index.php [33m404 [0m0.674 ms - 906[0m
[0mGET /admin/PMA/index.php [33m404 [0m0.727 ms - 906[0m
[0mGET /admin/mysql/index.php [33m404 [0m0.692 ms - 906[0m
[0mGET /admin/phpmyadmin/index.php [33m404 [0m0.701 ms - 906[0m
[0mGET /admin/phpMyAdmin/index.php [33m404 [0m0.684 ms - 906[0m
[0mGET /admin/phpmyadmin2/index.php [33m404 [0m0.698 ms - 906[0m
[0mGET /mysqladmin/index.php [33m404 [0m0.696 ms - 906[0m
[0mGET /mysql-admin/index.php [33m404 [0m1.117 ms - 906[0m
[0mGET /mysql_admin/index.php [33m404 [0m0.716 ms - 906[0m
[0mGET /phpadmin/index.php [33m404 [0m0.710 ms - 906[0m
[0mGET /phpmyadmin0/index.php [33m404 [0m0.696 ms - 906[0m
[0mGET /phpMyAdmin-4.4.0/index.php [33m404 [0m0.707 ms - 906[0m
[0mGET /myadmin/index.php [33m404 [0m0.710 ms - 906[0m
[0mGET /phpMyadmin_bak/index.php [33m404 [0m0.699 ms - 906[0m
[0mGET /www/phpMyAdmin/index.php [33m404 [0m0.738 ms - 906[0m
[0mGET /tools/phpMyAdmin/index.php [33m404 [0m0.725 ms - 906[0m
[0mGET /phpMyAdminold/index.php [33m404 [0m0.695 ms - 906[0m
[0mGET /phpMyAdmin.old/index.php [33m404 [0m0.745 ms - 906[0m
[0mGET /pma-old/index.php [33m404 [0m0.698 ms - 906[0m
[0mGET /claroline/phpMyAdmin/index.php [33m404 [0m0.680 ms - 906[0m
[0mGET /phpma/index.php [33m404 [0m1.105 ms - 906[0m
[0mGET /phpmyadmin/phpmyadmin/index.php [33m404 [0m0.726 ms - 906[0m
[0mGET /phpMyAdmin/phpMyAdmin/index.php [33m404 [0m0.693 ms - 906[0m
[0mGET /phpMyAbmin/index.php [33m404 [0m5.986 ms - 906[0m
[0mGET /phpMyAdmin__/index.php [33m404 [0m0.688 ms - 906[0m
[0mGET /phpMyAdmin+++---/index.php [33m404 [0m0.686 ms - 906[0m
[0mGET /v/index.php [33m404 [0m0.721 ms - 906[0m
[0mGET /phpmyadm1n/index.php [33m404 [0m0.677 ms - 906[0m
[0mGET /phpMyadmi/index.php [33m404 [0m0.698 ms - 906[0m
[0mGET /s/index.php [33m404 [0m0.700 ms - 906[0m
[0mGET /phpMyAdmin1/index.php [33m404 [0m0.704 ms - 906[0m
[0mGET /phpMyAdmin123/index.php [33m404 [0m0.718 ms - 906[0m
[0mGET /pwd/index.php [33m404 [0m0.687 ms - 906[0m
[0mGET /phpMyAdmina/index.php [33m404 [0m1.117 ms - 906[0m
[0mGET /program/index.php [33m404 [0m0.690 ms - 906[0m
[0mGET /shopdb/index.php [33m404 [0m0.711 ms - 906[0m
[0mGET /phppma/index.php [33m404 [0m0.681 ms - 906[0m
[0mGET /phpmy/index.php [33m404 [0m0.693 ms - 906[0m
[0mGET /mysql/dbadmin/index.php [33m404 [0m0.687 ms - 906[0m
[0mGET /mysql/sqlmanager/index.php [33m404 [0m0.692 ms - 906[0m
[0mGET / [32m200 [0m0.960 ms - 967[0m
[0mGET / [32m200 [0m0.759 ms - 967[0m
[0mGET / [32m200 [0m0.604 ms - 967[0m
[0mGET / [32m200 [0m0.556 ms - 967[0m
[0mGET / [32m200 [0m0.608 ms - 967[0m
[0mGET / [32m200 [0m0.602 ms - 967[0m
[0mGET / [32m200 [0m0.588 ms - 967[0m
[0mGET / [32m200 [0m1.031 ms - 967[0m
[0mGET / [32m200 [0m0.617 ms - 967[0m
[0mGET /moo [33m404 [0m0.716 ms - 906[0m
[0mGET / [32m200 [0m0.594 ms - 967[0m
[0mGET / [32m200 [0m0.569 ms - 967[0m
[0mGET / [32m200 [0m0.616 ms - 967[0m
[0mGET / [32m200 [0m0.585 ms - 967[0m
[0mGET / [32m200 [0m0.616 ms - 967[0m
[0mGET / [32m200 [0m0.600 ms - 967[0m
[0mGET / [32m200 [0m0.633 ms - 967[0m
[0mGET / [32m200 [0m0.592 ms - 967[0m
[0mGET / [32m200 [0m2.508 ms - 967[0m
[0mGET / [32m200 [0m0.665 ms - 967[0m
[0mGET / [32m200 [0m0.619 ms - 967[0m
[0mGET / [32m200 [0m0.663 ms - 967[0m
[0mGET / [32m200 [0m0.622 ms - 967[0m
[0mGET / [32m200 [0m0.723 ms - 967[0m
[0mGET / [32m200 [0m0.639 ms - 967[0m
[0mGET / [32m200 [0m0.644 ms - 967[0m
[0mGET / [32m200 [0m0.587 ms - 967[0m
[0mGET / [32m200 [0m0.607 ms - 967[0m
[0mGET / [32m200 [0m0.579 ms - 967[0m
[0mGET / [32m200 [0m0.643 ms - 967[0m
[0mGET / [32m200 [0m0.571 ms - 967[0m
[0mGET / [32m200 [0m0.613 ms - 967[0m
[0mGET / [32m200 [0m0.561 ms - 967[0m
[0mGET / [32m200 [0m0.574 ms - 967[0m
[0mGET / [32m200 [0m0.594 ms - 967[0m
[0mGET / [32m200 [0m0.604 ms - 967[0m
[0mGET / [32m200 [0m0.612 ms - 967[0m
[0mGET / [32m200 [0m0.604 ms - 967[0m
[0mGET / [32m200 [0m1.718 ms - 967[0m
[0mGET / [32m200 [0m2.130 ms - 967[0m
[0mPROPFIND / [33m404 [0m12.077 ms - 906[0m
[0mGET /webdav/ [33m404 [0m0.683 ms - 906[0m
[0mGET /9E7F4934.php [33m404 [0m0.675 ms - 906[0m
[0mGET /help.php [33m404 [0m0.685 ms - 906[0m
[0mGET /java.php [33m404 [0m0.664 ms - 906[0m
[0mGET /_query.php [33m404 [0m0.636 ms - 906[0m
[0mGET /test.php [33m404 [0m0.704 ms - 906[0m
[0mGET /db_cts.php [33m404 [0m0.646 ms - 906[0m
[0mGET /db_pma.php [33m404 [0m0.667 ms - 906[0m
[0mGET /logon.php [33m404 [0m0.668 ms - 906[0m
[0mGET /help-e.php [33m404 [0m0.673 ms - 906[0m
[0mGET /license.php [33m404 [0m0.699 ms - 906[0m
[0mGET /log.php [33m404 [0m1.113 ms - 906[0m
[0mGET /hell.php [33m404 [0m0.666 ms - 906[0m
[0mGET /pmd_online.php [33m404 [0m0.662 ms - 906[0m
[0mGET /x.php [33m404 [0m0.629 ms - 906[0m
[0mGET /shell.php [33m404 [0m0.685 ms - 906[0m
[0mGET /htdocs.php [33m404 [0m0.732 ms - 906[0m
[0mGET /desktop.ini.php [33m404 [0m0.614 ms - 906[0m
[0mGET /z.php [33m404 [0m0.681 ms - 906[0m
[0mGET /lala.php [33m404 [0m0.704 ms - 906[0m
[0mGET /lala-dpr.php [33m404 [0m0.672 ms - 906[0m
[0mGET /wpc.php [33m404 [0m0.666 ms - 906[0m
[0mGET /wpo.php [33m404 [0m0.759 ms - 906[0m
[0mGET /text.php [33m404 [0m0.672 ms - 906[0m
[0mGET /wp-config.php [33m404 [0m1.074 ms - 906[0m
[0mGET /muhstik.php [33m404 [0m0.701 ms - 906[0m
[0mGET /muhstik2.php [33m404 [0m0.685 ms - 906[0m
[0mGET /muhstiks.php [33m404 [0m0.690 ms - 906[0m
[0mGET /muhstik-dpr.php [33m404 [0m0.675 ms - 906[0m
[0mGET /lol.php [33m404 [0m0.693 ms - 906[0m
[0mGET /uploader.php [33m404 [0m0.682 ms - 906[0m
[0mGET /cmd.php [33m404 [0m2.428 ms - 906[0m
[0mGET /cmv.php [33m404 [0m2.684 ms - 906[0m
[0mGET /cmdd.php [33m404 [0m0.674 ms - 906[0m
[0mGET /knal.php [33m404 [0m0.692 ms - 906[0m
[0mGET /cmd.php [33m404 [0m0.760 ms - 906[0m
[0mGET /shell.php [33m404 [0m0.641 ms - 906[0m
[0mGET /appserv.php [33m404 [0m1.200 ms - 906[0m
[0mGET /scripts/setup.php [33m404 [0m0.631 ms - 906[0m
[0mGET /phpmyadmin/scripts/setup.php [33m404 [0m0.724 ms - 906[0m
[0mGET /phpMyAdmin/scripts/setup.php [33m404 [0m0.718 ms - 906[0m
[0mGET /phpmyadmin/scripts/db___.init.php [33m404 [0m0.723 ms - 906[0m
[0mGET /phpMyAdmin/scripts/db___.init.php [33m404 [0m0.660 ms - 906[0m
[0mGET /plugins/weathermap/editor.php [33m404 [0m0.625 ms - 906[0m
[0mGET /cacti/plugins/weathermap/editor.php [33m404 [0m0.745 ms - 906[0m
[0mPOST /wuwu11.php [33m404 [0m0.687 ms - 906[0m
[0mPOST /xw.php [33m404 [0m0.640 ms - 906[0m
[0mPOST /xw1.php [33m404 [0m0.739 ms - 906[0m
[0mPOST /9678.php [33m404 [0m0.739 ms - 906[0m
[0mPOST /wc.php [33m404 [0m0.704 ms - 906[0m
[0mPOST /xx.php [33m404 [0m1.176 ms - 906[0m
[0mPOST /s.php [33m404 [0m0.705 ms - 906[0m
[0mPOST /w.php [33m404 [0m0.713 ms - 906[0m
[0mPOST /sheep.php [33m404 [0m0.672 ms - 906[0m
[0mPOST /qaq.php [33m404 [0m0.692 ms - 906[0m
[0mPOST /db.init.php [33m404 [0m0.710 ms - 906[0m
[0mPOST /db_session.init.php [33m404 [0m0.736 ms - 906[0m
[0mPOST /db__.init.php [33m404 [0m0.720 ms - 906[0m
[0mPOST /wp-admins.php [33m404 [0m0.690 ms - 906[0m
[0mPOST /m.php?pbid=open [33m404 [0m0.679 ms - 906[0m
[0mPOST /db_dataml.php [33m404 [0m0.675 ms - 906[0m
[0mPOST /db_desql.php [33m404 [0m0.719 ms - 906[0m
[0mPOST /mx.php [33m404 [0m0.701 ms - 906[0m
[0mPOST /wshell.php [33m404 [0m1.096 ms - 906[0m
[0mPOST /xshell.php [33m404 [0m0.713 ms - 906[0m
[0mPOST /qq.php [33m404 [0m0.694 ms - 906[0m
[0mPOST /conflg.php [33m404 [0m0.745 ms - 906[0m
[0mPOST /conflg.php [33m404 [0m0.664 ms - 906[0m
[0mPOST /lindex.php [33m404 [0m0.731 ms - 906[0m
[0mPOST /phpstudy.php [33m404 [0m0.698 ms - 906[0m
[0mPOST /phpStudy.php [33m404 [0m0.726 ms - 906[0m
[0mPOST /weixiao.php [33m404 [0m0.630 ms - 906[0m
[0mPOST /feixiang.php [33m404 [0m0.683 ms - 906[0m
[0mPOST /ak47.php [33m404 [0m0.728 ms - 906[0m
[0mPOST /ak48.php [33m404 [0m0.682 ms - 906[0m
[0mPOST /xiao.php [33m404 [0m0.723 ms - 906[0m
[0mPOST /yao.php [33m404 [0m1.211 ms - 906[0m
[0mPOST /defect.php [33m404 [0m0.706 ms - 906[0m
[0mPOST /webslee.php [33m404 [0m0.699 ms - 906[0m
[0mPOST /q.php [33m404 [0m0.657 ms - 906[0m
[0mPOST /pe.php [33m404 [0m0.654 ms - 906[0m
[0mPOST /hm.php [33m404 [0m0.709 ms - 906[0m
[0mPOST /cainiao.php [33m404 [0m0.688 ms - 906[0m
[0mPOST /zuoshou.php [33m404 [0m0.710 ms - 906[0m
[0mPOST /zuo.php [33m404 [0m0.678 ms - 906[0m
[0mPOST /aotu.php [33m404 [0m0.683 ms - 906[0m
[0mPOST /aotu7.php [33m404 [0m0.671 ms - 906[0m
[0mPOST /cmd.php [33m404 [0m0.686 ms - 906[0m
[0mPOST /bak.php [33m404 [0m0.683 ms - 906[0m
[0mPOST /system.php [33m404 [0m1.083 ms - 906[0m
[0mPOST /l6.php [33m404 [0m0.642 ms - 906[0m
[0mPOST /l7.php [33m404 [0m0.699 ms - 906[0m
[0mPOST /l8.php [33m404 [0m0.657 ms - 906[0m
[0mPOST /q.php [33m404 [0m0.618 ms - 906[0m
[0mPOST /56.php [33m404 [0m0.661 ms - 906[0m
[0mPOST /mz.php [33m404 [0m0.682 ms - 906[0m
[0mPOST /xx.php [33m404 [0m0.694 ms - 906[0m
[0mPOST /yumo.php [33m404 [0m0.742 ms - 906[0m
[0mPOST /min.php [33m404 [0m0.660 ms - 906[0m
[0mPOST /wan.php [33m404 [0m0.670 ms - 906[0m
[0mPOST /wanan.php [33m404 [0m0.673 ms - 906[0m
[0mPOST /ssaa.php [33m404 [0m0.668 ms - 906[0m
[0mPOST /qq.php [33m404 [0m0.694 ms - 906[0m
[0mPOST /aw.php [33m404 [0m0.735 ms - 906[0m
[0mPOST /12.php [33m404 [0m0.745 ms - 906[0m
[0mPOST /hh.php [33m404 [0m0.693 ms - 906[0m
[0mPOST /ak.php [33m404 [0m0.739 ms - 906[0m
[0mPOST /ip.php [33m404 [0m0.742 ms - 906[0m
[0mPOST /infoo.php [33m404 [0m0.672 ms - 906[0m
[0mPOST /qq.php [33m404 [0m0.679 ms - 906[0m
[0mPOST /qwe.php [33m404 [0m0.679 ms - 906[0m
[0mPOST /1213.php [33m404 [0m0.682 ms - 906[0m
[0mPOST /post.php [33m404 [0m0.670 ms - 906[0m
[0mPOST /aaaa.php [33m404 [0m0.686 ms - 906[0m
[0mPOST /h1.php [33m404 [0m0.679 ms - 906[0m
[0mPOST /test.php [33m404 [0m0.695 ms - 906[0m
[0mPOST /3.php [33m404 [0m1.029 ms - 906[0m
[0mPOST /phpinfi.php [33m404 [0m0.707 ms - 906[0m
[0mPOST /9510.php [33m404 [0m0.690 ms - 906[0m
[0mPOST /python.php [33m404 [0m0.747 ms - 906[0m
[0mPOST /default.php [33m404 [0m0.676 ms - 906[0m
[0mPOST /sean.php [33m404 [0m0.689 ms - 906[0m
[0mPOST /app.php [33m404 [0m0.684 ms - 906[0m
[0mPOST /help.php [33m404 [0m0.636 ms - 906[0m
[0mPOST /tiandi.php [33m404 [0m0.702 ms - 906[0m
[0mPOST /miao.php [33m404 [0m0.694 ms - 906[0m
[0mPOST /xz.php [33m404 [0m0.693 ms - 906[0m
[0mPOST /linuxse.php [33m404 [0m0.664 ms - 906[0m
[0mPOST /zuoindex.php [33m404 [0m0.733 ms - 906[0m
[0mPOST /zshmindex.php [33m404 [0m1.020 ms - 906[0m
[0mPOST /tomcat.php [33m404 [0m0.673 ms - 906[0m
[0mPOST /ceshi.php [33m404 [0m0.719 ms - 906[0m
[0mPOST /1hou.php [33m404 [0m0.720 ms - 906[0m
[0mPOST /ou2.php [33m404 [0m0.701 ms - 906[0m
[0mPOST /zuos.php [33m404 [0m0.715 ms - 906[0m
[0mPOST /zuoss.php [33m404 [0m0.694 ms - 906[0m
[0mPOST /zuoshss.php [33m404 [0m0.692 ms - 906[0m
[0mPOST /boots.php [33m404 [0m0.709 ms - 906[0m
[0mPOST /she.php [33m404 [0m0.698 ms - 906[0m
[0mPOST /s.php [33m404 [0m0.683 ms - 906[0m
[0mPOST /qw.php [33m404 [0m0.713 ms - 906[0m
[0mPOST /test.php [33m404 [0m0.703 ms - 906[0m
[0mPOST /caonma.php [33m404 [0m1.101 ms - 906[0m
[0mPOST /ss.php [33m404 [0m7.274 ms - 906[0m
[0mPOST /wcp.php [33m404 [0m0.668 ms - 906[0m
[0mPOST /u.php [33m404 [0m0.674 ms - 906[0m
[0mPOST /uuu.php [33m404 [0m0.676 ms - 906[0m
[0mPOST /sss.php [33m404 [0m0.686 ms - 906[0m
[0mPOST /1.php [33m404 [0m0.748 ms - 906[0m
[0mPOST /2.php [33m404 [0m0.719 ms - 906[0m
[0mPOST /core.php [33m404 [0m0.732 ms - 906[0m
[0mPOST /qaz.php [33m404 [0m0.661 ms - 906[0m
[0mPOST /sha.php [33m404 [0m0.680 ms - 906[0m
[0mPOST /ppx.php [33m404 [0m0.746 ms - 906[0m
[0mPOST /1.php [33m404 [0m0.688 ms - 906[0m
[0mPOST /confg.php [33m404 [0m0.988 ms - 906[0m
[0mPOST /conf1g.php [33m404 [0m0.687 ms - 906[0m
[0mPOST /confg.php [33m404 [0m0.692 ms - 906[0m
[0mPOST /confg.php [33m404 [0m0.673 ms - 906[0m
[0mPOST /confg.php [33m404 [0m0.673 ms - 906[0m
[0mPOST /ver.php [33m404 [0m0.696 ms - 906[0m
[0mPOST /hack.php [33m404 [0m0.676 ms - 906[0m
[0mPOST /qa.php [33m404 [0m0.689 ms - 906[0m
[0mPOST /Ss.php [33m404 [0m0.692 ms - 906[0m
[0mPOST /xxx.php [33m404 [0m0.685 ms - 906[0m
[0mPOST /92.php [33m404 [0m0.712 ms - 906[0m
[0mPOST /z.php [33m404 [0m0.685 ms - 906[0m
[0mPOST /x.php [33m404 [0m0.702 ms - 906[0m
[0mPOST /dexgp.php [33m404 [0m0.676 ms - 906[0m
[0mPOST /nuoxi.php [33m404 [0m0.663 ms - 906[0m
[0mPOST /godkey.php [33m404 [0m0.680 ms - 906[0m
[0mPOST /okokok.php [33m404 [0m0.679 ms - 906[0m
[0mPOST /erwa.php [33m404 [0m0.677 ms - 906[0m
[0mPOST /pma.php [33m404 [0m0.722 ms - 906[0m
[0mPOST /ruyi.php [33m404 [0m0.711 ms - 906[0m
[0mPOST /51314.php [33m404 [0m0.687 ms - 906[0m
[0mPOST /5201314.php [33m404 [0m0.691 ms - 906[0m
[0mPOST /fusheng.php [33m404 [0m0.683 ms - 906[0m
[0mPOST /general.php [33m404 [0m0.684 ms - 906[0m
[0mPOST /repeat.php [33m404 [0m0.679 ms - 906[0m
[0mPOST /ldw.php [33m404 [0m0.673 ms - 906[0m
[0mPOST /api.php [33m404 [0m0.670 ms - 906[0m
[0mPOST /s1.php [33m404 [0m1.066 ms - 906[0m
[0mPOST /xiaodai.php [33m404 [0m0.705 ms - 906[0m
[0mPOST /hello.php [33m404 [0m0.674 ms - 906[0m
[0mPOST /hello.php [33m404 [0m0.670 ms - 906[0m
[0mPOST /admn.php [33m404 [0m0.675 ms - 906[0m
[0mPOST /hell.php [33m404 [0m0.698 ms - 906[0m
[0mPOST /xp.php [33m404 [0m0.694 ms - 906[0m
[0mPOST /1.php [33m404 [0m0.696 ms - 906[0m
[0mPOST /2.php [33m404 [0m0.671 ms - 906[0m
[0mPOST /p.php [33m404 [0m0.723 ms - 906[0m
[0mPOST /1.php [33m404 [0m0.696 ms - 906[0m
[0mPOST /a.php [33m404 [0m0.679 ms - 906[0m
[0mPOST /m.php [33m404 [0m0.686 ms - 906[0m
[0mPOST /conf.php [33m404 [0m1.082 ms - 906[0m
[0mPOST /123.php [33m404 [0m0.675 ms - 906[0m
[0mPOST /HX.php [33m404 [0m0.669 ms - 906[0m
[0mPOST /diy.php [33m404 [0m0.675 ms - 906[0m
[0mPOST /666.php [33m404 [0m0.725 ms - 906[0m
[0mPOST /777.php [33m404 [0m0.705 ms - 906[0m
[0mPOST /qwq.php [33m404 [0m0.671 ms - 906[0m
[0mPOST /qwqw.php [33m404 [0m0.675 ms - 906[0m
[0mPOST /.php [33m404 [0m0.673 ms - 906[0m
[0mPOST /infos.php [33m404 [0m0.683 ms - 906[0m
[0mPOST /x.php [33m404 [0m0.706 ms - 906[0m
[0mPOST /lucky.php [33m404 [0m0.669 ms - 906[0m
[0mPOST /htfr.php [33m404 [0m0.689 ms - 906[0m
[0mPOST /zzk.php [33m404 [0m1.047 ms - 906[0m
[0mPOST /toor.php [33m404 [0m0.680 ms - 906[0m
[0mPOST /uu.php [33m404 [0m0.659 ms - 906[0m
[0mPOST /aa.php [33m404 [0m0.663 ms - 906[0m
[0mPOST /wb.php [33m404 [0m0.682 ms - 906[0m
[0mPOST /yj.php [33m404 [0m0.761 ms - 906[0m
[0mPOST /z.php [33m404 [0m0.703 ms - 906[0m
[0mPOST /7.php [33m404 [0m0.699 ms - 906[0m
[0mPOST /xiaoma.php [33m404 [0m0.688 ms - 906[0m
[0mPOST /xiaomae.php [33m404 [0m0.717 ms - 906[0m
[0mPOST /xiaomar.php [33m404 [0m0.679 ms - 906[0m
[0mPOST /qq.php [33m404 [0m0.695 ms - 906[0m
[0mPOST /data.php [33m404 [0m0.703 ms - 906[0m
[0mPOST /log.php [33m404 [0m0.676 ms - 906[0m
[0mPOST /fack.php [33m404 [0m1.072 ms - 906[0m
[0mPOST /angge.php [33m404 [0m0.678 ms - 906[0m
[0mPOST /cxfm666.php [33m404 [0m0.736 ms - 906[0m
[0mPOST /db.php [33m404 [0m0.673 ms - 906[0m
[0mPOST /hacly.php [33m404 [0m0.726 ms - 906[0m
[0mPOST /xiaomo.php [33m404 [0m0.686 ms - 906[0m
[0mPOST /xiaoyu.php [33m404 [0m0.691 ms - 906[0m
[0mPOST /xiaohei.php [33m404 [0m0.720 ms - 906[0m
[0mPOST /j.php [33m404 [0m0.690 ms - 906[0m
[0mPOST /qq5262.php [33m404 [0m0.638 ms - 906[0m
[0mPOST /lost.php [33m404 [0m0.694 ms - 906[0m
[0mPOST /php.php [33m404 [0m0.682 ms - 906[0m
[0mPOST /win.php [33m404 [0m0.685 ms - 906[0m
[0mPOST /win1.php [33m404 [0m1.081 ms - 906[0m
[0mPOST /linux.php [33m404 [0m0.688 ms - 906[0m
[0mPOST /linux1.php [33m404 [0m0.731 ms - 906[0m
[0mPOST /cc.php [33m404 [0m0.676 ms - 906[0m
[0mPOST /x.php [33m404 [0m0.692 ms - 906[0m
[0mPOST /lanke.php [33m404 [0m0.756 ms - 906[0m
[0mPOST /neko.php [33m404 [0m0.685 ms - 906[0m
[0mPOST /super.php [33m404 [0m0.717 ms - 906[0m
[0mPOST /cere.php [33m404 [0m0.672 ms - 906[0m
[0mPOST /aaa.php [33m404 [0m0.685 ms - 906[0m
[0mPOST /Administrator.php [33m404 [0m0.703 ms - 906[0m
[0mPOST /liangchen.php [33m404 [0m0.669 ms - 906[0m
[0mPOST /lucky.php [33m404 [0m0.739 ms - 906[0m
[0mPOST /meng.php [33m404 [0m0.696 ms - 906[0m
[0mPOST /no.php [33m404 [0m0.669 ms - 906[0m
[0mPOST /mysql.php [33m404 [0m0.681 ms - 906[0m
[0mPOST /Updata.php [33m404 [0m5.954 ms - 906[0m
[0mPOST /xxxx.php [33m404 [0m0.674 ms - 906[0m
[0mPOST /MCLi.php [33m404 [0m0.677 ms - 906[0m
[0mPOST /MCLi.php [33m404 [0m0.733 ms - 906[0m
[0mPOST /coon.php [33m404 [0m0.683 ms - 906[0m
[0mPOST /1.php [33m404 [0m0.679 ms - 906[0m
[0mPOST /zxc1.php [33m404 [0m0.728 ms - 906[0m
[0mPOST /zxc0.php [33m404 [0m0.712 ms - 906[0m
[0mPOST /zxc1.php [33m404 [0m0.649 ms - 906[0m
[0mPOST /zxc2.php [33m404 [0m0.624 ms - 906[0m
[0mPOST /indexa.php [33m404 [0m0.758 ms - 906[0m
[0mPOST /lx.php [33m404 [0m0.996 ms - 906[0m
[0mPOST /cn.php [33m404 [0m0.685 ms - 906[0m
[0mPOST /api.php [33m404 [0m0.719 ms - 906[0m
[0mPOST /index1.php [33m404 [0m0.668 ms - 906[0m
[0mPOST /info.php [33m404 [0m0.704 ms - 906[0m
[0mPOST /info1.php [33m404 [0m0.635 ms - 906[0m
[0mPOST /aaaaaa1.php [33m404 [0m0.690 ms - 906[0m
[0mPOST /up.php [33m404 [0m0.706 ms - 906[0m
[0mPOST /test123.php [33m404 [0m0.687 ms - 906[0m
[0mPOST /test123.php [33m404 [0m0.731 ms - 906[0m
[0mPOST /fb.php [33m404 [0m0.684 ms - 906[0m
[0mPOST /paylog.php [33m404 [0m0.695 ms - 906[0m
[0mPOST /paylog.php [33m404 [0m0.681 ms - 906[0m
[0mPOST /x.php [33m404 [0m0.671 ms - 906[0m
[0mPOST /cnm.php [33m404 [0m0.678 ms - 906[0m
[0mPOST /51.php [33m404 [0m0.673 ms - 906[0m
[0mPOST /cadre.php [33m404 [0m0.683 ms - 906[0m
[0mPOST /mm.php [33m404 [0m0.715 ms - 906[0m
[0mPOST /test.php [33m404 [0m6.474 ms - 906[0m
[0mPOST /1q.php [33m404 [0m0.719 ms - 906[0m
[0mPOST /1111.php [33m404 [0m0.710 ms - 906[0m
[0mPOST /errors.php [33m404 [0m0.626 ms - 906[0m
[0mPOST /q.php [33m404 [0m0.710 ms - 906[0m
[0mGET /index.php [33m404 [0m0.663 ms - 906[0m
[0mGET /phpmyadmin/index.php [33m404 [0m0.655 ms - 906[0m
[0mGET /phpMyAdmin/index.php [33m404 [0m0.714 ms - 906[0m
[0mGET /pmd/index.php [33m404 [0m0.715 ms - 906[0m
[0mGET /pma/index.php [33m404 [0m1.105 ms - 906[0m
[0mGET /PMA/index.php [33m404 [0m0.652 ms - 906[0m
[0mGET /PMA2/index.php [33m404 [0m0.684 ms - 906[0m
[0mGET /pmamy/index.php [33m404 [0m0.659 ms - 906[0m
[0mGET /pmamy2/index.php [33m404 [0m0.691 ms - 906[0m
[0mGET /mysql/index.php [33m404 [0m0.661 ms - 906[0m
[0mGET /admin/index.php [33m404 [0m0.679 ms - 906[0m
[0mGET /db/index.php [33m404 [0m0.722 ms - 906[0m
[0mGET /dbadmin/index.php [33m404 [0m0.708 ms - 906[0m
[0mGET /web/phpMyAdmin/index.php [33m404 [0m0.730 ms - 906[0m
[0mGET /admin/pma/index.php [33m404 [0m0.702 ms - 906[0m
[0mGET /admin/PMA/index.php [33m404 [0m0.669 ms - 906[0m
[0mGET /admin/mysql/index.php [33m404 [0m0.640 ms - 906[0m
[0mGET /admin/mysql2/index.php [33m404 [0m1.052 ms - 906[0m
[0mGET /admin/phpmyadmin/index.php [33m404 [0m0.653 ms - 906[0m
[0mGET /admin/phpMyAdmin/index.php [33m404 [0m0.603 ms - 906[0m
[0mGET /admin/phpmyadmin2/index.php [33m404 [0m0.731 ms - 906[0m
[0mGET /mysqladmin/index.php [33m404 [0m0.703 ms - 906[0m
[0mGET /mysql-admin/index.php [33m404 [0m0.683 ms - 906[0m
[0mGET /mysql_admin/index.php [33m404 [0m0.691 ms - 906[0m
[0mGET /phpadmin/index.php [33m404 [0m0.630 ms - 906[0m
[0mGET /phpAdmin/index.php [33m404 [0m0.698 ms - 906[0m
[0mGET /phpmyadmin0/index.php [33m404 [0m0.670 ms - 906[0m
[0mGET /phpmyadmin1/index.php [33m404 [0m0.708 ms - 906[0m
[0mGET /phpmyadmin2/index.php [33m404 [0m0.672 ms - 906[0m
[0mGET /phpMyAdmin-4.4.0/index.php [33m404 [0m0.684 ms - 906[0m
[0mGET /myadmin/index.php [33m404 [0m1.113 ms - 906[0m
[0mGET /myadmin2/index.php [33m404 [0m0.610 ms - 906[0m
[0mGET /xampp/phpmyadmin/index.php [33m404 [0m0.642 ms - 906[0m
[0mGET /phpMyadmin_bak/index.php [33m404 [0m0.658 ms - 906[0m
[0mGET /www/phpMyAdmin/index.php [33m404 [0m0.680 ms - 906[0m
[0mGET /tools/phpMyAdmin/index.php [33m404 [0m0.686 ms - 906[0m
[0mGET /phpmyadmin-old/index.php [33m404 [0m0.708 ms - 906[0m
[0mGET /phpMyAdminold/index.php [33m404 [0m0.618 ms - 906[0m
[0mGET /phpMyAdmin.old/index.php [33m404 [0m0.664 ms - 906[0m
[0mGET /pma-old/index.php [33m404 [0m0.651 ms - 906[0m
[0mGET /claroline/phpMyAdmin/index.php [33m404 [0m0.660 ms - 906[0m
[0mGET /typo3/phpmyadmin/index.php [33m404 [0m0.661 ms - 906[0m
[0mGET /phpma/index.php [33m404 [0m0.678 ms - 906[0m
[0mGET /phpmyadmin/phpmyadmin/index.php [33m404 [0m0.649 ms - 906[0m
[0mGET /phpMyAdmin/phpMyAdmin/index.php [33m404 [0m0.696 ms - 906[0m
[0mGET /phpMyAbmin/index.php [33m404 [0m0.648 ms - 906[0m
[0mGET /phpMyAdmin__/index.php [33m404 [0m0.666 ms - 906[0m
[0mGET /phpMyAdmin+++---/index.php [33m404 [0m0.683 ms - 906[0m
[0mGET /v/index.php [33m404 [0m0.663 ms - 906[0m
[0mGET /phpmyadm1n/index.php [33m404 [0m0.680 ms - 906[0m
[0mGET /phpMyAdm1n/index.php [33m404 [0m0.717 ms - 906[0m
[0mGET /shaAdmin/index.php [33m404 [0m0.650 ms - 906[0m
[0mGET /phpMyadmi/index.php [33m404 [0m0.659 ms - 906[0m
[0mGET /phpMyAdmion/index.php [33m404 [0m0.632 ms - 906[0m
[0mGET /s/index.php [33m404 [0m0.684 ms - 906[0m
[0mGET /MyAdmin/index.php [33m404 [0m0.639 ms - 906[0m
[0mGET /phpMyAdmin1/index.php [33m404 [0m0.693 ms - 906[0m
[0mGET /phpMyAdmin123/index.php [33m404 [0m1.036 ms - 906[0m
[0mGET /pwd/index.php [33m404 [0m0.688 ms - 906[0m
[0mGET /phpMyAdmina/index.php [33m404 [0m0.676 ms - 906[0m
[0mGET /phpMydmin/index.php [33m404 [0m0.619 ms - 906[0m
[0mGET /phpMyAdmins/index.php [33m404 [0m0.642 ms - 906[0m
[0mGET /program/index.php [33m404 [0m0.630 ms - 906[0m
[0mGET /shopdb/index.php [33m404 [0m0.663 ms - 906[0m
[0mGET /phppma/index.php [33m404 [0m0.683 ms - 906[0m
[0mGET /phpmy/index.php [33m404 [0m0.678 ms - 906[0m
[0mGET /mysql/admin/index.php [33m404 [0m0.677 ms - 906[0m
[0mGET /mysql/dbadmin/index.php [33m404 [0m0.694 ms - 906[0m
[0mGET /mysql/sqlmanager/index.php [33m404 [0m0.713 ms - 906[0m
[0mGET /mysql/mysqlmanager/index.php [33m404 [0m0.641 ms - 906[0m
[0mGET /wp-content/plugins/portable-phpmyadmin/wp-pma-mod/index.php [33m404 [0m1.061 ms - 906[0m
[0mGET /manager/html [33m404 [0m0.663 ms - 906[0m
[0mGET / [32m200 [0m0.571 ms - 967[0m
[0mGET / [32m200 [0m0.587 ms - 967[0m
[0mGET / [32m200 [0m0.558 ms - 967[0m
[0mGET / [32m200 [0m0.589 ms - 967[0m
[0mGET / [32m200 [0m0.594 ms - 967[0m
[0mGET / [32m200 [0m0.572 ms - 967[0m
[0mHEAD /robots.txt [33m404 [0m0.655 ms - 906[0m
[0mGET / [32m200 [0m0.619 ms - 967[0m
[0mGET / [32m200 [0m0.593 ms - 967[0m
[0mGET / [32m200 [0m0.593 ms - 967[0m
[0mGET / [32m200 [0m0.580 ms - 967[0m
[0mGET / [32m200 [0m0.612 ms - 967[0m
[0mGET / [32m200 [0m0.594 ms - 967[0m
[0mGET / [32m200 [0m0.575 ms - 967[0m
[0mGET / [32m200 [0m0.581 ms - 967[0m
[0mHEAD http://112.124.42.80:63435/ [32m200 [0m0.688 ms - 967[0m
[0mGET / [32m200 [0m0.578 ms - 967[0m
[0mGET / [32m200 [0m0.580 ms - 967[0m
[0mGET /stylesheets/style.css [32m200 [0m7.506 ms - 111[0m
[0mGET /bootstrap/css/fontawesome-all.css [33m404 [0m0.604 ms - 906[0m
[0mGET /bootstrap/css/bootstrap.min.css [32m200 [0m4.236 ms - 155758[0m
[0mGET /bootstrap/js/jquery.min.js [33m404 [0m0.984 ms - 906[0m
[0mGET /bootstrap/js/bootstrap.min.js [32m200 [0m1.260 ms - 58072[0m
[0mGET /bootstrap/css/fontawesome-all.css [33m404 [0m0.742 ms - 906[0m
[0mGET /bootstrap/js/jquery.min.js [33m404 [0m0.491 ms - 906[0m
[0mGET /favicon.ico [33m404 [0m0.693 ms - 906[0m
[0mGET /blogList [32m200 [0m4.505 ms - 953[0m
[0mGET /stylesheets/style.css [36m304 [0m0.346 ms - -[0m
[0mGET /bootstrap/css/bootstrap.min.css [36m304 [0m0.610 ms - -[0m
[0mGET /bootstrap/js/jquery.min.js [33m404 [0m1.021 ms - 906[0m
[0mGET /bootstrap/css/fontawesome-all.css [33m404 [0m1.336 ms - 906[0m
[0mGET /bootstrap/js/bootstrap.min.js [36m304 [0m0.251 ms - -[0m
[0mGET /blogAdd [32m200 [0m2.023 ms - 952[0m
[0mGET /stylesheets/style.css [36m304 [0m0.295 ms - -[0m
[0mGET /bootstrap/css/bootstrap.min.css [36m304 [0m0.254 ms - -[0m
[0mGET /bootstrap/css/fontawesome-all.css [33m404 [0m0.641 ms - 906[0m
[0mGET /bootstrap/js/jquery.min.js [33m404 [0m0.488 ms - 906[0m
[0mGET /bootstrap/js/bootstrap.min.js [36m304 [0m0.233 ms - -[0m
[0mGET /blogList [36m304 [0m0.624 ms - -[0m
[0mGET /stylesheets/style.css [36m304 [0m0.259 ms - -[0m
[0mGET /bootstrap/css/bootstrap.min.css [36m304 [0m0.194 ms - -[0m
[0mGET /bootstrap/css/fontawesome-all.css [33m404 [0m3.374 ms - 906[0m
[0mGET /bootstrap/js/jquery.min.js [33m404 [0m3.686 ms - 906[0m
[0mGET /bootstrap/js/bootstrap.min.js [36m304 [0m0.197 ms - -[0m
[0mGET /blogList [36m304 [0m0.643 ms - -[0m
[0mGET /stylesheets/style.css [36m304 [0m0.278 ms - -[0m
[0mGET /bootstrap/css/bootstrap.min.css [36m304 [0m0.208 ms - -[0m
[0mGET /bootstrap/css/fontawesome-all.css [33m404 [0m0.621 ms - 906[0m
[0mGET /bootstrap/js/jquery.min.js [33m404 [0m0.520 ms - 906[0m
[0mGET /bootstrap/js/bootstrap.min.js [36m304 [0m0.265 ms - -[0m
[0mGET /blogList [36m304 [0m0.616 ms - -[0m
[0mGET /stylesheets/style.css [36m304 [0m0.255 ms - -[0m
[0mGET /bootstrap/css/bootstrap.min.css [36m304 [0m0.210 ms - -[0m
[0mGET /bootstrap/js/jquery.min.js [33m404 [0m2.548 ms - 906[0m
[0mGET /bootstrap/css/fontawesome-all.css [33m404 [0m2.828 ms - 906[0m
[0mGET /bootstrap/js/bootstrap.min.js [36m304 [0m0.182 ms - -[0m
[0mGET / [36m304 [0m0.631 ms - -[0m
[0mGET /bootstrap/css/fontawesome-all.css [33m404 [0m0.855 ms - 906[0m
[0mGET /stylesheets/style.css [36m304 [0m0.889 ms - -[0m
[0mGET /bootstrap/js/jquery.min.js [33m404 [0m0.698 ms - 906[0m
[0mGET /bootstrap/css/bootstrap.min.css [36m304 [0m0.730 ms - -[0m
[0mGET /bootstrap/js/bootstrap.min.js [36m304 [0m0.191 ms - -[0m
[0mGET /blogList [36m304 [0m0.555 ms - -[0m
[0mGET /bootstrap/css/fontawesome-all.css [33m404 [0m0.917 ms - 906[0m
[0mGET /bootstrap/css/bootstrap.min.css [36m304 [0m0.948 ms - -[0m
[0mGET /stylesheets/style.css [36m304 [0m0.922 ms - -[0m
[0mGET /bootstrap/js/bootstrap.min.js [36m304 [0m0.410 ms - -[0m
[0mGET /bootstrap/js/jquery.min.js [33m404 [0m0.709 ms - 906[0m
[0mGET /blogAdd [36m304 [0m0.813 ms - -[0m
[0mGET /stylesheets/style.css [36m304 [0m0.291 ms - -[0m
[0mGET /bootstrap/css/bootstrap.min.css [36m304 [0m0.393 ms - -[0m
[0mGET /bootstrap/css/fontawesome-all.css [33m404 [0m0.790 ms - 906[0m
[0mGET /bootstrap/js/jquery.min.js [33m404 [0m0.909 ms - 906[0m
[0mGET /bootstrap/js/bootstrap.min.js [36m304 [0m0.179 ms - -[0m
[0mGET /blogList [36m304 [0m0.585 ms - -[0m
[0mGET /stylesheets/style.css [36m304 [0m0.267 ms - -[0m
[0mGET /bootstrap/js/jquery.min.js [33m404 [0m0.886 ms - 906[0m
[0mGET /bootstrap/css/fontawesome-all.css [33m404 [0m1.205 ms - 906[0m
[0mGET /bootstrap/css/bootstrap.min.css [36m304 [0m1.241 ms - -[0m
[0mGET /bootstrap/js/bootstrap.min.js [36m304 [0m0.217 ms - -[0m
[0mGET / [32m200 [0m0.657 ms - 967[0m
[0mGET / [32m200 [0m0.583 ms - 967[0m
[0mGET / [32m200 [0m0.640 ms - 967[0m
[0mPROPFIND / [33m404 [0m0.557 ms - 906[0m
[0mGET /webdav/ [33m404 [0m0.702 ms - 906[0m
[0mGET /9E7F4934.php [33m404 [0m0.645 ms - 906[0m
[0mGET /help.php [33m404 [0m0.654 ms - 906[0m
[0mGET /_query.php [33m404 [0m0.673 ms - 906[0m
[0mGET /test.php [33m404 [0m1.051 ms - 906[0m
[0mGET /db_cts.php [33m404 [0m0.691 ms - 906[0m
[0mGET /db_pma.php [33m404 [0m0.664 ms - 906[0m
[0mGET /logon.php [33m404 [0m0.642 ms - 906[0m
[0mGET /license.php [33m404 [0m0.694 ms - 906[0m
[0mGET /log.php [33m404 [0m0.681 ms - 906[0m
[0mGET /hell.php [33m404 [0m7.026 ms - 906[0m
[0mGET /pmd_online.php [33m404 [0m0.690 ms - 906[0m
[0mGET /x.php [33m404 [0m0.659 ms - 906[0m
[0mGET /htdocs.php [33m404 [0m0.671 ms - 906[0m
[0mGET /desktop.ini.php [33m404 [0m0.726 ms - 906[0m
[0mGET /z.php [33m404 [0m0.728 ms - 906[0m
[0mGET /lala.php [33m404 [0m0.681 ms - 906[0m
[0mGET /lala-dpr.php [33m404 [0m0.704 ms - 906[0m
[0mGET /wpc.php [33m404 [0m0.674 ms - 906[0m
[0mGET /wpo.php [33m404 [0m0.666 ms - 906[0m
[0mGET /text.php [33m404 [0m0.685 ms - 906[0m
[0mGET /wp-config.php [33m404 [0m0.652 ms - 906[0m
[0mGET /muhstik.php [33m404 [0m0.698 ms - 906[0m
[0mGET /muhstik2.php [33m404 [0m0.614 ms - 906[0m
[0mGET /muhstiks.php [33m404 [0m0.707 ms - 906[0m
[0mGET /muhstik-dpr.php [33m404 [0m0.704 ms - 906[0m
[0mGET /lol.php [33m404 [0m0.643 ms - 906[0m
[0mGET /uploader.php [33m404 [0m0.662 ms - 906[0m
[0mGET /cmd.php [33m404 [0m0.693 ms - 906[0m
[0mGET /cmv.php [33m404 [0m0.641 ms - 906[0m
[0mGET /cmdd.php [33m404 [0m0.677 ms - 906[0m
[0mGET /knal.php [33m404 [0m0.661 ms - 906[0m
[0mGET /cmd.php [33m404 [0m0.656 ms - 906[0m
[0mGET /shell.php [33m404 [0m2.504 ms - 906[0m
[0mGET /appserv.php [33m404 [0m0.658 ms - 906[0m
[0mGET /scripts/setup.php [33m404 [0m0.695 ms - 906[0m
[0mGET /phpMyAdmin/scripts/setup.php [33m404 [0m0.663 ms - 906[0m
[0mGET /phpmyadmin/scripts/db___.init.php [33m404 [0m0.672 ms - 906[0m
[0mGET /phpMyAdmin/scripts/db___.init.php [33m404 [0m0.694 ms - 906[0m
[0mGET /plugins/weathermap/editor.php [33m404 [0m2.876 ms - 906[0m
[0mGET /cacti/plugins/weathermap/editor.php [33m404 [0m0.651 ms - 906[0m
[0mPOST /wuwu11.php [33m404 [0m0.685 ms - 906[0m
[0mPOST /xw1.php [33m404 [0m0.700 ms - 906[0m
[0mPOST /9678.php [33m404 [0m0.714 ms - 906[0m
[0mPOST /wc.php [33m404 [0m0.670 ms - 906[0m
[0mPOST /s.php [33m404 [0m0.679 ms - 906[0m
[0mPOST /sheep.php [33m404 [0m0.628 ms - 906[0m
[0mPOST /qaq.php [33m404 [0m0.716 ms - 906[0m
[0mPOST /db.init.php [33m404 [0m0.698 ms - 906[0m
[0mPOST /db_session.init.php [33m404 [0m0.681 ms - 906[0m
[0mPOST /db__.init.php [33m404 [0m0.722 ms - 906[0m
[0mPOST /wp-admins.php [33m404 [0m0.689 ms - 906[0m
[0mPOST /m.php?pbid=open [33m404 [0m0.638 ms - 906[0m
[0mPOST /db_dataml.php [33m404 [0m0.733 ms - 906[0m
[0mPOST /db_desql.php [33m404 [0m5.212 ms - 906[0m
[0mPOST /wshell.php [33m404 [0m0.691 ms - 906[0m
[0mPOST /qq.php [33m404 [0m0.650 ms - 906[0m
[0mPOST /conflg.php [33m404 [0m1.239 ms - 906[0m
[0mPOST /conflg.php [33m404 [0m0.670 ms - 906[0m
[0mPOST /lindex.php [33m404 [0m0.707 ms - 906[0m
[0mPOST /phpstudy.php [33m404 [0m0.664 ms - 906[0m
[0mPOST /phpStudy.php [33m404 [0m0.691 ms - 906[0m
[0mPOST /weixiao.php [33m404 [0m0.670 ms - 906[0m
[0mPOST /feixiang.php [33m404 [0m0.716 ms - 906[0m
[0mPOST /ak48.php [33m404 [0m0.776 ms - 906[0m
[0mPOST /xiao.php [33m404 [0m0.710 ms - 906[0m
[0mPOST /yao.php [33m404 [0m0.700 ms - 906[0m
[0mPOST /defect.php [33m404 [0m0.658 ms - 906[0m
[0mPOST /webslee.php [33m404 [0m0.695 ms - 906[0m
[0mPOST /q.php [33m404 [0m0.744 ms - 906[0m
[0mPOST /hm.php [33m404 [0m1.145 ms - 906[0m
[0mPOST /cainiao.php [33m404 [0m0.646 ms - 906[0m
[0mPOST /zuoshou.php [33m404 [0m0.622 ms - 906[0m
[0mPOST /zuo.php [33m404 [0m0.703 ms - 906[0m
[0mPOST /aotu.php [33m404 [0m0.684 ms - 906[0m
[0mPOST /aotu7.php [33m404 [0m0.700 ms - 906[0m
[0mPOST /cmd.php [33m404 [0m0.670 ms - 906[0m
[0mPOST /bak.php [33m404 [0m0.622 ms - 906[0m
[0mPOST /system.php [33m404 [0m5.222 ms - 906[0m
[0mPOST /l6.php [33m404 [0m0.634 ms - 906[0m
[0mPOST /l7.php [33m404 [0m0.651 ms - 906[0m
[0mPOST /l8.php [33m404 [0m0.666 ms - 906[0m
[0mPOST /q.php [33m404 [0m0.637 ms - 906[0m
[0mPOST /mz.php [33m404 [0m1.078 ms - 906[0m
[0mPOST /xx.php [33m404 [0m0.649 ms - 906[0m
[0mPOST /yumo.php [33m404 [0m0.702 ms - 906[0m
[0mPOST /min.php [33m404 [0m0.684 ms - 906[0m
[0mPOST /wan.php [33m404 [0m0.651 ms - 906[0m
[0mPOST /wanan.php [33m404 [0m0.662 ms - 906[0m
[0mPOST /ssaa.php [33m404 [0m0.689 ms - 906[0m
[0mPOST /aw.php [33m404 [0m0.655 ms - 906[0m
[0mPOST /12.php [33m404 [0m0.675 ms - 906[0m
[0mPOST /hh.php [33m404 [0m0.694 ms - 906[0m
[0mPOST /ak.php [33m404 [0m0.626 ms - 906[0m
[0mPOST /ip.php [33m404 [0m0.662 ms - 906[0m
[0mPOST /infoo.php [33m404 [0m0.695 ms - 906[0m
[0mPOST /qq.php [33m404 [0m1.087 ms - 906[0m
[0mPOST /qwe.php [33m404 [0m0.677 ms - 906[0m
[0mPOST /1213.php [33m404 [0m0.673 ms - 906[0m
[0mGET /index.php [33m404 [0m0.665 ms - 906[0m
[0mGET /phpmyadmin/index.php [33m404 [0m0.670 ms - 906[0m
[0mGET /phpMyAdmin/index.php [33m404 [0m0.672 ms - 906[0m
[0mGET /pma/index.php [33m404 [0m0.639 ms - 906[0m
[0mGET /PMA/index.php [33m404 [0m0.702 ms - 906[0m
[0mGET /PMA2/index.php [33m404 [0m0.658 ms - 906[0m
[0mGET /pmamy2/index.php [33m404 [0m0.675 ms - 906[0m
[0mGET /mysql/index.php [33m404 [0m0.633 ms - 906[0m
[0mGET /admin/index.php [33m404 [0m0.673 ms - 906[0m
[0mGET /dbadmin/index.php [33m404 [0m0.669 ms - 906[0m
[0mGET /web/phpMyAdmin/index.php [33m404 [0m0.681 ms - 906[0m
[0mGET /admin/pma/index.php [33m404 [0m0.660 ms - 906[0m
[0mGET /admin/mysql/index.php [33m404 [0m0.667 ms - 906[0m
[0mGET /admin/mysql2/index.php [33m404 [0m0.674 ms - 906[0m
[0mGET /admin/phpmyadmin/index.php [33m404 [0m0.675 ms - 906[0m
[0mGET /admin/phpMyAdmin/index.php [33m404 [0m0.671 ms - 906[0m
[0mGET /admin/phpmyadmin2/index.php [33m404 [0m0.650 ms - 906[0m
[0mGET /mysqladmin/index.php [33m404 [0m0.676 ms - 906[0m
[0mGET /mysql-admin/index.php [33m404 [0m0.659 ms - 906[0m
[0mGET /mysql_admin/index.php [33m404 [0m0.663 ms - 906[0m
[0mGET /phpadmin/index.php [33m404 [0m0.662 ms - 906[0m
[0mGET /phpAdmin/index.php [33m404 [0m0.657 ms - 906[0m
[0mGET /phpmyadmin0/index.php [33m404 [0m0.650 ms - 906[0m
[0mGET /phpmyadmin1/index.php [33m404 [0m0.663 ms - 906[0m
[0mGET /phpmyadmin2/index.php [33m404 [0m0.639 ms - 906[0m
[0mGET /phpMyAdmin-4.4.0/index.php [33m404 [0m0.658 ms - 906[0m
[0mGET /myadmin/index.php [33m404 [0m0.674 ms - 906[0m
[0mGET /myadmin2/index.php [33m404 [0m0.637 ms - 906[0m
[0mGET /xampp/phpmyadmin/index.php [33m404 [0m0.687 ms - 906[0m
[0mGET /phpMyadmin_bak/index.php [33m404 [0m0.656 ms - 906[0m
[0mGET /www/phpMyAdmin/index.php [33m404 [0m0.659 ms - 906[0m
[0mGET /tools/phpMyAdmin/index.php [33m404 [0m0.684 ms - 906[0m
[0mGET /phpmyadmin-old/index.php [33m404 [0m0.680 ms - 906[0m
[0mGET /phpMyAdminold/index.php [33m404 [0m0.661 ms - 906[0m
[0mGET /phpMyAdmin.old/index.php [33m404 [0m0.655 ms - 906[0m
[0mGET /claroline/phpMyAdmin/index.php [33m404 [0m0.659 ms - 906[0m
[0mGET /typo3/phpmyadmin/index.php [33m404 [0m0.664 ms - 906[0m
[0mGET /phpma/index.php [33m404 [0m1.075 ms - 906[0m
[0mGET /phpmyadmin/phpmyadmin/index.php [33m404 [0m0.680 ms - 906[0m
[0mGET /phpMyAdmin/phpMyAdmin/index.php [33m404 [0m0.652 ms - 906[0m
[0mGET /phpMyAbmin/index.php [33m404 [0m0.669 ms - 906[0m
[0mGET /phpMyAdmin__/index.php [33m404 [0m0.697 ms - 906[0m
[0mGET /phpMyAdmin+++---/index.php [33m404 [0m0.647 ms - 906[0m
[0mGET /v/index.php [33m404 [0m0.678 ms - 906[0m
[0mGET /phpmyadm1n/index.php [33m404 [0m0.658 ms - 906[0m
[0mGET /phpMyAdm1n/index.php [33m404 [0m0.678 ms - 906[0m
[0mGET /shaAdmin/index.php [33m404 [0m0.651 ms - 906[0m
[0mGET /phpMyadmi/index.php [33m404 [0m0.676 ms - 906[0m
[0mGET /phpMyAdmion/index.php [33m404 [0m0.679 ms - 906[0m
[0mGET /s/index.php [33m404 [0m0.745 ms - 906[0m
[0mGET /MyAdmin/index.php [33m404 [0m1.064 ms - 906[0m
[0mGET /phpMyAdmin1/index.php [33m404 [0m0.649 ms - 906[0m
[0mGET /phpMyAdmin123/index.php [33m404 [0m0.650 ms - 906[0m
[0mGET /pwd/index.php [33m404 [0m0.651 ms - 906[0m
[0mGET /phpMyAdmina/index.php [33m404 [0m0.667 ms - 906[0m
[0mGET /phpMydmin/index.php [33m404 [0m0.655 ms - 906[0m
[0mGET /program/index.php [33m404 [0m0.655 ms - 906[0m
[0mGET /shopdb/index.php [33m404 [0m0.680 ms - 906[0m
[0mGET /phppma/index.php [33m404 [0m0.691 ms - 906[0m
[0mGET /phpmy/index.php [33m404 [0m0.656 ms - 906[0m
[0mGET /mysql/admin/index.php [33m404 [0m0.659 ms - 906[0m
[0mGET /mysql/dbadmin/index.php [33m404 [0m3.353 ms - 906[0m
[0mGET /mysql/sqlmanager/index.php [33m404 [0m0.704 ms - 906[0m
[0mGET /mysql/mysqlmanager/index.php [33m404 [0m1.221 ms - 906[0m
[0mGET /wp-content/plugins/portable-phpmyadmin/wp-pma-mod/index.php [33m404 [0m0.654 ms - 906[0m
[0mGET /manager/html [33m404 [0m0.677 ms - 906[0m
[0mGET / [32m200 [0m1.898 ms - 967[0m
[0mGET / [32m200 [0m0.588 ms - 967[0m
[0mGET / [32m200 [0m0.585 ms - 967[0m
[0mGET / [32m200 [0m0.579 ms - 967[0m
[0mGET / [32m200 [0m0.587 ms - 967[0m
[0mGET / [32m200 [0m0.555 ms - 967[0m
[0mGET / [32m200 [0m0.524 ms - 967[0m
[0mGET / [32m200 [0m0.567 ms - 967[0m
[0mGET / [32m200 [0m0.571 ms - 967[0m
[0mGET / [32m200 [0m0.539 ms - 967[0m
[0mGET / [32m200 [0m2.762 ms - 967[0m
[0mGET / [32m200 [0m0.589 ms - 967[0m
[0mGET / [32m200 [0m0.588 ms - 967[0m
[0mGET / [32m200 [0m16.968 ms - 967[0m
[0mGET / [32m200 [0m0.547 ms - 967[0m
[0mGET / [32m200 [0m0.582 ms - 967[0m
[0mGET / [32m200 [0m0.550 ms - 967[0m
[0mGET / [32m200 [0m0.521 ms - 967[0m
[0mGET / [32m200 [0m0.542 ms - 967[0m
[0mGET / [32m200 [0m0.552 ms - 967[0m
[0mGET / [32m200 [0m0.558 ms - 967[0m
[0mGET / [32m200 [0m0.564 ms - 967[0m
[0mGET / [32m200 [0m0.562 ms - 967[0m
[0mGET / [32m200 [0m0.591 ms - 967[0m
[0mGET / [32m200 [0m0.540 ms - 967[0m
[0mGET / [32m200 [0m0.596 ms - 967[0m
[0mGET / [32m200 [0m0.559 ms - 967[0m
[0mGET / [32m200 [0m0.571 ms - 967[0m
[0mGET / [32m200 [0m0.573 ms - 967[0m
[0mGET / [32m200 [0m0.535 ms - 967[0m
[0mGET / [32m200 [0m0.551 ms - 967[0m
[0mGET / [32m200 [0m0.576 ms - 967[0m
[0mGET / [32m200 [0m0.575 ms - 967[0m
[0mGET / [32m200 [0m0.572 ms - 967[0m
[0mGET / [32m200 [0m0.607 ms - 967[0m
[0mGET / [32m200 [0m0.575 ms - 967[0m
[0mGET /CHANGELOG.txt [33m404 [0m3.177 ms - 906[0m
[0mGET / [32m200 [0m0.566 ms - 967[0m
[0mGET / [32m200 [0m0.587 ms - 967[0m
[0mGET / [32m200 [0m1.206 ms - 967[0m
[0mGET / [32m200 [0m0.575 ms - 967[0m
[0mGET / [32m200 [0m0.527 ms - 967[0m
[0mGET / [32m200 [0m0.548 ms - 967[0m
[0mGET / [32m200 [0m0.579 ms - 967[0m
[0mGET / [32m200 [0m0.545 ms - 967[0m
[0mGET / [32m200 [0m0.562 ms - 967[0m
[0mGET / [32m200 [0m0.591 ms - 967[0m
[0mGET / [32m200 [0m0.570 ms - 967[0m
[0mGET / [32m200 [0m0.980 ms - 967[0m
[0mGET / [32m200 [0m0.591 ms - 967[0m
[0mGET / [32m200 [0m0.563 ms - 967[0m
[0mGET / [32m200 [0m0.512 ms - 967[0m
[0mGET / [32m200 [0m0.564 ms - 967[0m

> blogger@0.0.0 start /home/bitnami/blogger
> PORT=80 node ./bin/www

[0mGET / [36m304 [0m13.282 ms - -[0m
[0mGET /stylesheets/style.css [36m304 [0m1.668 ms - -[0m
[0mGET /bootstrap/css/bootstrap.min.css [36m304 [0m0.343 ms - -[0m
[0mGET /bootstrap/css/fontawesome-all.css [33m404 [0m1.824 ms - 906[0m
[0mGET /bootstrap/js/jquery.min.js [33m404 [0m0.672 ms - 906[0m
[0mGET /bootstrap/js/bootstrap.min.js [36m304 [0m0.209 ms - -[0m
[0mGET / [32m200 [0m1.038 ms - 967[0m

> blogger@0.0.0 start /home/bitnami/blogger
> PORT=80 node ./bin/www

[0mGET / [36m304 [0m10.678 ms - -[0m
[0mGET /stylesheets/style.css [36m304 [0m1.687 ms - -[0m
[0mGET /bootstrap/css/bootstrap.min.css [36m304 [0m0.324 ms - -[0m
[0mGET /bootstrap/css/fontawesome-all.css [33m404 [0m1.733 ms - 906[0m
[0mGET /bootstrap/js/jquery.min.js [33m404 [0m0.712 ms - 906[0m
[0mGET /bootstrap/js/bootstrap.min.js [36m304 [0m0.214 ms - -[0m

> blogger@0.0.0 start /home/bitnami/blogger
> PORT=80 node ./bin/www

[0mGET / [36m304 [0m10.935 ms - -[0m
[0mGET /stylesheets/style.css [36m304 [0m2.175 ms - -[0m
[0mGET /bootstrap/css/bootstrap.min.css [36m304 [0m1.994 ms - -[0m
[0mGET /bootstrap/js/jquery.min.js [33m404 [0m1.849 ms - 906[0m
[0mGET /bootstrap/js/bootstrap.min.js [36m304 [0m0.211 ms - -[0m
[0mGET /bootstrap/css/fontawesome-all.css [33m404 [0m0.690 ms - 906[0m
[0mGET /bootstrap/js/jquery.min.js [33m404 [0m0.741 ms - 906[0m
[0mGET / [32m200 [0m1.474 ms - 1135[0m
[0mGET / [36m304 [0m0.659 ms - -[0m
[0mGET /stylesheets/style.css [36m304 [0m0.575 ms - -[0m
[0mGET /bootstrap/js/jquery.min.js [33m404 [0m0.976 ms - 906[0m
[0mGET /bootstrap/css/bootstrap.min.css [36m304 [0m0.403 ms - -[0m
[0mGET /bootstrap/css/fontawesome-all.css [33m404 [0m0.555 ms - 906[0m
[0mGET /bootstrap/js/bootstrap.min.js [36m304 [0m0.263 ms - -[0m
[0mGET /bootstrap/js/jquery.min.js [33m404 [0m0.729 ms - 906[0m
[0mGET / [36m304 [0m0.631 ms - -[0m
[0mGET /stylesheets/style.css [36m304 [0m0.524 ms - -[0m
[0mGET /bootstrap/css/bootstrap.min.css [36m304 [0m0.480 ms - -[0m
[0mGET /bootstrap/css/fontawesome-all.css [33m404 [0m0.728 ms - 906[0m
[0mGET /bootstrap/js/bootstrap.min.js [36m304 [0m0.215 ms - -[0m
[0mGET /bootstrap/js/jquery.min.js [33m404 [0m0.499 ms - 906[0m
[0mGET /bootstrap/js/jquery.min.js [33m404 [0m0.766 ms - 906[0m
[0mGET / [36m304 [0m0.595 ms - -[0m
[0mGET /stylesheets/style.css [36m304 [0m0.580 ms - -[0m
[0mGET /bootstrap/css/bootstrap.min.css [36m304 [0m0.528 ms - -[0m
[0mGET /bootstrap/js/jquery.min.js [33m404 [0m1.108 ms - 906[0m
[0mGET /bootstrap/css/fontawesome-all.css [33m404 [0m1.430 ms - 906[0m
[0mGET /bootstrap/js/bootstrap.min.js [36m304 [0m1.487 ms - -[0m
[0mGET /bootstrap/js/jquery.min.js [33m404 [0m0.733 ms - 906[0m
[0mGET / [36m304 [0m0.656 ms - -[0m
[0mGET /bootstrap/css/fontawesome-all.css [33m404 [0m0.734 ms - 906[0m
[0mGET /bootstrap/js/jquery.min.js [33m404 [0m0.745 ms - 906[0m
[0mGET /stylesheets/style.css [36m304 [0m0.284 ms - -[0m
[0mGET /bootstrap/css/bootstrap.min.css [36m304 [0m0.235 ms - -[0m
[0mGET /bootstrap/js/bootstrap.min.js [36m304 [0m0.227 ms - -[0m
[0mGET /bootstrap/css/fontawesome-all.css [33m404 [0m0.740 ms - 906[0m
[0mGET /bootstrap/js/jquery.min.js [33m404 [0m0.735 ms - 906[0m
[0mGET / [36m304 [0m0.634 ms - -[0m
[0mGET /stylesheets/style.css [36m304 [0m0.345 ms - -[0m
[0mGET /bootstrap/css/fontawesome-all.css [33m404 [0m0.738 ms - 906[0m
[0mGET /bootstrap/js/bootstrap.min.js [36m304 [0m0.447 ms - -[0m
[0mGET /bootstrap/js/jquery.min.js [33m404 [0m2.626 ms - 906[0m
[0mGET /bootstrap/css/bootstrap.min.css [36m304 [0m0.294 ms - -[0m
[0mGET /bootstrap/js/jquery.min.js [33m404 [0m0.698 ms - 906[0m
[0mGET / [36m304 [0m0.574 ms - -[0m
[0mGET /stylesheets/style.css [36m304 [0m0.530 ms - -[0m
[0mGET /bootstrap/css/bootstrap.min.css [36m304 [0m0.522 ms - -[0m
[0mGET /bootstrap/css/fontawesome-all.css [33m404 [0m1.028 ms - 906[0m
[0mGET /bootstrap/js/jquery.min.js [33m404 [0m1.371 ms - 906[0m
[0mGET /bootstrap/js/bootstrap.min.js [36m304 [0m1.420 ms - -[0m
[0mGET /bootstrap/js/jquery.min.js [33m404 [0m0.709 ms - 906[0m
[0mGET / [36m304 [0m0.591 ms - -[0m
[0mGET /stylesheets/style.css [36m304 [0m0.528 ms - -[0m
[0mGET /bootstrap/css/bootstrap.min.css [36m304 [0m0.484 ms - -[0m
[0mGET /bootstrap/css/fontawesome-all.css [33m404 [0m0.746 ms - 906[0m
[0mGET /bootstrap/js/jquery.min.js [33m404 [0m0.530 ms - 906[0m
[0mGET /bootstrap/js/bootstrap.min.js [36m304 [0m0.200 ms - -[0m
[0mGET /bootstrap/js/jquery.min.js [33m404 [0m0.708 ms - 906[0m
[0mGET / [36m304 [0m1.837 ms - -[0m
[0mGET /stylesheets/style.css [36m304 [0m0.320 ms - -[0m
[0mGET /bootstrap/js/jquery.min.js [33m404 [0m0.767 ms - 906[0m
[0mGET /bootstrap/js/bootstrap.min.js [36m304 [0m0.227 ms - -[0m
[0mGET /bootstrap/css/fontawesome-all.css [33m404 [0m0.686 ms - 906[0m
[0mGET /bootstrap/css/bootstrap.min.css [36m304 [0m0.301 ms - -[0m
[0mGET /bootstrap/js/jquery.min.js [33m404 [0m0.675 ms - 906[0m
[0mGET / [32m200 [0m0.622 ms - 1135[0m
[0mHEAD / [32m200 [0m0.595 ms - 1135[0m
[0mGET / [32m200 [0m0.687 ms - 1135[0m
[0mGET / [32m200 [0m0.618 ms - 1135[0m
[0mGET / [32m200 [0m0.447 ms - 1135[0m
[0mGET / [32m200 [0m0.623 ms - 1135[0m
[0mGET /v1/agent/self [33m404 [0m0.877 ms - 906[0m
[0mGET / [32m200 [0m0.589 ms - 1135[0m
[0mGET /CFIDE/administrator/ [33m404 [0m0.648 ms - 906[0m
[0mGET / [32m200 [0m1.016 ms - 1135[0m
[0mGET /TP/public/index.php [33m404 [0m0.706 ms - 906[0m
[0mGET /TP/index.php [33m404 [0m0.729 ms - 906[0m
[0mGET /thinkphp/html/public/index.php [33m404 [0m0.634 ms - 906[0m
[0mGET /html/public/index.php [33m404 [0m0.688 ms - 906[0m
[0mGET /public/index.php [33m404 [0m0.688 ms - 906[0m
[0mGET /TP/html/public/index.php [33m404 [0m0.684 ms - 906[0m
[0mGET /elrekt.php [33m404 [0m0.757 ms - 906[0m
[0mGET /index.php [33m404 [0m0.634 ms - 906[0m
[0mGET / [32m200 [0m0.545 ms - 1135[0m
[0mGET / [32m200 [0m0.589 ms - 1135[0m
[0mGET / [32m200 [0m0.613 ms - 1135[0m
[0mGET / [32m200 [0m0.600 ms - 1135[0m
[0mGET / [32m200 [0m0.616 ms - 1135[0m
[0mGET / [32m200 [0m1.196 ms - 1135[0m
[0mGET / [32m200 [0m1.346 ms - 1135[0m
[0mGET / [32m200 [0m4.966 ms - 1135[0m
[0mGET / [32m200 [0m0.693 ms - 1135[0m
[0mPROPFIND / [33m404 [0m1.884 ms - 906[0m
[0mGET /webdav/ [33m404 [0m1.406 ms - 906[0m
[0mGET /help.php [33m404 [0m0.723 ms - 906[0m
[0mGET /java.php [33m404 [0m0.701 ms - 906[0m
[0mGET /_query.php [33m404 [0m0.714 ms - 906[0m
[0mGET /test.php [33m404 [0m0.714 ms - 906[0m
[0mGET /db_cts.php [33m404 [0m0.740 ms - 906[0m
[0mGET /db_pma.php [33m404 [0m0.706 ms - 906[0m
[0mGET /logon.php [33m404 [0m0.722 ms - 906[0m
[0mGET /help-e.php [33m404 [0m7.038 ms - 906[0m
[0mGET /license.php [33m404 [0m0.709 ms - 906[0m
[0mGET /log.php [33m404 [0m0.727 ms - 906[0m
[0mGET /hell.php [33m404 [0m0.692 ms - 906[0m
[0mGET /pmd_online.php [33m404 [0m0.707 ms - 906[0m
[0mGET /x.php [33m404 [0m20.090 ms - 906[0m
[0mGET /shell.php [33m404 [0m0.697 ms - 906[0m
[0mGET /htdocs.php [33m404 [0m0.691 ms - 906[0m
[0mGET /desktop.ini.php [33m404 [0m0.739 ms - 906[0m
[0mGET /z.php [33m404 [0m0.704 ms - 906[0m
[0mGET /lala.php [33m404 [0m0.712 ms - 906[0m
[0mGET /lala-dpr.php [33m404 [0m0.701 ms - 906[0m
[0mGET /wpc.php [33m404 [0m1.254 ms - 906[0m
[0mGET /wpo.php [33m404 [0m0.698 ms - 906[0m
[0mGET /text.php [33m404 [0m0.674 ms - 906[0m
[0mGET /wp-config.php [33m404 [0m0.680 ms - 906[0m
[0mGET /muhstik.php [33m404 [0m0.717 ms - 906[0m
[0mGET /muhstik2.php [33m404 [0m0.705 ms - 906[0m
[0mGET /muhstiks.php [33m404 [0m0.698 ms - 906[0m
[0mGET /muhstik-dpr.php [33m404 [0m0.689 ms - 906[0m
[0mGET /lol.php [33m404 [0m0.686 ms - 906[0m
[0mGET /uploader.php [33m404 [0m0.728 ms - 906[0m
[0mGET /cmd.php [33m404 [0m0.689 ms - 906[0m
[0mGET /cmv.php [33m404 [0m0.706 ms - 906[0m
[0mGET /cmdd.php [33m404 [0m0.697 ms - 906[0m
[0mGET /knal.php [33m404 [0m1.098 ms - 906[0m
[0mGET /cmd.php [33m404 [0m0.682 ms - 906[0m
[0mGET /shell.php [33m404 [0m0.749 ms - 906[0m
[0mGET /appserv.php [33m404 [0m0.726 ms - 906[0m
[0mGET /scripts/setup.php [33m404 [0m0.691 ms - 906[0m
[0mGET /phpmyadmin/scripts/setup.php [33m404 [0m0.710 ms - 906[0m
[0mGET /phpMyAdmin/scripts/setup.php [33m404 [0m0.734 ms - 906[0m
[0mGET /phpmyadmin/scripts/db___.init.php [33m404 [0m0.735 ms - 906[0m
[0mGET /phpMyAdmin/scripts/db___.init.php [33m404 [0m0.698 ms - 906[0m
[0mGET /plugins/weathermap/editor.php [33m404 [0m0.711 ms - 906[0m
[0mGET /cacti/plugins/weathermap/editor.php [33m404 [0m0.706 ms - 906[0m
[0mPOST /wuwu11.php [33m404 [0m20.941 ms - 906[0m
[0mPOST /xw.php [33m404 [0m0.996 ms - 906[0m
[0mPOST /xw1.php [33m404 [0m0.729 ms - 906[0m
[0mPOST /9678.php [33m404 [0m0.715 ms - 906[0m
[0mPOST /wc.php [33m404 [0m0.729 ms - 906[0m
[0mPOST /xx.php [33m404 [0m0.770 ms - 906[0m
[0mPOST /s.php [33m404 [0m0.806 ms - 906[0m
[0mPOST /w.php [33m404 [0m0.758 ms - 906[0m
[0mPOST /sheep.php [33m404 [0m0.740 ms - 906[0m
[0mPOST /qaq.php [33m404 [0m0.735 ms - 906[0m
[0mPOST /db.init.php [33m404 [0m0.769 ms - 906[0m
[0mPOST /db_session.init.php [33m404 [0m0.718 ms - 906[0m
[0mPOST /db__.init.php [33m404 [0m0.728 ms - 906[0m
[0mPOST /wp-admins.php [33m404 [0m0.749 ms - 906[0m
[0mPOST /m.php?pbid=open [33m404 [0m0.730 ms - 906[0m
[0mPOST /db_dataml.php [33m404 [0m0.741 ms - 906[0m
[0mPOST /db_desql.php [33m404 [0m0.715 ms - 906[0m
[0mPOST /mx.php [33m404 [0m0.749 ms - 906[0m
[0mPOST /wshell.php [33m404 [0m1.439 ms - 906[0m
[0mPOST /xshell.php [33m404 [0m0.759 ms - 906[0m
[0mPOST /qq.php [33m404 [0m0.724 ms - 906[0m
[0mPOST /conflg.php [33m404 [0m0.721 ms - 906[0m
[0mPOST /conflg.php [33m404 [0m0.741 ms - 906[0m
[0mPOST /lindex.php [33m404 [0m0.725 ms - 906[0m
[0mPOST /phpstudy.php [33m404 [0m0.763 ms - 906[0m
[0mPOST /phpStudy.php [33m404 [0m0.714 ms - 906[0m
[0mPOST /weixiao.php [33m404 [0m0.725 ms - 906[0m
[0mPOST /feixiang.php [33m404 [0m0.755 ms - 906[0m
[0mPOST /ak47.php [33m404 [0m0.734 ms - 906[0m
[0mPOST /ak48.php [33m404 [0m0.723 ms - 906[0m
[0mPOST /xiao.php [33m404 [0m0.795 ms - 906[0m
[0mPOST /yao.php [33m404 [0m1.121 ms - 906[0m
[0mPOST /defect.php [33m404 [0m0.737 ms - 906[0m
[0mPOST /webslee.php [33m404 [0m0.730 ms - 906[0m
[0mPOST /q.php [33m404 [0m0.737 ms - 906[0m
[0mPOST /pe.php [33m404 [0m0.741 ms - 906[0m
[0mPOST /hm.php [33m404 [0m0.745 ms - 906[0m
[0mPOST /cainiao.php [33m404 [0m0.721 ms - 906[0m
[0mPOST /zuoshou.php [33m404 [0m0.718 ms - 906[0m
[0mPOST /zuo.php [33m404 [0m0.724 ms - 906[0m
[0mPOST /aotu.php [33m404 [0m0.731 ms - 906[0m
[0mPOST /aotu7.php [33m404 [0m0.725 ms - 906[0m
[0mPOST /cmd.php [33m404 [0m0.732 ms - 906[0m
[0mPOST /bak.php [33m404 [0m0.720 ms - 906[0m
[0mPOST /system.php [33m404 [0m1.119 ms - 906[0m
[0mPOST /l6.php [33m404 [0m0.723 ms - 906[0m
[0mPOST /l7.php [33m404 [0m0.723 ms - 906[0m
[0mPOST /l8.php [33m404 [0m2.921 ms - 906[0m
[0mPOST /q.php [33m404 [0m0.719 ms - 906[0m
[0mPOST /56.php [33m404 [0m0.703 ms - 906[0m
[0mPOST /mz.php [33m404 [0m0.735 ms - 906[0m
[0mPOST /xx.php [33m404 [0m0.745 ms - 906[0m
[0mPOST /yumo.php [33m404 [0m0.750 ms - 906[0m
[0mPOST /min.php [33m404 [0m0.742 ms - 906[0m
[0mPOST /wan.php [33m404 [0m0.727 ms - 906[0m
[0mPOST /wanan.php [33m404 [0m0.722 ms - 906[0m
[0mPOST /ssaa.php [33m404 [0m0.740 ms - 906[0m
[0mPOST /qq.php [33m404 [0m1.114 ms - 906[0m
[0mPOST /aw.php [33m404 [0m0.733 ms - 906[0m
[0mPOST /12.php [33m404 [0m0.726 ms - 906[0m
[0mPOST /hh.php [33m404 [0m5.131 ms - 906[0m
[0mPOST /ak.php [33m404 [0m0.769 ms - 906[0m
[0mPOST /ip.php [33m404 [0m0.717 ms - 906[0m
[0mPOST /infoo.php [33m404 [0m0.716 ms - 906[0m
[0mPOST /qq.php [33m404 [0m0.712 ms - 906[0m
[0mPOST /qwe.php [33m404 [0m0.714 ms - 906[0m
[0mPOST /1213.php [33m404 [0m0.711 ms - 906[0m
[0mPOST /post.php [33m404 [0m0.717 ms - 906[0m
[0mPOST /aaaa.php [33m404 [0m0.750 ms - 906[0m
[0mPOST /h1.php [33m404 [0m2.711 ms - 906[0m
[0mPOST /test.php [33m404 [0m1.176 ms - 906[0m
[0mPOST /3.php [33m404 [0m0.717 ms - 906[0m
[0mPOST /phpinfi.php [33m404 [0m0.716 ms - 906[0m
[0mPOST /9510.php [33m404 [0m0.748 ms - 906[0m
[0mPOST /python.php [33m404 [0m0.721 ms - 906[0m
[0mPOST /default.php [33m404 [0m0.712 ms - 906[0m
[0mPOST /sean.php [33m404 [0m0.718 ms - 906[0m
[0mPOST /app.php [33m404 [0m0.754 ms - 906[0m
[0mPOST /help.php [33m404 [0m0.718 ms - 906[0m
[0mPOST /tiandi.php [33m404 [0m0.710 ms - 906[0m
[0mPOST /miao.php [33m404 [0m0.708 ms - 906[0m
[0mPOST /xz.php [33m404 [0m0.721 ms - 906[0m
[0mPOST /linuxse.php [33m404 [0m0.715 ms - 906[0m
[0mPOST /zuoindex.php [33m404 [0m0.706 ms - 906[0m
[0mPOST /zshmindex.php [33m404 [0m0.705 ms - 906[0m
[0mPOST /tomcat.php [33m404 [0m0.699 ms - 906[0m
[0mPOST /ceshi.php [33m404 [0m0.730 ms - 906[0m
[0mPOST /1hou.php [33m404 [0m0.708 ms - 906[0m
[0mPOST /ou2.php [33m404 [0m0.714 ms - 906[0m
[0mPOST /zuos.php [33m404 [0m0.707 ms - 906[0m
[0mPOST /zuoss.php [33m404 [0m0.711 ms - 906[0m
[0mPOST /zuoshss.php [33m404 [0m0.708 ms - 906[0m
[0mPOST /boots.php [33m404 [0m0.707 ms - 906[0m
[0mPOST /she.php [33m404 [0m0.703 ms - 906[0m
[0mPOST /s.php [33m404 [0m0.699 ms - 906[0m
[0mPOST /qw.php [33m404 [0m0.715 ms - 906[0m
[0mPOST /test.php [33m404 [0m0.707 ms - 906[0m
[0mPOST /caonma.php [33m404 [0m0.717 ms - 906[0m
[0mPOST /ss.php [33m404 [0m0.734 ms - 906[0m
[0mPOST /wcp.php [33m404 [0m0.709 ms - 906[0m
[0mPOST /u.php [33m404 [0m0.711 ms - 906[0m
[0mPOST /uuu.php [33m404 [0m0.712 ms - 906[0m
[0mPOST /sss.php [33m404 [0m0.705 ms - 906[0m
[0mPOST /1.php [33m404 [0m0.741 ms - 906[0m
[0mPOST /2.php [33m404 [0m0.720 ms - 906[0m
[0mPOST /core.php [33m404 [0m0.802 ms - 906[0m
[0mPOST /qaz.php [33m404 [0m0.709 ms - 906[0m
[0mPOST /sha.php [33m404 [0m0.710 ms - 906[0m
[0mPOST /ppx.php [33m404 [0m0.750 ms - 906[0m
[0mPOST /1.php [33m404 [0m0.697 ms - 906[0m
[0mPOST /confg.php [33m404 [0m0.716 ms - 906[0m
[0mPOST /conf1g.php [33m404 [0m0.729 ms - 906[0m
[0mPOST /confg.php [33m404 [0m0.726 ms - 906[0m
[0mPOST /confg.php [33m404 [0m0.715 ms - 906[0m
[0mPOST /confg.php [33m404 [0m0.715 ms - 906[0m
[0mPOST /ver.php [33m404 [0m0.782 ms - 906[0m
[0mPOST /hack.php [33m404 [0m0.712 ms - 906[0m
[0mPOST /qa.php [33m404 [0m0.699 ms - 906[0m
[0mPOST /Ss.php [33m404 [0m0.722 ms - 906[0m
[0mPOST /xxx.php [33m404 [0m0.724 ms - 906[0m
[0mPOST /92.php [33m404 [0m0.703 ms - 906[0m
[0mPOST /z.php [33m404 [0m3.366 ms - 906[0m
[0mPOST /x.php [33m404 [0m1.175 ms - 906[0m
[0mPOST /dexgp.php [33m404 [0m0.737 ms - 906[0m
[0mPOST /nuoxi.php [33m404 [0m0.738 ms - 906[0m
[0mPOST /godkey.php [33m404 [0m0.746 ms - 906[0m
[0mPOST /okokok.php [33m404 [0m0.713 ms - 906[0m
[0mPOST /erwa.php [33m404 [0m0.703 ms - 906[0m
[0mPOST /pma.php [33m404 [0m0.729 ms - 906[0m
[0mPOST /ruyi.php [33m404 [0m0.712 ms - 906[0m
[0mPOST /51314.php [33m404 [0m0.723 ms - 906[0m
[0mPOST /5201314.php [33m404 [0m0.748 ms - 906[0m
[0mPOST /fusheng.php [33m404 [0m0.694 ms - 906[0m
[0mPOST /general.php [33m404 [0m0.710 ms - 906[0m
[0mPOST /repeat.php [33m404 [0m0.708 ms - 906[0m
[0mPOST /ldw.php [33m404 [0m0.728 ms - 906[0m
[0mPOST /api.php [33m404 [0m0.706 ms - 906[0m
[0mPOST /s1.php [33m404 [0m0.758 ms - 906[0m
[0mPOST /xiaodai.php [33m404 [0m0.707 ms - 906[0m
[0mPOST /hello.php [33m404 [0m0.697 ms - 906[0m
[0mPOST /hello.php [33m404 [0m0.697 ms - 906[0m
[0mPOST /admn.php [33m404 [0m0.711 ms - 906[0m
[0mPOST /hell.php [33m404 [0m0.719 ms - 906[0m
[0mPOST /xp.php [33m404 [0m0.730 ms - 906[0m
[0mPOST /1.php [33m404 [0m0.701 ms - 906[0m
[0mPOST /2.php [33m404 [0m0.708 ms - 906[0m
[0mPOST /p.php [33m404 [0m0.702 ms - 906[0m
[0mPOST /1.php [33m404 [0m0.735 ms - 906[0m
[0mPOST /a.php [33m404 [0m1.062 ms - 906[0m
[0mPOST /m.php [33m404 [0m0.684 ms - 906[0m
[0mPOST /conf.php [33m404 [0m0.693 ms - 906[0m
[0mPOST /123.php [33m404 [0m0.732 ms - 906[0m
[0mPOST /HX.php [33m404 [0m0.696 ms - 906[0m
[0mPOST /diy.php [33m404 [0m0.691 ms - 906[0m
[0mPOST /666.php [33m404 [0m0.735 ms - 906[0m
[0mPOST /777.php [33m404 [0m0.699 ms - 906[0m
[0mPOST /qwq.php [33m404 [0m0.704 ms - 906[0m
[0mPOST /qwqw.php [33m404 [0m0.720 ms - 906[0m
[0mPOST /.php [33m404 [0m0.698 ms - 906[0m
[0mPOST /infos.php [33m404 [0m0.715 ms - 906[0m
[0mPOST /x.php [33m404 [0m1.789 ms - 906[0m
[0mPOST /lucky.php [33m404 [0m1.110 ms - 906[0m
[0mPOST /htfr.php [33m404 [0m0.717 ms - 906[0m
[0mPOST /zzk.php [33m404 [0m0.712 ms - 906[0m
[0mPOST /toor.php [33m404 [0m0.711 ms - 906[0m
[0mPOST /uu.php [33m404 [0m0.697 ms - 906[0m
[0mPOST /aa.php [33m404 [0m0.708 ms - 906[0m
[0mPOST /wb.php [33m404 [0m0.750 ms - 906[0m
[0mPOST /yj.php [33m404 [0m0.722 ms - 906[0m
[0mPOST /z.php [33m404 [0m0.692 ms - 906[0m
[0mPOST /7.php [33m404 [0m0.715 ms - 906[0m
[0mPOST /xiaoma.php [33m404 [0m0.743 ms - 906[0m
[0mPOST /xiaomae.php [33m404 [0m0.696 ms - 906[0m
[0mPOST /xiaomar.php [33m404 [0m0.707 ms - 906[0m
[0mPOST /qq.php [33m404 [0m1.124 ms - 906[0m
[0mPOST /data.php [33m404 [0m0.705 ms - 906[0m
[0mPOST /log.php [33m404 [0m0.690 ms - 906[0m
[0mPOST /fack.php [33m404 [0m0.734 ms - 906[0m
[0mPOST /angge.php [33m404 [0m0.711 ms - 906[0m
[0mPOST /cxfm666.php [33m404 [0m0.693 ms - 906[0m
[0mPOST /db.php [33m404 [0m0.712 ms - 906[0m
[0mPOST /hacly.php [33m404 [0m0.709 ms - 906[0m
[0mPOST /xiaomo.php [33m404 [0m0.729 ms - 906[0m
[0mPOST /xiaoyu.php [33m404 [0m0.732 ms - 906[0m
[0mPOST /xiaohei.php [33m404 [0m6.465 ms - 906[0m
[0mPOST /j.php [33m404 [0m0.736 ms - 906[0m
[0mPOST /qq5262.php [33m404 [0m0.687 ms - 906[0m
[0mPOST /lost.php [33m404 [0m1.129 ms - 906[0m
[0mPOST /php.php [33m404 [0m0.731 ms - 906[0m
[0mPOST /win.php [33m404 [0m0.706 ms - 906[0m
[0mPOST /win1.php [33m404 [0m0.703 ms - 906[0m
[0mPOST /linux.php [33m404 [0m0.705 ms - 906[0m
[0mPOST /linux1.php [33m404 [0m0.696 ms - 906[0m
[0mPOST /cc.php [33m404 [0m0.705 ms - 906[0m
[0mPOST /x.php [33m404 [0m0.706 ms - 906[0m
[0mPOST /MCLi.php [33m404 [0m0.690 ms - 906[0m
[0mPOST /MCLi.php [33m404 [0m0.702 ms - 906[0m
[0mPOST /zxc1.php [33m404 [0m0.712 ms - 906[0m
[0mPOST /zxc0.php [33m404 [0m0.692 ms - 906[0m
[0mPOST /zxc1.php [33m404 [0m0.707 ms - 906[0m
[0mPOST /zxc2.php [33m404 [0m1.059 ms - 906[0m
[0mPOST /indexa.php [33m404 [0m0.715 ms - 906[0m
[0mPOST /lx.php [33m404 [0m0.692 ms - 906[0m
[0mPOST /cn.php [33m404 [0m0.705 ms - 906[0m
[0mPOST /api.php [33m404 [0m0.697 ms - 906[0m
[0mPOST /index1.php [33m404 [0m0.690 ms - 906[0m
[0mPOST /info.php [33m404 [0m0.692 ms - 906[0m
[0mPOST /info1.php [33m404 [0m0.674 ms - 906[0m
[0mPOST /aaaaaa1.php [33m404 [0m0.702 ms - 906[0m
[0mPOST /up.php [33m404 [0m0.691 ms - 906[0m
[0mPOST /test123.php [33m404 [0m0.729 ms - 906[0m
[0mPOST /test123.php [33m404 [0m0.693 ms - 906[0m
[0mPOST /fb.php [33m404 [0m0.743 ms - 906[0m
[0mPOST /paylog.php [33m404 [0m1.068 ms - 906[0m
[0mPOST /paylog.php [33m404 [0m0.697 ms - 906[0m
[0mPOST /x.php [33m404 [0m0.690 ms - 906[0m
[0mPOST /cnm.php [33m404 [0m0.685 ms - 906[0m
[0mPOST /51.php [33m404 [0m0.676 ms - 906[0m
[0mPOST /cadre.php [33m404 [0m0.910 ms - 906[0m
[0mPOST /mm.php [33m404 [0m0.696 ms - 906[0m
[0mPOST /test.php [33m404 [0m0.699 ms - 906[0m
[0mPOST /1q.php [33m404 [0m0.699 ms - 906[0m
[0mPOST /1111.php [33m404 [0m0.723 ms - 906[0m
[0mPOST /errors.php [33m404 [0m0.720 ms - 906[0m
[0mGET /index.php [33m404 [0m0.716 ms - 906[0m
[0mGET /phpmyadmin/index.php [33m404 [0m0.665 ms - 906[0m
[0mGET /phpMyAdmin/index.php [33m404 [0m0.673 ms - 906[0m
[0mGET /pmd/index.php [33m404 [0m0.679 ms - 906[0m
[0mGET /pma/index.php [33m404 [0m0.659 ms - 906[0m
[0mGET /PMA/index.php [33m404 [0m0.672 ms - 906[0m
[0mGET /PMA2/index.php [33m404 [0m0.662 ms - 906[0m
[0mGET /pmamy/index.php [33m404 [0m0.672 ms - 906[0m
[0mGET /pmamy2/index.php [33m404 [0m0.695 ms - 906[0m
[0mGET /mysql/index.php [33m404 [0m0.660 ms - 906[0m
[0mGET /admin/index.php [33m404 [0m0.686 ms - 906[0m
[0mGET /db/index.php [33m404 [0m0.709 ms - 906[0m
[0mGET /dbadmin/index.php [33m404 [0m0.702 ms - 906[0m
[0mGET /web/phpMyAdmin/index.php [33m404 [0m0.673 ms - 906[0m
[0mGET /admin/pma/index.php [33m404 [0m0.676 ms - 906[0m
[0mGET /admin/PMA/index.php [33m404 [0m0.676 ms - 906[0m
[0mGET /admin/mysql/index.php [33m404 [0m0.694 ms - 906[0m
[0mGET /admin/mysql2/index.php [33m404 [0m0.663 ms - 906[0m
[0mGET /admin/phpmyadmin/index.php [33m404 [0m0.659 ms - 906[0m
[0mGET /admin/phpMyAdmin/index.php [33m404 [0m0.667 ms - 906[0m
[0mGET /admin/phpmyadmin2/index.php [33m404 [0m0.674 ms - 906[0m
[0mGET /mysqladmin/index.php [33m404 [0m0.668 ms - 906[0m
[0mGET /mysql-admin/index.php [33m404 [0m0.680 ms - 906[0m
[0mGET /mysql_admin/index.php [33m404 [0m0.718 ms - 906[0m
[0mGET /phpadmin/index.php [33m404 [0m0.718 ms - 906[0m
[0mGET /phpAdmin/index.php [33m404 [0m0.682 ms - 906[0m
[0mGET /phpmyadmin0/index.php [33m404 [0m2.787 ms - 906[0m
[0mGET /phpmyadmin1/index.php [33m404 [0m0.673 ms - 906[0m
[0mGET /phpmyadmin2/index.php [33m404 [0m0.664 ms - 906[0m
[0mGET /phpMyAdmin-4.4.0/index.php [33m404 [0m0.670 ms - 906[0m
[0mGET /myadmin/index.php [33m404 [0m0.671 ms - 906[0m
[0mGET /myadmin2/index.php [33m404 [0m0.714 ms - 906[0m
[0mGET /xampp/phpmyadmin/index.php [33m404 [0m0.675 ms - 906[0m
[0mGET /phpMyadmin_bak/index.php [33m404 [0m0.727 ms - 906[0m
[0mGET /www/phpMyAdmin/index.php [33m404 [0m0.671 ms - 906[0m
[0mGET /tools/phpMyAdmin/index.php [33m404 [0m0.714 ms - 906[0m
[0mGET /phpmyadmin-old/index.php [33m404 [0m0.733 ms - 906[0m
[0mGET /phpMyAdminold/index.php [33m404 [0m0.678 ms - 906[0m
[0mGET /phpMyAdmin.old/index.php [33m404 [0m3.047 ms - 906[0m
[0mGET /pma-old/index.php [33m404 [0m0.681 ms - 906[0m
[0mGET /claroline/phpMyAdmin/index.php [33m404 [0m0.718 ms - 906[0m
[0mGET /typo3/phpmyadmin/index.php [33m404 [0m0.676 ms - 906[0m
[0mGET /phpma/index.php [33m404 [0m1.122 ms - 906[0m
[0mGET /phpmyadmin/phpmyadmin/index.php [33m404 [0m0.675 ms - 906[0m
[0mGET /phpMyAdmin/phpMyAdmin/index.php [33m404 [0m0.677 ms - 906[0m
[0mGET /phpMyAbmin/index.php [33m404 [0m0.696 ms - 906[0m
[0mGET /phpMyAdmin__/index.php [33m404 [0m0.662 ms - 906[0m
[0mGET /phpMyAdmin+++---/index.php [33m404 [0m0.680 ms - 906[0m
[0mGET /v/index.php [33m404 [0m0.676 ms - 906[0m
[0mGET /phpmyadm1n/index.php [33m404 [0m0.669 ms - 906[0m
[0mGET /phpMyAdm1n/index.php [33m404 [0m0.686 ms - 906[0m
[0mGET /shaAdmin/index.php [33m404 [0m0.699 ms - 906[0m
[0mGET /phpMyadmi/index.php [33m404 [0m0.682 ms - 906[0m
[0mGET /phpMyAdmion/index.php [33m404 [0m0.680 ms - 906[0m
[0mGET /s/index.php [33m404 [0m0.679 ms - 906[0m
[0mGET /MyAdmin/index.php [33m404 [0m1.094 ms - 906[0m
[0mGET /phpMyAdmin1/index.php [33m404 [0m0.676 ms - 906[0m
[0mGET /phpMyAdmin123/index.php [33m404 [0m0.681 ms - 906[0m
[0mGET /pwd/index.php [33m404 [0m0.683 ms - 906[0m
[0mGET /phpMyAdmina/index.php [33m404 [0m0.695 ms - 906[0m
[0mGET /phpMydmin/index.php [33m404 [0m0.678 ms - 906[0m
[0mGET /program/index.php [33m404 [0m0.683 ms - 906[0m
[0mGET /shopdb/index.php [33m404 [0m0.664 ms - 906[0m
[0mGET /phppma/index.php [33m404 [0m0.697 ms - 906[0m
[0mGET /phpmy/index.php [33m404 [0m0.658 ms - 906[0m
[0mGET /mysql/admin/index.php [33m404 [0m0.659 ms - 906[0m
[0mGET /mysql/dbadmin/index.php [33m404 [0m0.677 ms - 906[0m
[0mGET /mysql/sqlmanager/index.php [33m404 [0m0.667 ms - 906[0m
[0mGET /mysql/mysqlmanager/index.php [33m404 [0m1.106 ms - 906[0m
[0mGET /wp-content/plugins/portable-phpmyadmin/wp-pma-mod/index.php [33m404 [0m0.719 ms - 906[0m
[0mGET /manager/html [33m404 [0m0.688 ms - 906[0m
[0mGET / [32m200 [0m0.613 ms - 1135[0m
[0mGET / [32m200 [0m0.569 ms - 1135[0m
[0mGET / [32m200 [0m0.613 ms - 1135[0m
[0mGET / [32m200 [0m0.592 ms - 1135[0m
[0mGET / [32m200 [0m0.616 ms - 1135[0m
[0mGET / [32m200 [0m0.609 ms - 1135[0m
[0mGET / [32m200 [0m0.582 ms - 1135[0m
[0mGET / [32m200 [0m0.537 ms - 1135[0m
[0mGET / [32m200 [0m3.821 ms - 1135[0m
[0mGET / [32m200 [0m0.626 ms - 1135[0m
[0mGET / [32m200 [0m0.622 ms - 1135[0m
[0mGET / [32m200 [0m0.610 ms - 1135[0m
[0mGET / [32m200 [0m0.590 ms - 1135[0m
[0mGET / [32m200 [0m1.043 ms - 1135[0m
[0mGET / [32m200 [0m0.586 ms - 1135[0m
[0mGET / [32m200 [0m0.646 ms - 1135[0m
[0mGET / [32m200 [0m0.605 ms - 1135[0m
[0mGET /webdav/ [33m404 [0m0.648 ms - 906[0m
[0mGET /9E7F4934.php [33m404 [0m0.702 ms - 906[0m
[0mGET /help.php [33m404 [0m0.707 ms - 906[0m
[0mGET /java.php [33m404 [0m0.672 ms - 906[0m
[0mGET /_query.php [33m404 [0m0.723 ms - 906[0m
[0mGET /test.php [33m404 [0m0.658 ms - 906[0m
[0mGET /db_cts.php [33m404 [0m0.636 ms - 906[0m
[0mGET /db_pma.php [33m404 [0m0.641 ms - 906[0m
[0mGET /logon.php [33m404 [0m0.611 ms - 906[0m
[0mGET /license.php [33m404 [0m0.688 ms - 906[0m
[0mGET /log.php [33m404 [0m1.063 ms - 906[0m
[0mGET /pmd_online.php [33m404 [0m0.698 ms - 906[0m
[0mGET /x.php [33m404 [0m0.640 ms - 906[0m
[0mGET /shell.php [33m404 [0m0.638 ms - 906[0m
[0mGET /htdocs.php [33m404 [0m0.632 ms - 906[0m
[0mGET /z.php [33m404 [0m0.658 ms - 906[0m
[0mGET /lala.php [33m404 [0m0.638 ms - 906[0m
[0mGET /lala-dpr.php [33m404 [0m0.621 ms - 906[0m
[0mGET /wpc.php [33m404 [0m0.645 ms - 906[0m
[0mGET /wpo.php [33m404 [0m0.617 ms - 906[0m
[0mGET /text.php [33m404 [0m0.604 ms - 906[0m
[0mGET /muhstik.php [33m404 [0m0.700 ms - 906[0m
[0mGET /muhstik2.php [33m404 [0m0.694 ms - 906[0m
[0mGET /muhstiks.php [33m404 [0m0.611 ms - 906[0m
[0mGET /muhstik-dpr.php [33m404 [0m0.687 ms - 906[0m
[0mGET /lol.php [33m404 [0m0.656 ms - 906[0m
[0mGET /uploader.php [33m404 [0m0.672 ms - 906[0m
[0mGET /cmv.php [33m404 [0m0.650 ms - 906[0m
[0mGET /cmdd.php [33m404 [0m0.634 ms - 906[0m
[0mGET /knal.php [33m404 [0m0.648 ms - 906[0m
[0mGET /cmd.php [33m404 [0m0.654 ms - 906[0m
[0mGET /shell.php [33m404 [0m0.632 ms - 906[0m
[0mGET /appserv.php [33m404 [0m0.608 ms - 906[0m
[0mGET /scripts/setup.php [33m404 [0m0.613 ms - 906[0m
[0mGET /phpmyadmin/scripts/setup.php [33m404 [0m0.689 ms - 906[0m
[0mGET /phpmyadmin/scripts/db___.init.php [33m404 [0m0.649 ms - 906[0m
[0mGET /phpMyAdmin/scripts/db___.init.php [33m404 [0m0.646 ms - 906[0m
[0mPOST /wc.php [33m404 [0m1.056 ms - 906[0m
[0mPOST /xx.php [33m404 [0m0.665 ms - 906[0m
[0mPOST /s.php [33m404 [0m0.708 ms - 906[0m
[0mPOST /w.php [33m404 [0m0.704 ms - 906[0m
[0mPOST /sheep.php [33m404 [0m0.669 ms - 906[0m
[0mPOST /qaq.php [33m404 [0m0.652 ms - 906[0m
[0mPOST /db_session.init.php [33m404 [0m0.675 ms - 906[0m
[0mPOST /db__.init.php [33m404 [0m0.661 ms - 906[0m
[0mPOST /wp-admins.php [33m404 [0m0.692 ms - 906[0m
[0mPOST /m.php?pbid=open [33m404 [0m0.711 ms - 906[0m
[0mPOST /db_dataml.php [33m404 [0m0.674 ms - 906[0m
[0mPOST /db_desql.php [33m404 [0m0.672 ms - 906[0m
[0mPOST /mx.php [33m404 [0m0.714 ms - 906[0m
[0mPOST /wshell.php [33m404 [0m1.073 ms - 906[0m
[0mPOST /xshell.php [33m404 [0m0.702 ms - 906[0m
[0mPOST /qq.php [33m404 [0m0.655 ms - 906[0m
[0mPOST /conflg.php [33m404 [0m0.703 ms - 906[0m
[0mPOST /conflg.php [33m404 [0m0.651 ms - 906[0m
[0mPOST /lindex.php [33m404 [0m0.681 ms - 906[0m
[0mPOST /phpstudy.php [33m404 [0m0.668 ms - 906[0m
[0mPOST /feixiang.php [33m404 [0m0.675 ms - 906[0m
[0mPOST /ak47.php [33m404 [0m0.650 ms - 906[0m
[0mPOST /xiao.php [33m404 [0m0.679 ms - 906[0m
[0mPOST /yao.php [33m404 [0m0.658 ms - 906[0m
[0mPOST /webslee.php [33m404 [0m0.664 ms - 906[0m
[0mPOST /q.php [33m404 [0m0.717 ms - 906[0m
[0mPOST /pe.php [33m404 [0m0.672 ms - 906[0m
[0mPOST /hm.php [33m404 [0m0.652 ms - 906[0m
[0mGET /index.php [33m404 [0m0.657 ms - 906[0m
[0mGET /phpmyadmin/index.php [33m404 [0m0.694 ms - 906[0m
[0mGET /phpMyAdmin/index.php [33m404 [0m0.652 ms - 906[0m
[0mGET /pmd/index.php [33m404 [0m0.657 ms - 906[0m
[0mGET /PMA/index.php [33m404 [0m0.685 ms - 906[0m
[0mGET /PMA2/index.php [33m404 [0m0.724 ms - 906[0m
[0mGET /pmamy/index.php [33m404 [0m0.658 ms - 906[0m
[0mGET /pmamy2/index.php [33m404 [0m0.656 ms - 906[0m
[0mGET /mysql/index.php [33m404 [0m0.650 ms - 906[0m
[0mGET /admin/index.php [33m404 [0m0.761 ms - 906[0m
[0mGET /dbadmin/index.php [33m404 [0m0.661 ms - 906[0m
[0mGET /web/phpMyAdmin/index.php [33m404 [0m0.688 ms - 906[0m
[0mGET /admin/pma/index.php [33m404 [0m1.051 ms - 906[0m
[0mGET /admin/PMA/index.php [33m404 [0m0.678 ms - 906[0m
[0mGET /admin/mysql/index.php [33m404 [0m0.661 ms - 906[0m
[0mGET /admin/mysql2/index.php [33m404 [0m0.679 ms - 906[0m
[0mGET /admin/phpmyadmin/index.php [33m404 [0m0.643 ms - 906[0m
[0mGET /admin/phpMyAdmin/index.php [33m404 [0m0.656 ms - 906[0m
[0mGET /mysqladmin/index.php [33m404 [0m0.648 ms - 906[0m
[0mGET /mysql-admin/index.php [33m404 [0m0.665 ms - 906[0m
[0mGET /phpmyadmin0/index.php [33m404 [0m0.687 ms - 906[0m
[0mGET /phpmyadmin1/index.php [33m404 [0m0.678 ms - 906[0m
[0mGET /phpmyadmin2/index.php [33m404 [0m0.638 ms - 906[0m
[0mGET /phpMyAdmin-4.4.0/index.php [33m404 [0m0.683 ms - 906[0m
[0mGET /myadmin/index.php [33m404 [0m0.662 ms - 906[0m
[0mGET /myadmin2/index.php [33m404 [0m1.079 ms - 906[0m
[0mGET /phpMyadmin_bak/index.php [33m404 [0m0.658 ms - 906[0m
[0mGET /www/phpMyAdmin/index.php [33m404 [0m0.655 ms - 906[0m
[0mGET /tools/phpMyAdmin/index.php [33m404 [0m0.661 ms - 906[0m
[0mGET /phpmyadmin-old/index.php [33m404 [0m0.647 ms - 906[0m
[0mGET /phpMyAdminold/index.php [33m404 [0m0.645 ms - 906[0m
[0mGET /phpMyAdmin.old/index.php [33m404 [0m0.663 ms - 906[0m
[0mGET /pma-old/index.php [33m404 [0m0.637 ms - 906[0m
[0mGET /claroline/phpMyAdmin/index.php [33m404 [0m0.633 ms - 906[0m
[0mGET /phpmyadmin/phpmyadmin/index.php [33m404 [0m0.663 ms - 906[0m
[0mGET /phpMyAdmin/phpMyAdmin/index.php [33m404 [0m0.654 ms - 906[0m
[0mGET /phpMyAdmin__/index.php [33m404 [0m0.670 ms - 906[0m
[0mGET /phpMyAdmin+++---/index.php [33m404 [0m0.666 ms - 906[0m
[0mGET /phpmyadm1n/index.php [33m404 [0m0.686 ms - 906[0m
[0mGET /phpMyAdm1n/index.php [33m404 [0m0.657 ms - 906[0m
[0mGET /shaAdmin/index.php [33m404 [0m0.660 ms - 906[0m
[0mGET /phpMyadmi/index.php [33m404 [0m0.658 ms - 906[0m
[0mGET /s/index.php [33m404 [0m0.666 ms - 906[0m
[0mGET /MyAdmin/index.php [33m404 [0m0.643 ms - 906[0m
[0mGET /phpMyAdmin1/index.php [33m404 [0m0.638 ms - 906[0m
[0mGET /phpMyAdmin123/index.php [33m404 [0m0.662 ms - 906[0m
[0mGET /phpMyAdmina/index.php [33m404 [0m0.656 ms - 906[0m
[0mGET /phpMydmin/index.php [33m404 [0m0.652 ms - 906[0m
[0mGET /phpMyAdmins/index.php [33m404 [0m0.653 ms - 906[0m
[0mGET /program/index.php [33m404 [0m0.658 ms - 906[0m
[0mGET /shopdb/index.php [33m404 [0m0.656 ms - 906[0m
[0mGET /phppma/index.php [33m404 [0m0.655 ms - 906[0m
[0mGET /mysql/admin/index.php [33m404 [0m1.023 ms - 906[0m
[0mGET /mysql/dbadmin/index.php [33m404 [0m0.666 ms - 906[0m
[0mGET /mysql/sqlmanager/index.php [33m404 [0m0.656 ms - 906[0m
[0mGET /mysql/mysqlmanager/index.php [33m404 [0m0.654 ms - 906[0m
[0mGET /wp-content/plugins/portable-phpmyadmin/wp-pma-mod/index.php [33m404 [0m0.672 ms - 906[0m
[0mGET /manager/html [33m404 [0m0.653 ms - 906[0m
[0mGET / [32m200 [0m0.619 ms - 1135[0m
[0mGET / [32m200 [0m0.632 ms - 1135[0m
[0mGET / [32m200 [0m0.594 ms - 1135[0m
[0mGET / [32m200 [0m0.714 ms - 1135[0m
[0mGET / [32m200 [0m0.553 ms - 1135[0m
[0mGET / [32m200 [0m0.669 ms - 1135[0m
[0mGET / [32m200 [0m0.595 ms - 1135[0m
[0mGET / [32m200 [0m0.579 ms - 1135[0m
[0mGET / [32m200 [0m0.588 ms - 1135[0m
[0mGET / [32m200 [0m0.992 ms - 1135[0m
[0mGET /bootstrap/css/fontawesome-all.css [33m404 [0m2.838 ms - 906[0m
[0mGET /bootstrap/css/bootstrap.min.css [36m304 [0m2.085 ms - -[0m
[0mGET /stylesheets/style.css [36m304 [0m0.799 ms - -[0m
[0mGET /bootstrap/js/jquery.min.js [33m404 [0m0.898 ms - 906[0m
[0mGET /bootstrap/js/bootstrap.min.js [36m304 [0m0.904 ms - -[0m
[0mGET /bootstrap/css/fontawesome-all.css [33m404 [0m2.598 ms - 906[0m
[0mGET /bootstrap/js/jquery.min.js [33m404 [0m0.666 ms - 906[0m
[0mGET / [36m304 [0m0.572 ms - -[0m
[0mGET /bootstrap/css/bootstrap.min.css [36m304 [0m0.672 ms - -[0m
[0mGET /stylesheets/style.css [36m304 [0m0.695 ms - -[0m
[0mGET /bootstrap/css/fontawesome-all.css [33m404 [0m1.041 ms - 906[0m
[0mGET /bootstrap/js/jquery.min.js [33m404 [0m0.833 ms - 906[0m
[0mGET /bootstrap/js/bootstrap.min.js [36m304 [0m0.869 ms - -[0m
[0mGET /bootstrap/js/jquery.min.js [33m404 [0m0.686 ms - 906[0m
[0mGET / [36m304 [0m0.722 ms - -[0m
[0mGET /stylesheets/style.css [36m304 [0m0.488 ms - -[0m
[0mGET /bootstrap/css/bootstrap.min.css [36m304 [0m0.447 ms - -[0m
[0mGET /bootstrap/css/fontawesome-all.css [33m404 [0m1.255 ms - 906[0m
[0mGET /bootstrap/js/jquery.min.js [33m404 [0m1.551 ms - 906[0m
[0mGET /bootstrap/js/bootstrap.min.js [36m304 [0m0.213 ms - -[0m
[0mGET /bootstrap/css/fontawesome-all.css [33m404 [0m0.676 ms - 906[0m
[0mGET /bootstrap/js/jquery.min.js [33m404 [0m0.713 ms - 906[0m

> blogger@0.0.0 start /home/bitnami/blogger
> PORT=80 node ./bin/www

Port 80 requires elevated privileges
npm ERR! code ELIFECYCLE
npm ERR! errno 1
npm ERR! blogger@0.0.0 start: `PORT=80 node ./bin/www`
npm ERR! Exit status 1
npm ERR! 
npm ERR! Failed at the blogger@0.0.0 start script.
npm ERR! This is probably not a problem with npm. There is likely additional logging output above.

npm ERR! A complete log of this run can be found in:
npm ERR!     /home/bitnami/.npm/_logs/2019-02-24T04_22_00_223Z-debug.log

> blogger@0.0.0 start /home/bitnami/blogger
> PORT=80 node ./bin/www


> blogger@0.0.0 start /home/bitnami/blogger
> PORT=80 node ./bin/www

[0mGET / [36m304 [0m15.347 ms - -[0m
[0mGET /stylesheets/style.css [36m304 [0m1.808 ms - -[0m
[0mGET /bootstrap/css/fontawesome-all.css [33m404 [0m1.838 ms - 906[0m
[0mGET /bootstrap/css/bootstrap.min.css [36m304 [0m0.316 ms - -[0m
[0mGET /bootstrap/js/jquery.min.js [33m404 [0m0.916 ms - 906[0m
[0mGET /bootstrap/js/bootstrap.min.js [36m304 [0m0.240 ms - -[0m
[0mGET /bootstrap/js/jquery.min.js [33m404 [0m0.768 ms - 906[0m
[0mGET / [36m304 [0m1.002 ms - -[0m
[0mGET /stylesheets/style.css [36m304 [0m0.324 ms - -[0m
[0mGET /bootstrap/css/bootstrap.min.css [36m304 [0m0.228 ms - -[0m
[0mGET /bootstrap/css/fontawesome-all.css [33m404 [0m0.609 ms - 906[0m
[0mGET /bootstrap/js/jquery.min.js [33m404 [0m0.551 ms - 906[0m
[0mGET /bootstrap/js/bootstrap.min.js [36m304 [0m0.243 ms - -[0m
[0mGET /bootstrap/js/jquery.min.js [33m404 [0m0.751 ms - 906[0m
[0mGET / [36m304 [0m0.629 ms - -[0m
[0mGET /stylesheets/style.css [36m304 [0m0.570 ms - -[0m
[0mGET /bootstrap/css/bootstrap.min.css [36m304 [0m0.542 ms - -[0m
[0mGET /bootstrap/css/fontawesome-all.css [33m404 [0m0.860 ms - 906[0m
[0mGET /bootstrap/js/jquery.min.js [33m404 [0m0.661 ms - 906[0m
[0mGET /bootstrap/js/bootstrap.min.js [36m304 [0m0.321 ms - -[0m
[0mGET /bootstrap/css/fontawesome-all.css [33m404 [0m0.723 ms - 906[0m
[0mGET /bootstrap/js/jquery.min.js [33m404 [0m0.717 ms - 906[0m

> blogger@0.0.0 start /home/bitnami/blogger
> PORT=80 node ./bin/www


> blogger@0.0.0 start /home/bitnami/blogger
> PORT=80 node ./bin/www


> blogger@0.0.0 start /home/bitnami/blogger
> PORT=80 node ./bin/www

[0mGET / [36m304 [0m11.087 ms - -[0m
[0mGET /stylesheets/style.css [36m304 [0m1.722 ms - -[0m
[0mGET /bootstrap/css/bootstrap.min.css [36m304 [0m0.330 ms - -[0m
[0mGET /bootstrap/css/fontawesome-all.css [33m404 [0m1.783 ms - 906[0m
[0mGET /bootstrap/js/jquery.min.js [33m404 [0m0.705 ms - 906[0m
[0mGET /bootstrap/js/bootstrap.min.js [36m304 [0m0.217 ms - -[0m
[0mGET /bootstrap/css/fontawesome-all.css [33m404 [0m0.756 ms - 906[0m
[0mGET /bootstrap/js/jquery.min.js [33m404 [0m0.762 ms - 906[0m

> blogger@0.0.0 start /home/bitnami/blogger
> PORT=80 node ./bin/www

[0mGET / [36m304 [0m11.684 ms - -[0m
[0mGET /bootstrap/css/fontawesome-all.css [33m404 [0m2.349 ms - 906[0m
[0mGET /stylesheets/style.css [36m304 [0m1.206 ms - -[0m
[0mGET /bootstrap/css/bootstrap.min.css [36m304 [0m0.362 ms - -[0m
[0mGET /bootstrap/js/bootstrap.min.js [36m304 [0m0.475 ms - -[0m
[0mGET /bootstrap/js/jquery.min.js [33m404 [0m1.058 ms - 906[0m
[0mGET /bootstrap/js/jquery.min.js [33m404 [0m0.745 ms - 906[0m

> blogger@0.0.0 start /home/bitnami/blogger
> PORT=80 node ./bin/www

[0mGET / [36m304 [0m12.833 ms - -[0m
[0mGET /stylesheets/style.css [36m304 [0m2.318 ms - -[0m
[0mGET /bootstrap/css/fontawesome-all.css [33m404 [0m11.943 ms - 906[0m
[0mGET /bootstrap/css/bootstrap.min.css [36m304 [0m0.371 ms - -[0m
[0mGET /bootstrap/js/jquery.min.js [33m404 [0m1.443 ms - 906[0m
[0mGET /bootstrap/js/bootstrap.min.js [36m304 [0m0.290 ms - -[0m
[0mGET /bootstrap/js/jquery.min.js [33m404 [0m0.758 ms - 906[0m
