module.js:549
    throw err;
    ^

Error: Cannot find module '/home/bitnami/blogger/app_server/routes/bin/www'
    at Function.Module._resolveFilename (module.js:547:15)
    at Function.Module._load (module.js:474:25)
    at Function.Module.runMain (module.js:693:10)
    at startup (bootstrap_node.js:191:16)
    at bootstrap_node.js:612:3
module.js:549
    throw err;
    ^

Error: Cannot find module '/home/bitnami/blogger/app_server/routes/bin/www'
    at Function.Module._resolveFilename (module.js:547:15)
    at Function.Module._load (module.js:474:25)
    at Function.Module.runMain (module.js:693:10)
    at startup (bootstrap_node.js:191:16)
    at bootstrap_node.js:612:3
module.js:549
    throw err;
    ^

Error: Cannot find module '/home/bitnami/blogger/app_server/routes/bin/www'
    at Function.Module._resolveFilename (module.js:547:15)
    at Function.Module._load (module.js:474:25)
    at Function.Module.runMain (module.js:693:10)
    at startup (bootstrap_node.js:191:16)
    at bootstrap_node.js:612:3
module.js:549
    throw err;
    ^

Error: Cannot find module '/home/bitnami/blogger/app_server/routes/bin/www'
    at Function.Module._resolveFilename (module.js:547:15)
    at Function.Module._load (module.js:474:25)
    at Function.Module.runMain (module.js:693:10)
    at startup (bootstrap_node.js:191:16)
    at bootstrap_node.js:612:3

> blogger@0.0.0 start /home/bitnami/lab3/blogger
> PORT=80 node ./bin/www

(node:20417) DeprecationWarning: current URL string parser is deprecated, and will be removed in a future version. To use the new parser, pass option { useNewUrlParser: true } to MongoClient.connect.
Mongoose connected to mongodb://localhost/blogger
[0mGET /blogEdit [31m500 [0m10.796 ms - 1846[0m
[0mGET /blogEdit [31m500 [0m1.768 ms - 1846[0m
[0mGET / [36m304 [0m1.662 ms - -[0m
[0mGET /bootstrap/css/fontawesome-all.css [33m404 [0m1.031 ms - 1539[0m
[0mGET /stylesheets/style.css [36m304 [0m2.142 ms - -[0m
[0mGET /bootstrap/js/bootstrap.min.js [36m304 [0m0.280 ms - -[0m
[0mGET /bootstrap/js/jquery.min.js [33m404 [0m0.913 ms - 1539[0m
[0mGET /bootstrap/css/bootstrap.min.css [36m304 [0m0.850 ms - -[0m
[0mGET /blogList [36m304 [0m1.357 ms - -[0m
[0mGET /stylesheets/style.css [36m304 [0m0.462 ms - -[0m
[0mGET /bootstrap/css/fontawesome-all.css [33m404 [0m0.826 ms - 1539[0m
[0mGET /bootstrap/css/bootstrap.min.css [36m304 [0m0.212 ms - -[0m
[0mGET /bootstrap/js/jquery.min.js [33m404 [0m0.576 ms - 1539[0m
[0mGET /bootstrap/js/bootstrap.min.js [36m304 [0m0.223 ms - -[0m
[0mGET /bootstrap/js/jquery.min.js [33m404 [0m1.543 ms - 1539[0m
[0mGET /blogEdit [31m500 [0m0.823 ms - 1846[0m
[0mGET /blogEdit [31m500 [0m0.897 ms - 1846[0m
[0mGET /blogDelete [32m200 [0m1.507 ms - 952[0m
[0mGET /bootstrap/js/jquery.min.js [33m404 [0m1.034 ms - 1539[0m
[0mGET /bootstrap/css/fontawesome-all.css [33m404 [0m1.391 ms - 1539[0m
[0mGET /bootstrap/css/bootstrap.min.css [36m304 [0m0.520 ms - -[0m
[0mGET /stylesheets/style.css [36m304 [0m0.498 ms - -[0m
[0mGET /bootstrap/js/bootstrap.min.js [36m304 [0m0.240 ms - -[0m
[0mGET /blogEidit [33m404 [0m0.726 ms - 1539[0m
[0mGET /blogEidit [33m404 [0m0.682 ms - 1539[0m
[0mGET /blogEidit [33m404 [0m0.778 ms - 1539[0m
[0mGET /blogEdit [32m200 [0m1.294 ms - 952[0m
[0mGET /stylesheets/style.css [36m304 [0m0.543 ms - -[0m
[0mGET /bootstrap/css/fontawesome-all.css [33m404 [0m0.975 ms - 1539[0m
[0mGET /bootstrap/css/bootstrap.min.css [36m304 [0m0.686 ms - -[0m
[0mGET /bootstrap/js/jquery.min.js [33m404 [0m1.109 ms - 1539[0m
[0mGET /bootstrap/js/bootstrap.min.js [36m304 [0m1.196 ms - -[0m
[0mGET /blogEdit [32m200 [0m0.911 ms - 952[0m
[0mGET /blogEdit [32m200 [0m0.820 ms - 953[0m
[0mGET /bootstrap/css/bootstrap.min.css [36m304 [0m0.515 ms - -[0m
[0mGET /stylesheets/style.css [36m304 [0m0.518 ms - -[0m
[0mGET /bootstrap/css/fontawesome-all.css [33m404 [0m0.677 ms - 1539[0m
[0mGET /bootstrap/js/jquery.min.js [33m404 [0m1.029 ms - 1539[0m
[0mGET /bootstrap/js/bootstrap.min.js [36m304 [0m0.204 ms - -[0m
[0mGET /blogEdit [36m304 [0m0.887 ms - -[0m
[0mGET /stylesheets/style.css [36m304 [0m0.581 ms - -[0m
[0mGET /bootstrap/css/bootstrap.min.css [36m304 [0m0.570 ms - -[0m
[0mGET /bootstrap/css/fontawesome-all.css [33m404 [0m0.644 ms - 1539[0m
[0mGET /bootstrap/js/jquery.min.js [33m404 [0m0.935 ms - 1539[0m
[0mGET /bootstrap/js/bootstrap.min.js [36m304 [0m0.967 ms - -[0m
[0mGET /blogEidit [33m404 [0m0.763 ms - 1539[0m
[0mGET / [36m304 [0m0.825 ms - -[0m
[0mGET /stylesheets/style.css [36m304 [0m0.330 ms - -[0m
[0mGET /bootstrap/css/fontawesome-all.css [33m404 [0m0.790 ms - 1539[0m
[0mGET /bootstrap/css/bootstrap.min.css [36m304 [0m0.228 ms - -[0m
[0mGET /bootstrap/js/jquery.min.js [33m404 [0m0.721 ms - 1539[0m
[0mGET /bootstrap/js/bootstrap.min.js [36m304 [0m0.230 ms - -[0m
[0mGET /blogList [36m304 [0m1.649 ms - -[0m
[0mGET /stylesheets/style.css [36m304 [0m0.315 ms - -[0m
[0mGET /bootstrap/js/jquery.min.js [33m404 [0m1.326 ms - 1539[0m
[0mGET /bootstrap/css/bootstrap.min.css [36m304 [0m1.369 ms - -[0m
[0mGET /bootstrap/css/fontawesome-all.css [33m404 [0m1.718 ms - 1539[0m
[0mGET /bootstrap/js/bootstrap.min.js [36m304 [0m1.764 ms - -[0m
[0mGET /bootstrap/js/jquery.min.js [33m404 [0m0.802 ms - 1539[0m
[0mGET /blogDelete [32m200 [0m0.813 ms - 955[0m
[0mGET /stylesheets/style.css [36m304 [0m0.311 ms - -[0m
[0mGET /bootstrap/css/bootstrap.min.css [36m304 [0m0.261 ms - -[0m
[0mGET /bootstrap/css/fontawesome-all.css [33m404 [0m0.744 ms - 1539[0m
[0mGET /bootstrap/js/jquery.min.js [33m404 [0m0.812 ms - 1539[0m
[0mGET /bootstrap/js/bootstrap.min.js [36m304 [0m0.849 ms - -[0m
[0mGET /blogDelete [32m200 [0m0.813 ms - 958[0m
[0mGET /stylesheets/style.css [36m304 [0m0.789 ms - -[0m
[0mGET /bootstrap/css/bootstrap.min.css [36m304 [0m0.227 ms - -[0m
[0mGET /bootstrap/js/jquery.min.js [33m404 [0m0.704 ms - 1539[0m
[0mGET /bootstrap/css/fontawesome-all.css [33m404 [0m0.545 ms - 1539[0m
[0mGET /bootstrap/js/bootstrap.min.js [36m304 [0m0.260 ms - -[0m
[0mGET /blogList [36m304 [0m0.786 ms - -[0m
[0mGET /stylesheets/style.css [36m304 [0m0.560 ms - -[0m
[0mGET /bootstrap/css/bootstrap.min.css [36m304 [0m0.581 ms - -[0m
[0mGET /bootstrap/css/fontawesome-all.css [33m404 [0m0.773 ms - 1539[0m
[0mGET /bootstrap/js/jquery.min.js [33m404 [0m0.723 ms - 1539[0m
[0mGET /bootstrap/js/bootstrap.min.js [36m304 [0m0.290 ms - -[0m
[0mGET /bootstrap/js/jquery.min.js [33m404 [0m0.775 ms - 1539[0m
[0mGET /blogList [36m304 [0m0.798 ms - -[0m
[0mGET /stylesheets/style.css [36m304 [0m0.306 ms - -[0m
[0mGET /bootstrap/css/bootstrap.min.css [36m304 [0m0.221 ms - -[0m
[0mGET /bootstrap/js/jquery.min.js [33m404 [0m1.473 ms - 1539[0m
[0mGET /bootstrap/css/fontawesome-all.css [33m404 [0m1.848 ms - 1539[0m
[0mGET /bootstrap/js/bootstrap.min.js [36m304 [0m0.230 ms - -[0m
[0mGET /bootstrap/js/jquery.min.js [33m404 [0m0.772 ms - 1539[0m
[0mGET /blogEdit [36m304 [0m0.645 ms - -[0m
[0mGET /stylesheets/style.css [36m304 [0m0.327 ms - -[0m
[0mGET /bootstrap/css/bootstrap.min.css [36m304 [0m0.238 ms - -[0m
[0mGET /bootstrap/css/fontawesome-all.css [33m404 [0m0.812 ms - 1539[0m
[0mGET /bootstrap/js/jquery.min.js [33m404 [0m0.953 ms - 1539[0m
[0mGET /bootstrap/js/bootstrap.min.js [36m304 [0m1.487 ms - -[0m
[0mGET /blogList [32m200 [0m5.147 ms - 2013[0m
[0mGET /stylesheets/style.css [36m304 [0m0.303 ms - -[0m
[0mGET /bootstrap/css/bootstrap.min.css [36m304 [0m0.212 ms - -[0m
[0mGET /bootstrap/css/fontawesome-all.css [33m404 [0m5.517 ms - 1539[0m
[0mGET /bootstrap/js/bootstrap.min.js [36m304 [0m0.216 ms - -[0m
[0mGET /bootstrap/js/jquery.min.js [33m404 [0m1.065 ms - 1539[0m
[0mGET /bootstrap/js/jquery.min.js [33m404 [0m0.772 ms - 1539[0m
[0mGET /bootstrap/css/fontawesome-all.css [33m404 [0m0.543 ms - 1539[0m
[0mGET /blogEdit [36m304 [0m1.170 ms - -[0m
[0mGET /stylesheets/style.css [36m304 [0m0.295 ms - -[0m
[0mGET /bootstrap/css/bootstrap.min.css [36m304 [0m0.217 ms - -[0m
[0mGET /bootstrap/js/bootstrap.min.js [36m304 [0m0.508 ms - -[0m
[0mGET /bootstrap/css/fontawesome-all.css [33m404 [0m2.759 ms - 1539[0m
[0mGET /bootstrap/js/jquery.min.js [33m404 [0m0.560 ms - 1539[0m
[0mGET /blogList [32m200 [0m1.066 ms - 2136[0m
[0mGET /stylesheets/style.css [36m304 [0m0.300 ms - -[0m
[0mGET /bootstrap/css/fontawesome-all.css [33m404 [0m0.660 ms - 1539[0m
[0mGET /bootstrap/css/bootstrap.min.css [36m304 [0m0.305 ms - -[0m
[0mGET /bootstrap/js/jquery.min.js [33m404 [0m0.963 ms - 1539[0m
[0mGET /bootstrap/js/bootstrap.min.js [36m304 [0m0.979 ms - -[0m
[0mGET /bootstrap/js/jquery.min.js [33m404 [0m0.750 ms - 1539[0m
[0mGET /blogList [36m304 [0m1.128 ms - -[0m
[0mGET /bootstrap/css/fontawesome-all.css [33m404 [0m1.010 ms - 1539[0m
[0mGET /stylesheets/style.css [36m304 [0m1.113 ms - -[0m
[0mGET /bootstrap/js/jquery.min.js [33m404 [0m0.599 ms - 1539[0m
[0mGET /bootstrap/css/bootstrap.min.css [36m304 [0m0.249 ms - -[0m
[0mGET /bootstrap/js/bootstrap.min.js [36m304 [0m0.206 ms - -[0m
[0mGET /bootstrap/js/jquery.min.js [33m404 [0m0.755 ms - 1539[0m
[0mGET /blogEdit [36m304 [0m0.754 ms - -[0m
[0mGET /stylesheets/style.css [36m304 [0m0.752 ms - -[0m
[0mGET /bootstrap/css/bootstrap.min.css [36m304 [0m0.294 ms - -[0m
[0mGET /bootstrap/css/fontawesome-all.css [33m404 [0m0.693 ms - 1539[0m
[0mGET /bootstrap/js/jquery.min.js [33m404 [0m0.628 ms - 1539[0m
[0mGET /bootstrap/js/bootstrap.min.js [36m304 [0m0.227 ms - -[0m
[0mGET /bootstrap/css/fontawesome-all.css [33m404 [0m0.764 ms - 1539[0m
[0mGET /bootstrap/js/jquery.min.js [33m404 [0m0.712 ms - 1539[0m
[0mGET /blogList [32m200 [0m1.077 ms - 2160[0m
[0mGET /stylesheets/style.css [36m304 [0m0.318 ms - -[0m
[0mGET /bootstrap/css/bootstrap.min.css [36m304 [0m0.205 ms - -[0m
[0mGET /bootstrap/css/fontawesome-all.css [33m404 [0m1.233 ms - 1539[0m
[0mGET /bootstrap/js/jquery.min.js [33m404 [0m0.545 ms - 1539[0m
[0mGET /bootstrap/js/bootstrap.min.js [36m304 [0m0.272 ms - -[0m
[0mGET /bootstrap/css/fontawesome-all.css [33m404 [0m0.971 ms - 1539[0m
[0mGET /bootstrap/js/jquery.min.js [33m404 [0m1.372 ms - 1539[0m
[0mGET /blogList [32m200 [0m1.059 ms - 2184[0m
[0mGET /stylesheets/style.css [36m304 [0m0.286 ms - -[0m
[0mGET /bootstrap/css/fontawesome-all.css [33m404 [0m0.708 ms - 1539[0m
[0mGET /bootstrap/css/bootstrap.min.css [36m304 [0m0.197 ms - -[0m
[0mGET /bootstrap/js/jquery.min.js [33m404 [0m0.617 ms - 1539[0m
[0mGET /bootstrap/js/bootstrap.min.js [36m304 [0m0.208 ms - -[0m
[0mGET /bootstrap/js/jquery.min.js [33m404 [0m0.758 ms - 1539[0m
[0mGET /blogList [32m200 [0m1.079 ms - 2244[0m
[0mGET /bootstrap/css/fontawesome-all.css [33m404 [0m0.980 ms - 1539[0m
[0mGET /stylesheets/style.css [36m304 [0m0.974 ms - -[0m
[0mGET /bootstrap/css/bootstrap.min.css [36m304 [0m0.203 ms - -[0m
[0mGET /bootstrap/js/jquery.min.js [33m404 [0m0.747 ms - 1539[0m
[0mGET /bootstrap/js/bootstrap.min.js [36m304 [0m0.214 ms - -[0m
[0mGET /stylesheets/style.css [36m304 [0m0.284 ms - -[0m
[0mGET /bootstrap/css/fontawesome-all.css [33m404 [0m0.876 ms - 1539[0m
[0mGET /bootstrap/css/bootstrap.min.css [36m304 [0m0.938 ms - -[0m
[0mGET /bootstrap/js/bootstrap.min.js.map [36m304 [0m0.336 ms - -[0m
[0mGET /bootstrap/css/bootstrap.min.css.map [36m304 [0m0.299 ms - -[0m
[0mGET /blogList [36m304 [0m2.137 ms - -[0m
[0mGET /stylesheets/style.css [36m304 [0m0.290 ms - -[0m
[0mGET /bootstrap/css/bootstrap.min.css [36m304 [0m0.191 ms - -[0m
[0mGET /bootstrap/css/fontawesome-all.css [33m404 [0m0.777 ms - 1539[0m
[0mGET /bootstrap/js/jquery.min.js [33m404 [0m0.547 ms - 1539[0m
[0mGET /bootstrap/js/bootstrap.min.js [36m304 [0m0.293 ms - -[0m
[0mGET /bootstrap/js/jquery.min.js [33m404 [0m0.953 ms - 1539[0m
[0mGET /bootstrap/css/fontawesome-all.css [33m404 [0m1.330 ms - 1539[0m
[0mGET /bootstrap/js/bootstrap.min.js.map [36m304 [0m0.317 ms - -[0m
[0mGET /bootstrap/css/bootstrap.min.css.map [36m304 [0m0.290 ms - -[0m
[0mGET /blogList [32m200 [0m1.043 ms - 2075[0m
[0mGET /bootstrap/css/fontawesome-all.css [33m404 [0m0.772 ms - 1539[0m
[0mGET /stylesheets/style.css [36m304 [0m0.220 ms - -[0m
[0mGET /bootstrap/css/bootstrap.min.css [36m304 [0m0.281 ms - -[0m
[0mGET /bootstrap/js/jquery.min.js [33m404 [0m0.976 ms - 1539[0m
[0mGET /bootstrap/js/bootstrap.min.js [36m304 [0m0.991 ms - -[0m
[0mGET /bootstrap/css/fontawesome-all.css [33m404 [0m1.273 ms - 1539[0m
[0mGET /bootstrap/js/jquery.min.js [33m404 [0m0.650 ms - 1539[0m
[0mGET /bootstrap/css/bootstrap.min.css.map [36m304 [0m0.291 ms - -[0m
[0mGET / [32m200 [0m1.021 ms - 967[0m
[0mGET /blogList [32m200 [0m1.156 ms - 2081[0m
[0mGET /stylesheets/style.css [36m304 [0m0.280 ms - -[0m
[0mGET /bootstrap/css/fontawesome-all.css [33m404 [0m0.684 ms - 1539[0m
[0mGET /bootstrap/js/jquery.min.js [33m404 [0m0.521 ms - 1539[0m
[0mGET /bootstrap/css/bootstrap.min.css [36m304 [0m0.249 ms - -[0m
[0mGET /bootstrap/js/bootstrap.min.js [36m304 [0m0.191 ms - -[0m
[0mGET /bootstrap/js/jquery.min.js [33m404 [0m1.171 ms - 1539[0m
