
> blogger@0.0.0 start /home/bitnami/blogger
> PORT=80 node ./bin/www

[0mGET /blogAdd [36m304 [0m10.249 ms - -[0m
[0mGET /bootstrap/css/fontawesome-all.css [33m404 [0m1.846 ms - 906[0m
[0mGET /stylesheets/style.css [36m304 [0m1.686 ms - -[0m
[0mGET /bootstrap/js/jquery.min.js [33m404 [0m2.355 ms - 906[0m
[0mGET /bootstrap/css/bootstrap.min.css [36m304 [0m2.534 ms - -[0m
[0mGET /bootstrap/js/bootstrap.min.js [36m304 [0m0.239 ms - -[0m
[0mGET /blogAdd [36m304 [0m0.922 ms - -[0m
[0mGET /bootstrap/css/fontawesome-all.css [33m404 [0m0.828 ms - 906[0m
[0mGET /bootstrap/js/jquery.min.js [33m404 [0m1.191 ms - 906[0m
[0mGET /stylesheets/style.css [36m304 [0m0.232 ms - -[0m
[0mGET /bootstrap/css/bootstrap.min.css [36m304 [0m0.236 ms - -[0m
[0mGET /bootstrap/js/bootstrap.min.js [36m304 [0m0.245 ms - -[0m
[0mGET /blogList [32m200 [0m0.874 ms - 953[0m
[0mGET /bootstrap/css/fontawesome-all.css [33m404 [0m0.549 ms - 906[0m
[0mGET /bootstrap/js/jquery.min.js [33m404 [0m0.480 ms - 906[0m
[0mGET /bootstrap/css/bootstrap.min.css [36m304 [0m0.438 ms - -[0m
[0mGET /stylesheets/style.css [36m304 [0m0.482 ms - -[0m
[0mGET /bootstrap/js/bootstrap.min.js [36m304 [0m0.212 ms - -[0m
[0mGET / [36m304 [0m1.118 ms - -[0m
[0mGET /bootstrap/css/fontawesome-all.css [33m404 [0m0.572 ms - 906[0m
[0mGET /bootstrap/js/jquery.min.js [33m404 [0m0.548 ms - 906[0m
[0mGET /stylesheets/style.css [36m304 [0m0.434 ms - -[0m
[0mGET /bootstrap/css/bootstrap.min.css [36m304 [0m0.439 ms - -[0m
[0mGET /bootstrap/js/bootstrap.min.js [36m304 [0m0.203 ms - -[0m
[0mGET / [36m304 [0m0.820 ms - -[0m
[0mGET /bootstrap/css/fontawesome-all.css [33m404 [0m0.816 ms - 906[0m
[0mGET /bootstrap/js/jquery.min.js [33m404 [0m1.151 ms - 906[0m
[0mGET /stylesheets/style.css [36m304 [0m0.440 ms - -[0m
[0mGET /bootstrap/css/bootstrap.min.css [36m304 [0m0.456 ms - -[0m
[0mGET /bootstrap/js/bootstrap.min.js [36m304 [0m0.200 ms - -[0m
[0mGET / [32m200 [0m0.651 ms - 967[0m
[0mGET / [32m200 [0m0.574 ms - 967[0m
[0mGET / [32m200 [0m0.644 ms - 967[0m
[0mGET / [32m200 [0m0.640 ms - 967[0m
[0mGET / [32m200 [0m0.619 ms - 967[0m
[0mGET / [32m200 [0m1.098 ms - 967[0m
[0mGET / [32m200 [0m0.612 ms - 967[0m
[0mGET / [32m200 [0m0.653 ms - 967[0m
[0mGET / [32m200 [0m0.668 ms - 967[0m
[0mGET / [32m200 [0m0.589 ms - 967[0m
[0mGET / [32m200 [0m0.615 ms - 967[0m
[0mGET / [32m200 [0m0.442 ms - 967[0m
[0mGET / [32m200 [0m0.614 ms - 967[0m
[0mGET / [32m200 [0m2.409 ms - 967[0m
[0mGET / [32m200 [0m0.585 ms - 967[0m
[0mGET / [32m200 [0m0.575 ms - 967[0m
[0mGET / [32m200 [0m0.557 ms - 967[0m
[0mGET / [32m200 [0m0.712 ms - 967[0m
[0mGET / [32m200 [0m0.590 ms - 967[0m
[0mGET / [32m200 [0m0.606 ms - 967[0m
[0mGET / [32m200 [0m10.234 ms - 967[0m
[0mGET / [32m200 [0m0.591 ms - 967[0m
[0mGET / [32m200 [0m0.603 ms - 967[0m
[0mGET / [32m200 [0m0.629 ms - 967[0m
[0mGET / [32m200 [0m0.669 ms - 967[0m
[0mGET / [32m200 [0m0.549 ms - 967[0m
[0mGET / [32m200 [0m0.598 ms - 967[0m
[0mGET / [32m200 [0m0.625 ms - 967[0m
[0mGET / [32m200 [0m0.573 ms - 967[0m
[0mGET / [32m200 [0m0.582 ms - 967[0m
[0mGET / [32m200 [0m0.596 ms - 967[0m
[0mGET / [32m200 [0m0.607 ms - 967[0m
[0mGET / [32m200 [0m0.619 ms - 967[0m
[0mGET / [32m200 [0m0.610 ms - 967[0m
[0mGET / [32m200 [0m0.625 ms - 967[0m
[0mGET / [32m200 [0m0.598 ms - 967[0m
[0mGET / [32m200 [0m0.704 ms - 967[0m
[0mGET / [32m200 [0m0.601 ms - 967[0m
[0mGET / [32m200 [0m0.596 ms - 967[0m
[0mGET / [32m200 [0m0.643 ms - 967[0m
[0mGET / [32m200 [0m0.621 ms - 967[0m
[0mGET / [32m200 [0m0.612 ms - 967[0m
[0mGET / [0m- [0m- ms - -[0m
[0mGET / [32m200 [0m0.644 ms - 967[0m
[0mGET /acadmin.php [33m404 [0m11.327 ms - 906[0m
[0mGET / [32m200 [0m0.596 ms - 967[0m
[0mGET / [32m200 [0m1.000 ms - 967[0m
[0mGET / [32m200 [0m0.602 ms - 967[0m
[0mGET / [32m200 [0m0.604 ms - 967[0m
[0mGET / [32m200 [0m0.665 ms - 967[0m
[0mGET / [32m200 [0m0.666 ms - 967[0m
[0mGET /webdav/ [33m404 [0m0.703 ms - 906[0m
[0mGET /help.php [33m404 [0m0.695 ms - 906[0m
[0mGET /_query.php [33m404 [0m0.689 ms - 906[0m
[0mGET /logon.php [33m404 [0m0.719 ms - 906[0m
[0mGET /help-e.php [33m404 [0m0.693 ms - 906[0m
[0mGET /log.php [33m404 [0m0.684 ms - 906[0m
[0mGET /pmd_online.php [33m404 [0m0.732 ms - 906[0m
[0mGET /x.php [33m404 [0m0.725 ms - 906[0m
[0mGET /shell.php [33m404 [0m0.720 ms - 906[0m
[0mGET /htdocs.php [33m404 [0m9.132 ms - 906[0m
[0mGET /lala.php [33m404 [0m2.012 ms - 906[0m
[0mGET /wpc.php [33m404 [0m16.988 ms - 906[0m
[0mGET /wpo.php [33m404 [0m1.010 ms - 906[0m
[0mGET /text.php [33m404 [0m0.806 ms - 906[0m
[0mGET /wp-config.php [33m404 [0m0.767 ms - 906[0m
[0mGET /muhstik.php [33m404 [0m0.697 ms - 906[0m
[0mGET /muhstik-dpr.php [33m404 [0m0.727 ms - 906[0m
[0mGET /lol.php [33m404 [0m0.729 ms - 906[0m
[0mGET /cmdd.php [33m404 [0m0.703 ms - 906[0m
[0mGET /phpmyadmin/scripts/setup.php [33m404 [0m0.711 ms - 906[0m
[0mGET /phpMyAdmin/scripts/setup.php [33m404 [0m0.735 ms - 906[0m
[0mGET /phpmyadmin/scripts/db___.init.php [33m404 [0m0.700 ms - 906[0m
[0mGET /phpMyAdmin/scripts/db___.init.php [33m404 [0m0.739 ms - 906[0m
[0mPOST /wuwu11.php [33m404 [0m46.756 ms - 906[0m
[0mPOST /xw.php [33m404 [0m0.954 ms - 906[0m
[0mPOST /xw1.php [33m404 [0m0.739 ms - 906[0m
[0mPOST /9678.php [33m404 [0m0.805 ms - 906[0m
[0mPOST /wc.php [33m404 [0m0.727 ms - 906[0m
[0mPOST /xx.php [33m404 [0m0.737 ms - 906[0m
[0mPOST /s.php [33m404 [0m20.111 ms - 906[0m
[0mPOST /sheep.php [33m404 [0m0.728 ms - 906[0m
[0mPOST /db.init.php [33m404 [0m0.711 ms - 906[0m
[0mPOST /db_session.init.php [33m404 [0m0.725 ms - 906[0m
[0mPOST /db__.init.php [33m404 [0m0.716 ms - 906[0m
[0mPOST /wp-admins.php [33m404 [0m0.747 ms - 906[0m
[0mPOST /m.php?pbid=open [33m404 [0m0.743 ms - 906[0m
[0mPOST /mx.php [33m404 [0m0.723 ms - 906[0m
[0mPOST /wshell.php [33m404 [0m0.728 ms - 906[0m
[0mPOST /xshell.php [33m404 [0m0.725 ms - 906[0m
[0mPOST /qq.php [33m404 [0m1.336 ms - 906[0m
[0mPOST /conflg.php [33m404 [0m0.702 ms - 906[0m
[0mPOST /conflg.php [33m404 [0m0.724 ms - 906[0m
[0mPOST /lindex.php [33m404 [0m0.725 ms - 906[0m
[0mPOST /phpstudy.php [33m404 [0m0.713 ms - 906[0m
[0mPOST /phpStudy.php [33m404 [0m0.705 ms - 906[0m
[0mPOST /weixiao.php [33m404 [0m0.730 ms - 906[0m
[0mPOST /feixiang.php [33m404 [0m0.721 ms - 906[0m
[0mPOST /ak47.php [33m404 [0m0.721 ms - 906[0m
[0mPOST /ak48.php [33m404 [0m0.711 ms - 906[0m
[0mPOST /yao.php [33m404 [0m0.734 ms - 906[0m
[0mPOST /webslee.php [33m404 [0m0.761 ms - 906[0m
[0mPOST /hm.php [33m404 [0m0.774 ms - 906[0m
[0mPOST /cainiao.php [33m404 [0m1.247 ms - 906[0m
[0mPOST /zuoshou.php [33m404 [0m0.720 ms - 906[0m
[0mPOST /zuo.php [33m404 [0m0.733 ms - 906[0m
[0mPOST /aotu.php [33m404 [0m0.718 ms - 906[0m
[0mPOST /aotu7.php [33m404 [0m0.740 ms - 906[0m
[0mPOST /bak.php [33m404 [0m0.745 ms - 906[0m
[0mPOST /system.php [33m404 [0m0.725 ms - 906[0m
[0mPOST /l6.php [33m404 [0m0.705 ms - 906[0m
[0mGET /phpMyAdmin/index.php [33m404 [0m0.710 ms - 906[0m
[0mGET /pmd/index.php [33m404 [0m0.728 ms - 906[0m
[0mGET /PMA/index.php [33m404 [0m0.706 ms - 906[0m
[0mGET /PMA2/index.php [33m404 [0m0.760 ms - 906[0m
[0mGET /pmamy2/index.php [33m404 [0m0.705 ms - 906[0m
[0mGET /mysql/index.php [33m404 [0m0.708 ms - 906[0m
[0mGET /admin/index.php [33m404 [0m0.715 ms - 906[0m
[0mGET /db/index.php [33m404 [0m0.668 ms - 906[0m
[0mGET /dbadmin/index.php [33m404 [0m0.710 ms - 906[0m
[0mGET /web/phpMyAdmin/index.php [33m404 [0m0.694 ms - 906[0m
[0mGET /admin/pma/index.php [33m404 [0m0.674 ms - 906[0m
[0mGET /admin/PMA/index.php [33m404 [0m0.727 ms - 906[0m
[0mGET /admin/mysql/index.php [33m404 [0m0.692 ms - 906[0m
[0mGET /admin/phpmyadmin/index.php [33m404 [0m0.701 ms - 906[0m
[0mGET /admin/phpMyAdmin/index.php [33m404 [0m0.684 ms - 906[0m
[0mGET /admin/phpmyadmin2/index.php [33m404 [0m0.698 ms - 906[0m
[0mGET /mysqladmin/index.php [33m404 [0m0.696 ms - 906[0m
[0mGET /mysql-admin/index.php [33m404 [0m1.117 ms - 906[0m
[0mGET /mysql_admin/index.php [33m404 [0m0.716 ms - 906[0m
[0mGET /phpadmin/index.php [33m404 [0m0.710 ms - 906[0m
[0mGET /phpmyadmin0/index.php [33m404 [0m0.696 ms - 906[0m
[0mGET /phpMyAdmin-4.4.0/index.php [33m404 [0m0.707 ms - 906[0m
[0mGET /myadmin/index.php [33m404 [0m0.710 ms - 906[0m
[0mGET /phpMyadmin_bak/index.php [33m404 [0m0.699 ms - 906[0m
[0mGET /www/phpMyAdmin/index.php [33m404 [0m0.738 ms - 906[0m
[0mGET /tools/phpMyAdmin/index.php [33m404 [0m0.725 ms - 906[0m
[0mGET /phpMyAdminold/index.php [33m404 [0m0.695 ms - 906[0m
[0mGET /phpMyAdmin.old/index.php [33m404 [0m0.745 ms - 906[0m
[0mGET /pma-old/index.php [33m404 [0m0.698 ms - 906[0m
[0mGET /claroline/phpMyAdmin/index.php [33m404 [0m0.680 ms - 906[0m
[0mGET /phpma/index.php [33m404 [0m1.105 ms - 906[0m
[0mGET /phpmyadmin/phpmyadmin/index.php [33m404 [0m0.726 ms - 906[0m
[0mGET /phpMyAdmin/phpMyAdmin/index.php [33m404 [0m0.693 ms - 906[0m
[0mGET /phpMyAbmin/index.php [33m404 [0m5.986 ms - 906[0m
[0mGET /phpMyAdmin__/index.php [33m404 [0m0.688 ms - 906[0m
[0mGET /phpMyAdmin+++---/index.php [33m404 [0m0.686 ms - 906[0m
[0mGET /v/index.php [33m404 [0m0.721 ms - 906[0m
[0mGET /phpmyadm1n/index.php [33m404 [0m0.677 ms - 906[0m
[0mGET /phpMyadmi/index.php [33m404 [0m0.698 ms - 906[0m
[0mGET /s/index.php [33m404 [0m0.700 ms - 906[0m
[0mGET /phpMyAdmin1/index.php [33m404 [0m0.704 ms - 906[0m
[0mGET /phpMyAdmin123/index.php [33m404 [0m0.718 ms - 906[0m
[0mGET /pwd/index.php [33m404 [0m0.687 ms - 906[0m
[0mGET /phpMyAdmina/index.php [33m404 [0m1.117 ms - 906[0m
[0mGET /program/index.php [33m404 [0m0.690 ms - 906[0m
[0mGET /shopdb/index.php [33m404 [0m0.711 ms - 906[0m
[0mGET /phppma/index.php [33m404 [0m0.681 ms - 906[0m
[0mGET /phpmy/index.php [33m404 [0m0.693 ms - 906[0m
[0mGET /mysql/dbadmin/index.php [33m404 [0m0.687 ms - 906[0m
[0mGET /mysql/sqlmanager/index.php [33m404 [0m0.692 ms - 906[0m
[0mGET / [32m200 [0m0.960 ms - 967[0m
[0mGET / [32m200 [0m0.759 ms - 967[0m
[0mGET / [32m200 [0m0.604 ms - 967[0m
[0mGET / [32m200 [0m0.556 ms - 967[0m
[0mGET / [32m200 [0m0.608 ms - 967[0m
[0mGET / [32m200 [0m0.602 ms - 967[0m
[0mGET / [32m200 [0m0.588 ms - 967[0m
[0mGET / [32m200 [0m1.031 ms - 967[0m
[0mGET / [32m200 [0m0.617 ms - 967[0m
[0mGET /moo [33m404 [0m0.716 ms - 906[0m
[0mGET / [32m200 [0m0.594 ms - 967[0m
[0mGET / [32m200 [0m0.569 ms - 967[0m
[0mGET / [32m200 [0m0.616 ms - 967[0m
[0mGET / [32m200 [0m0.585 ms - 967[0m
[0mGET / [32m200 [0m0.616 ms - 967[0m
[0mGET / [32m200 [0m0.600 ms - 967[0m
[0mGET / [32m200 [0m0.633 ms - 967[0m
[0mGET / [32m200 [0m0.592 ms - 967[0m
[0mGET / [32m200 [0m2.508 ms - 967[0m
[0mGET / [32m200 [0m0.665 ms - 967[0m
[0mGET / [32m200 [0m0.619 ms - 967[0m
[0mGET / [32m200 [0m0.663 ms - 967[0m
[0mGET / [32m200 [0m0.622 ms - 967[0m
[0mGET / [32m200 [0m0.723 ms - 967[0m
[0mGET / [32m200 [0m0.639 ms - 967[0m
[0mGET / [32m200 [0m0.644 ms - 967[0m
[0mGET / [32m200 [0m0.587 ms - 967[0m
[0mGET / [32m200 [0m0.607 ms - 967[0m
[0mGET / [32m200 [0m0.579 ms - 967[0m
[0mGET / [32m200 [0m0.643 ms - 967[0m
[0mGET / [32m200 [0m0.571 ms - 967[0m
[0mGET / [32m200 [0m0.613 ms - 967[0m
[0mGET / [32m200 [0m0.561 ms - 967[0m
[0mGET / [32m200 [0m0.574 ms - 967[0m
[0mGET / [32m200 [0m0.594 ms - 967[0m
[0mGET / [32m200 [0m0.604 ms - 967[0m
[0mGET / [32m200 [0m0.612 ms - 967[0m
[0mGET / [32m200 [0m0.604 ms - 967[0m
[0mGET / [32m200 [0m1.718 ms - 967[0m
[0mGET / [32m200 [0m2.130 ms - 967[0m
[0mPROPFIND / [33m404 [0m12.077 ms - 906[0m
[0mGET /webdav/ [33m404 [0m0.683 ms - 906[0m
[0mGET /9E7F4934.php [33m404 [0m0.675 ms - 906[0m
[0mGET /help.php [33m404 [0m0.685 ms - 906[0m
[0mGET /java.php [33m404 [0m0.664 ms - 906[0m
[0mGET /_query.php [33m404 [0m0.636 ms - 906[0m
[0mGET /test.php [33m404 [0m0.704 ms - 906[0m
[0mGET /db_cts.php [33m404 [0m0.646 ms - 906[0m
[0mGET /db_pma.php [33m404 [0m0.667 ms - 906[0m
[0mGET /logon.php [33m404 [0m0.668 ms - 906[0m
[0mGET /help-e.php [33m404 [0m0.673 ms - 906[0m
[0mGET /license.php [33m404 [0m0.699 ms - 906[0m
[0mGET /log.php [33m404 [0m1.113 ms - 906[0m
[0mGET /hell.php [33m404 [0m0.666 ms - 906[0m
[0mGET /pmd_online.php [33m404 [0m0.662 ms - 906[0m
[0mGET /x.php [33m404 [0m0.629 ms - 906[0m
[0mGET /shell.php [33m404 [0m0.685 ms - 906[0m
[0mGET /htdocs.php [33m404 [0m0.732 ms - 906[0m
[0mGET /desktop.ini.php [33m404 [0m0.614 ms - 906[0m
[0mGET /z.php [33m404 [0m0.681 ms - 906[0m
[0mGET /lala.php [33m404 [0m0.704 ms - 906[0m
[0mGET /lala-dpr.php [33m404 [0m0.672 ms - 906[0m
[0mGET /wpc.php [33m404 [0m0.666 ms - 906[0m
[0mGET /wpo.php [33m404 [0m0.759 ms - 906[0m
[0mGET /text.php [33m404 [0m0.672 ms - 906[0m
[0mGET /wp-config.php [33m404 [0m1.074 ms - 906[0m
[0mGET /muhstik.php [33m404 [0m0.701 ms - 906[0m
[0mGET /muhstik2.php [33m404 [0m0.685 ms - 906[0m
[0mGET /muhstiks.php [33m404 [0m0.690 ms - 906[0m
[0mGET /muhstik-dpr.php [33m404 [0m0.675 ms - 906[0m
[0mGET /lol.php [33m404 [0m0.693 ms - 906[0m
[0mGET /uploader.php [33m404 [0m0.682 ms - 906[0m
[0mGET /cmd.php [33m404 [0m2.428 ms - 906[0m
[0mGET /cmv.php [33m404 [0m2.684 ms - 906[0m
[0mGET /cmdd.php [33m404 [0m0.674 ms - 906[0m
[0mGET /knal.php [33m404 [0m0.692 ms - 906[0m
[0mGET /cmd.php [33m404 [0m0.760 ms - 906[0m
[0mGET /shell.php [33m404 [0m0.641 ms - 906[0m
[0mGET /appserv.php [33m404 [0m1.200 ms - 906[0m
[0mGET /scripts/setup.php [33m404 [0m0.631 ms - 906[0m
[0mGET /phpmyadmin/scripts/setup.php [33m404 [0m0.724 ms - 906[0m
[0mGET /phpMyAdmin/scripts/setup.php [33m404 [0m0.718 ms - 906[0m
[0mGET /phpmyadmin/scripts/db___.init.php [33m404 [0m0.723 ms - 906[0m
[0mGET /phpMyAdmin/scripts/db___.init.php [33m404 [0m0.660 ms - 906[0m
[0mGET /plugins/weathermap/editor.php [33m404 [0m0.625 ms - 906[0m
[0mGET /cacti/plugins/weathermap/editor.php [33m404 [0m0.745 ms - 906[0m
[0mPOST /wuwu11.php [33m404 [0m0.687 ms - 906[0m
[0mPOST /xw.php [33m404 [0m0.640 ms - 906[0m
[0mPOST /xw1.php [33m404 [0m0.739 ms - 906[0m
[0mPOST /9678.php [33m404 [0m0.739 ms - 906[0m
[0mPOST /wc.php [33m404 [0m0.704 ms - 906[0m
[0mPOST /xx.php [33m404 [0m1.176 ms - 906[0m
[0mPOST /s.php [33m404 [0m0.705 ms - 906[0m
[0mPOST /w.php [33m404 [0m0.713 ms - 906[0m
[0mPOST /sheep.php [33m404 [0m0.672 ms - 906[0m
[0mPOST /qaq.php [33m404 [0m0.692 ms - 906[0m
[0mPOST /db.init.php [33m404 [0m0.710 ms - 906[0m
[0mPOST /db_session.init.php [33m404 [0m0.736 ms - 906[0m
[0mPOST /db__.init.php [33m404 [0m0.720 ms - 906[0m
[0mPOST /wp-admins.php [33m404 [0m0.690 ms - 906[0m
[0mPOST /m.php?pbid=open [33m404 [0m0.679 ms - 906[0m
[0mPOST /db_dataml.php [33m404 [0m0.675 ms - 906[0m
[0mPOST /db_desql.php [33m404 [0m0.719 ms - 906[0m
[0mPOST /mx.php [33m404 [0m0.701 ms - 906[0m
[0mPOST /wshell.php [33m404 [0m1.096 ms - 906[0m
[0mPOST /xshell.php [33m404 [0m0.713 ms - 906[0m
[0mPOST /qq.php [33m404 [0m0.694 ms - 906[0m
[0mPOST /conflg.php [33m404 [0m0.745 ms - 906[0m
[0mPOST /conflg.php [33m404 [0m0.664 ms - 906[0m
[0mPOST /lindex.php [33m404 [0m0.731 ms - 906[0m
[0mPOST /phpstudy.php [33m404 [0m0.698 ms - 906[0m
[0mPOST /phpStudy.php [33m404 [0m0.726 ms - 906[0m
[0mPOST /weixiao.php [33m404 [0m0.630 ms - 906[0m
[0mPOST /feixiang.php [33m404 [0m0.683 ms - 906[0m
[0mPOST /ak47.php [33m404 [0m0.728 ms - 906[0m
[0mPOST /ak48.php [33m404 [0m0.682 ms - 906[0m
[0mPOST /xiao.php [33m404 [0m0.723 ms - 906[0m
[0mPOST /yao.php [33m404 [0m1.211 ms - 906[0m
[0mPOST /defect.php [33m404 [0m0.706 ms - 906[0m
[0mPOST /webslee.php [33m404 [0m0.699 ms - 906[0m
[0mPOST /q.php [33m404 [0m0.657 ms - 906[0m
[0mPOST /pe.php [33m404 [0m0.654 ms - 906[0m
[0mPOST /hm.php [33m404 [0m0.709 ms - 906[0m
[0mPOST /cainiao.php [33m404 [0m0.688 ms - 906[0m
[0mPOST /zuoshou.php [33m404 [0m0.710 ms - 906[0m
[0mPOST /zuo.php [33m404 [0m0.678 ms - 906[0m
[0mPOST /aotu.php [33m404 [0m0.683 ms - 906[0m
[0mPOST /aotu7.php [33m404 [0m0.671 ms - 906[0m
[0mPOST /cmd.php [33m404 [0m0.686 ms - 906[0m
[0mPOST /bak.php [33m404 [0m0.683 ms - 906[0m
[0mPOST /system.php [33m404 [0m1.083 ms - 906[0m
[0mPOST /l6.php [33m404 [0m0.642 ms - 906[0m
[0mPOST /l7.php [33m404 [0m0.699 ms - 906[0m
[0mPOST /l8.php [33m404 [0m0.657 ms - 906[0m
[0mPOST /q.php [33m404 [0m0.618 ms - 906[0m
[0mPOST /56.php [33m404 [0m0.661 ms - 906[0m
[0mPOST /mz.php [33m404 [0m0.682 ms - 906[0m
[0mPOST /xx.php [33m404 [0m0.694 ms - 906[0m
[0mPOST /yumo.php [33m404 [0m0.742 ms - 906[0m
[0mPOST /min.php [33m404 [0m0.660 ms - 906[0m
[0mPOST /wan.php [33m404 [0m0.670 ms - 906[0m
[0mPOST /wanan.php [33m404 [0m0.673 ms - 906[0m
[0mPOST /ssaa.php [33m404 [0m0.668 ms - 906[0m
[0mPOST /qq.php [33m404 [0m0.694 ms - 906[0m
[0mPOST /aw.php [33m404 [0m0.735 ms - 906[0m
[0mPOST /12.php [33m404 [0m0.745 ms - 906[0m
[0mPOST /hh.php [33m404 [0m0.693 ms - 906[0m
[0mPOST /ak.php [33m404 [0m0.739 ms - 906[0m
[0mPOST /ip.php [33m404 [0m0.742 ms - 906[0m
[0mPOST /infoo.php [33m404 [0m0.672 ms - 906[0m
[0mPOST /qq.php [33m404 [0m0.679 ms - 906[0m
[0mPOST /qwe.php [33m404 [0m0.679 ms - 906[0m
[0mPOST /1213.php [33m404 [0m0.682 ms - 906[0m
[0mPOST /post.php [33m404 [0m0.670 ms - 906[0m
[0mPOST /aaaa.php [33m404 [0m0.686 ms - 906[0m
[0mPOST /h1.php [33m404 [0m0.679 ms - 906[0m
[0mPOST /test.php [33m404 [0m0.695 ms - 906[0m
[0mPOST /3.php [33m404 [0m1.029 ms - 906[0m
[0mPOST /phpinfi.php [33m404 [0m0.707 ms - 906[0m
[0mPOST /9510.php [33m404 [0m0.690 ms - 906[0m
[0mPOST /python.php [33m404 [0m0.747 ms - 906[0m
[0mPOST /default.php [33m404 [0m0.676 ms - 906[0m
[0mPOST /sean.php [33m404 [0m0.689 ms - 906[0m
[0mPOST /app.php [33m404 [0m0.684 ms - 906[0m
[0mPOST /help.php [33m404 [0m0.636 ms - 906[0m
[0mPOST /tiandi.php [33m404 [0m0.702 ms - 906[0m
[0mPOST /miao.php [33m404 [0m0.694 ms - 906[0m
[0mPOST /xz.php [33m404 [0m0.693 ms - 906[0m
[0mPOST /linuxse.php [33m404 [0m0.664 ms - 906[0m
[0mPOST /zuoindex.php [33m404 [0m0.733 ms - 906[0m
[0mPOST /zshmindex.php [33m404 [0m1.020 ms - 906[0m
[0mPOST /tomcat.php [33m404 [0m0.673 ms - 906[0m
[0mPOST /ceshi.php [33m404 [0m0.719 ms - 906[0m
[0mPOST /1hou.php [33m404 [0m0.720 ms - 906[0m
[0mPOST /ou2.php [33m404 [0m0.701 ms - 906[0m
[0mPOST /zuos.php [33m404 [0m0.715 ms - 906[0m
[0mPOST /zuoss.php [33m404 [0m0.694 ms - 906[0m
[0mPOST /zuoshss.php [33m404 [0m0.692 ms - 906[0m
[0mPOST /boots.php [33m404 [0m0.709 ms - 906[0m
[0mPOST /she.php [33m404 [0m0.698 ms - 906[0m
[0mPOST /s.php [33m404 [0m0.683 ms - 906[0m
[0mPOST /qw.php [33m404 [0m0.713 ms - 906[0m
[0mPOST /test.php [33m404 [0m0.703 ms - 906[0m
[0mPOST /caonma.php [33m404 [0m1.101 ms - 906[0m
[0mPOST /ss.php [33m404 [0m7.274 ms - 906[0m
[0mPOST /wcp.php [33m404 [0m0.668 ms - 906[0m
[0mPOST /u.php [33m404 [0m0.674 ms - 906[0m
[0mPOST /uuu.php [33m404 [0m0.676 ms - 906[0m
[0mPOST /sss.php [33m404 [0m0.686 ms - 906[0m
[0mPOST /1.php [33m404 [0m0.748 ms - 906[0m
[0mPOST /2.php [33m404 [0m0.719 ms - 906[0m
[0mPOST /core.php [33m404 [0m0.732 ms - 906[0m
[0mPOST /qaz.php [33m404 [0m0.661 ms - 906[0m
[0mPOST /sha.php [33m404 [0m0.680 ms - 906[0m
[0mPOST /ppx.php [33m404 [0m0.746 ms - 906[0m
[0mPOST /1.php [33m404 [0m0.688 ms - 906[0m
[0mPOST /confg.php [33m404 [0m0.988 ms - 906[0m
[0mPOST /conf1g.php [33m404 [0m0.687 ms - 906[0m
[0mPOST /confg.php [33m404 [0m0.692 ms - 906[0m
[0mPOST /confg.php [33m404 [0m0.673 ms - 906[0m
[0mPOST /confg.php [33m404 [0m0.673 ms - 906[0m
[0mPOST /ver.php [33m404 [0m0.696 ms - 906[0m
[0mPOST /hack.php [33m404 [0m0.676 ms - 906[0m
[0mPOST /qa.php [33m404 [0m0.689 ms - 906[0m
[0mPOST /Ss.php [33m404 [0m0.692 ms - 906[0m
[0mPOST /xxx.php [33m404 [0m0.685 ms - 906[0m
[0mPOST /92.php [33m404 [0m0.712 ms - 906[0m
[0mPOST /z.php [33m404 [0m0.685 ms - 906[0m
[0mPOST /x.php [33m404 [0m0.702 ms - 906[0m
[0mPOST /dexgp.php [33m404 [0m0.676 ms - 906[0m
[0mPOST /nuoxi.php [33m404 [0m0.663 ms - 906[0m
[0mPOST /godkey.php [33m404 [0m0.680 ms - 906[0m
[0mPOST /okokok.php [33m404 [0m0.679 ms - 906[0m
[0mPOST /erwa.php [33m404 [0m0.677 ms - 906[0m
[0mPOST /pma.php [33m404 [0m0.722 ms - 906[0m
[0mPOST /ruyi.php [33m404 [0m0.711 ms - 906[0m
[0mPOST /51314.php [33m404 [0m0.687 ms - 906[0m
[0mPOST /5201314.php [33m404 [0m0.691 ms - 906[0m
[0mPOST /fusheng.php [33m404 [0m0.683 ms - 906[0m
[0mPOST /general.php [33m404 [0m0.684 ms - 906[0m
[0mPOST /repeat.php [33m404 [0m0.679 ms - 906[0m
[0mPOST /ldw.php [33m404 [0m0.673 ms - 906[0m
[0mPOST /api.php [33m404 [0m0.670 ms - 906[0m
[0mPOST /s1.php [33m404 [0m1.066 ms - 906[0m
[0mPOST /xiaodai.php [33m404 [0m0.705 ms - 906[0m
[0mPOST /hello.php [33m404 [0m0.674 ms - 906[0m
[0mPOST /hello.php [33m404 [0m0.670 ms - 906[0m
[0mPOST /admn.php [33m404 [0m0.675 ms - 906[0m
[0mPOST /hell.php [33m404 [0m0.698 ms - 906[0m
[0mPOST /xp.php [33m404 [0m0.694 ms - 906[0m
[0mPOST /1.php [33m404 [0m0.696 ms - 906[0m
[0mPOST /2.php [33m404 [0m0.671 ms - 906[0m
[0mPOST /p.php [33m404 [0m0.723 ms - 906[0m
[0mPOST /1.php [33m404 [0m0.696 ms - 906[0m
[0mPOST /a.php [33m404 [0m0.679 ms - 906[0m
[0mPOST /m.php [33m404 [0m0.686 ms - 906[0m
[0mPOST /conf.php [33m404 [0m1.082 ms - 906[0m
[0mPOST /123.php [33m404 [0m0.675 ms - 906[0m
[0mPOST /HX.php [33m404 [0m0.669 ms - 906[0m
[0mPOST /diy.php [33m404 [0m0.675 ms - 906[0m
[0mPOST /666.php [33m404 [0m0.725 ms - 906[0m
[0mPOST /777.php [33m404 [0m0.705 ms - 906[0m
[0mPOST /qwq.php [33m404 [0m0.671 ms - 906[0m
[0mPOST /qwqw.php [33m404 [0m0.675 ms - 906[0m
[0mPOST /.php [33m404 [0m0.673 ms - 906[0m
[0mPOST /infos.php [33m404 [0m0.683 ms - 906[0m
[0mPOST /x.php [33m404 [0m0.706 ms - 906[0m
[0mPOST /lucky.php [33m404 [0m0.669 ms - 906[0m
[0mPOST /htfr.php [33m404 [0m0.689 ms - 906[0m
[0mPOST /zzk.php [33m404 [0m1.047 ms - 906[0m
[0mPOST /toor.php [33m404 [0m0.680 ms - 906[0m
[0mPOST /uu.php [33m404 [0m0.659 ms - 906[0m
[0mPOST /aa.php [33m404 [0m0.663 ms - 906[0m
[0mPOST /wb.php [33m404 [0m0.682 ms - 906[0m
[0mPOST /yj.php [33m404 [0m0.761 ms - 906[0m
[0mPOST /z.php [33m404 [0m0.703 ms - 906[0m
[0mPOST /7.php [33m404 [0m0.699 ms - 906[0m
[0mPOST /xiaoma.php [33m404 [0m0.688 ms - 906[0m
[0mPOST /xiaomae.php [33m404 [0m0.717 ms - 906[0m
[0mPOST /xiaomar.php [33m404 [0m0.679 ms - 906[0m
[0mPOST /qq.php [33m404 [0m0.695 ms - 906[0m
[0mPOST /data.php [33m404 [0m0.703 ms - 906[0m
[0mPOST /log.php [33m404 [0m0.676 ms - 906[0m
[0mPOST /fack.php [33m404 [0m1.072 ms - 906[0m
[0mPOST /angge.php [33m404 [0m0.678 ms - 906[0m
[0mPOST /cxfm666.php [33m404 [0m0.736 ms - 906[0m
[0mPOST /db.php [33m404 [0m0.673 ms - 906[0m
[0mPOST /hacly.php [33m404 [0m0.726 ms - 906[0m
[0mPOST /xiaomo.php [33m404 [0m0.686 ms - 906[0m
[0mPOST /xiaoyu.php [33m404 [0m0.691 ms - 906[0m
[0mPOST /xiaohei.php [33m404 [0m0.720 ms - 906[0m
[0mPOST /j.php [33m404 [0m0.690 ms - 906[0m
[0mPOST /qq5262.php [33m404 [0m0.638 ms - 906[0m
[0mPOST /lost.php [33m404 [0m0.694 ms - 906[0m
[0mPOST /php.php [33m404 [0m0.682 ms - 906[0m
[0mPOST /win.php [33m404 [0m0.685 ms - 906[0m
[0mPOST /win1.php [33m404 [0m1.081 ms - 906[0m
[0mPOST /linux.php [33m404 [0m0.688 ms - 906[0m
[0mPOST /linux1.php [33m404 [0m0.731 ms - 906[0m
[0mPOST /cc.php [33m404 [0m0.676 ms - 906[0m
[0mPOST /x.php [33m404 [0m0.692 ms - 906[0m
[0mPOST /lanke.php [33m404 [0m0.756 ms - 906[0m
[0mPOST /neko.php [33m404 [0m0.685 ms - 906[0m
[0mPOST /super.php [33m404 [0m0.717 ms - 906[0m
[0mPOST /cere.php [33m404 [0m0.672 ms - 906[0m
[0mPOST /aaa.php [33m404 [0m0.685 ms - 906[0m
[0mPOST /Administrator.php [33m404 [0m0.703 ms - 906[0m
[0mPOST /liangchen.php [33m404 [0m0.669 ms - 906[0m
[0mPOST /lucky.php [33m404 [0m0.739 ms - 906[0m
[0mPOST /meng.php [33m404 [0m0.696 ms - 906[0m
[0mPOST /no.php [33m404 [0m0.669 ms - 906[0m
[0mPOST /mysql.php [33m404 [0m0.681 ms - 906[0m
[0mPOST /Updata.php [33m404 [0m5.954 ms - 906[0m
[0mPOST /xxxx.php [33m404 [0m0.674 ms - 906[0m
[0mPOST /MCLi.php [33m404 [0m0.677 ms - 906[0m
[0mPOST /MCLi.php [33m404 [0m0.733 ms - 906[0m
[0mPOST /coon.php [33m404 [0m0.683 ms - 906[0m
[0mPOST /1.php [33m404 [0m0.679 ms - 906[0m
[0mPOST /zxc1.php [33m404 [0m0.728 ms - 906[0m
[0mPOST /zxc0.php [33m404 [0m0.712 ms - 906[0m
[0mPOST /zxc1.php [33m404 [0m0.649 ms - 906[0m
[0mPOST /zxc2.php [33m404 [0m0.624 ms - 906[0m
[0mPOST /indexa.php [33m404 [0m0.758 ms - 906[0m
[0mPOST /lx.php [33m404 [0m0.996 ms - 906[0m
[0mPOST /cn.php [33m404 [0m0.685 ms - 906[0m
[0mPOST /api.php [33m404 [0m0.719 ms - 906[0m
[0mPOST /index1.php [33m404 [0m0.668 ms - 906[0m
[0mPOST /info.php [33m404 [0m0.704 ms - 906[0m
[0mPOST /info1.php [33m404 [0m0.635 ms - 906[0m
[0mPOST /aaaaaa1.php [33m404 [0m0.690 ms - 906[0m
[0mPOST /up.php [33m404 [0m0.706 ms - 906[0m
[0mPOST /test123.php [33m404 [0m0.687 ms - 906[0m
[0mPOST /test123.php [33m404 [0m0.731 ms - 906[0m
[0mPOST /fb.php [33m404 [0m0.684 ms - 906[0m
[0mPOST /paylog.php [33m404 [0m0.695 ms - 906[0m
[0mPOST /paylog.php [33m404 [0m0.681 ms - 906[0m
[0mPOST /x.php [33m404 [0m0.671 ms - 906[0m
[0mPOST /cnm.php [33m404 [0m0.678 ms - 906[0m
[0mPOST /51.php [33m404 [0m0.673 ms - 906[0m
[0mPOST /cadre.php [33m404 [0m0.683 ms - 906[0m
[0mPOST /mm.php [33m404 [0m0.715 ms - 906[0m
[0mPOST /test.php [33m404 [0m6.474 ms - 906[0m
[0mPOST /1q.php [33m404 [0m0.719 ms - 906[0m
[0mPOST /1111.php [33m404 [0m0.710 ms - 906[0m
[0mPOST /errors.php [33m404 [0m0.626 ms - 906[0m
[0mPOST /q.php [33m404 [0m0.710 ms - 906[0m
[0mGET /index.php [33m404 [0m0.663 ms - 906[0m
[0mGET /phpmyadmin/index.php [33m404 [0m0.655 ms - 906[0m
[0mGET /phpMyAdmin/index.php [33m404 [0m0.714 ms - 906[0m
[0mGET /pmd/index.php [33m404 [0m0.715 ms - 906[0m
[0mGET /pma/index.php [33m404 [0m1.105 ms - 906[0m
[0mGET /PMA/index.php [33m404 [0m0.652 ms - 906[0m
[0mGET /PMA2/index.php [33m404 [0m0.684 ms - 906[0m
[0mGET /pmamy/index.php [33m404 [0m0.659 ms - 906[0m
[0mGET /pmamy2/index.php [33m404 [0m0.691 ms - 906[0m
[0mGET /mysql/index.php [33m404 [0m0.661 ms - 906[0m
[0mGET /admin/index.php [33m404 [0m0.679 ms - 906[0m
[0mGET /db/index.php [33m404 [0m0.722 ms - 906[0m
[0mGET /dbadmin/index.php [33m404 [0m0.708 ms - 906[0m
[0mGET /web/phpMyAdmin/index.php [33m404 [0m0.730 ms - 906[0m
[0mGET /admin/pma/index.php [33m404 [0m0.702 ms - 906[0m
[0mGET /admin/PMA/index.php [33m404 [0m0.669 ms - 906[0m
[0mGET /admin/mysql/index.php [33m404 [0m0.640 ms - 906[0m
[0mGET /admin/mysql2/index.php [33m404 [0m1.052 ms - 906[0m
[0mGET /admin/phpmyadmin/index.php [33m404 [0m0.653 ms - 906[0m
[0mGET /admin/phpMyAdmin/index.php [33m404 [0m0.603 ms - 906[0m
[0mGET /admin/phpmyadmin2/index.php [33m404 [0m0.731 ms - 906[0m
[0mGET /mysqladmin/index.php [33m404 [0m0.703 ms - 906[0m
[0mGET /mysql-admin/index.php [33m404 [0m0.683 ms - 906[0m
[0mGET /mysql_admin/index.php [33m404 [0m0.691 ms - 906[0m
[0mGET /phpadmin/index.php [33m404 [0m0.630 ms - 906[0m
[0mGET /phpAdmin/index.php [33m404 [0m0.698 ms - 906[0m
[0mGET /phpmyadmin0/index.php [33m404 [0m0.670 ms - 906[0m
[0mGET /phpmyadmin1/index.php [33m404 [0m0.708 ms - 906[0m
[0mGET /phpmyadmin2/index.php [33m404 [0m0.672 ms - 906[0m
[0mGET /phpMyAdmin-4.4.0/index.php [33m404 [0m0.684 ms - 906[0m
[0mGET /myadmin/index.php [33m404 [0m1.113 ms - 906[0m
[0mGET /myadmin2/index.php [33m404 [0m0.610 ms - 906[0m
[0mGET /xampp/phpmyadmin/index.php [33m404 [0m0.642 ms - 906[0m
[0mGET /phpMyadmin_bak/index.php [33m404 [0m0.658 ms - 906[0m
[0mGET /www/phpMyAdmin/index.php [33m404 [0m0.680 ms - 906[0m
[0mGET /tools/phpMyAdmin/index.php [33m404 [0m0.686 ms - 906[0m
[0mGET /phpmyadmin-old/index.php [33m404 [0m0.708 ms - 906[0m
[0mGET /phpMyAdminold/index.php [33m404 [0m0.618 ms - 906[0m
[0mGET /phpMyAdmin.old/index.php [33m404 [0m0.664 ms - 906[0m
[0mGET /pma-old/index.php [33m404 [0m0.651 ms - 906[0m
[0mGET /claroline/phpMyAdmin/index.php [33m404 [0m0.660 ms - 906[0m
[0mGET /typo3/phpmyadmin/index.php [33m404 [0m0.661 ms - 906[0m
[0mGET /phpma/index.php [33m404 [0m0.678 ms - 906[0m
[0mGET /phpmyadmin/phpmyadmin/index.php [33m404 [0m0.649 ms - 906[0m
[0mGET /phpMyAdmin/phpMyAdmin/index.php [33m404 [0m0.696 ms - 906[0m
[0mGET /phpMyAbmin/index.php [33m404 [0m0.648 ms - 906[0m
[0mGET /phpMyAdmin__/index.php [33m404 [0m0.666 ms - 906[0m
[0mGET /phpMyAdmin+++---/index.php [33m404 [0m0.683 ms - 906[0m
[0mGET /v/index.php [33m404 [0m0.663 ms - 906[0m
[0mGET /phpmyadm1n/index.php [33m404 [0m0.680 ms - 906[0m
[0mGET /phpMyAdm1n/index.php [33m404 [0m0.717 ms - 906[0m
[0mGET /shaAdmin/index.php [33m404 [0m0.650 ms - 906[0m
[0mGET /phpMyadmi/index.php [33m404 [0m0.659 ms - 906[0m
[0mGET /phpMyAdmion/index.php [33m404 [0m0.632 ms - 906[0m
[0mGET /s/index.php [33m404 [0m0.684 ms - 906[0m
[0mGET /MyAdmin/index.php [33m404 [0m0.639 ms - 906[0m
[0mGET /phpMyAdmin1/index.php [33m404 [0m0.693 ms - 906[0m
[0mGET /phpMyAdmin123/index.php [33m404 [0m1.036 ms - 906[0m
[0mGET /pwd/index.php [33m404 [0m0.688 ms - 906[0m
[0mGET /phpMyAdmina/index.php [33m404 [0m0.676 ms - 906[0m
[0mGET /phpMydmin/index.php [33m404 [0m0.619 ms - 906[0m
[0mGET /phpMyAdmins/index.php [33m404 [0m0.642 ms - 906[0m
[0mGET /program/index.php [33m404 [0m0.630 ms - 906[0m
[0mGET /shopdb/index.php [33m404 [0m0.663 ms - 906[0m
[0mGET /phppma/index.php [33m404 [0m0.683 ms - 906[0m
[0mGET /phpmy/index.php [33m404 [0m0.678 ms - 906[0m
[0mGET /mysql/admin/index.php [33m404 [0m0.677 ms - 906[0m
[0mGET /mysql/dbadmin/index.php [33m404 [0m0.694 ms - 906[0m
[0mGET /mysql/sqlmanager/index.php [33m404 [0m0.713 ms - 906[0m
[0mGET /mysql/mysqlmanager/index.php [33m404 [0m0.641 ms - 906[0m
[0mGET /wp-content/plugins/portable-phpmyadmin/wp-pma-mod/index.php [33m404 [0m1.061 ms - 906[0m
[0mGET /manager/html [33m404 [0m0.663 ms - 906[0m
[0mGET / [32m200 [0m0.571 ms - 967[0m
[0mGET / [32m200 [0m0.587 ms - 967[0m
[0mGET / [32m200 [0m0.558 ms - 967[0m
[0mGET / [32m200 [0m0.589 ms - 967[0m
[0mGET / [32m200 [0m0.594 ms - 967[0m
[0mGET / [32m200 [0m0.572 ms - 967[0m
[0mHEAD /robots.txt [33m404 [0m0.655 ms - 906[0m
[0mGET / [32m200 [0m0.619 ms - 967[0m
[0mGET / [32m200 [0m0.593 ms - 967[0m
[0mGET / [32m200 [0m0.593 ms - 967[0m
[0mGET / [32m200 [0m0.580 ms - 967[0m
[0mGET / [32m200 [0m0.612 ms - 967[0m
[0mGET / [32m200 [0m0.594 ms - 967[0m
[0mGET / [32m200 [0m0.575 ms - 967[0m
[0mGET / [32m200 [0m0.581 ms - 967[0m
[0mHEAD http://112.124.42.80:63435/ [32m200 [0m0.688 ms - 967[0m
[0mGET / [32m200 [0m0.578 ms - 967[0m
[0mGET / [32m200 [0m0.580 ms - 967[0m
[0mGET /stylesheets/style.css [32m200 [0m7.506 ms - 111[0m
[0mGET /bootstrap/css/fontawesome-all.css [33m404 [0m0.604 ms - 906[0m
[0mGET /bootstrap/css/bootstrap.min.css [32m200 [0m4.236 ms - 155758[0m
[0mGET /bootstrap/js/jquery.min.js [33m404 [0m0.984 ms - 906[0m
[0mGET /bootstrap/js/bootstrap.min.js [32m200 [0m1.260 ms - 58072[0m
[0mGET /bootstrap/css/fontawesome-all.css [33m404 [0m0.742 ms - 906[0m
[0mGET /bootstrap/js/jquery.min.js [33m404 [0m0.491 ms - 906[0m
[0mGET /favicon.ico [33m404 [0m0.693 ms - 906[0m
[0mGET /blogList [32m200 [0m4.505 ms - 953[0m
[0mGET /stylesheets/style.css [36m304 [0m0.346 ms - -[0m
[0mGET /bootstrap/css/bootstrap.min.css [36m304 [0m0.610 ms - -[0m
[0mGET /bootstrap/js/jquery.min.js [33m404 [0m1.021 ms - 906[0m
[0mGET /bootstrap/css/fontawesome-all.css [33m404 [0m1.336 ms - 906[0m
[0mGET /bootstrap/js/bootstrap.min.js [36m304 [0m0.251 ms - -[0m
[0mGET /blogAdd [32m200 [0m2.023 ms - 952[0m
[0mGET /stylesheets/style.css [36m304 [0m0.295 ms - -[0m
[0mGET /bootstrap/css/bootstrap.min.css [36m304 [0m0.254 ms - -[0m
[0mGET /bootstrap/css/fontawesome-all.css [33m404 [0m0.641 ms - 906[0m
[0mGET /bootstrap/js/jquery.min.js [33m404 [0m0.488 ms - 906[0m
[0mGET /bootstrap/js/bootstrap.min.js [36m304 [0m0.233 ms - -[0m
[0mGET /blogList [36m304 [0m0.624 ms - -[0m
[0mGET /stylesheets/style.css [36m304 [0m0.259 ms - -[0m
[0mGET /bootstrap/css/bootstrap.min.css [36m304 [0m0.194 ms - -[0m
[0mGET /bootstrap/css/fontawesome-all.css [33m404 [0m3.374 ms - 906[0m
[0mGET /bootstrap/js/jquery.min.js [33m404 [0m3.686 ms - 906[0m
[0mGET /bootstrap/js/bootstrap.min.js [36m304 [0m0.197 ms - -[0m
[0mGET /blogList [36m304 [0m0.643 ms - -[0m
[0mGET /stylesheets/style.css [36m304 [0m0.278 ms - -[0m
[0mGET /bootstrap/css/bootstrap.min.css [36m304 [0m0.208 ms - -[0m
[0mGET /bootstrap/css/fontawesome-all.css [33m404 [0m0.621 ms - 906[0m
[0mGET /bootstrap/js/jquery.min.js [33m404 [0m0.520 ms - 906[0m
[0mGET /bootstrap/js/bootstrap.min.js [36m304 [0m0.265 ms - -[0m
[0mGET /blogList [36m304 [0m0.616 ms - -[0m
[0mGET /stylesheets/style.css [36m304 [0m0.255 ms - -[0m
[0mGET /bootstrap/css/bootstrap.min.css [36m304 [0m0.210 ms - -[0m
[0mGET /bootstrap/js/jquery.min.js [33m404 [0m2.548 ms - 906[0m
[0mGET /bootstrap/css/fontawesome-all.css [33m404 [0m2.828 ms - 906[0m
[0mGET /bootstrap/js/bootstrap.min.js [36m304 [0m0.182 ms - -[0m
[0mGET / [36m304 [0m0.631 ms - -[0m
[0mGET /bootstrap/css/fontawesome-all.css [33m404 [0m0.855 ms - 906[0m
[0mGET /stylesheets/style.css [36m304 [0m0.889 ms - -[0m
[0mGET /bootstrap/js/jquery.min.js [33m404 [0m0.698 ms - 906[0m
[0mGET /bootstrap/css/bootstrap.min.css [36m304 [0m0.730 ms - -[0m
[0mGET /bootstrap/js/bootstrap.min.js [36m304 [0m0.191 ms - -[0m
[0mGET /blogList [36m304 [0m0.555 ms - -[0m
[0mGET /bootstrap/css/fontawesome-all.css [33m404 [0m0.917 ms - 906[0m
[0mGET /bootstrap/css/bootstrap.min.css [36m304 [0m0.948 ms - -[0m
[0mGET /stylesheets/style.css [36m304 [0m0.922 ms - -[0m
[0mGET /bootstrap/js/bootstrap.min.js [36m304 [0m0.410 ms - -[0m
[0mGET /bootstrap/js/jquery.min.js [33m404 [0m0.709 ms - 906[0m
[0mGET /blogAdd [36m304 [0m0.813 ms - -[0m
[0mGET /stylesheets/style.css [36m304 [0m0.291 ms - -[0m
[0mGET /bootstrap/css/bootstrap.min.css [36m304 [0m0.393 ms - -[0m
[0mGET /bootstrap/css/fontawesome-all.css [33m404 [0m0.790 ms - 906[0m
[0mGET /bootstrap/js/jquery.min.js [33m404 [0m0.909 ms - 906[0m
[0mGET /bootstrap/js/bootstrap.min.js [36m304 [0m0.179 ms - -[0m
[0mGET /blogList [36m304 [0m0.585 ms - -[0m
[0mGET /stylesheets/style.css [36m304 [0m0.267 ms - -[0m
[0mGET /bootstrap/js/jquery.min.js [33m404 [0m0.886 ms - 906[0m
[0mGET /bootstrap/css/fontawesome-all.css [33m404 [0m1.205 ms - 906[0m
[0mGET /bootstrap/css/bootstrap.min.css [36m304 [0m1.241 ms - -[0m
[0mGET /bootstrap/js/bootstrap.min.js [36m304 [0m0.217 ms - -[0m
[0mGET / [32m200 [0m0.657 ms - 967[0m
[0mGET / [32m200 [0m0.583 ms - 967[0m
[0mGET / [32m200 [0m0.640 ms - 967[0m
[0mPROPFIND / [33m404 [0m0.557 ms - 906[0m
[0mGET /webdav/ [33m404 [0m0.702 ms - 906[0m
[0mGET /9E7F4934.php [33m404 [0m0.645 ms - 906[0m
[0mGET /help.php [33m404 [0m0.654 ms - 906[0m
[0mGET /_query.php [33m404 [0m0.673 ms - 906[0m
[0mGET /test.php [33m404 [0m1.051 ms - 906[0m
[0mGET /db_cts.php [33m404 [0m0.691 ms - 906[0m
[0mGET /db_pma.php [33m404 [0m0.664 ms - 906[0m
[0mGET /logon.php [33m404 [0m0.642 ms - 906[0m
[0mGET /license.php [33m404 [0m0.694 ms - 906[0m
[0mGET /log.php [33m404 [0m0.681 ms - 906[0m
[0mGET /hell.php [33m404 [0m7.026 ms - 906[0m
[0mGET /pmd_online.php [33m404 [0m0.690 ms - 906[0m
[0mGET /x.php [33m404 [0m0.659 ms - 906[0m
[0mGET /htdocs.php [33m404 [0m0.671 ms - 906[0m
[0mGET /desktop.ini.php [33m404 [0m0.726 ms - 906[0m
[0mGET /z.php [33m404 [0m0.728 ms - 906[0m
[0mGET /lala.php [33m404 [0m0.681 ms - 906[0m
[0mGET /lala-dpr.php [33m404 [0m0.704 ms - 906[0m
[0mGET /wpc.php [33m404 [0m0.674 ms - 906[0m
[0mGET /wpo.php [33m404 [0m0.666 ms - 906[0m
[0mGET /text.php [33m404 [0m0.685 ms - 906[0m
[0mGET /wp-config.php [33m404 [0m0.652 ms - 906[0m
[0mGET /muhstik.php [33m404 [0m0.698 ms - 906[0m
[0mGET /muhstik2.php [33m404 [0m0.614 ms - 906[0m
[0mGET /muhstiks.php [33m404 [0m0.707 ms - 906[0m
[0mGET /muhstik-dpr.php [33m404 [0m0.704 ms - 906[0m
[0mGET /lol.php [33m404 [0m0.643 ms - 906[0m
[0mGET /uploader.php [33m404 [0m0.662 ms - 906[0m
[0mGET /cmd.php [33m404 [0m0.693 ms - 906[0m
[0mGET /cmv.php [33m404 [0m0.641 ms - 906[0m
[0mGET /cmdd.php [33m404 [0m0.677 ms - 906[0m
[0mGET /knal.php [33m404 [0m0.661 ms - 906[0m
[0mGET /cmd.php [33m404 [0m0.656 ms - 906[0m
[0mGET /shell.php [33m404 [0m2.504 ms - 906[0m
[0mGET /appserv.php [33m404 [0m0.658 ms - 906[0m
[0mGET /scripts/setup.php [33m404 [0m0.695 ms - 906[0m
[0mGET /phpMyAdmin/scripts/setup.php [33m404 [0m0.663 ms - 906[0m
[0mGET /phpmyadmin/scripts/db___.init.php [33m404 [0m0.672 ms - 906[0m
[0mGET /phpMyAdmin/scripts/db___.init.php [33m404 [0m0.694 ms - 906[0m
[0mGET /plugins/weathermap/editor.php [33m404 [0m2.876 ms - 906[0m
[0mGET /cacti/plugins/weathermap/editor.php [33m404 [0m0.651 ms - 906[0m
[0mPOST /wuwu11.php [33m404 [0m0.685 ms - 906[0m
[0mPOST /xw1.php [33m404 [0m0.700 ms - 906[0m
[0mPOST /9678.php [33m404 [0m0.714 ms - 906[0m
[0mPOST /wc.php [33m404 [0m0.670 ms - 906[0m
[0mPOST /s.php [33m404 [0m0.679 ms - 906[0m
[0mPOST /sheep.php [33m404 [0m0.628 ms - 906[0m
[0mPOST /qaq.php [33m404 [0m0.716 ms - 906[0m
[0mPOST /db.init.php [33m404 [0m0.698 ms - 906[0m
[0mPOST /db_session.init.php [33m404 [0m0.681 ms - 906[0m
[0mPOST /db__.init.php [33m404 [0m0.722 ms - 906[0m
[0mPOST /wp-admins.php [33m404 [0m0.689 ms - 906[0m
[0mPOST /m.php?pbid=open [33m404 [0m0.638 ms - 906[0m
[0mPOST /db_dataml.php [33m404 [0m0.733 ms - 906[0m
[0mPOST /db_desql.php [33m404 [0m5.212 ms - 906[0m
[0mPOST /wshell.php [33m404 [0m0.691 ms - 906[0m
[0mPOST /qq.php [33m404 [0m0.650 ms - 906[0m
[0mPOST /conflg.php [33m404 [0m1.239 ms - 906[0m
[0mPOST /conflg.php [33m404 [0m0.670 ms - 906[0m
[0mPOST /lindex.php [33m404 [0m0.707 ms - 906[0m
[0mPOST /phpstudy.php [33m404 [0m0.664 ms - 906[0m
[0mPOST /phpStudy.php [33m404 [0m0.691 ms - 906[0m
[0mPOST /weixiao.php [33m404 [0m0.670 ms - 906[0m
[0mPOST /feixiang.php [33m404 [0m0.716 ms - 906[0m
[0mPOST /ak48.php [33m404 [0m0.776 ms - 906[0m
[0mPOST /xiao.php [33m404 [0m0.710 ms - 906[0m
[0mPOST /yao.php [33m404 [0m0.700 ms - 906[0m
[0mPOST /defect.php [33m404 [0m0.658 ms - 906[0m
[0mPOST /webslee.php [33m404 [0m0.695 ms - 906[0m
[0mPOST /q.php [33m404 [0m0.744 ms - 906[0m
[0mPOST /hm.php [33m404 [0m1.145 ms - 906[0m
[0mPOST /cainiao.php [33m404 [0m0.646 ms - 906[0m
[0mPOST /zuoshou.php [33m404 [0m0.622 ms - 906[0m
[0mPOST /zuo.php [33m404 [0m0.703 ms - 906[0m
[0mPOST /aotu.php [33m404 [0m0.684 ms - 906[0m
[0mPOST /aotu7.php [33m404 [0m0.700 ms - 906[0m
[0mPOST /cmd.php [33m404 [0m0.670 ms - 906[0m
[0mPOST /bak.php [33m404 [0m0.622 ms - 906[0m
[0mPOST /system.php [33m404 [0m5.222 ms - 906[0m
[0mPOST /l6.php [33m404 [0m0.634 ms - 906[0m
[0mPOST /l7.php [33m404 [0m0.651 ms - 906[0m
[0mPOST /l8.php [33m404 [0m0.666 ms - 906[0m
[0mPOST /q.php [33m404 [0m0.637 ms - 906[0m
[0mPOST /mz.php [33m404 [0m1.078 ms - 906[0m
[0mPOST /xx.php [33m404 [0m0.649 ms - 906[0m
[0mPOST /yumo.php [33m404 [0m0.702 ms - 906[0m
[0mPOST /min.php [33m404 [0m0.684 ms - 906[0m
[0mPOST /wan.php [33m404 [0m0.651 ms - 906[0m
[0mPOST /wanan.php [33m404 [0m0.662 ms - 906[0m
[0mPOST /ssaa.php [33m404 [0m0.689 ms - 906[0m
[0mPOST /aw.php [33m404 [0m0.655 ms - 906[0m
[0mPOST /12.php [33m404 [0m0.675 ms - 906[0m
[0mPOST /hh.php [33m404 [0m0.694 ms - 906[0m
[0mPOST /ak.php [33m404 [0m0.626 ms - 906[0m
[0mPOST /ip.php [33m404 [0m0.662 ms - 906[0m
[0mPOST /infoo.php [33m404 [0m0.695 ms - 906[0m
[0mPOST /qq.php [33m404 [0m1.087 ms - 906[0m
[0mPOST /qwe.php [33m404 [0m0.677 ms - 906[0m
[0mPOST /1213.php [33m404 [0m0.673 ms - 906[0m
[0mGET /index.php [33m404 [0m0.665 ms - 906[0m
[0mGET /phpmyadmin/index.php [33m404 [0m0.670 ms - 906[0m
[0mGET /phpMyAdmin/index.php [33m404 [0m0.672 ms - 906[0m
[0mGET /pma/index.php [33m404 [0m0.639 ms - 906[0m
[0mGET /PMA/index.php [33m404 [0m0.702 ms - 906[0m
[0mGET /PMA2/index.php [33m404 [0m0.658 ms - 906[0m
[0mGET /pmamy2/index.php [33m404 [0m0.675 ms - 906[0m
[0mGET /mysql/index.php [33m404 [0m0.633 ms - 906[0m
[0mGET /admin/index.php [33m404 [0m0.673 ms - 906[0m
[0mGET /dbadmin/index.php [33m404 [0m0.669 ms - 906[0m
[0mGET /web/phpMyAdmin/index.php [33m404 [0m0.681 ms - 906[0m
[0mGET /admin/pma/index.php [33m404 [0m0.660 ms - 906[0m
[0mGET /admin/mysql/index.php [33m404 [0m0.667 ms - 906[0m
[0mGET /admin/mysql2/index.php [33m404 [0m0.674 ms - 906[0m
[0mGET /admin/phpmyadmin/index.php [33m404 [0m0.675 ms - 906[0m
[0mGET /admin/phpMyAdmin/index.php [33m404 [0m0.671 ms - 906[0m
[0mGET /admin/phpmyadmin2/index.php [33m404 [0m0.650 ms - 906[0m
[0mGET /mysqladmin/index.php [33m404 [0m0.676 ms - 906[0m
[0mGET /mysql-admin/index.php [33m404 [0m0.659 ms - 906[0m
[0mGET /mysql_admin/index.php [33m404 [0m0.663 ms - 906[0m
[0mGET /phpadmin/index.php [33m404 [0m0.662 ms - 906[0m
[0mGET /phpAdmin/index.php [33m404 [0m0.657 ms - 906[0m
[0mGET /phpmyadmin0/index.php [33m404 [0m0.650 ms - 906[0m
[0mGET /phpmyadmin1/index.php [33m404 [0m0.663 ms - 906[0m
[0mGET /phpmyadmin2/index.php [33m404 [0m0.639 ms - 906[0m
[0mGET /phpMyAdmin-4.4.0/index.php [33m404 [0m0.658 ms - 906[0m
[0mGET /myadmin/index.php [33m404 [0m0.674 ms - 906[0m
[0mGET /myadmin2/index.php [33m404 [0m0.637 ms - 906[0m
[0mGET /xampp/phpmyadmin/index.php [33m404 [0m0.687 ms - 906[0m
[0mGET /phpMyadmin_bak/index.php [33m404 [0m0.656 ms - 906[0m
[0mGET /www/phpMyAdmin/index.php [33m404 [0m0.659 ms - 906[0m
[0mGET /tools/phpMyAdmin/index.php [33m404 [0m0.684 ms - 906[0m
[0mGET /phpmyadmin-old/index.php [33m404 [0m0.680 ms - 906[0m
[0mGET /phpMyAdminold/index.php [33m404 [0m0.661 ms - 906[0m
[0mGET /phpMyAdmin.old/index.php [33m404 [0m0.655 ms - 906[0m
[0mGET /claroline/phpMyAdmin/index.php [33m404 [0m0.659 ms - 906[0m
[0mGET /typo3/phpmyadmin/index.php [33m404 [0m0.664 ms - 906[0m
[0mGET /phpma/index.php [33m404 [0m1.075 ms - 906[0m
[0mGET /phpmyadmin/phpmyadmin/index.php [33m404 [0m0.680 ms - 906[0m
[0mGET /phpMyAdmin/phpMyAdmin/index.php [33m404 [0m0.652 ms - 906[0m
[0mGET /phpMyAbmin/index.php [33m404 [0m0.669 ms - 906[0m
[0mGET /phpMyAdmin__/index.php [33m404 [0m0.697 ms - 906[0m
[0mGET /phpMyAdmin+++---/index.php [33m404 [0m0.647 ms - 906[0m
[0mGET /v/index.php [33m404 [0m0.678 ms - 906[0m
[0mGET /phpmyadm1n/index.php [33m404 [0m0.658 ms - 906[0m
[0mGET /phpMyAdm1n/index.php [33m404 [0m0.678 ms - 906[0m
[0mGET /shaAdmin/index.php [33m404 [0m0.651 ms - 906[0m
[0mGET /phpMyadmi/index.php [33m404 [0m0.676 ms - 906[0m
[0mGET /phpMyAdmion/index.php [33m404 [0m0.679 ms - 906[0m
[0mGET /s/index.php [33m404 [0m0.745 ms - 906[0m
[0mGET /MyAdmin/index.php [33m404 [0m1.064 ms - 906[0m
[0mGET /phpMyAdmin1/index.php [33m404 [0m0.649 ms - 906[0m
[0mGET /phpMyAdmin123/index.php [33m404 [0m0.650 ms - 906[0m
[0mGET /pwd/index.php [33m404 [0m0.651 ms - 906[0m
[0mGET /phpMyAdmina/index.php [33m404 [0m0.667 ms - 906[0m
[0mGET /phpMydmin/index.php [33m404 [0m0.655 ms - 906[0m
[0mGET /program/index.php [33m404 [0m0.655 ms - 906[0m
[0mGET /shopdb/index.php [33m404 [0m0.680 ms - 906[0m
[0mGET /phppma/index.php [33m404 [0m0.691 ms - 906[0m
[0mGET /phpmy/index.php [33m404 [0m0.656 ms - 906[0m
[0mGET /mysql/admin/index.php [33m404 [0m0.659 ms - 906[0m
[0mGET /mysql/dbadmin/index.php [33m404 [0m3.353 ms - 906[0m
[0mGET /mysql/sqlmanager/index.php [33m404 [0m0.704 ms - 906[0m
[0mGET /mysql/mysqlmanager/index.php [33m404 [0m1.221 ms - 906[0m
[0mGET /wp-content/plugins/portable-phpmyadmin/wp-pma-mod/index.php [33m404 [0m0.654 ms - 906[0m
[0mGET /manager/html [33m404 [0m0.677 ms - 906[0m
[0mGET / [32m200 [0m1.898 ms - 967[0m
[0mGET / [32m200 [0m0.588 ms - 967[0m
[0mGET / [32m200 [0m0.585 ms - 967[0m
[0mGET / [32m200 [0m0.579 ms - 967[0m
[0mGET / [32m200 [0m0.587 ms - 967[0m
[0mGET / [32m200 [0m0.555 ms - 967[0m
[0mGET / [32m200 [0m0.524 ms - 967[0m
[0mGET / [32m200 [0m0.567 ms - 967[0m
[0mGET / [32m200 [0m0.571 ms - 967[0m
[0mGET / [32m200 [0m0.539 ms - 967[0m
[0mGET / [32m200 [0m2.762 ms - 967[0m
[0mGET / [32m200 [0m0.589 ms - 967[0m
[0mGET / [32m200 [0m0.588 ms - 967[0m
[0mGET / [32m200 [0m16.968 ms - 967[0m
[0mGET / [32m200 [0m0.547 ms - 967[0m
[0mGET / [32m200 [0m0.582 ms - 967[0m
[0mGET / [32m200 [0m0.550 ms - 967[0m
[0mGET / [32m200 [0m0.521 ms - 967[0m
[0mGET / [32m200 [0m0.542 ms - 967[0m
[0mGET / [32m200 [0m0.552 ms - 967[0m
[0mGET / [32m200 [0m0.558 ms - 967[0m
[0mGET / [32m200 [0m0.564 ms - 967[0m
[0mGET / [32m200 [0m0.562 ms - 967[0m
[0mGET / [32m200 [0m0.591 ms - 967[0m
[0mGET / [32m200 [0m0.540 ms - 967[0m
[0mGET / [32m200 [0m0.596 ms - 967[0m
[0mGET / [32m200 [0m0.559 ms - 967[0m
[0mGET / [32m200 [0m0.571 ms - 967[0m
[0mGET / [32m200 [0m0.573 ms - 967[0m
[0mGET / [32m200 [0m0.535 ms - 967[0m
[0mGET / [32m200 [0m0.551 ms - 967[0m
[0mGET / [32m200 [0m0.576 ms - 967[0m
[0mGET / [32m200 [0m0.575 ms - 967[0m
[0mGET / [32m200 [0m0.572 ms - 967[0m
[0mGET / [32m200 [0m0.607 ms - 967[0m
[0mGET / [32m200 [0m0.575 ms - 967[0m
[0mGET /CHANGELOG.txt [33m404 [0m3.177 ms - 906[0m
[0mGET / [32m200 [0m0.566 ms - 967[0m
[0mGET / [32m200 [0m0.587 ms - 967[0m
[0mGET / [32m200 [0m1.206 ms - 967[0m
[0mGET / [32m200 [0m0.575 ms - 967[0m
[0mGET / [32m200 [0m0.527 ms - 967[0m
[0mGET / [32m200 [0m0.548 ms - 967[0m
[0mGET / [32m200 [0m0.579 ms - 967[0m
[0mGET / [32m200 [0m0.545 ms - 967[0m
[0mGET / [32m200 [0m0.562 ms - 967[0m
[0mGET / [32m200 [0m0.591 ms - 967[0m
[0mGET / [32m200 [0m0.570 ms - 967[0m
[0mGET / [32m200 [0m0.980 ms - 967[0m
[0mGET / [32m200 [0m0.591 ms - 967[0m
[0mGET / [32m200 [0m0.563 ms - 967[0m
[0mGET / [32m200 [0m0.512 ms - 967[0m
[0mGET / [32m200 [0m0.564 ms - 967[0m

> blogger@0.0.0 start /home/bitnami/lab3/blogger
> PORT=80 node ./bin/www

[0mGET / [32m200 [0m14.837 ms - 967[0m
[0mGET /bootstrap/css/fontawesome-all.css [33m404 [0m2.589 ms - 956[0m
[0mGET /stylesheets/style.css [32m200 [0m8.827 ms - 111[0m
[0mGET /bootstrap/js/jquery.min.js [33m404 [0m1.618 ms - 956[0m
[0mGET /bootstrap/js/bootstrap.min.js [32m200 [0m1.509 ms - 58072[0m
[0mGET /bootstrap/css/bootstrap.min.css [32m200 [0m3.356 ms - 155758[0m
[0mGET /bootstrap/css/fontawesome-all.css [33m404 [0m0.754 ms - 956[0m
[0mGET /bootstrap/js/jquery.min.js [33m404 [0m0.610 ms - 956[0m
[0mGET /blogList [36m304 [0m1.751 ms - -[0m
[0mGET /stylesheets/style.css [36m304 [0m0.609 ms - -[0m
[0mGET /bootstrap/css/bootstrap.min.css [36m304 [0m0.257 ms - -[0m
[0mGET /bootstrap/js/jquery.min.js [33m404 [0m0.906 ms - 956[0m
[0mGET /bootstrap/css/fontawesome-all.css [33m404 [0m1.248 ms - 956[0m
[0mGET /bootstrap/js/bootstrap.min.js [36m304 [0m0.259 ms - -[0m
[0mGET / [36m304 [0m0.843 ms - -[0m
[0mGET /bootstrap/css/fontawesome-all.css [33m404 [0m0.993 ms - 956[0m
[0mGET /stylesheets/style.css [36m304 [0m0.984 ms - -[0m
[0mGET /bootstrap/js/jquery.min.js [33m404 [0m0.681 ms - 956[0m
[0mGET /bootstrap/js/bootstrap.min.js [36m304 [0m0.600 ms - -[0m
[0mGET /bootstrap/css/bootstrap.min.css [36m304 [0m0.580 ms - -[0m
[0mGET / [32m200 [0m1.229 ms - 967[0m
[0mGET / [32m200 [0m0.587 ms - 967[0m
[0mPROPFIND / [33m404 [0m0.674 ms - 956[0m
[0mGET /webdav/ [0m- [0m- ms - -[0m
[0mPOST /wuwu11.php [33m404 [0m17.704 ms - 956[0m
[0mPOST /xw.php [33m404 [0m0.920 ms - 956[0m
[0mPOST /xx.php [33m404 [0m0.747 ms - 956[0m
[0mPOST /s.php [33m404 [0m2.869 ms - 956[0m
[0mPOST /w.php [33m404 [0m0.706 ms - 956[0m
[0mPOST /db.init.php [33m404 [0m0.706 ms - 956[0m
[0mPOST /db_session.init.php [33m404 [0m0.726 ms - 956[0m
[0mPOST /sheep.php [33m404 [0m0.748 ms - 956[0m
[0mGET / [32m200 [0m0.596 ms - 967[0m
[0mGET / [32m200 [0m0.599 ms - 967[0m
[0mGET / [32m200 [0m0.585 ms - 967[0m
[0mGET / [32m200 [0m0.609 ms - 967[0m
[0mGET / [32m200 [0m0.592 ms - 967[0m
[0mGET / [32m200 [0m0.602 ms - 967[0m

> blogger@0.0.0 start /home/bitnami/lab4/blogger
> PORT=80 node ./bin/www

(node:23874) DeprecationWarning: current URL string parser is deprecated, and will be removed in a future version. To use the new parser, pass option { useNewUrlParser: true } to MongoClient.connect.
Port 80 requires elevated privileges
npm ERR! code ELIFECYCLE
npm ERR! errno 1
npm ERR! blogger@0.0.0 start: `PORT=80 node ./bin/www`
npm ERR! Exit status 1
npm ERR! 
npm ERR! Failed at the blogger@0.0.0 start script.
npm ERR! This is probably not a problem with npm. There is likely additional logging output above.

npm ERR! A complete log of this run can be found in:
npm ERR!     /home/bitnami/.npm/_logs/2019-03-12T01_01_47_367Z-debug.log

> blogger@0.0.0 start /home/bitnami/lab4/blogger
> PORT=80 node ./bin/www

(node:23920) DeprecationWarning: current URL string parser is deprecated, and will be removed in a future version. To use the new parser, pass option { useNewUrlParser: true } to MongoClient.connect.
Port 80 requires elevated privileges
npm ERR! code ELIFECYCLE
npm ERR! errno 1
npm ERR! blogger@0.0.0 start: `PORT=80 node ./bin/www`
npm ERR! Exit status 1
npm ERR! 
npm ERR! Failed at the blogger@0.0.0 start script.
npm ERR! This is probably not a problem with npm. There is likely additional logging output above.

npm ERR! A complete log of this run can be found in:
npm ERR!     /home/bitnami/.npm/_logs/2019-03-12T01_03_46_315Z-debug.log

> blogger@0.0.0 start /home/bitnami/lab4/blogger
> PORT=80 node ./bin/www

(node:23961) DeprecationWarning: current URL string parser is deprecated, and will be removed in a future version. To use the new parser, pass option { useNewUrlParser: true } to MongoClient.connect.
Port 80 requires elevated privileges
npm ERR! code ELIFECYCLE
npm ERR! errno 1
npm ERR! blogger@0.0.0 start: `PORT=80 node ./bin/www`
npm ERR! Exit status 1
npm ERR! 
npm ERR! Failed at the blogger@0.0.0 start script.
npm ERR! This is probably not a problem with npm. There is likely additional logging output above.

npm ERR! A complete log of this run can be found in:
npm ERR!     /home/bitnami/.npm/_logs/2019-03-12T01_05_36_623Z-debug.log

> blogger@0.0.0 start /home/bitnami/lab4/blogger
> PORT=80 node ./bin/www

(node:23997) DeprecationWarning: current URL string parser is deprecated, and will be removed in a future version. To use the new parser, pass option { useNewUrlParser: true } to MongoClient.connect.
Mongoose connected to mongodb://localhost/blogger
[0mGET / [32m200 [0m13.481 ms - 967[0m
[0mGET /stylesheets/style.css [32m200 [0m5.124 ms - 111[0m
[0mGET /bootstrap/js/jquery.min.js [33m404 [0m3.015 ms - 1539[0m
[0mGET /bootstrap/css/fontawesome-all.css [33m404 [0m3.718 ms - 1539[0m
[0mGET /bootstrap/js/bootstrap.min.js [32m200 [0m5.007 ms - 58072[0m
[0mGET /bootstrap/css/bootstrap.min.css [32m200 [0m6.585 ms - 155758[0m
[0mGET /favicon.ico [33m404 [0m0.832 ms - 1539[0m
[0mGET /webdav/ [33m404 [0m1.432 ms - 1539[0m
[0mGET /help.php [33m404 [0m1.302 ms - 1539[0m
[0mGET /_query.php [33m404 [0m1.392 ms - 1539[0m
[0mGET /test.php [33m404 [0m1.963 ms - 1539[0m
[0mGET /db_cts.php [33m404 [0m1.144 ms - 1539[0m
[0mGET /logon.php [33m404 [0m0.878 ms - 1539[0m
[0mGET /help-e.php [33m404 [0m0.828 ms - 1539[0m
[0mGET /license.php [33m404 [0m0.835 ms - 1539[0m
[0mPROPFIND / [33m404 [0m1.347 ms - 1534[0m
[0mGET /log.php [33m404 [0m0.837 ms - 1539[0m
[0mGET /hell.php [33m404 [0m0.820 ms - 1539[0m
[0mGET /x.php [33m404 [0m0.834 ms - 1539[0m
[0mGET /shell.php [33m404 [0m0.801 ms - 1539[0m
[0mGET /htdocs.php [33m404 [0m1.525 ms - 1539[0m
[0mGET /desktop.ini.php [33m404 [0m0.886 ms - 1539[0m
[0mGET /z.php [33m404 [0m0.848 ms - 1539[0m
[0mGET /lala.php [33m404 [0m0.785 ms - 1539[0m
[0mGET /lala-dpr.php [33m404 [0m1.177 ms - 1539[0m
[0mGET /wpc.php [33m404 [0m0.735 ms - 1539[0m
[0mGET /t6nv.php [33m404 [0m0.842 ms - 1539[0m
[0mGET /muhstik.php [33m404 [0m2.069 ms - 1539[0m
[0mGET /wp-config.php [33m404 [0m0.869 ms - 1539[0m
[0mGET /muhstik.php [33m404 [0m0.826 ms - 1539[0m
[0mGET /muhstiks.php [33m404 [0m0.824 ms - 1539[0m
[0mGET /muhstik-dpr.php [33m404 [0m1.309 ms - 1539[0m
[0mGET /lol.php [33m404 [0m0.881 ms - 1539[0m
[0mGET /uploader.php [33m404 [0m0.807 ms - 1539[0m
[0mGET /cmd.php [33m404 [0m0.834 ms - 1539[0m
[0mGET /cmv.php [33m404 [0m0.881 ms - 1539[0m
[0mGET /cmdd.php [33m404 [0m0.794 ms - 1539[0m
[0mGET /knal.php [33m404 [0m0.824 ms - 1539[0m
[0mGET /cmd.php [33m404 [0m0.891 ms - 1539[0m
[0mGET /shell.php [33m404 [0m1.104 ms - 1539[0m
[0mGET /appserv.php [33m404 [0m1.010 ms - 1539[0m
[0mGET /scripts/setup.php [33m404 [0m0.940 ms - 1539[0m
[0mGET /phpmyadmin/scripts/setup.php [33m404 [0m1.376 ms - 1539[0m
[0mGET /phpMyAdmin/scripts/setup.php [33m404 [0m0.718 ms - 1539[0m
[0mGET /phpmyadmin/scripts/db___.init.php [33m404 [0m0.897 ms - 1539[0m
[0mGET /phpMyAdmin/scripts/db___.init.php [33m404 [0m1.009 ms - 1539[0m
[0mGET /plugins/weathermap/editor.php [33m404 [0m0.972 ms - 1539[0m
[0mGET /cacti/plugins/weathermap/editor.php [33m404 [0m1.179 ms - 1539[0m
[0mGET /d7.php [33m404 [0m0.901 ms - 1539[0m
[0mGET /rxr.php [33m404 [0m1.020 ms - 1539[0m
[0mGET /1x.php [33m404 [0m1.114 ms - 1539[0m
[0mGET /undx.php [33m404 [0m0.893 ms - 1539[0m
[0mGET /spider.php [33m404 [0m0.837 ms - 1539[0m
[0mGET /payload.php [33m404 [0m1.345 ms - 1539[0m
[0mGET /izom.php [33m404 [0m0.839 ms - 1539[0m
[0mGET /composer.php [33m404 [0m0.841 ms - 1539[0m
[0mGET /Drupal.php [33m404 [0m0.895 ms - 1539[0m
[0mGET /home.php [33m404 [0m1.051 ms - 1539[0m
[0mGET /lang.php?f=1 [33m404 [0m0.991 ms - 1539[0m
[0mGET /libraries/joomla/jmail.php?waled=1 [33m404 [0m1.207 ms - 1539[0m
[0mGET /libraries/joomla/jmails.php?waled=1 [33m404 [0m0.898 ms - 1539[0m
[0mGET /libraries/joomla/wl.php?0=1 [33m404 [0m1.092 ms - 1539[0m
[0mPOST /wuwu11.php [33m404 [0m19.388 ms - 1534[0m
[0mPOST /xw1.php [33m404 [0m1.073 ms - 1534[0m
[0mPOST /9678.php [33m404 [0m0.872 ms - 1534[0m
[0mPOST /xx.php [33m404 [0m0.842 ms - 1534[0m
[0mPOST /s.php [33m404 [0m0.850 ms - 1534[0m
[0mPOST /w.php [33m404 [0m0.865 ms - 1534[0m
[0mPOST /sheep.php [33m404 [0m1.770 ms - 1534[0m
[0mPOST /qaq.php [33m404 [0m0.829 ms - 1534[0m
[0mPOST /db.init.php [33m404 [0m0.884 ms - 1534[0m
[0mPOST /db_session.init.php [33m404 [0m1.167 ms - 1534[0m
[0mPOST /db__.init.php [33m404 [0m1.234 ms - 1534[0m
[0mPOST /wp-admins.php [33m404 [0m1.218 ms - 1534[0m
[0mPOST /m.php?pbid=open [33m404 [0m1.140 ms - 1534[0m
[0mPOST /099.php [33m404 [0m1.014 ms - 1534[0m
[0mPOST /_404.php [33m404 [0m0.943 ms - 1534[0m
[0mPOST /lapan.php [33m404 [0m0.908 ms - 1534[0m
[0mPOST /p34ky1337.php [33m404 [0m0.871 ms - 1534[0m
[0mPOST /pk1914.php [33m404 [0m0.738 ms - 1534[0m
[0mPOST /sllolx.php [33m404 [0m0.750 ms - 1534[0m
[0mPOST /db_dataml.php [33m404 [0m0.899 ms - 1534[0m
[0mPOST /db_desql.php [33m404 [0m1.167 ms - 1534[0m
[0mPOST /mx.php [33m404 [0m0.916 ms - 1534[0m
[0mPOST /wshell.php [33m404 [0m0.931 ms - 1534[0m
[0mPOST /qq.php [33m404 [0m0.893 ms - 1534[0m
[0mPOST /conflg.php [33m404 [0m0.807 ms - 1534[0m
[0mPOST /conflg.php [33m404 [0m1.182 ms - 1534[0m
[0mPOST /lindex.php [33m404 [0m0.829 ms - 1534[0m
[0mPOST /phpstudy.php [33m404 [0m1.575 ms - 1534[0m
[0mPOST /phpStudy.php [33m404 [0m0.898 ms - 1534[0m
[0mPOST /weixiao.php [33m404 [0m0.882 ms - 1534[0m
[0mPOST /feixiang.php [33m404 [0m0.674 ms - 1534[0m
[0mPOST /ak47.php [33m404 [0m0.890 ms - 1534[0m
[0mPOST /ak48.php [33m404 [0m1.227 ms - 1534[0m
[0mPOST /xiao.php [33m404 [0m0.768 ms - 1534[0m
[0mPOST /defect.php [33m404 [0m0.892 ms - 1534[0m
[0mPOST /webslee.php [33m404 [0m0.910 ms - 1534[0m
[0mPOST /q.php [33m404 [0m0.862 ms - 1534[0m
[0mPOST /hm.php [33m404 [0m0.874 ms - 1534[0m
[0mPOST /cainiao.php [33m404 [0m1.380 ms - 1534[0m
[0mPOST /zuoshou.php [33m404 [0m0.908 ms - 1534[0m
[0mPOST /zuo.php [33m404 [0m0.874 ms - 1534[0m
[0mPOST /aotu.php [33m404 [0m1.008 ms - 1534[0m
[0mPOST /aotu7.php [33m404 [0m0.874 ms - 1534[0m
[0mPOST /bak.php [33m404 [0m0.917 ms - 1534[0m
[0mPOST /system.php [33m404 [0m0.858 ms - 1534[0m
[0mPOST /l6.php [33m404 [0m2.732 ms - 1534[0m
[0mPOST /l8.php [33m404 [0m1.105 ms - 1534[0m
[0mPOST /q.php [33m404 [0m1.182 ms - 1534[0m
[0mGET /index.php [33m404 [0m1.156 ms - 1539[0m
[0mGET /phpmyadmin/index.php [33m404 [0m1.646 ms - 1539[0m
[0mGET /pmd/index.php [33m404 [0m0.863 ms - 1539[0m
[0mGET /pma/index.php [33m404 [0m5.980 ms - 1539[0m
[0mGET /PMA/index.php [33m404 [0m1.124 ms - 1539[0m
[0mGET /PMA2/index.php [33m404 [0m1.116 ms - 1539[0m
[0mGET /pmamy/index.php [33m404 [0m0.822 ms - 1539[0m
[0mGET /pmamy2/index.php [33m404 [0m1.117 ms - 1539[0m
[0mGET /admin/index.php [33m404 [0m1.194 ms - 1539[0m
[0mGET /db/index.php [33m404 [0m0.873 ms - 1539[0m
[0mGET /web/phpMyAdmin/index.php [33m404 [0m1.067 ms - 1539[0m
[0mGET /admin/pma/index.php [33m404 [0m0.770 ms - 1539[0m
[0mGET /admin/mysql/index.php [33m404 [0m1.429 ms - 1539[0m
[0mGET /admin/mysql2/index.php [33m404 [0m0.739 ms - 1539[0m
[0mGET /admin/phpmyadmin/index.php [33m404 [0m0.935 ms - 1539[0m
[0mGET /admin/phpmyadmin2/index.php [33m404 [0m1.158 ms - 1539[0m
[0mGET /mysqladmin/index.php [33m404 [0m0.835 ms - 1539[0m
[0mGET /mysql-admin/index.php [33m404 [0m0.951 ms - 1539[0m
[0mGET /mysql_admin/index.php [33m404 [0m0.883 ms - 1539[0m
[0mGET /phpadmin/index.php [33m404 [0m0.871 ms - 1539[0m
[0mGET /phpAdmin/index.php [33m404 [0m0.808 ms - 1539[0m
[0mGET /phpmyadmin0/index.php [33m404 [0m0.924 ms - 1539[0m
[0mGET /phpmyadmin1/index.php [33m404 [0m1.187 ms - 1539[0m
[0mGET /phpmyadmin2/index.php [33m404 [0m1.703 ms - 1539[0m
[0mGET /phpMyAdmin-4.4.0/index.php [33m404 [0m1.196 ms - 1539[0m
[0mGET /myadmin/index.php [33m404 [0m1.228 ms - 1539[0m
[0mGET /myadmin2/index.php [33m404 [0m0.806 ms - 1539[0m
[0mGET /xampp/phpmyadmin/index.php [33m404 [0m1.098 ms - 1539[0m
[0mGET /phpMyadmin_bak/index.php [33m404 [0m0.981 ms - 1539[0m
[0mGET /www/phpMyAdmin/index.php [33m404 [0m0.996 ms - 1539[0m
[0mGET /tools/phpMyAdmin/index.php [33m404 [0m1.081 ms - 1539[0m
[0mGET /phpmyadmin-old/index.php [33m404 [0m1.159 ms - 1539[0m
[0mGET /phpMyAdminold/index.php [33m404 [0m0.876 ms - 1539[0m
[0mGET /phpMyAdmin.old/index.php [33m404 [0m0.822 ms - 1539[0m
[0mGET /pma-old/index.php [33m404 [0m1.430 ms - 1539[0m
[0mGET /claroline/phpMyAdmin/index.php [33m404 [0m0.829 ms - 1539[0m
[0mGET /typo3/phpmyadmin/index.php [33m404 [0m0.902 ms - 1539[0m
[0mGET /phpma/index.php [33m404 [0m1.112 ms - 1539[0m
[0mGET /phpmyadmin/phpmyadmin/index.php [33m404 [0m0.891 ms - 1539[0m
[0mGET /phpMyAdmin/phpMyAdmin/index.php [33m404 [0m1.050 ms - 1539[0m
[0mGET /phpMyAbmin/index.php [33m404 [0m1.254 ms - 1539[0m
[0mGET /phpMyAdmin__/index.php [33m404 [0m1.099 ms - 1539[0m
[0mGET /phpMyAdmin+++---/index.php [33m404 [0m1.136 ms - 1539[0m
[0mGET /v/index.php [33m404 [0m0.751 ms - 1539[0m
[0mGET /phpmyadm1n/index.php [33m404 [0m1.145 ms - 1539[0m
[0mGET /phpMyAdm1n/index.php [33m404 [0m1.616 ms - 1539[0m
[0mGET /phpMyadmi/index.php [33m404 [0m1.124 ms - 1539[0m
[0mGET /phpMyAdmion/index.php [33m404 [0m1.137 ms - 1539[0m
[0mGET /MyAdmin/index.php [33m404 [0m0.828 ms - 1539[0m
[0mGET /phpMyAdmin1/index.php [33m404 [0m0.877 ms - 1539[0m
[0mGET /pwd/index.php [33m404 [0m1.112 ms - 1539[0m
[0mGET /phpMyAdmina/index.php [33m404 [0m0.873 ms - 1539[0m
[0mGET /phpMydmin/index.php [33m404 [0m1.027 ms - 1539[0m
[0mGET /phpMyAdmins/index.php [33m404 [0m1.155 ms - 1539[0m
[0mGET /program/index.php [33m404 [0m1.116 ms - 1539[0m
[0mGET /shopdb/index.php [33m404 [0m1.120 ms - 1539[0m
[0mGET /phpmy/index.php [33m404 [0m1.416 ms - 1539[0m
[0mGET /mysql/admin/index.php [33m404 [0m0.828 ms - 1539[0m
[0mGET /mysql/dbadmin/index.php [33m404 [0m0.832 ms - 1539[0m
[0mGET /mysql/sqlmanager/index.php [33m404 [0m0.766 ms - 1539[0m
[0mGET /wp-content/plugins/portable-phpmyadmin/wp-pma-mod/index.php [33m404 [0m0.895 ms - 1539[0m
[0mGET /manager/html [33m404 [0m1.060 ms - 1539[0m
[0mGET / [32m200 [0m1.130 ms - 967[0m
[0mGET / [32m200 [0m0.754 ms - 967[0m
[0mGET / [32m200 [0m0.743 ms - 967[0m
[0mGET / [32m200 [0m0.682 ms - 967[0m
[0mGET / [32m200 [0m0.980 ms - 967[0m
[0mGET / [32m200 [0m0.689 ms - 967[0m
[0mGET / [32m200 [0m0.716 ms - 967[0m
[0mGET / [32m200 [0m0.777 ms - 967[0m
[0mGET / [32m200 [0m0.740 ms - 967[0m
[0mHEAD / [32m200 [0m2.910 ms - 967[0m
[0mGET / [32m200 [0m0.972 ms - 967[0m
[0mGET / [32m200 [0m2.191 ms - 967[0m
[0mGET / [32m200 [0m0.639 ms - 967[0m
[0mGET / [32m200 [0m1.059 ms - 967[0m
[0mGET / [32m200 [0m0.692 ms - 967[0m
[0mGET / [32m200 [0m0.694 ms - 967[0m
[0mGET / [32m200 [0m0.876 ms - 967[0m
[0mGET / [32m200 [0m0.715 ms - 967[0m
[0mGET / [32m200 [0m0.699 ms - 967[0m
[0mGET / [32m200 [0m0.695 ms - 967[0m
[0mGET / [32m200 [0m0.729 ms - 967[0m
[0mGET / [32m200 [0m0.683 ms - 967[0m
[0mGET / [32m200 [0m0.631 ms - 967[0m
[0mGET /manager/html [33m404 [0m20.521 ms - 1539[0m
[0mGET / [32m200 [0m0.687 ms - 967[0m
[0mGET / [32m200 [0m0.730 ms - 967[0m
[0mGET / [32m200 [0m0.898 ms - 967[0m
[0mGET / [32m200 [0m0.732 ms - 967[0m
[0mGET / [32m200 [0m0.733 ms - 967[0m
[0mGET / [32m200 [0m0.751 ms - 967[0m
[0mGET / [32m200 [0m0.996 ms - 967[0m
[0mPROPFIND / [33m404 [0m1.531 ms - 1534[0m
[0mGET /webdav/ [33m404 [0m1.509 ms - 1539[0m
[0mGET /App9e7f4934.php [33m404 [0m1.553 ms - 1539[0m
[0mGET /help.php [33m404 [0m0.746 ms - 1539[0m
[0mGET /java.php [33m404 [0m1.398 ms - 1539[0m
[0mGET /_query.php [33m404 [0m0.661 ms - 1539[0m
[0mGET /test.php [33m404 [0m1.279 ms - 1539[0m
[0mGET /db_cts.php [33m404 [0m0.832 ms - 1539[0m
[0mGET /db_pma.php [33m404 [0m2.775 ms - 1539[0m
[0mGET /logon.php [33m404 [0m1.342 ms - 1539[0m
[0mGET /help-e.php [33m404 [0m0.757 ms - 1539[0m
[0mGET /license.php [33m404 [0m0.659 ms - 1539[0m
[0mGET /log.php [33m404 [0m0.761 ms - 1539[0m
[0mGET /hell.php [33m404 [0m0.815 ms - 1539[0m
[0mGET /pmd_online.php [33m404 [0m0.822 ms - 1539[0m
[0mGET /x.php [33m404 [0m0.796 ms - 1539[0m
[0mGET /shell.php [33m404 [0m1.931 ms - 1539[0m
[0mGET /htdocs.php [33m404 [0m0.816 ms - 1539[0m
[0mGET /desktop.ini.php [33m404 [0m0.647 ms - 1539[0m
[0mGET /z.php [33m404 [0m0.781 ms - 1539[0m
[0mGET /lala.php [33m404 [0m1.339 ms - 1539[0m
[0mGET /lala-dpr.php [33m404 [0m0.843 ms - 1539[0m
[0mGET /wpc.php [33m404 [0m0.783 ms - 1539[0m
[0mGET /wpo.php [33m404 [0m0.807 ms - 1539[0m
[0mGET /t6nv.php [33m404 [0m0.840 ms - 1539[0m
[0mGET /muhstik.php [33m404 [0m0.644 ms - 1539[0m
[0mGET /text.php [33m404 [0m0.735 ms - 1539[0m
[0mGET /wp-config.php [33m404 [0m0.785 ms - 1539[0m
[0mGET /muhstik.php [33m404 [0m1.287 ms - 1539[0m
[0mGET /muhstik2.php [33m404 [0m0.764 ms - 1539[0m
[0mGET /muhstiks.php [33m404 [0m0.816 ms - 1539[0m
[0mGET /muhstik-dpr.php [33m404 [0m0.657 ms - 1539[0m
[0mGET /lol.php [33m404 [0m0.759 ms - 1539[0m
[0mGET /uploader.php [33m404 [0m0.618 ms - 1539[0m
[0mGET /cmd.php [33m404 [0m0.851 ms - 1539[0m
[0mGET /cmv.php [33m404 [0m0.798 ms - 1539[0m
[0mGET /cmdd.php [33m404 [0m0.808 ms - 1539[0m
[0mGET /knal.php [33m404 [0m0.773 ms - 1539[0m
[0mGET /cmd.php [33m404 [0m0.721 ms - 1539[0m
[0mGET /shell.php [33m404 [0m0.719 ms - 1539[0m
[0mGET /appserv.php [33m404 [0m1.289 ms - 1539[0m
[0mGET /scripts/setup.php [33m404 [0m0.730 ms - 1539[0m
[0mGET /phpmyadmin/scripts/setup.php [33m404 [0m0.663 ms - 1539[0m
[0mGET /phpMyAdmin/scripts/setup.php [33m404 [0m0.790 ms - 1539[0m
[0mGET /phpmyadmin/scripts/db___.init.php [33m404 [0m0.774 ms - 1539[0m
[0mGET /phpMyAdmin/scripts/db___.init.php [33m404 [0m0.781 ms - 1539[0m
[0mGET /plugins/weathermap/editor.php [33m404 [0m0.847 ms - 1539[0m
[0mGET /cacti/plugins/weathermap/editor.php [33m404 [0m0.788 ms - 1539[0m
[0mGET /d7.php [33m404 [0m0.807 ms - 1539[0m
[0mGET /rxr.php [33m404 [0m0.835 ms - 1539[0m
[0mGET /1x.php [33m404 [0m0.822 ms - 1539[0m
[0mGET /undx.php [33m404 [0m0.820 ms - 1539[0m
[0mGET /spider.php [33m404 [0m0.768 ms - 1539[0m
[0mGET /payload.php [33m404 [0m0.823 ms - 1539[0m
[0mGET /composers.php [33m404 [0m0.805 ms - 1539[0m
[0mGET /izom.php [33m404 [0m0.821 ms - 1539[0m
[0mGET /composer.php [33m404 [0m0.800 ms - 1539[0m
[0mGET /hue2.php [33m404 [0m0.770 ms - 1539[0m
[0mGET /Drupal.php [33m404 [0m0.785 ms - 1539[0m
[0mGET /home.php [33m404 [0m0.827 ms - 1539[0m
[0mGET /lang.php?f=1 [33m404 [0m0.726 ms - 1539[0m
[0mGET /libraries/joomla/jmail.php?waled=1 [33m404 [0m0.773 ms - 1539[0m
[0mGET /libraries/joomla/jmails.php?waled=1 [33m404 [0m0.809 ms - 1539[0m
[0mGET /libraries/joomla/wl.php?0=1 [33m404 [0m0.809 ms - 1539[0m
[0mPOST /wuwu11.php [33m404 [0m15.070 ms - 1534[0m
[0mPOST /xw.php [33m404 [0m0.824 ms - 1534[0m
[0mPOST /xw1.php [33m404 [0m0.800 ms - 1534[0m
[0mPOST /9678.php [33m404 [0m0.824 ms - 1534[0m
[0mPOST /wc.php [33m404 [0m0.775 ms - 1534[0m
[0mPOST /xx.php [33m404 [0m1.334 ms - 1534[0m
[0mPOST /s.php [33m404 [0m0.852 ms - 1534[0m
[0mPOST /w.php [33m404 [0m1.085 ms - 1534[0m
[0mPOST /sheep.php [33m404 [0m0.810 ms - 1534[0m
[0mPOST /qaq.php [33m404 [0m0.758 ms - 1534[0m
[0mPOST /db.init.php [33m404 [0m0.751 ms - 1534[0m
[0mPOST /db_session.init.php [33m404 [0m0.741 ms - 1534[0m
[0mPOST /db__.init.php [33m404 [0m0.702 ms - 1534[0m
[0mPOST /wp-admins.php [33m404 [0m3.130 ms - 1534[0m
[0mPOST /m.php?pbid=open [33m404 [0m0.793 ms - 1534[0m
[0mPOST /099.php [33m404 [0m0.728 ms - 1534[0m
[0mPOST /_404.php [33m404 [0m0.645 ms - 1534[0m
[0mPOST /Alarg53.php [33m404 [0m0.813 ms - 1534[0m
[0mPOST /lapan.php [33m404 [0m0.783 ms - 1534[0m
[0mPOST /p34ky1337.php [33m404 [0m0.585 ms - 1534[0m
[0mPOST /pk1914.php [33m404 [0m0.873 ms - 1534[0m
[0mPOST /sllolx.php [33m404 [0m0.638 ms - 1534[0m
[0mPOST /Skri.php [33m404 [0m0.716 ms - 1534[0m
[0mPOST /db_dataml.php [33m404 [0m0.608 ms - 1534[0m
[0mPOST /db_desql.php [33m404 [0m1.328 ms - 1534[0m
[0mPOST /mx.php [33m404 [0m0.746 ms - 1534[0m
[0mPOST /wshell.php [33m404 [0m0.940 ms - 1534[0m
[0mPOST /xshell.php [33m404 [0m0.733 ms - 1534[0m
[0mPOST /qq.php [33m404 [0m0.608 ms - 1534[0m
[0mPOST /conflg.php [33m404 [0m0.802 ms - 1534[0m
[0mPOST /conflg.php [33m404 [0m0.618 ms - 1534[0m
[0mPOST /lindex.php [33m404 [0m1.134 ms - 1534[0m
[0mPOST /phpstudy.php [33m404 [0m0.742 ms - 1534[0m
[0mPOST /phpStudy.php [33m404 [0m1.203 ms - 1534[0m
[0mPOST /weixiao.php [33m404 [0m1.113 ms - 1534[0m
[0mPOST /feixiang.php [33m404 [0m1.255 ms - 1534[0m
[0mPOST /ak47.php [33m404 [0m1.736 ms - 1534[0m
[0mPOST /ak48.php [33m404 [0m0.796 ms - 1534[0m
[0mPOST /xiao.php [33m404 [0m1.480 ms - 1534[0m
[0mPOST /yao.php [33m404 [0m0.606 ms - 1534[0m
[0mPOST /defect.php [33m404 [0m1.452 ms - 1534[0m
[0mPOST /webslee.php [33m404 [0m1.154 ms - 1534[0m
[0mPOST /q.php [33m404 [0m1.225 ms - 1534[0m
[0mPOST /pe.php [33m404 [0m0.807 ms - 1534[0m
[0mPOST /hm.php [33m404 [0m1.264 ms - 1534[0m
[0mPOST /cainiao.php [33m404 [0m0.701 ms - 1534[0m
[0mPOST /zuoshou.php [33m404 [0m0.799 ms - 1534[0m
[0mPOST /zuo.php [33m404 [0m0.732 ms - 1534[0m
[0mPOST /aotu.php [33m404 [0m1.316 ms - 1534[0m
[0mPOST /aotu7.php [33m404 [0m0.777 ms - 1534[0m
[0mPOST /cmd.php [33m404 [0m0.710 ms - 1534[0m
[0mPOST /bak.php [33m404 [0m0.734 ms - 1534[0m
[0mPOST /system.php [33m404 [0m0.758 ms - 1534[0m
[0mPOST /l6.php [33m404 [0m0.741 ms - 1534[0m
[0mPOST /l7.php [33m404 [0m0.722 ms - 1534[0m
[0mPOST /l8.php [33m404 [0m0.727 ms - 1534[0m
[0mPOST /q.php [33m404 [0m0.693 ms - 1534[0m
[0mPOST /56.php [33m404 [0m0.783 ms - 1534[0m
[0mPOST /mz.php [33m404 [0m1.262 ms - 1534[0m
[0mPOST /xx.php [33m404 [0m2.050 ms - 1534[0m
[0mPOST /yumo.php [33m404 [0m1.235 ms - 1534[0m
[0mPOST /min.php [33m404 [0m1.543 ms - 1534[0m
[0mPOST /wan.php [33m404 [0m0.919 ms - 1534[0m
[0mPOST /wanan.php [33m404 [0m1.387 ms - 1534[0m
[0mPOST /ssaa.php [33m404 [0m0.964 ms - 1534[0m
[0mPOST /qq.php [33m404 [0m0.636 ms - 1534[0m
[0mPOST /aw.php [33m404 [0m1.474 ms - 1534[0m
[0mPOST /12.php [33m404 [0m0.728 ms - 1534[0m
[0mPOST /hh.php [33m404 [0m0.791 ms - 1534[0m
[0mPOST /ak.php [33m404 [0m1.275 ms - 1534[0m
[0mPOST /ip.php [33m404 [0m0.699 ms - 1534[0m
[0mPOST /infoo.php [33m404 [0m0.799 ms - 1534[0m
[0mPOST /qq.php [33m404 [0m1.253 ms - 1534[0m
[0mPOST /qwe.php [33m404 [0m0.744 ms - 1534[0m
[0mPOST /1213.php [33m404 [0m0.656 ms - 1534[0m
[0mPOST /post.php [33m404 [0m0.751 ms - 1534[0m
[0mPOST /aaaa.php [33m404 [0m1.255 ms - 1534[0m
[0mPOST /h1.php [33m404 [0m0.788 ms - 1534[0m
[0mPOST /test.php [33m404 [0m1.205 ms - 1534[0m
[0mPOST /3.php [33m404 [0m1.274 ms - 1534[0m
[0mPOST /phpinfi.php [33m404 [0m0.774 ms - 1534[0m
[0mPOST /9510.php [33m404 [0m0.739 ms - 1534[0m
[0mPOST /python.php [33m404 [0m0.788 ms - 1534[0m
[0mPOST /default.php [33m404 [0m0.865 ms - 1534[0m
[0mPOST /sean.php [33m404 [0m0.862 ms - 1534[0m
[0mPOST /app.php [33m404 [0m1.144 ms - 1534[0m
[0mPOST /help.php [33m404 [0m0.832 ms - 1534[0m
[0mPOST /tiandi.php [33m404 [0m0.782 ms - 1534[0m
[0mPOST /miao.php [33m404 [0m0.806 ms - 1534[0m
[0mPOST /xz.php [33m404 [0m0.829 ms - 1534[0m
[0mPOST /linuxse.php [33m404 [0m0.785 ms - 1534[0m
[0mPOST /zuoindex.php [33m404 [0m0.724 ms - 1534[0m
[0mPOST /zshmindex.php [33m404 [0m0.614 ms - 1534[0m
[0mPOST /tomcat.php [33m404 [0m0.701 ms - 1534[0m
[0mPOST /ceshi.php [33m404 [0m0.605 ms - 1534[0m
[0mPOST /1hou.php [33m404 [0m0.810 ms - 1534[0m
[0mPOST /ou2.php [33m404 [0m5.465 ms - 1534[0m
[0mPOST /zuos.php [33m404 [0m1.615 ms - 1534[0m
[0mPOST /zuoss.php [33m404 [0m0.749 ms - 1534[0m
[0mPOST /zuoshss.php [33m404 [0m0.772 ms - 1534[0m
[0mPOST /boots.php [33m404 [0m0.692 ms - 1534[0m
[0mPOST /she.php [33m404 [0m0.637 ms - 1534[0m
[0mPOST /s.php [33m404 [0m0.679 ms - 1534[0m
[0mPOST /qw.php [33m404 [0m1.217 ms - 1534[0m
[0mPOST /test.php [33m404 [0m0.700 ms - 1534[0m
[0mPOST /caonma.php [33m404 [0m1.142 ms - 1534[0m
[0mPOST /wcp.php [33m404 [0m0.663 ms - 1534[0m
[0mPOST /u.php [33m404 [0m0.775 ms - 1534[0m
[0mPOST /uuu.php [33m404 [0m1.328 ms - 1534[0m
[0mPOST /sss.php [33m404 [0m0.769 ms - 1534[0m
[0mPOST /ss.php [33m404 [0m1.484 ms - 1534[0m
[0mPOST /sss.php [33m404 [0m0.789 ms - 1534[0m
[0mPOST /mazi.php [33m404 [0m0.685 ms - 1534[0m
[0mPOST /phpini.php [33m404 [0m0.744 ms - 1534[0m
[0mPOST /1.php [33m404 [0m0.626 ms - 1534[0m
[0mPOST /2.php [33m404 [0m0.808 ms - 1534[0m
[0mPOST /core.php [33m404 [0m0.804 ms - 1534[0m
[0mPOST /qaz.php [33m404 [0m1.443 ms - 1534[0m
[0mPOST /sha.php [33m404 [0m0.738 ms - 1534[0m
[0mPOST /ppx.php [33m404 [0m0.701 ms - 1534[0m
[0mPOST /1.php [33m404 [0m0.734 ms - 1534[0m
[0mPOST /confg.php [33m404 [0m0.645 ms - 1534[0m
[0mPOST /conf1g.php [33m404 [0m0.673 ms - 1534[0m
[0mPOST /confg.php [33m404 [0m0.613 ms - 1534[0m
[0mPOST /confg.php [33m404 [0m0.724 ms - 1534[0m
[0mPOST /confg.php [33m404 [0m0.777 ms - 1534[0m
[0mPOST /ver.php [33m404 [0m0.741 ms - 1534[0m
[0mPOST /hack.php [33m404 [0m0.766 ms - 1534[0m
[0mPOST /qa.php [33m404 [0m1.141 ms - 1534[0m
[0mPOST /Ss.php [33m404 [0m2.380 ms - 1534[0m
[0mPOST /xxx.php [33m404 [0m0.781 ms - 1534[0m
[0mPOST /92.php [33m404 [0m0.780 ms - 1534[0m
[0mPOST /z.php [33m404 [0m0.717 ms - 1534[0m
[0mPOST /x.php [33m404 [0m0.764 ms - 1534[0m
[0mPOST /dexgp.php [33m404 [0m0.632 ms - 1534[0m
[0mPOST /nuoxi.php [33m404 [0m0.704 ms - 1534[0m
[0mPOST /godkey.php [33m404 [0m0.630 ms - 1534[0m
[0mPOST /okokok.php [33m404 [0m0.686 ms - 1534[0m
[0mPOST /erwa.php [33m404 [0m1.285 ms - 1534[0m
[0mPOST /pma.php [33m404 [0m1.854 ms - 1534[0m
[0mPOST /ruyi.php [33m404 [0m0.990 ms - 1534[0m
[0mPOST /51314.php [33m404 [0m1.451 ms - 1534[0m
[0mPOST /5201314.php [33m404 [0m0.736 ms - 1534[0m
[0mPOST /fusheng.php [33m404 [0m1.258 ms - 1534[0m
[0mPOST /general.php [33m404 [0m1.373 ms - 1534[0m
[0mPOST /repeat.php [33m404 [0m4.517 ms - 1534[0m
[0mPOST /ldw.php [33m404 [0m0.842 ms - 1534[0m
[0mPOST /api.php [33m404 [0m0.835 ms - 1534[0m
[0mPOST /s1.php [33m404 [0m0.714 ms - 1534[0m
[0mPOST /xiaodai.php [33m404 [0m1.354 ms - 1534[0m
[0mPOST /hello.php [33m404 [0m0.646 ms - 1534[0m
[0mPOST /hello.php [33m404 [0m0.710 ms - 1534[0m
[0mPOST /admn.php [33m404 [0m0.727 ms - 1534[0m
[0mPOST /hell.php [33m404 [0m0.748 ms - 1534[0m
[0mPOST /xp.php [33m404 [0m0.842 ms - 1534[0m
[0mPOST /1.php [33m404 [0m1.325 ms - 1534[0m
[0mPOST /2.php [33m404 [0m0.818 ms - 1534[0m
[0mPOST /p.php [33m404 [0m1.006 ms - 1534[0m
[0mPOST /1.php [33m404 [0m0.860 ms - 1534[0m
[0mPOST /a.php [33m404 [0m0.678 ms - 1534[0m
[0mPOST /m.php [33m404 [0m1.109 ms - 1534[0m
[0mPOST /conf.php [33m404 [0m0.786 ms - 1534[0m
[0mPOST /123.php [33m404 [0m2.786 ms - 1534[0m
[0mPOST /HX.php [33m404 [0m0.702 ms - 1534[0m
[0mPOST /diy.php [33m404 [0m0.703 ms - 1534[0m
[0mPOST /666.php [33m404 [0m0.621 ms - 1534[0m
[0mPOST /777.php [33m404 [0m1.594 ms - 1534[0m
[0mPOST /qwq.php [33m404 [0m1.130 ms - 1534[0m
[0mPOST /qwqw.php [33m404 [0m0.732 ms - 1534[0m
[0mPOST /.php [33m404 [0m0.698 ms - 1534[0m
[0mPOST /infos.php [33m404 [0m1.192 ms - 1534[0m
[0mPOST /x.php [33m404 [0m0.723 ms - 1534[0m
[0mPOST /lucky.php [33m404 [0m0.698 ms - 1534[0m
[0mPOST /htfr.php [33m404 [0m0.703 ms - 1534[0m
[0mPOST /zzk.php [33m404 [0m1.160 ms - 1534[0m
[0mPOST /toor.php [33m404 [0m1.668 ms - 1534[0m
[0mPOST /uu.php [33m404 [0m0.674 ms - 1534[0m
[0mPOST /aa.php [33m404 [0m0.746 ms - 1534[0m
[0mPOST /wb.php [33m404 [0m0.807 ms - 1534[0m
[0mPOST /yj.php [33m404 [0m3.621 ms - 1534[0m
[0mPOST /z.php [33m404 [0m0.780 ms - 1534[0m
[0mPOST /7.php [33m404 [0m0.689 ms - 1534[0m
[0mPOST /xiaoma.php [33m404 [0m0.771 ms - 1534[0m
[0mPOST /xiaomae.php [33m404 [0m0.598 ms - 1534[0m
[0mPOST /xiaomar.php [33m404 [0m0.712 ms - 1534[0m
[0mPOST /qq.php [33m404 [0m0.652 ms - 1534[0m
[0mPOST /data.php [33m404 [0m0.719 ms - 1534[0m
[0mPOST /log.php [33m404 [0m1.329 ms - 1534[0m
[0mPOST /fack.php [33m404 [0m0.829 ms - 1534[0m
[0mPOST /angge.php [33m404 [0m0.789 ms - 1534[0m
[0mPOST /cxfm666.php [33m404 [0m0.805 ms - 1534[0m
[0mPOST /db.php [33m404 [0m4.300 ms - 1534[0m
[0mPOST /hacly.php [33m404 [0m1.233 ms - 1534[0m
[0mPOST /xiaomo.php [33m404 [0m0.831 ms - 1534[0m
[0mPOST /xiaoyu.php [33m404 [0m0.656 ms - 1534[0m
[0mPOST /xiaohei.php [33m404 [0m0.776 ms - 1534[0m
[0mPOST /j.php [33m404 [0m0.650 ms - 1534[0m
[0mPOST /qq5262.php [33m404 [0m1.823 ms - 1534[0m
[0mPOST /lost.php [33m404 [0m1.276 ms - 1534[0m
[0mPOST /php.php [33m404 [0m0.778 ms - 1534[0m
[0mPOST /win.php [33m404 [0m0.739 ms - 1534[0m
[0mPOST /win1.php [33m404 [0m0.641 ms - 1534[0m
[0mPOST /linux.php [33m404 [0m0.762 ms - 1534[0m
[0mPOST /linux1.php [33m404 [0m1.079 ms - 1534[0m
[0mPOST /cc.php [33m404 [0m0.717 ms - 1534[0m
[0mPOST /x.php [33m404 [0m0.600 ms - 1534[0m
[0mPOST /lanke.php [33m404 [0m1.531 ms - 1534[0m
[0mPOST /neko.php [33m404 [0m0.599 ms - 1534[0m
[0mPOST /super.php [33m404 [0m0.768 ms - 1534[0m
[0mPOST /cere.php [33m404 [0m0.737 ms - 1534[0m
[0mPOST /aaa.php [33m404 [0m0.620 ms - 1534[0m
[0mPOST /Administrator.php [33m404 [0m0.700 ms - 1534[0m
[0mPOST /liangchen.php [33m404 [0m0.646 ms - 1534[0m
[0mPOST /lucky.php [33m404 [0m2.315 ms - 1534[0m
[0mPOST /meng.php [33m404 [0m1.647 ms - 1534[0m
[0mPOST /no.php [33m404 [0m1.267 ms - 1534[0m
[0mPOST /mysql.php [33m404 [0m0.673 ms - 1534[0m
[0mPOST /Updata.php [33m404 [0m0.678 ms - 1534[0m
[0mPOST /xxxx.php [33m404 [0m0.722 ms - 1534[0m
[0mPOST /guai.php [33m404 [0m1.581 ms - 1534[0m
[0mPOST /ljb.php [33m404 [0m0.752 ms - 1534[0m
[0mPOST /www.php [33m404 [0m0.592 ms - 1534[0m
[0mPOST /1.php [33m404 [0m0.714 ms - 1534[0m
[0mPOST /chaoda.php [33m404 [0m0.643 ms - 1534[0m
[0mPOST /qq.php [33m404 [0m0.701 ms - 1534[0m
[0mPOST /vuln1.php [33m404 [0m0.628 ms - 1534[0m
[0mPOST /orange.php [33m404 [0m0.729 ms - 1534[0m
[0mPOST /MCLi.php [33m404 [0m0.696 ms - 1534[0m
[0mPOST /MCLi.php [33m404 [0m0.624 ms - 1534[0m
[0mPOST /coon.php [33m404 [0m0.861 ms - 1534[0m
[0mPOST /1.php [33m404 [0m0.654 ms - 1534[0m
[0mPOST /d.php [33m404 [0m0.706 ms - 1534[0m
[0mPOST /zxc1.php [33m404 [0m0.784 ms - 1534[0m
[0mPOST /zxc0.php [33m404 [0m1.094 ms - 1534[0m
[0mPOST /zxc1.php [33m404 [0m0.850 ms - 1534[0m
[0mPOST /zxc2.php [33m404 [0m0.870 ms - 1534[0m
[0mPOST /indexa.php [33m404 [0m3.266 ms - 1534[0m
[0mPOST /lx.php [33m404 [0m0.942 ms - 1534[0m
[0mPOST /cn.php [33m404 [0m0.939 ms - 1534[0m
[0mPOST /api.php [33m404 [0m0.817 ms - 1534[0m
[0mPOST /index1.php [33m404 [0m0.789 ms - 1534[0m
[0mPOST /info.php [33m404 [0m0.838 ms - 1534[0m
[0mPOST /info1.php [33m404 [0m0.849 ms - 1534[0m
[0mPOST /aaaaaa1.php [33m404 [0m0.826 ms - 1534[0m
[0mPOST /up.php [33m404 [0m0.788 ms - 1534[0m
[0mPOST /test123.php [33m404 [0m0.814 ms - 1534[0m
[0mPOST /test123.php [33m404 [0m0.787 ms - 1534[0m
[0mPOST /fb.php [33m404 [0m1.294 ms - 1534[0m
[0mPOST /paylog.php [33m404 [0m0.809 ms - 1534[0m
[0mPOST /paylog.php [33m404 [0m0.785 ms - 1534[0m
[0mPOST /x.php [33m404 [0m1.292 ms - 1534[0m
[0mPOST /cnm.php [33m404 [0m1.818 ms - 1534[0m
[0mPOST /1ndex.php [33m404 [0m1.322 ms - 1534[0m
[0mPOST /51.php [33m404 [0m0.776 ms - 1534[0m
[0mPOST /cadre.php [33m404 [0m0.812 ms - 1534[0m
[0mPOST /mm.php [33m404 [0m0.790 ms - 1534[0m
[0mPOST /test.php [33m404 [0m0.555 ms - 1534[0m
[0mPOST /1q.php [33m404 [0m0.815 ms - 1534[0m
[0mPOST /1111.php [33m404 [0m0.802 ms - 1534[0m
[0mPOST /errors.php [33m404 [0m0.833 ms - 1534[0m
[0mPOST /q.php [33m404 [0m0.780 ms - 1534[0m
[0mPOST /lanyecn.php [33m404 [0m1.793 ms - 1534[0m
[0mPOST /mybestloves.php [33m404 [0m1.437 ms - 1534[0m
[0mGET /index.php [33m404 [0m1.334 ms - 1539[0m
[0mGET /phpmyadmin/index.php [33m404 [0m0.741 ms - 1539[0m
[0mGET /phpMyAdmin/index.php [33m404 [0m0.688 ms - 1539[0m
[0mGET /pmd/index.php [33m404 [0m0.749 ms - 1539[0m
[0mGET /pma/index.php [33m404 [0m0.648 ms - 1539[0m
[0mGET /PMA/index.php [33m404 [0m0.814 ms - 1539[0m
[0mGET /PMA2/index.php [33m404 [0m0.804 ms - 1539[0m
[0mGET /pmamy/index.php [33m404 [0m0.624 ms - 1539[0m
[0mGET /pmamy2/index.php [33m404 [0m0.636 ms - 1539[0m
[0mGET /mysql/index.php [33m404 [0m0.666 ms - 1539[0m
[0mGET /admin/index.php [33m404 [0m0.784 ms - 1539[0m
[0mGET /db/index.php [33m404 [0m2.630 ms - 1539[0m
[0mGET /dbadmin/index.php [33m404 [0m0.701 ms - 1539[0m
[0mGET /web/phpMyAdmin/index.php [33m404 [0m0.757 ms - 1539[0m
[0mGET /admin/pma/index.php [33m404 [0m0.576 ms - 1539[0m
[0mGET /admin/PMA/index.php [33m404 [0m0.812 ms - 1539[0m
[0mGET /admin/mysql/index.php [33m404 [0m0.790 ms - 1539[0m
[0mGET /admin/mysql2/index.php [33m404 [0m0.821 ms - 1539[0m
[0mGET /admin/phpmyadmin/index.php [33m404 [0m0.782 ms - 1539[0m
[0mGET /admin/phpMyAdmin/index.php [33m404 [0m0.835 ms - 1539[0m
[0mGET /admin/phpmyadmin2/index.php [33m404 [0m0.856 ms - 1539[0m
[0mGET /mysqladmin/index.php [33m404 [0m0.829 ms - 1539[0m
[0mGET /mysql-admin/index.php [33m404 [0m0.831 ms - 1539[0m
[0mGET /mysql_admin/index.php [33m404 [0m1.323 ms - 1539[0m
[0mGET /phpadmin/index.php [33m404 [0m0.875 ms - 1539[0m
[0mGET /phpAdmin/index.php [33m404 [0m1.241 ms - 1539[0m
[0mGET /phpmyadmin0/index.php [33m404 [0m0.883 ms - 1539[0m
[0mGET /phpmyadmin1/index.php [33m404 [0m0.885 ms - 1539[0m
[0mGET /phpmyadmin2/index.php [33m404 [0m0.823 ms - 1539[0m
[0mGET /phpMyAdmin-4.4.0/index.php [33m404 [0m0.857 ms - 1539[0m
[0mGET /myadmin/index.php [33m404 [0m0.832 ms - 1539[0m
[0mGET /myadmin2/index.php [33m404 [0m0.836 ms - 1539[0m
[0mGET /xampp/phpmyadmin/index.php [33m404 [0m0.835 ms - 1539[0m
[0mGET /phpMyadmin_bak/index.php [33m404 [0m0.840 ms - 1539[0m
[0mGET /www/phpMyAdmin/index.php [33m404 [0m0.884 ms - 1539[0m
[0mGET /tools/phpMyAdmin/index.php [33m404 [0m1.321 ms - 1539[0m
[0mGET /phpmyadmin-old/index.php [33m404 [0m0.761 ms - 1539[0m
[0mGET /phpMyAdminold/index.php [33m404 [0m0.820 ms - 1539[0m
[0mGET /phpMyAdmin.old/index.php [33m404 [0m0.863 ms - 1539[0m
[0mGET /pma-old/index.php [33m404 [0m1.375 ms - 1539[0m
[0mGET /claroline/phpMyAdmin/index.php [33m404 [0m0.850 ms - 1539[0m
[0mGET /typo3/phpmyadmin/index.php [33m404 [0m0.840 ms - 1539[0m
[0mGET /phpma/index.php [33m404 [0m0.835 ms - 1539[0m
[0mGET /phpmyadmin/phpmyadmin/index.php [33m404 [0m0.815 ms - 1539[0m
[0mGET /phpMyAdmin/phpMyAdmin/index.php [33m404 [0m0.847 ms - 1539[0m
[0mGET /phpMyAbmin/index.php [33m404 [0m0.889 ms - 1539[0m
[0mGET /phpMyAdmin__/index.php [33m404 [0m0.824 ms - 1539[0m
[0mGET /phpMyAdmin+++---/index.php [33m404 [0m0.644 ms - 1539[0m
[0mGET /v/index.php [33m404 [0m0.833 ms - 1539[0m
[0mGET /phpmyadm1n/index.php [33m404 [0m0.805 ms - 1539[0m
[0mGET /phpMyAdm1n/index.php [33m404 [0m0.775 ms - 1539[0m
[0mGET /shaAdmin/index.php [33m404 [0m0.661 ms - 1539[0m
[0mGET /phpMyadmi/index.php [33m404 [0m0.805 ms - 1539[0m
[0mGET /phpMyAdmion/index.php [33m404 [0m0.839 ms - 1539[0m
[0mGET /s/index.php [33m404 [0m0.676 ms - 1539[0m
[0mGET /MyAdmin/index.php [33m404 [0m0.897 ms - 1539[0m
[0mGET /phpMyAdmin1/index.php [33m404 [0m0.848 ms - 1539[0m
[0mGET /phpMyAdmin123/index.php [33m404 [0m0.784 ms - 1539[0m
[0mGET /pwd/index.php [33m404 [0m0.622 ms - 1539[0m
[0mGET /phpMyAdmina/index.php [33m404 [0m0.765 ms - 1539[0m
[0mGET /phpMydmin/index.php [33m404 [0m0.798 ms - 1539[0m
[0mGET /phpMyAdmins/index.php [33m404 [0m0.836 ms - 1539[0m
[0mGET /program/index.php [33m404 [0m0.831 ms - 1539[0m
[0mGET /shopdb/index.php [33m404 [0m0.832 ms - 1539[0m
[0mGET /phppma/index.php [33m404 [0m0.843 ms - 1539[0m
[0mGET /phpmy/index.php [33m404 [0m0.895 ms - 1539[0m
[0mGET /mysql/admin/index.php [33m404 [0m0.834 ms - 1539[0m
[0mGET /mysql/dbadmin/index.php [33m404 [0m0.806 ms - 1539[0m
[0mGET /mysql/sqlmanager/index.php [33m404 [0m0.819 ms - 1539[0m
[0mGET /mysql/mysqlmanager/index.php [33m404 [0m0.827 ms - 1539[0m
[0mGET /wp-content/plugins/portable-phpmyadmin/wp-pma-mod/index.php [33m404 [0m1.367 ms - 1539[0m
[0mGET /manager/html [33m404 [0m0.894 ms - 1539[0m
Killed
npm ERR! code ELIFECYCLE
npm ERR! errno 137
npm ERR! blogger@0.0.0 start: `PORT=80 node ./bin/www`
npm ERR! Exit status 137
npm ERR! 
npm ERR! Failed at the blogger@0.0.0 start script.
npm ERR! This is probably not a problem with npm. There is likely additional logging output above.

npm ERR! A complete log of this run can be found in:
npm ERR!     /home/bitnami/.npm/_logs/2019-03-12T22_23_31_728Z-debug.log

> blogger@0.0.0 start /home/bitnami/lab4/blogger
> PORT=80 node ./bin/www

(node:21718) DeprecationWarning: current URL string parser is deprecated, and will be removed in a future version. To use the new parser, pass option { useNewUrlParser: true } to MongoClient.connect.
Mongoose connected to mongodb://localhost/blogger
[0mGET / [32m200 [0m13.579 ms - 967[0m
[0mGET /stylesheets/style.css [32m200 [0m3.766 ms - 111[0m
[0mGET /bootstrap/css/fontawesome-all.css [33m404 [0m2.184 ms - 1539[0m
[0mGET /bootstrap/js/jquery.min.js [33m404 [0m1.114 ms - 1539[0m
[0mGET /bootstrap/js/bootstrap.min.js [32m200 [0m2.238 ms - 58072[0m
[0mGET /bootstrap/css/bootstrap.min.css [32m200 [0m5.928 ms - 155758[0m
[0mGET /bootstrap/js/bootstrap.min.js.map [32m200 [0m2.557 ms - 190253[0m
[0mGET /favicon.ico [33m404 [0m0.980 ms - 1539[0m
[0mGET /bootstrap/css/bootstrap.min.css.map [32m200 [0m3.137 ms - 625953[0m
[0mGET /blogList [32m200 [0m3.786 ms - 2223[0m
[0mGET /bootstrap/css/fontawesome-all.css [33m404 [0m0.929 ms - 1539[0m
[0mGET /bootstrap/css/bootstrap.min.css [36m304 [0m1.456 ms - -[0m
[0mGET /stylesheets/style.css [36m304 [0m1.668 ms - -[0m
[0mGET /bootstrap/js/jquery.min.js [33m404 [0m0.964 ms - 1539[0m
[0mGET /bootstrap/js/bootstrap.min.js [36m304 [0m0.323 ms - -[0m
[0mGET /bootstrap/js/jquery.min.js [33m404 [0m0.717 ms - 1539[0m
[0mGET /bootstrap/js/bootstrap.min.js.map [36m304 [0m0.349 ms - -[0m
[0mGET /bootstrap/css/bootstrap.min.css.map [36m304 [0m0.235 ms - -[0m
[0mGET / [36m304 [0m1.111 ms - -[0m
[0mGET /stylesheets/style.css [36m304 [0m0.380 ms - -[0m
[0mGET /bootstrap/css/bootstrap.min.css [36m304 [0m0.233 ms - -[0m
[0mGET /bootstrap/css/fontawesome-all.css [33m404 [0m0.902 ms - 1539[0m
[0mGET /bootstrap/js/bootstrap.min.js [36m304 [0m0.273 ms - -[0m
[0mGET /bootstrap/js/jquery.min.js [33m404 [0m0.663 ms - 1539[0m
[0mGET /bootstrap/css/bootstrap.min.css.map [36m304 [0m0.340 ms - -[0m
[0mGET /bootstrap/js/bootstrap.min.js.map [36m304 [0m0.386 ms - -[0m
[0mGET /blogList [36m304 [0m1.176 ms - -[0m
[0mGET /bootstrap/css/bootstrap.min.css [36m304 [0m0.519 ms - -[0m
[0mGET /stylesheets/style.css [36m304 [0m0.531 ms - -[0m
[0mGET /bootstrap/css/fontawesome-all.css [33m404 [0m0.654 ms - 1539[0m
[0mGET /bootstrap/js/jquery.min.js [33m404 [0m0.567 ms - 1539[0m
[0mGET /bootstrap/js/bootstrap.min.js [36m304 [0m0.235 ms - -[0m
[0mGET /bootstrap/js/jquery.min.js [33m404 [0m0.575 ms - 1539[0m
[0mGET /bootstrap/css/bootstrap.min.css.map [36m304 [0m0.237 ms - -[0m
[0mGET /bootstrap/js/bootstrap.min.js.map [36m304 [0m0.245 ms - -[0m
[0mGET /blogAdd [32m200 [0m1.876 ms - 952[0m
[0mGET /stylesheets/style.css [36m304 [0m0.299 ms - -[0m
[0mGET /bootstrap/css/bootstrap.min.css [36m304 [0m1.402 ms - -[0m
[0mGET /bootstrap/css/fontawesome-all.css [33m404 [0m1.959 ms - 1539[0m
[0mGET /bootstrap/js/jquery.min.js [33m404 [0m0.735 ms - 1539[0m
[0mGET /bootstrap/js/bootstrap.min.js [36m304 [0m0.296 ms - -[0m
[0mGET /bootstrap/js/bootstrap.min.js.map [36m304 [0m0.311 ms - -[0m
[0mGET /bootstrap/css/bootstrap.min.css.map [36m304 [0m0.241 ms - -[0m
[0mGET /blogList [36m304 [0m0.819 ms - -[0m
[0mGET /stylesheets/style.css [36m304 [0m0.478 ms - -[0m
[0mGET /bootstrap/css/bootstrap.min.css [36m304 [0m0.482 ms - -[0m
[0mGET /bootstrap/css/fontawesome-all.css [33m404 [0m0.590 ms - 1539[0m
[0mGET /bootstrap/js/jquery.min.js [33m404 [0m0.844 ms - 1539[0m
[0mGET /bootstrap/js/bootstrap.min.js [36m304 [0m0.884 ms - -[0m
[0mGET /bootstrap/js/jquery.min.js [33m404 [0m0.635 ms - 1539[0m
[0mGET /bootstrap/css/bootstrap.min.css.map [36m304 [0m0.243 ms - -[0m
[0mGET /bootstrap/js/bootstrap.min.js.map [36m304 [0m0.269 ms - -[0m

> blogger@0.0.0 start /home/bitnami/lab4/blogger
> PORT=80 node ./bin/www

(node:21969) DeprecationWarning: current URL string parser is deprecated, and will be removed in a future version. To use the new parser, pass option { useNewUrlParser: true } to MongoClient.connect.
Mongoose connected to mongodb://localhost/blogger
[0mGET / [36m304 [0m11.915 ms - -[0m
[0mGET /stylesheets/style.css [36m304 [0m1.877 ms - -[0m
[0mGET /bootstrap/css/bootstrap.min.css [36m304 [0m0.441 ms - -[0m
[0mGET /bootstrap/css/fontawesome-all.css [33m404 [0m2.376 ms - 1539[0m
[0mGET /bootstrap/js/jquery.min.js [33m404 [0m0.974 ms - 1539[0m
[0mGET /bootstrap/css/bootstrap.min.css.map [36m304 [0m0.748 ms - -[0m
[0mGET /bootstrap/js/bootstrap.min.js [36m304 [0m0.722 ms - -[0m
[0mGET /bootstrap/js/bootstrap.min.js.map [36m304 [0m0.295 ms - -[0m
Killed
npm ERR! code ELIFECYCLE
npm ERR! errno 137
npm ERR! blogger@0.0.0 start: `PORT=80 node ./bin/www`
npm ERR! Exit status 137
npm ERR! 
npm ERR! Failed at the blogger@0.0.0 start script.
npm ERR! This is probably not a problem with npm. There is likely additional logging output above.

npm ERR! A complete log of this run can be found in:
npm ERR!     /root/.npm/_logs/2019-03-16T14_58_11_079Z-debug.log
