
> blogger@0.0.0 start /home/bitnami/lab4/blogger
> PORT=80 node ./bin/www

/home/bitnami/lab4/blogger/node_modules/express/lib/router/index.js:458
      throw new TypeError('Router.use() requires middleware function but got a ' + gettype(fn));
      ^

TypeError: Router.use() requires middleware function but got a Object
    at Function.use (/home/bitnami/lab4/blogger/node_modules/express/lib/router/index.js:458:13)
    at Function.<anonymous> (/home/bitnami/lab4/blogger/node_modules/express/lib/application.js:220:21)
    at Array.forEach (<anonymous>)
    at Function.use (/home/bitnami/lab4/blogger/node_modules/express/lib/application.js:217:7)
    at Object.<anonymous> (/home/bitnami/lab4/blogger/app.js:27:5)
    at Module._compile (module.js:652:30)
    at Object.Module._extensions..js (module.js:663:10)
    at Module.load (module.js:565:32)
    at tryModuleLoad (module.js:505:12)
    at Function.Module._load (module.js:497:3)
    at Module.require (module.js:596:17)
    at require (internal/module.js:11:18)
    at Object.<anonymous> (/home/bitnami/lab4/blogger/bin/www:7:11)
    at Module._compile (module.js:652:30)
    at Object.Module._extensions..js (module.js:663:10)
    at Module.load (module.js:565:32)
npm ERR! code ELIFECYCLE
npm ERR! errno 1
npm ERR! blogger@0.0.0 start: `PORT=80 node ./bin/www`
npm ERR! Exit status 1
npm ERR! 
npm ERR! Failed at the blogger@0.0.0 start script.
npm ERR! This is probably not a problem with npm. There is likely additional logging output above.

npm ERR! A complete log of this run can be found in:
npm ERR!     /root/.npm/_logs/2019-03-25T22_49_26_443Z-debug.log

> blogger@0.0.0 start /home/bitnami/lab4/blogger
> PORT=80 node ./bin/www

flase
/home/bitnami/lab4/blogger/app_api/routes/index.js:10
console.lon()
        ^

TypeError: console.lon is not a function
    at Object.<anonymous> (/home/bitnami/lab4/blogger/app_api/routes/index.js:10:9)
    at Module._compile (module.js:652:30)
    at Object.Module._extensions..js (module.js:663:10)
    at Module.load (module.js:565:32)
    at tryModuleLoad (module.js:505:12)
    at Function.Module._load (module.js:497:3)
    at Module.require (module.js:596:17)
    at require (internal/module.js:11:18)
    at Object.<anonymous> (/home/bitnami/lab4/blogger/app.js:10:17)
    at Module._compile (module.js:652:30)
    at Object.Module._extensions..js (module.js:663:10)
    at Module.load (module.js:565:32)
    at tryModuleLoad (module.js:505:12)
    at Function.Module._load (module.js:497:3)
    at Module.require (module.js:596:17)
    at require (internal/module.js:11:18)
npm ERR! code ELIFECYCLE
npm ERR! errno 1
npm ERR! blogger@0.0.0 start: `PORT=80 node ./bin/www`
npm ERR! Exit status 1
npm ERR! 
npm ERR! Failed at the blogger@0.0.0 start script.
npm ERR! This is probably not a problem with npm. There is likely additional logging output above.

npm ERR! A complete log of this run can be found in:
npm ERR!     /root/.npm/_logs/2019-03-25T22_56_17_385Z-debug.log

> blogger@0.0.0 start /home/bitnami/lab4/blogger
> PORT=80 node ./bin/www

flase
/home/bitnami/lab4/blogger/node_modules/express/lib/router/index.js:458
      throw new TypeError('Router.use() requires middleware function but got a ' + gettype(fn));
      ^

TypeError: Router.use() requires middleware function but got a Object
    at Function.use (/home/bitnami/lab4/blogger/node_modules/express/lib/router/index.js:458:13)
    at Function.<anonymous> (/home/bitnami/lab4/blogger/node_modules/express/lib/application.js:220:21)
    at Array.forEach (<anonymous>)
    at Function.use (/home/bitnami/lab4/blogger/node_modules/express/lib/application.js:217:7)
    at Object.<anonymous> (/home/bitnami/lab4/blogger/app.js:27:5)
    at Module._compile (module.js:652:30)
    at Object.Module._extensions..js (module.js:663:10)
    at Module.load (module.js:565:32)
    at tryModuleLoad (module.js:505:12)
    at Function.Module._load (module.js:497:3)
    at Module.require (module.js:596:17)
    at require (internal/module.js:11:18)
    at Object.<anonymous> (/home/bitnami/lab4/blogger/bin/www:7:11)
    at Module._compile (module.js:652:30)
    at Object.Module._extensions..js (module.js:663:10)
    at Module.load (module.js:565:32)
npm ERR! code ELIFECYCLE
npm ERR! errno 1
npm ERR! blogger@0.0.0 start: `PORT=80 node ./bin/www`
npm ERR! Exit status 1
npm ERR! 
npm ERR! Failed at the blogger@0.0.0 start script.
npm ERR! This is probably not a problem with npm. There is likely additional logging output above.

npm ERR! A complete log of this run can be found in:
npm ERR!     /root/.npm/_logs/2019-03-25T22_56_46_429Z-debug.log

> blogger@0.0.0 start /home/bitnami/lab4/blogger
> PORT=80 node ./bin/www

flase
/home/bitnami/lab4/blogger/node_modules/express/lib/router/index.js:458
      throw new TypeError('Router.use() requires middleware function but got a ' + gettype(fn));
      ^

TypeError: Router.use() requires middleware function but got a Object
    at Function.use (/home/bitnami/lab4/blogger/node_modules/express/lib/router/index.js:458:13)
    at Function.<anonymous> (/home/bitnami/lab4/blogger/node_modules/express/lib/application.js:220:21)
    at Array.forEach (<anonymous>)
    at Function.use (/home/bitnami/lab4/blogger/node_modules/express/lib/application.js:217:7)
    at Object.<anonymous> (/home/bitnami/lab4/blogger/app.js:27:5)
    at Module._compile (module.js:652:30)
    at Object.Module._extensions..js (module.js:663:10)
    at Module.load (module.js:565:32)
    at tryModuleLoad (module.js:505:12)
    at Function.Module._load (module.js:497:3)
    at Module.require (module.js:596:17)
    at require (internal/module.js:11:18)
    at Object.<anonymous> (/home/bitnami/lab4/blogger/bin/www:7:11)
    at Module._compile (module.js:652:30)
    at Object.Module._extensions..js (module.js:663:10)
    at Module.load (module.js:565:32)
npm ERR! code ELIFECYCLE
npm ERR! errno 1
npm ERR! blogger@0.0.0 start: `PORT=80 node ./bin/www`
npm ERR! Exit status 1
npm ERR! 
npm ERR! Failed at the blogger@0.0.0 start script.
npm ERR! This is probably not a problem with npm. There is likely additional logging output above.

npm ERR! A complete log of this run can be found in:
npm ERR!     /root/.npm/_logs/2019-03-25T22_58_50_808Z-debug.log

> blogger@0.0.0 start /home/bitnami/lab4/blogger
> PORT=80 node ./bin/www

true
/home/bitnami/lab4/blogger/node_modules/express/lib/router/index.js:458
      throw new TypeError('Router.use() requires middleware function but got a ' + gettype(fn));
      ^

TypeError: Router.use() requires middleware function but got a Object
    at Function.use (/home/bitnami/lab4/blogger/node_modules/express/lib/router/index.js:458:13)
    at Function.<anonymous> (/home/bitnami/lab4/blogger/node_modules/express/lib/application.js:220:21)
    at Array.forEach (<anonymous>)
    at Function.use (/home/bitnami/lab4/blogger/node_modules/express/lib/application.js:217:7)
    at Object.<anonymous> (/home/bitnami/lab4/blogger/app.js:27:5)
    at Module._compile (module.js:652:30)
    at Object.Module._extensions..js (module.js:663:10)
    at Module.load (module.js:565:32)
    at tryModuleLoad (module.js:505:12)
    at Function.Module._load (module.js:497:3)
    at Module.require (module.js:596:17)
    at require (internal/module.js:11:18)
    at Object.<anonymous> (/home/bitnami/lab4/blogger/bin/www:7:11)
    at Module._compile (module.js:652:30)
    at Object.Module._extensions..js (module.js:663:10)
    at Module.load (module.js:565:32)
npm ERR! code ELIFECYCLE
npm ERR! errno 1
npm ERR! blogger@0.0.0 start: `PORT=80 node ./bin/www`
npm ERR! Exit status 1
npm ERR! 
npm ERR! Failed at the blogger@0.0.0 start script.
npm ERR! This is probably not a problem with npm. There is likely additional logging output above.

npm ERR! A complete log of this run can be found in:
npm ERR!     /root/.npm/_logs/2019-03-25T23_00_28_954Z-debug.log

> blogger@0.0.0 start /home/bitnami/lab4/blogger
> PORT=80 node ./bin/www

true
Mongoose connected to mongodb://localhost/Blogger
[0mGET /news/wp-login.php [33m404 [0m16.474 ms - 1539[0m
[0mGET / [32m200 [0m3.694 ms - 967[0m
[0mGET /favicon.ico [33m404 [0m1.267 ms - 1539[0m
[0mGET /shop/wp-login.php [33m404 [0m0.952 ms - 1539[0m
[0mGET / [32m200 [0m1.628 ms - 967[0m
[0mGET / [32m200 [0m0.447 ms - 967[0m
[0mGET /1/wp-login.php [33m404 [0m0.926 ms - 1539[0m
[0mGET / [32m200 [0m0.692 ms - 967[0m
[0mGET /test/wp-login.php [33m404 [0m0.887 ms - 1539[0m
[0mGET / [32m200 [0m0.752 ms - 967[0m
[0mPOST /App9e7f4934.php [33m404 [0m18.238 ms - 1534[0m
[0mPROPFIND / [33m404 [0m0.601 ms - 1534[0m
[0mGET /webdav/ [33m404 [0m0.655 ms - 1539[0m
[0mGET /help.php [33m404 [0m0.702 ms - 1539[0m
[0mGET /java.php [33m404 [0m0.625 ms - 1539[0m
[0mGET /test.php [33m404 [0m0.859 ms - 1539[0m
[0mGET /db_cts.php [33m404 [0m0.770 ms - 1539[0m
[0mGET /db_pma.php [33m404 [0m0.731 ms - 1539[0m
[0mGET /logon.php [33m404 [0m0.670 ms - 1539[0m
[0mGET /help-e.php [33m404 [0m1.261 ms - 1539[0m
[0mGET /license.php [33m404 [0m0.695 ms - 1539[0m
[0mGET /log.php [33m404 [0m0.830 ms - 1539[0m
[0mGET /hell.php [33m404 [0m0.716 ms - 1539[0m
[0mGET /pmd_online.php [33m404 [0m0.745 ms - 1539[0m
[0mGET /x.php [33m404 [0m0.742 ms - 1539[0m
[0mGET /shell.php [33m404 [0m0.791 ms - 1539[0m
[0mGET /htdocs.php [33m404 [0m0.802 ms - 1539[0m
[0mGET /desktop.ini.php [33m404 [0m0.877 ms - 1539[0m
[0mGET /z.php [33m404 [0m0.973 ms - 1539[0m
[0mGET /lala.php [33m404 [0m0.810 ms - 1539[0m
[0mGET /lala-dpr.php [33m404 [0m0.728 ms - 1539[0m
[0mGET /wpc.php [33m404 [0m1.777 ms - 1539[0m
[0mGET /wpo.php [33m404 [0m0.655 ms - 1539[0m
[0mGET /t6nv.php [33m404 [0m0.627 ms - 1539[0m
[0mGET /muhstik.php [33m404 [0m0.592 ms - 1539[0m
[0mGET /text.php [33m404 [0m0.870 ms - 1539[0m
[0mGET /wp-config.php [33m404 [0m0.823 ms - 1539[0m
[0mGET /muhstik.php [33m404 [0m0.830 ms - 1539[0m
[0mGET /muhstik2.php [33m404 [0m0.749 ms - 1539[0m
[0mGET /muhstiks.php [33m404 [0m0.590 ms - 1539[0m
[0mGET /muhstik-dpr.php [33m404 [0m0.819 ms - 1539[0m
[0mGET /lol.php [33m404 [0m0.649 ms - 1539[0m
[0mGET /uploader.php [33m404 [0m0.702 ms - 1539[0m
[0mGET /cmd.php [33m404 [0m1.136 ms - 1539[0m
[0mGET /cmv.php [33m404 [0m0.730 ms - 1539[0m
[0mGET /cmdd.php [33m404 [0m0.901 ms - 1539[0m
[0mGET /knal.php [33m404 [0m0.779 ms - 1539[0m
[0mGET /cmd.php [33m404 [0m0.674 ms - 1539[0m
[0mGET /shell.php [33m404 [0m0.751 ms - 1539[0m
[0mGET /appserv.php [33m404 [0m0.793 ms - 1539[0m
[0mGET /scripts/setup.php [33m404 [0m0.783 ms - 1539[0m
[0mGET /phpmyadmin/scripts/setup.php [33m404 [0m0.926 ms - 1539[0m
[0mGET /phpMyAdmin/scripts/setup.php [33m404 [0m0.810 ms - 1539[0m
[0mGET /phpmyadmin/scripts/db___.init.php [33m404 [0m0.735 ms - 1539[0m
[0mGET /phpMyAdmin/scripts/db___.init.php [33m404 [0m0.769 ms - 1539[0m
[0mGET /plugins/weathermap/editor.php [33m404 [0m1.477 ms - 1539[0m
[0mGET /cacti/plugins/weathermap/editor.php [33m404 [0m0.758 ms - 1539[0m
[0mGET /index.php?s=/index/\think\app/invokefunction&function=call_user_func_array&vars[0]=md5&vars[1][]=HelloThinkPHP [33m404 [0m1.071 ms - 1539[0m
[0mGET /d7.php [33m404 [0m0.812 ms - 1539[0m
[0mGET /rxr.php [33m404 [0m0.846 ms - 1539[0m
[0mGET /1x.php [33m404 [0m0.759 ms - 1539[0m
[0mGET /home.php [33m404 [0m0.775 ms - 1539[0m
[0mGET /undx.php [33m404 [0m0.908 ms - 1539[0m
[0mGET /spider.php [33m404 [0m0.785 ms - 1539[0m
[0mGET /payload.php [33m404 [0m0.759 ms - 1539[0m
[0mGET /composers.php [33m404 [0m0.764 ms - 1539[0m
[0mGET /izom.php [33m404 [0m0.745 ms - 1539[0m
[0mGET /composer.php [33m404 [0m0.796 ms - 1539[0m
[0mGET /hue2.php [33m404 [0m0.860 ms - 1539[0m
[0mGET /Drupal.php [33m404 [0m0.862 ms - 1539[0m
[0mGET /lang.php?f=1 [33m404 [0m0.726 ms - 1539[0m
[0mGET /izom.php [33m404 [0m0.665 ms - 1539[0m
[0mGET /payload.php [33m404 [0m0.590 ms - 1539[0m
[0mGET /new_license.php [33m404 [0m0.662 ms - 1539[0m
[0mGET /libraries/joomla/jmail.php?waled=1 [33m404 [0m0.669 ms - 1539[0m
[0mGET /libraries/joomla/jmails.php?waled=1 [33m404 [0m0.625 ms - 1539[0m
[0mGET /libraries/joomla/wl.php?0=1 [33m404 [0m0.714 ms - 1539[0m
[0mGET /images/vuln.php [33m404 [0m1.118 ms - 1539[0m
[0mPOST /wuwu11.php [33m404 [0m1.544 ms - 1534[0m
[0mPOST /xw.php [33m404 [0m0.818 ms - 1534[0m
[0mPOST /xw1.php [33m404 [0m0.858 ms - 1534[0m
[0mPOST /9678.php [33m404 [0m0.842 ms - 1534[0m
[0mPOST /wc.php [33m404 [0m0.874 ms - 1534[0m
[0mPOST /xx.php [33m404 [0m0.821 ms - 1534[0m
[0mPOST /w.php [33m404 [0m0.956 ms - 1534[0m
[0mPOST /sheep.php [33m404 [0m0.557 ms - 1534[0m
[0mPOST /qaq.php [33m404 [0m0.585 ms - 1534[0m
[0mPOST /db.init.php [33m404 [0m0.573 ms - 1534[0m
[0mPOST /db_session.init.php [33m404 [0m0.657 ms - 1534[0m
[0mPOST /db__.init.php [33m404 [0m0.770 ms - 1534[0m
[0mPOST /wp-admins.php [33m404 [0m1.126 ms - 1534[0m
[0mPOST /m.php?pbid=open [33m404 [0m0.597 ms - 1534[0m
[0mPOST /099.php [33m404 [0m0.542 ms - 1534[0m
[0mPOST /_404.php [33m404 [0m0.734 ms - 1534[0m
[0mPOST /Alarg53.php [33m404 [0m0.741 ms - 1534[0m
[0mPOST /lapan.php [33m404 [0m0.715 ms - 1534[0m
[0mPOST /p34ky1337.php [33m404 [0m0.707 ms - 1534[0m
[0mPOST /pk1914.php [33m404 [0m0.636 ms - 1534[0m
[0mPOST /sllolx.php [33m404 [0m0.634 ms - 1534[0m
[0mPOST /Skri.php [33m404 [0m0.634 ms - 1534[0m
[0mPOST /db_dataml.php [33m404 [0m0.589 ms - 1534[0m
[0mPOST /db_desql.php [33m404 [0m0.600 ms - 1534[0m
[0mPOST /mx.php [33m404 [0m1.251 ms - 1534[0m
[0mPOST /wshell.php [33m404 [0m0.619 ms - 1534[0m
[0mPOST /qq.php [33m404 [0m0.869 ms - 1534[0m
[0mPOST /conflg.php [33m404 [0m0.592 ms - 1534[0m
[0mPOST /conflg.php [33m404 [0m0.536 ms - 1534[0m
[0mPOST /lindex.php [33m404 [0m0.549 ms - 1534[0m
[0mPOST /phpstudy.php [33m404 [0m0.599 ms - 1534[0m
[0mPOST /phpStudy.php [33m404 [0m0.763 ms - 1534[0m
[0mPOST /weixiao.php [33m404 [0m0.537 ms - 1534[0m
[0mPOST /feixiang.php [33m404 [0m0.521 ms - 1534[0m
[0mPOST /ak47.php [33m404 [0m0.698 ms - 1534[0m
[0mPOST /ak48.php [33m404 [0m0.584 ms - 1534[0m
[0mPOST /xiao.php [33m404 [0m6.008 ms - 1534[0m
[0mPOST /yao.php [33m404 [0m0.617 ms - 1534[0m
[0mPOST /defect.php [33m404 [0m0.723 ms - 1534[0m
[0mPOST /webslee.php [33m404 [0m8.705 ms - 1534[0m
[0mPOST /q.php [33m404 [0m0.725 ms - 1534[0m
[0mPOST /pe.php [33m404 [0m0.792 ms - 1534[0m
[0mPOST /hm.php [33m404 [0m0.738 ms - 1534[0m
[0mPOST /cainiao.php [33m404 [0m0.742 ms - 1534[0m
[0mPOST /zuoshou.php [33m404 [0m0.732 ms - 1534[0m
[0mPOST /aotu.php [33m404 [0m0.888 ms - 1534[0m
[0mPOST /aotu7.php [33m404 [0m0.692 ms - 1534[0m
[0mPOST /cmd.php [33m404 [0m0.647 ms - 1534[0m
[0mPOST /bak.php [33m404 [0m1.204 ms - 1534[0m
[0mPOST /system.php [33m404 [0m0.578 ms - 1534[0m
[0mPOST /l6.php [33m404 [0m0.544 ms - 1534[0m
[0mPOST /l7.php [33m404 [0m0.632 ms - 1534[0m
[0mPOST /l8.php [33m404 [0m0.712 ms - 1534[0m
[0mPOST /q.php [33m404 [0m0.699 ms - 1534[0m
[0mPOST /56.php [33m404 [0m0.759 ms - 1534[0m
[0mPOST /mz.php [33m404 [0m0.741 ms - 1534[0m
[0mPOST /xx.php [33m404 [0m0.665 ms - 1534[0m
[0mPOST /yumo.php [33m404 [0m0.708 ms - 1534[0m
[0mPOST /wan.php [33m404 [0m1.105 ms - 1534[0m
[0mPOST /wanan.php [33m404 [0m0.895 ms - 1534[0m
[0mPOST /qq.php [33m404 [0m0.831 ms - 1534[0m
[0mPOST /aw.php [33m404 [0m0.914 ms - 1534[0m
[0mPOST /12.php [33m404 [0m0.828 ms - 1534[0m
[0mPOST /hh.php [33m404 [0m0.859 ms - 1534[0m
[0mPOST /ak.php [33m404 [0m0.816 ms - 1534[0m
[0mPOST /ip.php [33m404 [0m0.687 ms - 1534[0m
[0mPOST /infoo.php [33m404 [0m0.793 ms - 1534[0m
[0mPOST /qq.php [33m404 [0m0.686 ms - 1534[0m
[0mPOST /qwe.php [33m404 [0m0.940 ms - 1534[0m
[0mPOST /1213.php [33m404 [0m0.848 ms - 1534[0m
[0mPOST /post.php [33m404 [0m0.881 ms - 1534[0m
[0mPOST /aaaa.php [33m404 [0m0.559 ms - 1534[0m
[0mPOST /h1.php [33m404 [0m1.137 ms - 1534[0m
[0mPOST /test.php [33m404 [0m0.581 ms - 1534[0m
[0mPOST /3.php [33m404 [0m0.619 ms - 1534[0m
[0mPOST /phpinfi.php [33m404 [0m0.685 ms - 1534[0m
[0mPOST /9510.php [33m404 [0m0.654 ms - 1534[0m
[0mPOST /python.php [33m404 [0m0.662 ms - 1534[0m
[0mPOST /default.php [33m404 [0m0.702 ms - 1534[0m
[0mPOST /sean.php [33m404 [0m0.630 ms - 1534[0m
[0mPOST /app.php [33m404 [0m0.632 ms - 1534[0m
[0mPOST /help.php [33m404 [0m0.576 ms - 1534[0m
[0mPOST /tiandi.php [33m404 [0m0.598 ms - 1534[0m
[0mPOST /miao.php [33m404 [0m0.606 ms - 1534[0m
[0mPOST /xz.php [33m404 [0m1.093 ms - 1534[0m
[0mPOST /linuxse.php [33m404 [0m0.626 ms - 1534[0m
[0mPOST /zuoindex.php [33m404 [0m0.635 ms - 1534[0m
[0mPOST /zshmindex.php [33m404 [0m0.657 ms - 1534[0m
[0mPOST /tomcat.php [33m404 [0m0.610 ms - 1534[0m
[0mPOST /ceshi.php [33m404 [0m0.807 ms - 1534[0m
[0mPOST /1hou.php [33m404 [0m0.775 ms - 1534[0m
[0mPOST /ou2.php [33m404 [0m0.690 ms - 1534[0m
[0mPOST /zuos.php [33m404 [0m0.687 ms - 1534[0m
[0mPOST /zuoss.php [33m404 [0m0.763 ms - 1534[0m
[0mPOST /zuoshss.php [33m404 [0m0.708 ms - 1534[0m
[0mPOST /boots.php [33m404 [0m0.617 ms - 1534[0m
[0mPOST /she.php [33m404 [0m0.624 ms - 1534[0m
[0mPOST /s.php [33m404 [0m0.584 ms - 1534[0m
[0mPOST /qw.php [33m404 [0m0.685 ms - 1534[0m
[0mPOST /test.php [33m404 [0m0.925 ms - 1534[0m
[0mPOST /caonma.php [33m404 [0m0.809 ms - 1534[0m
[0mPOST /wcp.php [33m404 [0m0.770 ms - 1534[0m
[0mPOST /u.php [33m404 [0m0.723 ms - 1534[0m
[0mPOST /uuu.php [33m404 [0m0.823 ms - 1534[0m
[0mPOST /sss.php [33m404 [0m0.763 ms - 1534[0m
[0mPOST /ss.php [33m404 [0m0.890 ms - 1534[0m
[0mPOST /sss.php [33m404 [0m0.788 ms - 1534[0m
[0mPOST /mazi.php [33m404 [0m1.519 ms - 1534[0m
[0mPOST /phpini.php [33m404 [0m0.765 ms - 1534[0m
[0mPOST /1.php [33m404 [0m0.717 ms - 1534[0m
[0mPOST /core.php [33m404 [0m1.127 ms - 1534[0m
[0mPOST /qaz.php [33m404 [0m0.775 ms - 1534[0m
[0mPOST /sha.php [33m404 [0m0.914 ms - 1534[0m
[0mPOST /ppx.php [33m404 [0m0.724 ms - 1534[0m
[0mPOST /1.php [33m404 [0m0.723 ms - 1534[0m
[0mPOST /confg.php [33m404 [0m0.794 ms - 1534[0m
[0mPOST /conf1g.php [33m404 [0m0.805 ms - 1534[0m
[0mPOST /confg.php [33m404 [0m0.844 ms - 1534[0m
[0mPOST /confg.php [33m404 [0m0.700 ms - 1534[0m
[0mPOST /confg.php [33m404 [0m1.474 ms - 1534[0m
[0mPOST /ver.php [33m404 [0m0.551 ms - 1534[0m
[0mPOST /hack.php [33m404 [0m0.562 ms - 1534[0m
[0mPOST /qa.php [33m404 [0m0.572 ms - 1534[0m
[0mPOST /Ss.php [33m404 [0m0.546 ms - 1534[0m
[0mPOST /xxx.php [33m404 [0m0.564 ms - 1534[0m
[0mPOST /92.php [33m404 [0m0.589 ms - 1534[0m
[0mPOST /z.php [33m404 [0m0.786 ms - 1534[0m
[0mPOST /x.php [33m404 [0m0.654 ms - 1534[0m
[0mPOST /dexgp.php [33m404 [0m0.583 ms - 1534[0m
[0mPOST /nuoxi.php [33m404 [0m0.570 ms - 1534[0m
[0mPOST /godkey.php [33m404 [0m0.621 ms - 1534[0m
[0mPOST /okokok.php [33m404 [0m1.301 ms - 1534[0m
[0mPOST /erwa.php [33m404 [0m0.606 ms - 1534[0m
[0mPOST /pma.php [33m404 [0m0.776 ms - 1534[0m
[0mPOST /ruyi.php [33m404 [0m0.710 ms - 1534[0m
[0mPOST /5201314.php [33m404 [0m3.391 ms - 1534[0m
[0mPOST /fusheng.php [33m404 [0m0.864 ms - 1534[0m
[0mPOST /general.php [33m404 [0m0.832 ms - 1534[0m
[0mPOST /repeat.php [33m404 [0m0.792 ms - 1534[0m
[0mPOST /ldw.php [33m404 [0m0.854 ms - 1534[0m
[0mPOST /api.php [33m404 [0m0.775 ms - 1534[0m
[0mPOST /s1.php [33m404 [0m0.821 ms - 1534[0m
[0mPOST /xiaodai.php [33m404 [0m1.534 ms - 1534[0m
[0mPOST /hello.php [33m404 [0m0.877 ms - 1534[0m
[0mPOST /hello.php [33m404 [0m0.810 ms - 1534[0m
[0mPOST /admn.php [33m404 [0m0.683 ms - 1534[0m
[0mPOST /hell.php [33m404 [0m0.633 ms - 1534[0m
[0mPOST /xp.php [33m404 [0m0.660 ms - 1534[0m
[0mPOST /1.php [33m404 [0m0.791 ms - 1534[0m
[0mPOST /2.php [33m404 [0m0.832 ms - 1534[0m
[0mPOST /p.php [33m404 [0m0.577 ms - 1534[0m
[0mPOST /1.php [33m404 [0m0.513 ms - 1534[0m
[0mPOST /a.php [33m404 [0m0.596 ms - 1534[0m
[0mPOST /m.php [33m404 [0m0.635 ms - 1534[0m
[0mPOST /conf.php [33m404 [0m1.143 ms - 1534[0m
[0mPOST /123.php [33m404 [0m0.651 ms - 1534[0m
[0mPOST /HX.php [33m404 [0m0.575 ms - 1534[0m
[0mPOST /diy.php [33m404 [0m0.591 ms - 1534[0m
[0mPOST /666.php [33m404 [0m3.527 ms - 1534[0m
[0mPOST /777.php [33m404 [0m0.565 ms - 1534[0m
[0mPOST /qwq.php [33m404 [0m0.587 ms - 1534[0m
[0mPOST /qwqw.php [33m404 [0m0.585 ms - 1534[0m
[0mPOST /.php [33m404 [0m0.696 ms - 1534[0m
[0mPOST /infos.php [33m404 [0m0.616 ms - 1534[0m
[0mPOST /x.php [33m404 [0m0.610 ms - 1534[0m
[0mPOST /lucky.php [33m404 [0m0.760 ms - 1534[0m
[0mPOST /htfr.php [33m404 [0m1.422 ms - 1534[0m
[0mPOST /zzk.php [33m404 [0m0.690 ms - 1534[0m
[0mPOST /toor.php [33m404 [0m0.736 ms - 1534[0m
[0mPOST /uu.php [33m404 [0m0.741 ms - 1534[0m
[0mPOST /aa.php [33m404 [0m0.626 ms - 1534[0m
[0mPOST /wb.php [33m404 [0m0.588 ms - 1534[0m
[0mPOST /yj.php [33m404 [0m0.599 ms - 1534[0m
[0mPOST /z.php [33m404 [0m0.575 ms - 1534[0m
[0mPOST /7.php [33m404 [0m0.546 ms - 1534[0m
[0mPOST /xiaoma.php [33m404 [0m0.863 ms - 1534[0m
[0mPOST /xiaomae.php [33m404 [0m0.550 ms - 1534[0m
[0mPOST /xiaomar.php [33m404 [0m0.608 ms - 1534[0m
[0mPOST /qq.php [33m404 [0m1.119 ms - 1534[0m
[0mPOST /data.php [33m404 [0m0.560 ms - 1534[0m
[0mPOST /log.php [33m404 [0m0.788 ms - 1534[0m
[0mPOST /fack.php [33m404 [0m0.651 ms - 1534[0m
[0mPOST /angge.php [33m404 [0m0.708 ms - 1534[0m
[0mPOST /cxfm666.php [33m404 [0m0.790 ms - 1534[0m
[0mPOST /db.php [33m404 [0m0.791 ms - 1534[0m
[0mPOST /hacly.php [33m404 [0m0.620 ms - 1534[0m
[0mPOST /xiaomo.php [33m404 [0m0.761 ms - 1534[0m
[0mPOST /xiaoyu.php [33m404 [0m0.775 ms - 1534[0m
[0mPOST /xiaohei.php [33m404 [0m0.682 ms - 1534[0m
[0mPOST /j.php [33m404 [0m0.732 ms - 1534[0m
[0mPOST /lost.php [33m404 [0m1.368 ms - 1534[0m
[0mPOST /php.php [33m404 [0m0.756 ms - 1534[0m
[0mPOST /win.php [33m404 [0m0.779 ms - 1534[0m
[0mPOST /win1.php [33m404 [0m0.772 ms - 1534[0m
[0mPOST /linux.php [33m404 [0m0.891 ms - 1534[0m
[0mPOST /linux1.php [33m404 [0m0.780 ms - 1534[0m
[0mPOST /cc.php [33m404 [0m0.646 ms - 1534[0m
[0mPOST /x.php [33m404 [0m6.332 ms - 1534[0m
[0mPOST /lanke.php [33m404 [0m0.618 ms - 1534[0m
[0mPOST /neko.php [33m404 [0m0.615 ms - 1534[0m
[0mPOST /super.php [33m404 [0m0.650 ms - 1534[0m
[0mPOST /cere.php [33m404 [0m0.692 ms - 1534[0m
[0mPOST /aaa.php [33m404 [0m1.137 ms - 1534[0m
[0mPOST /Administrator.php [33m404 [0m0.684 ms - 1534[0m
[0mPOST /liangchen.php [33m404 [0m0.627 ms - 1534[0m
[0mPOST /lucky.php [33m404 [0m0.595 ms - 1534[0m
[0mPOST /meng.php [33m404 [0m0.568 ms - 1534[0m
[0mPOST /no.php [33m404 [0m0.568 ms - 1534[0m
[0mPOST /mysql.php [33m404 [0m0.584 ms - 1534[0m
[0mPOST /Updata.php [33m404 [0m0.564 ms - 1534[0m
[0mPOST /xxxx.php [33m404 [0m0.620 ms - 1534[0m
[0mPOST /guai.php [33m404 [0m0.555 ms - 1534[0m
[0mPOST /ljb.php [33m404 [0m0.654 ms - 1534[0m
[0mPOST /www.php [33m404 [0m0.540 ms - 1534[0m
[0mPOST /1.php [33m404 [0m0.655 ms - 1534[0m
[0mPOST /chaoda.php [33m404 [0m0.799 ms - 1534[0m
[0mPOST /qq.php [33m404 [0m0.626 ms - 1534[0m
[0mPOST /vuln1.php [33m404 [0m0.781 ms - 1534[0m
[0mPOST /orange.php [33m404 [0m0.596 ms - 1534[0m
[0mPOST /erba.php [33m404 [0m0.600 ms - 1534[0m
[0mPOST /link.php [33m404 [0m0.673 ms - 1534[0m
[0mPOST /linkr.php [33m404 [0m0.758 ms - 1534[0m
[0mPOST /linkx.php [33m404 [0m0.716 ms - 1534[0m
[0mPOST /kvast.php [33m404 [0m0.699 ms - 1534[0m
[0mPOST /xiaobin.php [33m404 [0m0.685 ms - 1534[0m
[0mPOST /ppp.php [33m404 [0m1.437 ms - 1534[0m
[0mPOST /lm.php [33m404 [0m0.727 ms - 1534[0m
[0mPOST /zzz.php [33m404 [0m0.927 ms - 1534[0m
[0mPOST /520.php [33m404 [0m0.800 ms - 1534[0m
[0mPOST /lmn.php [33m404 [0m0.881 ms - 1534[0m
[0mPOST /MCLi.php [33m404 [0m0.857 ms - 1534[0m
[0mPOST /MCLi.php [33m404 [0m0.841 ms - 1534[0m
[0mPOST /coon.php [33m404 [0m0.778 ms - 1534[0m
[0mPOST /1.php [33m404 [0m0.811 ms - 1534[0m
[0mPOST /d.php [33m404 [0m0.541 ms - 1534[0m
[0mPOST /function.inc.php [33m404 [0m0.538 ms - 1534[0m
[0mPOST /zxc1.php [33m404 [0m0.534 ms - 1534[0m
[0mPOST /zxc0.php [33m404 [0m1.181 ms - 1534[0m
[0mPOST /zxc1.php [33m404 [0m0.625 ms - 1534[0m
[0mPOST /zxc2.php [33m404 [0m0.626 ms - 1534[0m
[0mPOST /indexa.php [33m404 [0m0.717 ms - 1534[0m
[0mPOST /lx.php [33m404 [0m0.672 ms - 1534[0m
[0mPOST /cn.php [33m404 [0m0.609 ms - 1534[0m
[0mPOST /api.php [33m404 [0m0.684 ms - 1534[0m
[0mPOST /index1.php [33m404 [0m0.652 ms - 1534[0m
[0mPOST /info.php [33m404 [0m0.702 ms - 1534[0m
[0mPOST /info1.php [33m404 [0m0.805 ms - 1534[0m
[0mPOST /up.php [33m404 [0m1.123 ms - 1534[0m
[0mPOST /test123.php [33m404 [0m0.746 ms - 1534[0m
[0mPOST /test123.php [33m404 [0m1.456 ms - 1534[0m
[0mPOST /fb.php [33m404 [0m0.704 ms - 1534[0m
[0mPOST /paylog.php [33m404 [0m0.781 ms - 1534[0m
[0mPOST /paylog.php [33m404 [0m0.753 ms - 1534[0m
[0mPOST /x.php [33m404 [0m0.873 ms - 1534[0m
[0mPOST /cnm.php [33m404 [0m0.778 ms - 1534[0m
[0mPOST /1ndex.php [33m404 [0m0.740 ms - 1534[0m
[0mPOST /51.php [33m404 [0m0.715 ms - 1534[0m
[0mPOST /cadre.php [33m404 [0m0.577 ms - 1534[0m
[0mPOST /mm.php [33m404 [0m0.665 ms - 1534[0m
[0mPOST /test.php [33m404 [0m0.679 ms - 1534[0m
[0mPOST /1q.php [33m404 [0m0.759 ms - 1534[0m
[0mPOST /1111.php [33m404 [0m1.252 ms - 1534[0m
[0mPOST /errors.php [33m404 [0m0.661 ms - 1534[0m
[0mPOST /q.php [33m404 [0m0.938 ms - 1534[0m
[0mPOST /lanyecn.php [33m404 [0m0.981 ms - 1534[0m
[0mPOST /mybestloves.php [33m404 [0m0.759 ms - 1534[0m
[0mPOST /xiaoxi.php [33m404 [0m2.679 ms - 1534[0m
[0mGET /index.php [33m404 [0m0.827 ms - 1539[0m
[0mGET /phpmyadmin/index.php [33m404 [0m0.699 ms - 1539[0m
[0mGET /phpMyAdmin/index.php [33m404 [0m0.900 ms - 1539[0m
[0mGET /pmd/index.php [33m404 [0m0.873 ms - 1539[0m
[0mGET /pma/index.php [33m404 [0m0.686 ms - 1539[0m
[0mGET /PMA/index.php [33m404 [0m0.675 ms - 1539[0m
[0mGET /PMA2/index.php [33m404 [0m1.395 ms - 1539[0m
[0mGET /pmamy/index.php [33m404 [0m0.721 ms - 1539[0m
[0mGET /pmamy2/index.php [33m404 [0m0.744 ms - 1539[0m
[0mGET /mysql/index.php [33m404 [0m0.819 ms - 1539[0m
[0mGET /admin/index.php [33m404 [0m3.477 ms - 1539[0m
[0mGET /db/index.php [33m404 [0m0.578 ms - 1539[0m
[0mGET /dbadmin/index.php [33m404 [0m0.593 ms - 1539[0m
[0mGET /web/phpMyAdmin/index.php [33m404 [0m0.576 ms - 1539[0m
[0mGET /admin/pma/index.php [33m404 [0m0.626 ms - 1539[0m
[0mGET /admin/PMA/index.php [33m404 [0m3.161 ms - 1539[0m
[0mGET /admin/mysql/index.php [33m404 [0m0.805 ms - 1539[0m
[0mGET /admin/mysql2/index.php [33m404 [0m0.733 ms - 1539[0m
[0mGET /admin/phpmyadmin/index.php [33m404 [0m0.634 ms - 1539[0m
[0mGET /admin/phpMyAdmin/index.php [33m404 [0m0.853 ms - 1539[0m
[0mGET /admin/phpmyadmin2/index.php [33m404 [0m0.666 ms - 1539[0m
[0mGET /mysqladmin/index.php [33m404 [0m0.783 ms - 1539[0m
[0mGET /mysql-admin/index.php [33m404 [0m0.851 ms - 1539[0m
[0mGET /mysql_admin/index.php [33m404 [0m0.808 ms - 1539[0m
[0mGET /phpadmin/index.php [33m404 [0m0.692 ms - 1539[0m
[0mGET /phpAdmin/index.php [33m404 [0m2.770 ms - 1539[0m
[0mGET /phpmyadmin0/index.php [33m404 [0m0.867 ms - 1539[0m
[0mGET /phpmyadmin1/index.php [33m404 [0m0.788 ms - 1539[0m
[0mGET /phpmyadmin2/index.php [33m404 [0m0.840 ms - 1539[0m
[0mGET /myadmin/index.php [33m404 [0m1.551 ms - 1539[0m
[0mGET /myadmin2/index.php [33m404 [0m0.780 ms - 1539[0m
[0mGET /xampp/phpmyadmin/index.php [33m404 [0m0.832 ms - 1539[0m
[0mGET /phpMyadmin_bak/index.php [33m404 [0m0.870 ms - 1539[0m
[0mGET /www/phpMyAdmin/index.php [33m404 [0m0.809 ms - 1539[0m
[0mGET /tools/phpMyAdmin/index.php [33m404 [0m0.797 ms - 1539[0m
[0mGET /phpmyadmin-old/index.php [33m404 [0m0.588 ms - 1539[0m
[0mGET /phpMyAdminold/index.php [33m404 [0m0.762 ms - 1539[0m
[0mGET /phpMyAdmin.old/index.php [33m404 [0m0.814 ms - 1539[0m
[0mGET /pma-old/index.php [33m404 [0m0.583 ms - 1539[0m
[0mGET /typo3/phpmyadmin/index.php [33m404 [0m0.820 ms - 1539[0m
[0mGET /phpma/index.php [33m404 [0m0.606 ms - 1539[0m
[0mGET /phpMyAdmin/phpMyAdmin/index.php [33m404 [0m0.895 ms - 1539[0m
[0mGET /phpMyAbmin/index.php [33m404 [0m0.552 ms - 1539[0m
[0mGET /phpMyAdmin__/index.php [33m404 [0m0.538 ms - 1539[0m
[0mGET /phpMyAdmin+++---/index.php [33m404 [0m0.661 ms - 1539[0m
[0mGET /v/index.php [33m404 [0m0.521 ms - 1539[0m
[0mGET /phpMyAdm1n/index.php [33m404 [0m0.858 ms - 1539[0m
[0mGET /shaAdmin/index.php [33m404 [0m0.631 ms - 1539[0m
[0mGET /phpMyadmi/index.php [33m404 [0m0.674 ms - 1539[0m
[0mGET /phpMyAdmion/index.php [33m404 [0m0.886 ms - 1539[0m
[0mGET /s/index.php [33m404 [0m0.587 ms - 1539[0m
[0mGET /MyAdmin/index.php [33m404 [0m0.808 ms - 1539[0m
[0mGET /phpMyAdmin1/index.php [33m404 [0m1.412 ms - 1539[0m
[0mGET /phpMyAdmin123/index.php [33m404 [0m0.755 ms - 1539[0m
[0mGET /pwd/index.php [33m404 [0m0.868 ms - 1539[0m
[0mGET /phpMyAdmina/index.php [33m404 [0m0.745 ms - 1539[0m
[0mGET /phpMydmin/index.php [33m404 [0m0.765 ms - 1539[0m
[0mGET /phpMyAdmins/index.php [33m404 [0m0.815 ms - 1539[0m
[0mGET /phpMyAdmin._/index.php [33m404 [0m0.920 ms - 1539[0m
[0mGET /phpmyadmin2222/index.php [33m404 [0m0.752 ms - 1539[0m
[0mGET /php2MyAdmin/index.php [33m404 [0m0.675 ms - 1539[0m
[0mGET /phpiMyAdmin/index.php [33m404 [0m0.665 ms - 1539[0m
[0mGET /phpNyAdmin/index.php [33m404 [0m0.647 ms - 1539[0m
[0mGET /program/index.php [33m404 [0m0.678 ms - 1539[0m
[0mGET /shopdb/index.php [33m404 [0m1.271 ms - 1539[0m
[0mGET /phppma/index.php [33m404 [0m0.852 ms - 1539[0m
[0mGET /phpmy/index.php [33m404 [0m0.733 ms - 1539[0m
[0mGET /mysql/admin/index.php [33m404 [0m0.741 ms - 1539[0m
[0mGET /mysql/dbadmin/index.php [33m404 [0m0.749 ms - 1539[0m
[0mGET /mysql/sqlmanager/index.php [33m404 [0m0.729 ms - 1539[0m
[0mGET /mysql/mysqlmanager/index.php [33m404 [0m0.714 ms - 1539[0m
[0mGET /wp-content/plugins/portable-phpmyadmin/wp-pma-mod/index.php [33m404 [0m0.756 ms - 1539[0m
[0mGET /manager/html [33m404 [0m1.156 ms - 1539[0m
[0mGET / [32m200 [0m0.864 ms - 967[0m
[0mGET / [32m200 [0m1.364 ms - 967[0m
[0mGET /mysite/wp-login.php [33m404 [0m1.343 ms - 1539[0m
[0mGET / [32m200 [0m3.401 ms - 967[0m
[0mGET /systemInfo [33m404 [0m0.785 ms - 1539[0m
[0mGET /2019/wp-login.php [33m404 [0m1.517 ms - 1539[0m
[0mGET /systemInfo [33m404 [0m0.795 ms - 1539[0m
[0mGET /systemInfo [33m404 [0m0.823 ms - 1539[0m
[0mGET /2018/wp-login.php [33m404 [0m1.033 ms - 1539[0m
[0mGET /favicon.ico [33m404 [0m0.826 ms - 1539[0m
[0mGET /2017/wp-login.php [33m404 [0m0.811 ms - 1539[0m
[0mHEAD /robots.txt [33m404 [0m1.144 ms - 1539[0m
[0mGET / [32m200 [0m2.982 ms - 967[0m
[0mGET / [32m200 [0m0.761 ms - 967[0m
[0mGET / [32m200 [0m0.710 ms - 967[0m
[0mGET / [32m200 [0m0.705 ms - 967[0m
[0mGET / [32m200 [0m0.706 ms - 967[0m
[0mGET / [32m200 [0m0.680 ms - 967[0m
[0mGET / [32m200 [0m0.749 ms - 967[0m
[0mGET / [32m200 [0m0.754 ms - 967[0m
[0mGET / [32m200 [0m7.716 ms - 967[0m
[0mGET / [32m200 [0m0.731 ms - 967[0m
[0mGET / [32m200 [0m0.867 ms - 967[0m
[0mGET / [32m200 [0m0.891 ms - 967[0m
[0mGET / [32m200 [0m0.823 ms - 967[0m
[0mGET / [32m200 [0m0.892 ms - 967[0m
[0mGET / [32m200 [0m0.971 ms - 967[0m
[0mGET /favicon.ico [33m404 [0m4.584 ms - 1539[0m
[0mGET / [32m200 [0m0.767 ms - 967[0m
[0mGET / [32m200 [0m0.950 ms - 967[0m
[0mGET / [32m200 [0m0.659 ms - 967[0m
[0mHEAD / [32m200 [0m0.943 ms - 967[0m
[0mGET /favicon.ico [33m404 [0m0.804 ms - 1539[0m
[0mGET /index.php [33m404 [0m1.333 ms - 1539[0m
[0mGET /phpmyadmin/index.php [33m404 [0m0.780 ms - 1539[0m
[0mGET / [32m200 [0m0.647 ms - 967[0m
[0mGET / [32m200 [0m0.771 ms - 967[0m
[0mGET / [32m200 [0m0.885 ms - 967[0m
[0mGET / [32m200 [0m0.788 ms - 967[0m
[0mGET / [32m200 [0m1.294 ms - 967[0m
[0mGET / [32m200 [0m0.921 ms - 967[0m
[0mGET / [32m200 [0m0.798 ms - 967[0m
[0mGET / [32m200 [0m1.057 ms - 967[0m
[0mGET / [32m200 [0m12.340 ms - 967[0m
[0mGET / [32m200 [0m2.086 ms - 967[0m
[0mHEAD /robots.txt [33m404 [0m8.414 ms - 1539[0m
[0mGET / [32m200 [0m1.014 ms - 967[0m
[0mGET / [32m200 [0m0.737 ms - 967[0m
[0mGET /favicon.ico [33m404 [0m0.627 ms - 1539[0m
[0mGET / [32m200 [0m0.593 ms - 967[0m
[0mGET /.env [33m404 [0m3.988 ms - 1539[0m
[0mGET /dump.sql [33m404 [0m0.791 ms - 1539[0m
[0mGET /.svn [33m404 [0m2.025 ms - 1539[0m
[0mGET /.git [33m404 [0m0.628 ms - 1539[0m
[0mGET /Web.config [33m404 [0m0.771 ms - 1539[0m
[0mGET / [32m200 [0m0.732 ms - 967[0m
[0mGET /favicon.ico [33m404 [0m0.960 ms - 1539[0m
[0mGET / [32m200 [0m0.712 ms - 967[0m
[0mGET / [32m200 [0m0.751 ms - 967[0m
[0mPOST /App9e7f4934.php [33m404 [0m13.217 ms - 1534[0m
[0mPROPFIND / [33m404 [0m1.400 ms - 1534[0m
[0mGET /webdav/ [33m404 [0m0.786 ms - 1539[0m
[0mGET /help.php [33m404 [0m0.791 ms - 1539[0m
[0mGET /java.php [33m404 [0m0.867 ms - 1539[0m
[0mGET /_query.php [33m404 [0m0.785 ms - 1539[0m
[0mGET /test.php [33m404 [0m0.732 ms - 1539[0m
[0mGET /db_cts.php [33m404 [0m0.867 ms - 1539[0m
[0mGET /db_pma.php [33m404 [0m0.816 ms - 1539[0m
[0mGET /logon.php [33m404 [0m0.820 ms - 1539[0m
[0mGET /help-e.php [33m404 [0m0.770 ms - 1539[0m
[0mGET /license.php [33m404 [0m0.817 ms - 1539[0m
[0mGET /log.php [33m404 [0m0.790 ms - 1539[0m
[0mGET /hell.php [33m404 [0m1.472 ms - 1539[0m
[0mGET /pmd_online.php [33m404 [0m0.739 ms - 1539[0m
[0mGET /x.php [33m404 [0m0.895 ms - 1539[0m
[0mGET /shell.php [33m404 [0m0.617 ms - 1539[0m
[0mGET /htdocs.php [33m404 [0m0.691 ms - 1539[0m
[0mGET /desktop.ini.php [33m404 [0m1.223 ms - 1539[0m
[0mGET /z.php [33m404 [0m0.711 ms - 1539[0m
[0mGET /lala.php [33m404 [0m0.672 ms - 1539[0m
[0mGET /lala-dpr.php [33m404 [0m0.771 ms - 1539[0m
[0mGET /wpc.php [33m404 [0m0.676 ms - 1539[0m
[0mGET /wpo.php [33m404 [0m0.826 ms - 1539[0m
[0mGET /t6nv.php [33m404 [0m0.807 ms - 1539[0m
[0mGET /muhstik.php [33m404 [0m1.246 ms - 1539[0m
[0mGET /text.php [33m404 [0m0.705 ms - 1539[0m
[0mGET /wp-config.php [33m404 [0m0.689 ms - 1539[0m
[0mGET /muhstik.php [33m404 [0m0.723 ms - 1539[0m
[0mGET /muhstik2.php [33m404 [0m0.718 ms - 1539[0m
[0mGET /muhstiks.php [33m404 [0m0.805 ms - 1539[0m
[0mGET /muhstik-dpr.php [33m404 [0m0.817 ms - 1539[0m
[0mGET /lol.php [33m404 [0m0.795 ms - 1539[0m
[0mGET /uploader.php [33m404 [0m0.810 ms - 1539[0m
[0mGET /cmd.php [33m404 [0m0.809 ms - 1539[0m
[0mGET /cmv.php [33m404 [0m0.732 ms - 1539[0m
[0mGET /cmdd.php [33m404 [0m0.753 ms - 1539[0m
[0mGET /knal.php [33m404 [0m1.218 ms - 1539[0m
[0mGET /cmd.php [33m404 [0m0.733 ms - 1539[0m
[0mGET /shell.php [33m404 [0m0.704 ms - 1539[0m
[0mGET /appserv.php [33m404 [0m0.668 ms - 1539[0m
[0mGET /scripts/setup.php [33m404 [0m0.741 ms - 1539[0m
[0mGET /phpmyadmin/scripts/setup.php [33m404 [0m0.813 ms - 1539[0m
[0mGET /phpMyAdmin/scripts/setup.php [33m404 [0m0.688 ms - 1539[0m
[0mGET /phpmyadmin/scripts/db___.init.php [33m404 [0m0.786 ms - 1539[0m
[0mGET /phpMyAdmin/scripts/db___.init.php [33m404 [0m0.756 ms - 1539[0m
[0mGET /plugins/weathermap/editor.php [33m404 [0m0.772 ms - 1539[0m
[0mGET /cacti/plugins/weathermap/editor.php [33m404 [0m0.826 ms - 1539[0m
[0mGET /index.php?s=/index/\think\app/invokefunction&function=call_user_func_array&vars[0]=md5&vars[1][]=HelloThinkPHP [33m404 [0m0.821 ms - 1539[0m
[0mGET /d7.php [33m404 [0m0.826 ms - 1539[0m
[0mGET /rxr.php [33m404 [0m0.821 ms - 1539[0m
[0mGET /1x.php [33m404 [0m0.851 ms - 1539[0m
[0mGET /home.php [33m404 [0m0.725 ms - 1539[0m
[0mGET /undx.php [33m404 [0m0.798 ms - 1539[0m
[0mGET /spider.php [33m404 [0m0.728 ms - 1539[0m
[0mGET /payload.php [33m404 [0m0.840 ms - 1539[0m
[0mGET /composers.php [33m404 [0m0.740 ms - 1539[0m
[0mGET /izom.php [33m404 [0m0.835 ms - 1539[0m
[0mGET /composer.php [33m404 [0m0.800 ms - 1539[0m
[0mGET /hue2.php [33m404 [0m0.899 ms - 1539[0m
[0mGET /Drupal.php [33m404 [0m0.869 ms - 1539[0m
[0mGET /lang.php?f=1 [33m404 [0m0.817 ms - 1539[0m
[0mGET /izom.php [33m404 [0m0.769 ms - 1539[0m
[0mGET /payload.php [33m404 [0m0.732 ms - 1539[0m
[0mGET /new_license.php [33m404 [0m0.755 ms - 1539[0m
[0mGET /libraries/joomla/jmail.php?waled=1 [33m404 [0m0.830 ms - 1539[0m
[0mGET /libraries/joomla/jmails.php?waled=1 [33m404 [0m0.788 ms - 1539[0m
[0mGET /libraries/joomla/wl.php?0=1 [33m404 [0m0.855 ms - 1539[0m
[0mGET /images/vuln.php [33m404 [0m2.054 ms - 1539[0m
[0mPOST /wuwu11.php [33m404 [0m0.817 ms - 1534[0m
[0mPOST /xw.php [33m404 [0m0.708 ms - 1534[0m
[0mPOST /xw1.php [33m404 [0m0.753 ms - 1534[0m
[0mPOST /9678.php [33m404 [0m0.758 ms - 1534[0m
[0mPOST /wc.php [33m404 [0m0.797 ms - 1534[0m
[0mPOST /xx.php [33m404 [0m1.571 ms - 1534[0m
[0mPOST /s.php [33m404 [0m0.818 ms - 1534[0m
[0mPOST /w.php [33m404 [0m0.752 ms - 1534[0m
[0mPOST /sheep.php [33m404 [0m0.747 ms - 1534[0m
[0mPOST /qaq.php [33m404 [0m0.781 ms - 1534[0m
[0mPOST /db.init.php [33m404 [0m0.752 ms - 1534[0m
[0mPOST /db_session.init.php [33m404 [0m0.808 ms - 1534[0m
[0mPOST /db__.init.php [33m404 [0m0.741 ms - 1534[0m
[0mPOST /wp-admins.php [33m404 [0m1.256 ms - 1534[0m
[0mPOST /m.php?pbid=open [33m404 [0m0.755 ms - 1534[0m
[0mPOST /099.php [33m404 [0m1.342 ms - 1534[0m
[0mPOST /_404.php [33m404 [0m0.799 ms - 1534[0m
[0mPOST /Alarg53.php [33m404 [0m0.809 ms - 1534[0m
[0mPOST /lapan.php [33m404 [0m0.798 ms - 1534[0m
[0mPOST /p34ky1337.php [33m404 [0m1.284 ms - 1534[0m
[0mPOST /pk1914.php [33m404 [0m0.782 ms - 1534[0m
[0mPOST /sllolx.php [33m404 [0m0.686 ms - 1534[0m
[0mPOST /Skri.php [33m404 [0m0.763 ms - 1534[0m
[0mPOST /db_dataml.php [33m404 [0m0.799 ms - 1534[0m
[0mPOST /db_desql.php [33m404 [0m0.601 ms - 1534[0m
[0mPOST /mx.php [33m404 [0m1.259 ms - 1534[0m
[0mPOST /wshell.php [33m404 [0m0.640 ms - 1534[0m
[0mPOST /xshell.php [33m404 [0m1.291 ms - 1534[0m
[0mPOST /qq.php [33m404 [0m0.719 ms - 1534[0m
[0mPOST /conflg.php [33m404 [0m0.710 ms - 1534[0m
[0mPOST /conflg.php [33m404 [0m1.509 ms - 1534[0m
[0mPOST /lindex.php [33m404 [0m0.811 ms - 1534[0m
[0mPOST /phpstudy.php [33m404 [0m0.794 ms - 1534[0m
[0mPOST /phpStudy.php [33m404 [0m0.801 ms - 1534[0m
[0mPOST /weixiao.php [33m404 [0m1.245 ms - 1534[0m
[0mPOST /feixiang.php [33m404 [0m1.419 ms - 1534[0m
[0mPOST /ak47.php [33m404 [0m1.339 ms - 1534[0m
[0mPOST /ak48.php [33m404 [0m0.753 ms - 1534[0m
[0mPOST /xiao.php [33m404 [0m1.380 ms - 1534[0m
[0mPOST /yao.php [33m404 [0m1.884 ms - 1534[0m
[0mPOST /defect.php [33m404 [0m0.799 ms - 1534[0m
[0mPOST /webslee.php [33m404 [0m1.332 ms - 1534[0m
[0mPOST /q.php [33m404 [0m1.579 ms - 1534[0m
[0mPOST /pe.php [33m404 [0m2.303 ms - 1534[0m
[0mPOST /hm.php [33m404 [0m2.045 ms - 1534[0m
[0mPOST /cainiao.php [33m404 [0m0.853 ms - 1534[0m
[0mPOST /zuoshou.php [33m404 [0m0.826 ms - 1534[0m
[0mPOST /zuo.php [33m404 [0m0.804 ms - 1534[0m
[0mPOST /aotu.php [33m404 [0m1.748 ms - 1534[0m
[0mPOST /aotu7.php [33m404 [0m0.778 ms - 1534[0m
[0mPOST /cmd.php [33m404 [0m1.365 ms - 1534[0m
[0mPOST /bak.php [33m404 [0m2.890 ms - 1534[0m
[0mPOST /system.php [33m404 [0m0.686 ms - 1534[0m
[0mPOST /l6.php [33m404 [0m1.309 ms - 1534[0m
[0mPOST /l7.php [33m404 [0m0.742 ms - 1534[0m
[0mPOST /l8.php [33m404 [0m0.785 ms - 1534[0m
[0mPOST /q.php [33m404 [0m0.710 ms - 1534[0m
[0mPOST /56.php [33m404 [0m0.767 ms - 1534[0m
[0mPOST /mz.php [33m404 [0m1.362 ms - 1534[0m
[0mPOST /xx.php [33m404 [0m1.291 ms - 1534[0m
[0mPOST /yumo.php [33m404 [0m0.821 ms - 1534[0m
[0mPOST /min.php [33m404 [0m0.854 ms - 1534[0m
[0mPOST /wan.php [33m404 [0m0.816 ms - 1534[0m
[0mPOST /wanan.php [33m404 [0m1.393 ms - 1534[0m
[0mPOST /ssaa.php [33m404 [0m0.806 ms - 1534[0m
[0mPOST /qq.php [33m404 [0m0.822 ms - 1534[0m
[0mPOST /aw.php [33m404 [0m0.861 ms - 1534[0m
[0mPOST /12.php [33m404 [0m0.829 ms - 1534[0m
[0mPOST /hh.php [33m404 [0m0.792 ms - 1534[0m
[0mPOST /ak.php [33m404 [0m0.813 ms - 1534[0m
[0mPOST /ip.php [33m404 [0m0.799 ms - 1534[0m
[0mPOST /infoo.php [33m404 [0m1.283 ms - 1534[0m
[0mPOST /qq.php [33m404 [0m0.786 ms - 1534[0m
[0mPOST /qwe.php [33m404 [0m0.704 ms - 1534[0m
[0mPOST /1213.php [33m404 [0m0.822 ms - 1534[0m
[0mPOST /post.php [33m404 [0m1.314 ms - 1534[0m
[0mPOST /aaaa.php [33m404 [0m1.225 ms - 1534[0m
[0mPOST /h1.php [33m404 [0m0.790 ms - 1534[0m
[0mPOST /test.php [33m404 [0m1.286 ms - 1534[0m
[0mPOST /3.php [33m404 [0m0.778 ms - 1534[0m
[0mPOST /phpinfi.php [33m404 [0m0.781 ms - 1534[0m
[0mPOST /9510.php [33m404 [0m0.781 ms - 1534[0m
[0mPOST /python.php [33m404 [0m0.710 ms - 1534[0m
[0mPOST /default.php [33m404 [0m0.815 ms - 1534[0m
[0mPOST /sean.php [33m404 [0m1.787 ms - 1534[0m
[0mPOST /app.php [33m404 [0m0.823 ms - 1534[0m
[0mPOST /help.php [33m404 [0m6.645 ms - 1534[0m
[0mPOST /tiandi.php [33m404 [0m1.465 ms - 1534[0m
[0mPOST /miao.php [33m404 [0m1.719 ms - 1534[0m
[0mPOST /xz.php [33m404 [0m1.325 ms - 1534[0m
[0mPOST /linuxse.php [33m404 [0m0.735 ms - 1534[0m
[0mPOST /zuoindex.php [33m404 [0m0.762 ms - 1534[0m
[0mPOST /zshmindex.php [33m404 [0m0.788 ms - 1534[0m
[0mPOST /tomcat.php [33m404 [0m0.724 ms - 1534[0m
[0mPOST /ceshi.php [33m404 [0m0.817 ms - 1534[0m
[0mPOST /1hou.php [33m404 [0m1.261 ms - 1534[0m
[0mPOST /ou2.php [33m404 [0m0.812 ms - 1534[0m
[0mPOST /zuos.php [33m404 [0m0.772 ms - 1534[0m
[0mPOST /zuoss.php [33m404 [0m1.284 ms - 1534[0m
[0mPOST /zuoshss.php [33m404 [0m0.837 ms - 1534[0m
[0mPOST /boots.php [33m404 [0m0.822 ms - 1534[0m
[0mPOST /she.php [33m404 [0m0.829 ms - 1534[0m
[0mPOST /s.php [33m404 [0m0.738 ms - 1534[0m
[0mPOST /qw.php [33m404 [0m0.737 ms - 1534[0m
[0mPOST /test.php [33m404 [0m0.767 ms - 1534[0m
[0mPOST /caonma.php [33m404 [0m0.784 ms - 1534[0m
[0mPOST /wcp.php [33m404 [0m0.820 ms - 1534[0m
[0mPOST /u.php [33m404 [0m0.753 ms - 1534[0m
[0mPOST /uuu.php [33m404 [0m3.291 ms - 1534[0m
[0mPOST /sss.php [33m404 [0m0.883 ms - 1534[0m
[0mPOST /ss.php [33m404 [0m1.398 ms - 1534[0m
[0mPOST /sss.php [33m404 [0m0.816 ms - 1534[0m
[0mPOST /mazi.php [33m404 [0m0.772 ms - 1534[0m
[0mPOST /phpini.php [33m404 [0m0.785 ms - 1534[0m
[0mPOST /1.php [33m404 [0m0.818 ms - 1534[0m
[0mPOST /2.php [33m404 [0m0.756 ms - 1534[0m
[0mPOST /core.php [33m404 [0m0.857 ms - 1534[0m
[0mPOST /qaz.php [33m404 [0m1.162 ms - 1534[0m
[0mPOST /sha.php [33m404 [0m1.686 ms - 1534[0m
[0mPOST /ppx.php [33m404 [0m1.466 ms - 1534[0m
[0mPOST /1.php [33m404 [0m0.785 ms - 1534[0m
[0mPOST /confg.php [33m404 [0m0.833 ms - 1534[0m
[0mPOST /conf1g.php [33m404 [0m1.435 ms - 1534[0m
[0mPOST /confg.php [33m404 [0m0.874 ms - 1534[0m
[0mPOST /confg.php [33m404 [0m0.780 ms - 1534[0m
[0mPOST /confg.php [33m404 [0m0.820 ms - 1534[0m
[0mPOST /ver.php [33m404 [0m0.771 ms - 1534[0m
[0mPOST /hack.php [33m404 [0m0.750 ms - 1534[0m
[0mPOST /qa.php [33m404 [0m0.797 ms - 1534[0m
[0mPOST /Ss.php [33m404 [0m1.275 ms - 1534[0m
[0mPOST /xxx.php [33m404 [0m0.736 ms - 1534[0m
[0mPOST /92.php [33m404 [0m0.782 ms - 1534[0m
[0mPOST /z.php [33m404 [0m0.809 ms - 1534[0m
[0mPOST /x.php [33m404 [0m0.730 ms - 1534[0m
[0mPOST /dexgp.php [33m404 [0m1.377 ms - 1534[0m
[0mPOST /nuoxi.php [33m404 [0m1.345 ms - 1534[0m
[0mPOST /godkey.php [33m404 [0m1.278 ms - 1534[0m
[0mPOST /okokok.php [33m404 [0m9.807 ms - 1534[0m
[0mPOST /erwa.php [33m404 [0m0.810 ms - 1534[0m
[0mPOST /pma.php [33m404 [0m0.815 ms - 1534[0m
[0mPOST /ruyi.php [33m404 [0m0.839 ms - 1534[0m
[0mPOST /51314.php [33m404 [0m0.771 ms - 1534[0m
[0mPOST /5201314.php [33m404 [0m0.689 ms - 1534[0m
[0mPOST /fusheng.php [33m404 [0m0.702 ms - 1534[0m
[0mPOST /general.php [33m404 [0m0.840 ms - 1534[0m
[0mPOST /repeat.php [33m404 [0m0.841 ms - 1534[0m
[0mPOST /ldw.php [33m404 [0m1.345 ms - 1534[0m
[0mPOST /api.php [33m404 [0m1.227 ms - 1534[0m
[0mPOST /s1.php [33m404 [0m0.851 ms - 1534[0m
[0mPOST /xiaodai.php [33m404 [0m1.339 ms - 1534[0m
[0mPOST /hello.php [33m404 [0m0.797 ms - 1534[0m
[0mPOST /hello.php [33m404 [0m0.781 ms - 1534[0m
[0mPOST /admn.php [33m404 [0m0.791 ms - 1534[0m
[0mPOST /hell.php [33m404 [0m0.794 ms - 1534[0m
[0mPOST /xp.php [33m404 [0m0.912 ms - 1534[0m
[0mPOST /1.php [33m404 [0m0.813 ms - 1534[0m
[0mPOST /2.php [33m404 [0m0.797 ms - 1534[0m
[0mPOST /p.php [33m404 [0m0.860 ms - 1534[0m
[0mPOST /1.php [33m404 [0m0.780 ms - 1534[0m
[0mPOST /a.php [33m404 [0m0.789 ms - 1534[0m
[0mPOST /m.php [33m404 [0m0.843 ms - 1534[0m
[0mPOST /conf.php [33m404 [0m0.782 ms - 1534[0m
[0mPOST /123.php [33m404 [0m1.321 ms - 1534[0m
[0mPOST /HX.php [33m404 [0m0.783 ms - 1534[0m
[0mPOST /diy.php [33m404 [0m0.742 ms - 1534[0m
[0mPOST /666.php [33m404 [0m0.786 ms - 1534[0m
[0mPOST /777.php [33m404 [0m0.775 ms - 1534[0m
[0mPOST /qwq.php [33m404 [0m0.790 ms - 1534[0m
[0mPOST /qwqw.php [33m404 [0m0.869 ms - 1534[0m
[0mPOST /.php [33m404 [0m0.841 ms - 1534[0m
[0mPOST /infos.php [33m404 [0m0.749 ms - 1534[0m
[0mPOST /x.php [33m404 [0m0.802 ms - 1534[0m
[0mPOST /lucky.php [33m404 [0m0.818 ms - 1534[0m
[0mPOST /htfr.php [33m404 [0m0.797 ms - 1534[0m
[0mPOST /zzk.php [33m404 [0m0.874 ms - 1534[0m
[0mPOST /toor.php [33m404 [0m0.809 ms - 1534[0m
[0mPOST /uu.php [33m404 [0m0.792 ms - 1534[0m
[0mPOST /aa.php [33m404 [0m0.706 ms - 1534[0m
[0mPOST /wb.php [33m404 [0m0.825 ms - 1534[0m
[0mPOST /yj.php [33m404 [0m1.373 ms - 1534[0m
[0mPOST /z.php [33m404 [0m0.811 ms - 1534[0m
[0mPOST /7.php [33m404 [0m1.344 ms - 1534[0m
[0mPOST /xiaoma.php [33m404 [0m0.740 ms - 1534[0m
[0mPOST /xiaomae.php [33m404 [0m0.702 ms - 1534[0m
[0mPOST /xiaomar.php [33m404 [0m0.781 ms - 1534[0m
[0mPOST /qq.php [33m404 [0m0.816 ms - 1534[0m
[0mPOST /data.php [33m404 [0m0.861 ms - 1534[0m
[0mPOST /log.php [33m404 [0m0.844 ms - 1534[0m
[0mPOST /fack.php [33m404 [0m0.780 ms - 1534[0m
[0mPOST /angge.php [33m404 [0m0.782 ms - 1534[0m
[0mPOST /cxfm666.php [33m404 [0m5.695 ms - 1534[0m
[0mPOST /db.php [33m404 [0m0.756 ms - 1534[0m
[0mPOST /hacly.php [33m404 [0m0.769 ms - 1534[0m
[0mPOST /xiaomo.php [33m404 [0m0.814 ms - 1534[0m
[0mPOST /xiaoyu.php [33m404 [0m1.609 ms - 1534[0m
[0mPOST /xiaohei.php [33m404 [0m0.748 ms - 1534[0m
[0mPOST /j.php [33m404 [0m0.815 ms - 1534[0m
[0mPOST /qq5262.php [33m404 [0m1.316 ms - 1534[0m
[0mPOST /lost.php [33m404 [0m0.886 ms - 1534[0m
[0mPOST /php.php [33m404 [0m0.790 ms - 1534[0m
[0mPOST /win.php [33m404 [0m1.491 ms - 1534[0m
[0mPOST /win1.php [33m404 [0m0.747 ms - 1534[0m
[0mPOST /linux.php [33m404 [0m0.695 ms - 1534[0m
[0mPOST /linux1.php [33m404 [0m0.761 ms - 1534[0m
[0mPOST /cc.php [33m404 [0m0.778 ms - 1534[0m
[0mPOST /x.php [33m404 [0m0.781 ms - 1534[0m
[0mPOST /lanke.php [33m404 [0m0.716 ms - 1534[0m
[0mPOST /neko.php [33m404 [0m0.825 ms - 1534[0m
[0mPOST /super.php [33m404 [0m0.728 ms - 1534[0m
[0mPOST /cere.php [33m404 [0m0.748 ms - 1534[0m
[0mPOST /aaa.php [33m404 [0m0.784 ms - 1534[0m
[0mPOST /Administrator.php [33m404 [0m0.728 ms - 1534[0m
[0mPOST /liangchen.php [33m404 [0m0.711 ms - 1534[0m
[0mPOST /lucky.php [33m404 [0m0.706 ms - 1534[0m
[0mPOST /meng.php [33m404 [0m0.776 ms - 1534[0m
[0mPOST /no.php [33m404 [0m0.730 ms - 1534[0m
[0mPOST /mysql.php [33m404 [0m0.836 ms - 1534[0m
[0mPOST /Updata.php [33m404 [0m0.863 ms - 1534[0m
[0mPOST /xxxx.php [33m404 [0m1.344 ms - 1534[0m
[0mPOST /guai.php [33m404 [0m0.688 ms - 1534[0m
[0mPOST /ljb.php [33m404 [0m0.773 ms - 1534[0m
[0mPOST /www.php [33m404 [0m0.774 ms - 1534[0m
[0mPOST /1.php [33m404 [0m0.769 ms - 1534[0m
[0mPOST /chaoda.php [33m404 [0m2.419 ms - 1534[0m
[0mPOST /qq.php [33m404 [0m0.827 ms - 1534[0m
[0mPOST /vuln1.php [33m404 [0m0.764 ms - 1534[0m
[0mPOST /orange.php [33m404 [0m0.752 ms - 1534[0m
[0mPOST /erba.php [33m404 [0m2.286 ms - 1534[0m
[0mPOST /link.php [33m404 [0m1.323 ms - 1534[0m
[0mPOST /linkr.php [33m404 [0m0.868 ms - 1534[0m
[0mPOST /linkx.php [33m404 [0m1.277 ms - 1534[0m
[0mPOST /kvast.php [33m404 [0m0.764 ms - 1534[0m
[0mPOST /xiaobin.php [33m404 [0m0.728 ms - 1534[0m
[0mPOST /ppp.php [33m404 [0m0.675 ms - 1534[0m
[0mPOST /lm.php [33m404 [0m0.702 ms - 1534[0m
[0mPOST /zzz.php [33m404 [0m0.793 ms - 1534[0m
[0mPOST /520.php [33m404 [0m0.765 ms - 1534[0m
[0mPOST /lmn.php [33m404 [0m0.818 ms - 1534[0m
[0mPOST /MCLi.php [33m404 [0m0.870 ms - 1534[0m
[0mPOST /MCLi.php [33m404 [0m0.795 ms - 1534[0m
[0mPOST /coon.php [33m404 [0m0.796 ms - 1534[0m
[0mPOST /1.php [33m404 [0m1.246 ms - 1534[0m
[0mPOST /d.php [33m404 [0m0.805 ms - 1534[0m
[0mPOST /function.inc.php [33m404 [0m0.818 ms - 1534[0m
[0mPOST /zxc1.php [33m404 [0m0.841 ms - 1534[0m
[0mPOST /zxc0.php [33m404 [0m1.350 ms - 1534[0m
[0mPOST /zxc1.php [33m404 [0m0.807 ms - 1534[0m
[0mPOST /zxc2.php [33m404 [0m0.826 ms - 1534[0m
[0mPOST /indexa.php [33m404 [0m0.818 ms - 1534[0m
[0mPOST /lx.php [33m404 [0m0.811 ms - 1534[0m
[0mPOST /cn.php [33m404 [0m0.799 ms - 1534[0m
[0mPOST /api.php [33m404 [0m0.832 ms - 1534[0m
[0mPOST /index1.php [33m404 [0m0.830 ms - 1534[0m
[0mPOST /info.php [33m404 [0m0.856 ms - 1534[0m
[0mPOST /info1.php [33m404 [0m0.790 ms - 1534[0m
[0mPOST /aaaaaa1.php [33m404 [0m1.293 ms - 1534[0m
[0mPOST /up.php [33m404 [0m0.802 ms - 1534[0m
[0mPOST /test123.php [33m404 [0m0.863 ms - 1534[0m
[0mPOST /test123.php [33m404 [0m0.743 ms - 1534[0m
[0mPOST /fb.php [33m404 [0m1.990 ms - 1534[0m
[0mPOST /paylog.php [33m404 [0m0.731 ms - 1534[0m
[0mPOST /paylog.php [33m404 [0m0.840 ms - 1534[0m
[0mPOST /x.php [33m404 [0m1.513 ms - 1534[0m
[0mPOST /cnm.php [33m404 [0m1.320 ms - 1534[0m
[0mPOST /1ndex.php [33m404 [0m0.649 ms - 1534[0m
[0mPOST /51.php [33m404 [0m0.731 ms - 1534[0m
[0mPOST /cadre.php [33m404 [0m0.776 ms - 1534[0m
[0mPOST /mm.php [33m404 [0m2.710 ms - 1534[0m
[0mPOST /test.php [33m404 [0m0.711 ms - 1534[0m
[0mPOST /1q.php [33m404 [0m0.857 ms - 1534[0m
[0mPOST /1111.php [33m404 [0m0.786 ms - 1534[0m
[0mPOST /errors.php [33m404 [0m0.825 ms - 1534[0m
[0mPOST /q.php [33m404 [0m0.799 ms - 1534[0m
[0mPOST /lanyecn.php [33m404 [0m0.820 ms - 1534[0m
[0mPOST /mybestloves.php [33m404 [0m0.790 ms - 1534[0m
[0mPOST /xiaoxi.php [33m404 [0m0.835 ms - 1534[0m
[0mGET /index.php [33m404 [0m0.825 ms - 1539[0m
[0mGET /phpmyadmin/index.php [33m404 [0m0.864 ms - 1539[0m
[0mGET /phpMyAdmin/index.php [33m404 [0m0.839 ms - 1539[0m
[0mGET /pmd/index.php [33m404 [0m0.807 ms - 1539[0m
[0mGET /pma/index.php [33m404 [0m0.817 ms - 1539[0m
[0mGET /PMA/index.php [33m404 [0m0.835 ms - 1539[0m
[0mGET /PMA2/index.php [33m404 [0m0.771 ms - 1539[0m
[0mGET /pmamy/index.php [33m404 [0m0.740 ms - 1539[0m
[0mGET /pmamy2/index.php [33m404 [0m0.832 ms - 1539[0m
[0mGET /mysql/index.php [33m404 [0m0.813 ms - 1539[0m
[0mGET /admin/index.php [33m404 [0m0.765 ms - 1539[0m
[0mGET /db/index.php [33m404 [0m1.384 ms - 1539[0m
[0mGET /dbadmin/index.php [33m404 [0m0.766 ms - 1539[0m
[0mGET /web/phpMyAdmin/index.php [33m404 [0m1.489 ms - 1539[0m
[0mGET /admin/pma/index.php [33m404 [0m0.770 ms - 1539[0m
[0mGET /admin/PMA/index.php [33m404 [0m0.742 ms - 1539[0m
[0mGET /admin/mysql/index.php [33m404 [0m0.768 ms - 1539[0m
[0mGET /admin/mysql2/index.php [33m404 [0m0.695 ms - 1539[0m
[0mGET /admin/phpmyadmin/index.php [33m404 [0m0.822 ms - 1539[0m
[0mGET /admin/phpMyAdmin/index.php [33m404 [0m0.853 ms - 1539[0m
[0mGET /admin/phpmyadmin2/index.php [33m404 [0m0.738 ms - 1539[0m
[0mGET /mysqladmin/index.php [33m404 [0m0.785 ms - 1539[0m
[0mGET /mysql-admin/index.php [33m404 [0m0.815 ms - 1539[0m
[0mGET /mysql_admin/index.php [33m404 [0m0.877 ms - 1539[0m
[0mGET /phpadmin/index.php [33m404 [0m0.818 ms - 1539[0m
[0mGET /phpAdmin/index.php [33m404 [0m1.369 ms - 1539[0m
[0mGET /phpmyadmin0/index.php [33m404 [0m0.836 ms - 1539[0m
[0mGET /phpmyadmin1/index.php [33m404 [0m0.727 ms - 1539[0m
[0mGET /phpmyadmin2/index.php [33m404 [0m0.729 ms - 1539[0m
[0mGET /phpMyAdmin-4.4.0/index.php [33m404 [0m0.896 ms - 1539[0m
[0mGET /myadmin/index.php [33m404 [0m0.799 ms - 1539[0m
[0mGET /myadmin2/index.php [33m404 [0m0.800 ms - 1539[0m
[0mGET /xampp/phpmyadmin/index.php [33m404 [0m0.814 ms - 1539[0m
[0mGET /phpMyadmin_bak/index.php [33m404 [0m0.771 ms - 1539[0m
[0mGET /www/phpMyAdmin/index.php [33m404 [0m0.835 ms - 1539[0m
[0mGET /tools/phpMyAdmin/index.php [33m404 [0m0.788 ms - 1539[0m
[0mGET /phpmyadmin-old/index.php [33m404 [0m0.797 ms - 1539[0m
[0mGET /phpMyAdminold/index.php [33m404 [0m1.305 ms - 1539[0m
[0mGET /phpMyAdmin.old/index.php [33m404 [0m0.820 ms - 1539[0m
[0mGET /pma-old/index.php [33m404 [0m0.782 ms - 1539[0m
[0mGET /claroline/phpMyAdmin/index.php [33m404 [0m1.388 ms - 1539[0m
[0mGET /typo3/phpmyadmin/index.php [33m404 [0m0.823 ms - 1539[0m
[0mGET /phpma/index.php [33m404 [0m0.820 ms - 1539[0m
[0mGET /phpmyadmin/phpmyadmin/index.php [33m404 [0m0.834 ms - 1539[0m
[0mGET /phpMyAdmin/phpMyAdmin/index.php [33m404 [0m0.793 ms - 1539[0m
[0mGET /phpMyAbmin/index.php [33m404 [0m0.803 ms - 1539[0m
[0mGET /phpMyAdmin__/index.php [33m404 [0m0.844 ms - 1539[0m
[0mGET /phpMyAdmin+++---/index.php [33m404 [0m0.769 ms - 1539[0m
[0mGET /v/index.php [33m404 [0m0.766 ms - 1539[0m
[0mGET /phpmyadm1n/index.php [33m404 [0m0.777 ms - 1539[0m
[0mGET /phpMyAdm1n/index.php [33m404 [0m0.806 ms - 1539[0m
[0mGET /shaAdmin/index.php [33m404 [0m0.855 ms - 1539[0m
[0mGET /phpMyadmi/index.php [33m404 [0m0.786 ms - 1539[0m
[0mGET /phpMyAdmion/index.php [33m404 [0m2.413 ms - 1539[0m
[0mGET /s/index.php [33m404 [0m0.809 ms - 1539[0m
[0mGET /MyAdmin/index.php [33m404 [0m0.745 ms - 1539[0m
[0mGET /phpMyAdmin1/index.php [33m404 [0m0.728 ms - 1539[0m
[0mGET /phpMyAdmin123/index.php [33m404 [0m2.211 ms - 1539[0m
[0mGET /pwd/index.php [33m404 [0m0.773 ms - 1539[0m
[0mGET /phpMyAdmina/index.php [33m404 [0m0.753 ms - 1539[0m
[0mGET /phpMydmin/index.php [33m404 [0m1.405 ms - 1539[0m
[0mGET /phpMyAdmins/index.php [33m404 [0m0.839 ms - 1539[0m
[0mGET /phpMyAdmin._/index.php [33m404 [0m0.768 ms - 1539[0m
[0mGET /phpmyadmin2222/index.php [33m404 [0m0.771 ms - 1539[0m
[0mGET /php2MyAdmin/index.php [33m404 [0m0.761 ms - 1539[0m
[0mGET /phpiMyAdmin/index.php [33m404 [0m0.759 ms - 1539[0m
[0mGET /phpNyAdmin/index.php [33m404 [0m0.832 ms - 1539[0m
[0mGET /program/index.php [33m404 [0m0.831 ms - 1539[0m
[0mGET /shopdb/index.php [33m404 [0m0.828 ms - 1539[0m
[0mGET /phppma/index.php [33m404 [0m0.769 ms - 1539[0m
[0mGET /phpmy/index.php [33m404 [0m0.813 ms - 1539[0m
[0mGET /mysql/admin/index.php [33m404 [0m0.736 ms - 1539[0m
[0mGET /mysql/dbadmin/index.php [33m404 [0m1.364 ms - 1539[0m
[0mGET /mysql/sqlmanager/index.php [33m404 [0m0.820 ms - 1539[0m
[0mGET /mysql/mysqlmanager/index.php [33m404 [0m0.796 ms - 1539[0m
[0mGET /wp-content/plugins/portable-phpmyadmin/wp-pma-mod/index.php [33m404 [0m0.843 ms - 1539[0m
[0mGET /manager/html [33m404 [0m0.797 ms - 1539[0m
[0mGET / [32m200 [0m0.685 ms - 967[0m
[0mGET / [32m200 [0m0.688 ms - 967[0m
[0mGET / [32m200 [0m0.682 ms - 967[0m
[0mGET /stylesheets/style.css [32m200 [0m46.223 ms - 111[0m
[0mGET /bootstrap/css/fontawesome-all.css [33m404 [0m5.008 ms - 1539[0m
[0mGET /bootstrap/js/jquery.min.js [33m404 [0m9.883 ms - 1539[0m
[0mGET /bootstrap/js/bootstrap.min.js [32m200 [0m12.930 ms - 58072[0m
[0mGET /bootstrap/css/bootstrap.min.css [32m200 [0m49.592 ms - 155758[0m
[0mGET /favicon.ico [33m404 [0m0.842 ms - 1539[0m
[0mGET / [32m200 [0m0.655 ms - 967[0m
[0mGET /stylesheets/style.css [32m200 [0m0.478 ms - 111[0m
[0mGET /bootstrap/js/jquery.min.js [33m404 [0m3.774 ms - 1539[0m
[0mGET /bootstrap/js/bootstrap.min.js [32m200 [0m4.143 ms - 58072[0m
[0mGET /bootstrap/css/bootstrap.min.css [32m200 [0m6.259 ms - 155758[0m
[0mGET /bootstrap/css/fontawesome-all.css [33m404 [0m0.825 ms - 1539[0m
[0mGET /api//blogs [32m200 [0m6.208 ms - 30[0m
[0mDELETE /api//blogs [33m404 [0m1.476 ms - 1527[0m
[0mGET /api//blogs [32m200 [0m0.721 ms - 30[0m
[0mPOST /api//blogs [32m200 [0m0.636 ms - 27[0m
[0mPUT /api//blogs [33m404 [0m0.869 ms - 1527[0m
[0mPUT /api//blogs/asf/aadf [33m404 [0m1.946 ms - 1527[0m
[0mPUT /api//blogs/asfq544w [32m200 [0m2.281 ms - 30[0m
[0mDELETE /api//blogs/asfq544w [32m200 [0m1.025 ms - 30[0m
[0mGET / [32m200 [0m1.017 ms - 967[0m
[0mGET / [32m200 [0m0.688 ms - 967[0m
[0mGET / [32m200 [0m0.429 ms - 967[0m
[0mGET / [32m200 [0m1.037 ms - 967[0m
[0mGET / [32m200 [0m0.710 ms - 967[0m
[0mGET / [32m200 [0m0.671 ms - 967[0m
[0mGET /favicon.ico [33m404 [0m0.644 ms - 1539[0m
[0mGET / [32m200 [0m0.674 ms - 967[0m
[0mHEAD /robots.txt [33m404 [0m0.792 ms - 1539[0m
[0mGET / [32m200 [0m0.697 ms - 967[0m
[0mPOST /App9e7f4934.php [33m404 [0m14.909 ms - 1534[0m
[0mPROPFIND / [33m404 [0m0.781 ms - 1534[0m
[0mGET /webdav/ [33m404 [0m2.408 ms - 1539[0m
[0mGET /help.php [33m404 [0m0.839 ms - 1539[0m
[0mGET /_query.php [33m404 [0m0.788 ms - 1539[0m
[0mGET /test.php [33m404 [0m0.918 ms - 1539[0m
[0mGET /db_cts.php [33m404 [0m0.894 ms - 1539[0m
[0mGET /db_pma.php [33m404 [0m0.913 ms - 1539[0m
[0mGET /logon.php [33m404 [0m0.967 ms - 1539[0m
[0mGET /help-e.php [33m404 [0m0.994 ms - 1539[0m
[0mGET /license.php [33m404 [0m1.139 ms - 1539[0m
[0mGET /log.php [33m404 [0m1.147 ms - 1539[0m
[0mGET /hell.php [33m404 [0m16.972 ms - 1539[0m
[0mGET /pmd_online.php [33m404 [0m0.830 ms - 1539[0m
[0mGET /x.php [33m404 [0m0.847 ms - 1539[0m
[0mGET /shell.php [33m404 [0m0.782 ms - 1539[0m
[0mGET /desktop.ini.php [33m404 [0m0.806 ms - 1539[0m
[0mGET /lala.php [33m404 [0m0.855 ms - 1539[0m
[0mGET /lala-dpr.php [33m404 [0m0.758 ms - 1539[0m
[0mGET /wpc.php [33m404 [0m0.821 ms - 1539[0m
[0mGET /wpo.php [33m404 [0m0.866 ms - 1539[0m
[0mGET /t6nv.php [33m404 [0m0.803 ms - 1539[0m
[0mGET /muhstik.php [33m404 [0m0.880 ms - 1539[0m
[0mGET /text.php [33m404 [0m0.903 ms - 1539[0m
[0mGET /wp-config.php [33m404 [0m0.795 ms - 1539[0m
[0mGET /muhstik.php [33m404 [0m0.980 ms - 1539[0m
[0mGET /muhstik2.php [33m404 [0m1.067 ms - 1539[0m
[0mGET /muhstik-dpr.php [33m404 [0m0.906 ms - 1539[0m
[0mGET /lol.php [33m404 [0m0.860 ms - 1539[0m
[0mGET /uploader.php [33m404 [0m0.990 ms - 1539[0m
[0mGET /cmd.php [33m404 [0m1.734 ms - 1539[0m
[0mGET /cmv.php [33m404 [0m0.802 ms - 1539[0m
[0mGET /cmdd.php [33m404 [0m0.933 ms - 1539[0m
[0mGET /knal.php [33m404 [0m0.872 ms - 1539[0m
[0mGET /cmd.php [33m404 [0m1.142 ms - 1539[0m
[0mGET /shell.php [33m404 [0m0.845 ms - 1539[0m
[0mGET /scripts/setup.php [33m404 [0m0.969 ms - 1539[0m
[0mGET /phpmyadmin/scripts/setup.php [33m404 [0m0.821 ms - 1539[0m
[0mGET /phpMyAdmin/scripts/setup.php [33m404 [0m0.827 ms - 1539[0m
[0mGET /phpmyadmin/scripts/db___.init.php [33m404 [0m0.802 ms - 1539[0m
[0mGET /phpMyAdmin/scripts/db___.init.php [33m404 [0m0.792 ms - 1539[0m
[0mGET /plugins/weathermap/editor.php [33m404 [0m0.867 ms - 1539[0m
[0mGET /cacti/plugins/weathermap/editor.php [33m404 [0m1.889 ms - 1539[0m
[0mGET /index.php?s=/index/\think\app/invokefunction&function=call_user_func_array&vars[0]=md5&vars[1][]=HelloThinkPHP [33m404 [0m1.503 ms - 1539[0m
[0mGET /rxr.php [33m404 [0m0.803 ms - 1539[0m
[0mGET /1x.php [33m404 [0m0.873 ms - 1539[0m
[0mGET /home.php [33m404 [0m0.862 ms - 1539[0m
[0mGET /undx.php [33m404 [0m0.796 ms - 1539[0m
[0mGET /payload.php [33m404 [0m1.252 ms - 1539[0m
[0mGET /composers.php [33m404 [0m0.826 ms - 1539[0m
[0mGET /izom.php [33m404 [0m0.949 ms - 1539[0m
[0mGET /hue2.php [33m404 [0m5.545 ms - 1539[0m
[0mGET /Drupal.php [33m404 [0m0.890 ms - 1539[0m
[0mGET /lang.php?f=1 [33m404 [0m1.401 ms - 1539[0m
[0mGET /izom.php [33m404 [0m0.841 ms - 1539[0m
[0mGET /payload.php [33m404 [0m1.381 ms - 1539[0m
[0mGET /new_license.php [33m404 [0m0.864 ms - 1539[0m
[0mGET /libraries/joomla/jmail.php?waled=1 [33m404 [0m0.884 ms - 1539[0m
[0mGET /libraries/joomla/jmails.php?waled=1 [33m404 [0m0.842 ms - 1539[0m
[0mGET /libraries/joomla/wl.php?0=1 [33m404 [0m0.816 ms - 1539[0m
[0mGET /images/vuln.php [33m404 [0m1.532 ms - 1539[0m
[0mPOST /wuwu11.php [33m404 [0m0.873 ms - 1534[0m
[0mPOST /xw.php [33m404 [0m0.842 ms - 1534[0m
[0mPOST /9678.php [33m404 [0m0.836 ms - 1534[0m
[0mPOST /wc.php [33m404 [0m0.893 ms - 1534[0m
[0mPOST /xx.php [33m404 [0m1.453 ms - 1534[0m
[0mPOST /s.php [33m404 [0m0.846 ms - 1534[0m
[0mPOST /w.php [33m404 [0m0.841 ms - 1534[0m
[0mPOST /qaq.php [33m404 [0m0.843 ms - 1534[0m
[0mPOST /db.init.php [33m404 [0m0.829 ms - 1534[0m
[0mPOST /db_session.init.php [33m404 [0m0.814 ms - 1534[0m
[0mPOST /db__.init.php [33m404 [0m0.825 ms - 1534[0m
[0mPOST /wp-admins.php [33m404 [0m0.839 ms - 1534[0m
[0mPOST /m.php?pbid=open [33m404 [0m0.921 ms - 1534[0m
[0mPOST /099.php [33m404 [0m0.833 ms - 1534[0m
[0mPOST /Alarg53.php [33m404 [0m0.839 ms - 1534[0m
[0mPOST /lapan.php [33m404 [0m1.476 ms - 1534[0m
[0mPOST /pk1914.php [33m404 [0m0.895 ms - 1534[0m
[0mPOST /sllolx.php [33m404 [0m0.838 ms - 1534[0m
[0mPOST /Skri.php [33m404 [0m2.671 ms - 1534[0m
[0mPOST /db_dataml.php [33m404 [0m0.850 ms - 1534[0m
[0mPOST /db_desql.php [33m404 [0m0.797 ms - 1534[0m
[0mPOST /mx.php [33m404 [0m0.810 ms - 1534[0m
[0mPOST /wshell.php [33m404 [0m0.950 ms - 1534[0m
[0mPOST /xshell.php [33m404 [0m0.847 ms - 1534[0m
[0mPOST /qq.php [33m404 [0m0.806 ms - 1534[0m
[0mPOST /conflg.php [33m404 [0m0.836 ms - 1534[0m
[0mPOST /lindex.php [33m404 [0m0.873 ms - 1534[0m
[0mPOST /phpstudy.php [33m404 [0m1.405 ms - 1534[0m
[0mPOST /phpStudy.php [33m404 [0m0.984 ms - 1534[0m
[0mPOST /weixiao.php [33m404 [0m0.840 ms - 1534[0m
[0mPOST /ak47.php [33m404 [0m0.799 ms - 1534[0m
[0mPOST /ak48.php [33m404 [0m0.852 ms - 1534[0m
[0mPOST /xiao.php [33m404 [0m0.832 ms - 1534[0m
[0mPOST /defect.php [33m404 [0m0.867 ms - 1534[0m
[0mPOST /webslee.php [33m404 [0m0.788 ms - 1534[0m
[0mPOST /pe.php [33m404 [0m0.921 ms - 1534[0m
[0mPOST /hm.php [33m404 [0m0.867 ms - 1534[0m
[0mPOST /cainiao.php [33m404 [0m0.769 ms - 1534[0m
[0mPOST /zuoshou.php [33m404 [0m0.829 ms - 1534[0m
[0mPOST /zuo.php [33m404 [0m1.433 ms - 1534[0m
[0mPOST /aotu7.php [33m404 [0m0.838 ms - 1534[0m
[0mPOST /cmd.php [33m404 [0m0.831 ms - 1534[0m
[0mPOST /bak.php [33m404 [0m0.748 ms - 1534[0m
[0mPOST /system.php [33m404 [0m0.753 ms - 1534[0m
[0mPOST /l6.php [33m404 [0m0.874 ms - 1534[0m
[0mPOST /l7.php [33m404 [0m0.837 ms - 1534[0m
[0mPOST /l8.php [33m404 [0m0.834 ms - 1534[0m
[0mPOST /q.php [33m404 [0m0.807 ms - 1534[0m
[0mPOST /56.php [33m404 [0m0.841 ms - 1534[0m
[0mPOST /mz.php [33m404 [0m0.830 ms - 1534[0m
[0mPOST /xx.php [33m404 [0m0.803 ms - 1534[0m
[0mPOST /yumo.php [33m404 [0m1.392 ms - 1534[0m
[0mPOST /min.php [33m404 [0m0.843 ms - 1534[0m
[0mGET /index.php [33m404 [0m0.833 ms - 1539[0m
[0mGET /phpMyAdmin/index.php [33m404 [0m0.850 ms - 1539[0m
[0mGET /pma/index.php [33m404 [0m0.867 ms - 1539[0m
[0mGET /PMA/index.php [33m404 [0m0.900 ms - 1539[0m
[0mGET /PMA2/index.php [33m404 [0m0.838 ms - 1539[0m
[0mGET /pmamy/index.php [33m404 [0m0.865 ms - 1539[0m
[0mGET /pmamy2/index.php [33m404 [0m0.811 ms - 1539[0m
[0mGET /mysql/index.php [33m404 [0m0.848 ms - 1539[0m
[0mGET /admin/index.php [33m404 [0m0.888 ms - 1539[0m
[0mGET /db/index.php [33m404 [0m1.344 ms - 1539[0m
[0mGET /dbadmin/index.php [33m404 [0m0.868 ms - 1539[0m
[0mGET /web/phpMyAdmin/index.php [33m404 [0m0.858 ms - 1539[0m
[0mGET /admin/pma/index.php [33m404 [0m0.835 ms - 1539[0m
[0mGET /admin/PMA/index.php [33m404 [0m0.824 ms - 1539[0m
[0mGET /admin/mysql/index.php [33m404 [0m0.835 ms - 1539[0m
[0mGET /admin/phpmyadmin/index.php [33m404 [0m0.870 ms - 1539[0m
[0mGET /admin/phpMyAdmin/index.php [33m404 [0m0.854 ms - 1539[0m
[0mGET /admin/phpmyadmin2/index.php [33m404 [0m0.948 ms - 1539[0m
[0mGET /mysqladmin/index.php [33m404 [0m0.917 ms - 1539[0m
[0mGET /mysql-admin/index.php [33m404 [0m0.855 ms - 1539[0m
[0mGET /mysql_admin/index.php [33m404 [0m0.803 ms - 1539[0m
[0mGET /phpAdmin/index.php [33m404 [0m1.347 ms - 1539[0m
[0mGET /phpmyadmin0/index.php [33m404 [0m0.816 ms - 1539[0m
[0mGET /phpmyadmin1/index.php [33m404 [0m0.906 ms - 1539[0m
[0mGET /phpmyadmin2/index.php [33m404 [0m0.814 ms - 1539[0m
[0mGET /phpMyAdmin-4.4.0/index.php [33m404 [0m0.858 ms - 1539[0m
[0mGET /myadmin/index.php [33m404 [0m0.868 ms - 1539[0m
[0mGET /myadmin2/index.php [33m404 [0m0.807 ms - 1539[0m
[0mGET /xampp/phpmyadmin/index.php [33m404 [0m0.829 ms - 1539[0m
[0mGET /phpMyadmin_bak/index.php [33m404 [0m0.814 ms - 1539[0m
[0mGET /tools/phpMyAdmin/index.php [33m404 [0m0.824 ms - 1539[0m
[0mGET /phpMyAdminold/index.php [33m404 [0m0.825 ms - 1539[0m
[0mGET /phpMyAdmin.old/index.php [33m404 [0m0.851 ms - 1539[0m
[0mGET /pma-old/index.php [33m404 [0m0.853 ms - 1539[0m
[0mGET /claroline/phpMyAdmin/index.php [33m404 [0m0.853 ms - 1539[0m
[0mGET /typo3/phpmyadmin/index.php [33m404 [0m0.838 ms - 1539[0m
[0mGET /phpma/index.php [33m404 [0m0.781 ms - 1539[0m
[0mGET /phpmyadmin/phpmyadmin/index.php [33m404 [0m0.827 ms - 1539[0m
[0mGET /phpMyAbmin/index.php [33m404 [0m0.864 ms - 1539[0m
[0mGET /phpMyAdmin__/index.php [33m404 [0m0.790 ms - 1539[0m
[0mGET /phpMyAdmin+++---/index.php [33m404 [0m0.745 ms - 1539[0m
[0mGET /v/index.php [33m404 [0m0.818 ms - 1539[0m
[0mGET /phpmyadm1n/index.php [33m404 [0m0.858 ms - 1539[0m
[0mGET /phpMyAdm1n/index.php [33m404 [0m0.788 ms - 1539[0m
[0mGET /shaAdmin/index.php [33m404 [0m1.437 ms - 1539[0m
[0mGET /phpMyadmi/index.php [33m404 [0m0.786 ms - 1539[0m
[0mGET /phpMyAdmion/index.php [33m404 [0m0.872 ms - 1539[0m
[0mGET /s/index.php [33m404 [0m0.848 ms - 1539[0m
[0mGET /MyAdmin/index.php [33m404 [0m0.871 ms - 1539[0m
[0mGET /phpMyAdmin1/index.php [33m404 [0m0.887 ms - 1539[0m
[0mGET /phpMyAdmin123/index.php [33m404 [0m0.859 ms - 1539[0m
[0mGET /pwd/index.php [33m404 [0m0.837 ms - 1539[0m
[0mGET /phpMyAdmina/index.php [33m404 [0m0.819 ms - 1539[0m
[0mGET /phpMydmin/index.php [33m404 [0m0.806 ms - 1539[0m
[0mGET /phpMyAdmin._/index.php [33m404 [0m0.819 ms - 1539[0m
[0mGET /phpmyadmin2222/index.php [33m404 [0m2.557 ms - 1539[0m
[0mGET /php2MyAdmin/index.php [33m404 [0m1.435 ms - 1539[0m
[0mGET /phpiMyAdmin/index.php [33m404 [0m0.843 ms - 1539[0m
[0mGET /phpNyAdmin/index.php [33m404 [0m0.921 ms - 1539[0m
[0mGET /shopdb/index.php [33m404 [0m0.818 ms - 1539[0m
[0mGET /phppma/index.php [33m404 [0m0.837 ms - 1539[0m
[0mGET /phpmy/index.php [33m404 [0m0.799 ms - 1539[0m
[0mGET /mysql/admin/index.php [33m404 [0m0.899 ms - 1539[0m
[0mGET /mysql/sqlmanager/index.php [33m404 [0m0.846 ms - 1539[0m
[0mGET /mysql/mysqlmanager/index.php [33m404 [0m0.878 ms - 1539[0m
[0mGET /wp-content/plugins/portable-phpmyadmin/wp-pma-mod/index.php [33m404 [0m0.839 ms - 1539[0m
[0mGET / [32m200 [0m1.323 ms - 967[0m
[0mGET / [32m200 [0m0.732 ms - 967[0m
[0mGET / [32m200 [0m0.751 ms - 967[0m
[0mGET /stylesheets/style.css [36m304 [0m8.599 ms - -[0m
[0mGET /bootstrap/css/bootstrap.min.css [36m304 [0m1.186 ms - -[0m
[0mGET /bootstrap/css/fontawesome-all.css [33m404 [0m0.990 ms - 1539[0m
[0mGET /bootstrap/js/bootstrap.min.js [36m304 [0m1.609 ms - -[0m
[0mGET /bootstrap/js/jquery.min.js [33m404 [0m1.569 ms - 1539[0m
[0mGET /bootstrap/css/fontawesome-all.css [33m404 [0m0.857 ms - 1539[0m
[0mGET /bootstrap/js/jquery.min.js [33m404 [0m0.570 ms - 1539[0m
[0mGET /favicon.ico [33m404 [0m0.860 ms - 1539[0m
[0mDELETE /api//blogs/asfq544w [32m200 [0m1.586 ms - 30[0m
[0mGET /favicon.ico [33m404 [0m0.829 ms - 1539[0m
Killed
npm ERR! code ELIFECYCLE
npm ERR! errno 137
npm ERR! blogger@0.0.0 start: `PORT=80 node ./bin/www`
npm ERR! Exit status 137
npm ERR! 
npm ERR! Failed at the blogger@0.0.0 start script.
npm ERR! This is probably not a problem with npm. There is likely additional logging output above.

npm ERR! A complete log of this run can be found in:
npm ERR!     /root/.npm/_logs/2019-03-28T08_27_49_520Z-debug.log
