
> blogger@0.0.0 start /home/bitnami/lab4/blogger
> PORT=80 node ./bin/www

Mongoose connected to mongodb://localhost/blogger
[0mHEAD / [32m200 [0m12.147 ms - 967[0m
Killed
npm ERR! code ELIFECYCLE
npm ERR! errno 137
npm ERR! blogger@0.0.0 start: `PORT=80 node ./bin/www`
npm ERR! Exit status 137
npm ERR! 
npm ERR! Failed at the blogger@0.0.0 start script.
npm ERR! This is probably not a problem with npm. There is likely additional logging output above.

npm ERR! A complete log of this run can be found in:
npm ERR!     /root/.npm/_logs/2019-03-16T15_23_25_177Z-debug.log

> blogger@0.0.0 start /home/bitnami/lab4/blogger
> PORT=80 node ./bin/www

Mongoose connected to mongodb://localhost/blogger
[0mGET / [36m304 [0m15.086 ms - -[0m
[0mGET /stylesheets/style.css [36m304 [0m1.810 ms - -[0m
[0mGET /bootstrap/css/bootstrap.min.css [36m304 [0m0.418 ms - -[0m
[0mGET /bootstrap/css/fontawesome-all.css [33m404 [0m2.798 ms - 1539[0m
[0mGET /bootstrap/js/jquery.min.js [33m404 [0m1.289 ms - 1539[0m
[0mGET /bootstrap/js/bootstrap.min.js [36m304 [0m0.284 ms - -[0m
Killed
npm ERR! code ELIFECYCLE
npm ERR! errno 137
npm ERR! blogger@0.0.0 start: `PORT=80 node ./bin/www`
npm ERR! Exit status 137
npm ERR! 
npm ERR! Failed at the blogger@0.0.0 start script.
npm ERR! This is probably not a problem with npm. There is likely additional logging output above.

npm ERR! A complete log of this run can be found in:
npm ERR!     /root/.npm/_logs/2019-03-16T15_56_03_835Z-debug.log

> blogger@0.0.0 start /home/bitnami/lab4/blogger
> PORT=80 node ./bin/www


/home/bitnami/lab4/blogger/node_modules/mongoose/lib/index.js:434
      throw new mongoose.Error.MissingSchemaError(name);
      ^
MissingSchemaError: Schema hasn't been registered for model "Blog".
Use mongoose.model(name, schema)
    at new MissingSchemaError (/home/bitnami/lab4/blogger/node_modules/mongoose/lib/error/missingSchema.js:22:11)
    at Mongoose.model (/home/bitnami/lab4/blogger/node_modules/mongoose/lib/index.js:434:13)
    at Object.<anonymous> (/home/bitnami/lab4/blogger/app_api/controllers/blog.js:2:26)
    at Module._compile (module.js:652:30)
    at Object.Module._extensions..js (module.js:663:10)
    at Module.load (module.js:565:32)
    at tryModuleLoad (module.js:505:12)
    at Function.Module._load (module.js:497:3)
    at Module.require (module.js:596:17)
    at require (internal/module.js:11:18)
    at Object.<anonymous> (/home/bitnami/lab4/blogger/app_api/routes/index.js:3:17)
    at Module._compile (module.js:652:30)
    at Object.Module._extensions..js (module.js:663:10)
    at Module.load (module.js:565:32)
    at tryModuleLoad (module.js:505:12)
    at Function.Module._load (module.js:497:3)
npm ERR! code ELIFECYCLE
npm ERR! errno 1
npm ERR! blogger@0.0.0 start: `PORT=80 node ./bin/www`
npm ERR! Exit status 1
npm ERR! 
npm ERR! Failed at the blogger@0.0.0 start script.
npm ERR! This is probably not a problem with npm. There is likely additional logging output above.

npm ERR! A complete log of this run can be found in:
npm ERR!     /root/.npm/_logs/2019-03-25T21_55_53_056Z-debug.log

> blogger@0.0.0 start /home/bitnami/lab4/blogger
> PORT=80 node ./bin/www


/home/bitnami/lab4/blogger/node_modules/mongoose/lib/index.js:434
      throw new mongoose.Error.MissingSchemaError(name);
      ^
MissingSchemaError: Schema hasn't been registered for model "Blog".
Use mongoose.model(name, schema)
    at new MissingSchemaError (/home/bitnami/lab4/blogger/node_modules/mongoose/lib/error/missingSchema.js:22:11)
    at Mongoose.model (/home/bitnami/lab4/blogger/node_modules/mongoose/lib/index.js:434:13)
    at Object.<anonymous> (/home/bitnami/lab4/blogger/app_api/controllers/blog.js:2:26)
    at Module._compile (module.js:652:30)
    at Object.Module._extensions..js (module.js:663:10)
    at Module.load (module.js:565:32)
    at tryModuleLoad (module.js:505:12)
    at Function.Module._load (module.js:497:3)
    at Module.require (module.js:596:17)
    at require (internal/module.js:11:18)
    at Object.<anonymous> (/home/bitnami/lab4/blogger/app_api/routes/index.js:3:17)
    at Module._compile (module.js:652:30)
    at Object.Module._extensions..js (module.js:663:10)
    at Module.load (module.js:565:32)
    at tryModuleLoad (module.js:505:12)
    at Function.Module._load (module.js:497:3)
npm ERR! code ELIFECYCLE
npm ERR! errno 1
npm ERR! blogger@0.0.0 start: `PORT=80 node ./bin/www`
npm ERR! Exit status 1
npm ERR! 
npm ERR! Failed at the blogger@0.0.0 start script.
npm ERR! This is probably not a problem with npm. There is likely additional logging output above.

npm ERR! A complete log of this run can be found in:
npm ERR!     /root/.npm/_logs/2019-03-25T22_14_02_360Z-debug.log
