
> blogger@0.0.0 start /home/bitnami/lab4/blogger
> PORT=80 node ./bin/www

true
Mongoose connected to mongodb://blogUser:12345678@localhost/Blogger
Getting blogs list
[ { _id: 5caa8e38b0ae931181a48052,
    blogTitle: 'something2',
    blogText: ' something text2\r\n ',
    __v: 0,
    dateOfCreation: 2019-04-08T00:15:12.508Z } ]
[0mGET /api/blogs [32m200 [0m32.284 ms - 140[0m
[0mGET /blogList [32m200 [0m57.335 ms - 1852[0m
[0mGET /stylesheets/style.css [36m304 [0m1.507 ms - -[0m
[0mGET /bootstrap/css/bootstrap.min.css [36m304 [0m0.400 ms - -[0m
[0mGET /bootstrap/css/fontawesome-all.css [33m404 [0m2.827 ms - 1883[0m
[0mGET /bootstrap/js/jquery.min.js [33m404 [0m2.862 ms - 1883[0m
Error: Failed to lookup view "error" in views directory "/home/bitnami/lab4/blogger/app_server/views"
    at Function.render (/home/bitnami/lab4/blogger/node_modules/express/lib/application.js:580:17)
    at ServerResponse.render (/home/bitnami/lab4/blogger/node_modules/express/lib/response.js:971:7)
    at /home/bitnami/lab4/blogger/app.js:48:7
    at Layer.handle_error (/home/bitnami/lab4/blogger/node_modules/express/lib/router/layer.js:71:5)
    at trim_prefix (/home/bitnami/lab4/blogger/node_modules/express/lib/router/index.js:315:13)
    at /home/bitnami/lab4/blogger/node_modules/express/lib/router/index.js:284:7
    at Function.process_params (/home/bitnami/lab4/blogger/node_modules/express/lib/router/index.js:335:12)
    at next (/home/bitnami/lab4/blogger/node_modules/express/lib/router/index.js:275:10)
    at /home/bitnami/lab4/blogger/app.js:37:3
    at Layer.handle [as handle_request] (/home/bitnami/lab4/blogger/node_modules/express/lib/router/layer.js:95:5)
    at trim_prefix (/home/bitnami/lab4/blogger/node_modules/express/lib/router/index.js:317:13)
    at /home/bitnami/lab4/blogger/node_modules/express/lib/router/index.js:284:7
    at Function.process_params (/home/bitnami/lab4/blogger/node_modules/express/lib/router/index.js:335:12)
    at next (/home/bitnami/lab4/blogger/node_modules/express/lib/router/index.js:275:10)
    at /home/bitnami/lab4/blogger/node_modules/express/lib/router/index.js:635:15
    at next (/home/bitnami/lab4/blogger/node_modules/express/lib/router/index.js:260:14)
Error: Failed to lookup view "error" in views directory "/home/bitnami/lab4/blogger/app_server/views"
    at Function.render (/home/bitnami/lab4/blogger/node_modules/express/lib/application.js:580:17)
    at ServerResponse.render (/home/bitnami/lab4/blogger/node_modules/express/lib/response.js:971:7)
    at /home/bitnami/lab4/blogger/app.js:48:7
    at Layer.handle_error (/home/bitnami/lab4/blogger/node_modules/express/lib/router/layer.js:71:5)
    at trim_prefix (/home/bitnami/lab4/blogger/node_modules/express/lib/router/index.js:315:13)
    at /home/bitnami/lab4/blogger/node_modules/express/lib/router/index.js:284:7
    at Function.process_params (/home/bitnami/lab4/blogger/node_modules/express/lib/router/index.js:335:12)
    at next (/home/bitnami/lab4/blogger/node_modules/express/lib/router/index.js:275:10)
    at /home/bitnami/lab4/blogger/app.js:37:3
    at Layer.handle [as handle_request] (/home/bitnami/lab4/blogger/node_modules/express/lib/router/layer.js:95:5)
    at trim_prefix (/home/bitnami/lab4/blogger/node_modules/express/lib/router/index.js:317:13)
    at /home/bitnami/lab4/blogger/node_modules/express/lib/router/index.js:284:7
    at Function.process_params (/home/bitnami/lab4/blogger/node_modules/express/lib/router/index.js:335:12)
    at next (/home/bitnami/lab4/blogger/node_modules/express/lib/router/index.js:275:10)
    at /home/bitnami/lab4/blogger/node_modules/express/lib/router/index.js:635:15
    at next (/home/bitnami/lab4/blogger/node_modules/express/lib/router/index.js:260:14)
[0mGET /bootstrap/js/bootstrap.min.js [36m304 [0m0.270 ms - -[0m
[0mGET / [36m304 [0m1.511 ms - -[0m
[0mGET /stylesheets/style.css [36m304 [0m0.330 ms - -[0m
[0mGET /bootstrap/css/bootstrap.min.css [36m304 [0m0.488 ms - -[0m
[0mGET /bootstrap/css/fontawesome-all.css [33m404 [0m1.335 ms - 1883[0m
Error: Failed to lookup view "error" in views directory "/home/bitnami/lab4/blogger/app_server/views"
    at Function.render (/home/bitnami/lab4/blogger/node_modules/express/lib/application.js:580:17)
    at ServerResponse.render (/home/bitnami/lab4/blogger/node_modules/express/lib/response.js:971:7)
    at /home/bitnami/lab4/blogger/app.js:48:7
    at Layer.handle_error (/home/bitnami/lab4/blogger/node_modules/express/lib/router/layer.js:71:5)
    at trim_prefix (/home/bitnami/lab4/blogger/node_modules/express/lib/router/index.js:315:13)
    at /home/bitnami/lab4/blogger/node_modules/express/lib/router/index.js:284:7
    at Function.process_params (/home/bitnami/lab4/blogger/node_modules/express/lib/router/index.js:335:12)
    at next (/home/bitnami/lab4/blogger/node_modules/express/lib/router/index.js:275:10)
    at /home/bitnami/lab4/blogger/app.js:37:3
    at Layer.handle [as handle_request] (/home/bitnami/lab4/blogger/node_modules/express/lib/router/layer.js:95:5)
    at trim_prefix (/home/bitnami/lab4/blogger/node_modules/express/lib/router/index.js:317:13)
    at /home/bitnami/lab4/blogger/node_modules/express/lib/router/index.js:284:7
    at Function.process_params (/home/bitnami/lab4/blogger/node_modules/express/lib/router/index.js:335:12)
    at next (/home/bitnami/lab4/blogger/node_modules/express/lib/router/index.js:275:10)
    at /home/bitnami/lab4/blogger/node_modules/express/lib/router/index.js:635:15
    at next (/home/bitnami/lab4/blogger/node_modules/express/lib/router/index.js:260:14)
[0mGET /bootstrap/js/jquery.min.js [33m404 [0m0.662 ms - 1883[0m
Error: Failed to lookup view "error" in views directory "/home/bitnami/lab4/blogger/app_server/views"
    at Function.render (/home/bitnami/lab4/blogger/node_modules/express/lib/application.js:580:17)
    at ServerResponse.render (/home/bitnami/lab4/blogger/node_modules/express/lib/response.js:971:7)
    at /home/bitnami/lab4/blogger/app.js:48:7
    at Layer.handle_error (/home/bitnami/lab4/blogger/node_modules/express/lib/router/layer.js:71:5)
    at trim_prefix (/home/bitnami/lab4/blogger/node_modules/express/lib/router/index.js:315:13)
    at /home/bitnami/lab4/blogger/node_modules/express/lib/router/index.js:284:7
    at Function.process_params (/home/bitnami/lab4/blogger/node_modules/express/lib/router/index.js:335:12)
    at next (/home/bitnami/lab4/blogger/node_modules/express/lib/router/index.js:275:10)
    at /home/bitnami/lab4/blogger/app.js:37:3
    at Layer.handle [as handle_request] (/home/bitnami/lab4/blogger/node_modules/express/lib/router/layer.js:95:5)
    at trim_prefix (/home/bitnami/lab4/blogger/node_modules/express/lib/router/index.js:317:13)
    at /home/bitnami/lab4/blogger/node_modules/express/lib/router/index.js:284:7
    at Function.process_params (/home/bitnami/lab4/blogger/node_modules/express/lib/router/index.js:335:12)
    at next (/home/bitnami/lab4/blogger/node_modules/express/lib/router/index.js:275:10)
    at /home/bitnami/lab4/blogger/node_modules/express/lib/router/index.js:635:15
    at next (/home/bitnami/lab4/blogger/node_modules/express/lib/router/index.js:260:14)
[0mGET /bootstrap/js/bootstrap.min.js [36m304 [0m0.244 ms - -[0m
Getting blogs list
[ { _id: 5caa8e38b0ae931181a48052,
    blogTitle: 'something2',
    blogText: ' something text2\r\n ',
    __v: 0,
    dateOfCreation: 2019-04-08T00:15:15.047Z } ]
[0mGET /api/blogs [32m200 [0m3.394 ms - 140[0m
[0mGET /blogList [32m200 [0m7.350 ms - 1852[0m
[0mGET /stylesheets/style.css [36m304 [0m0.295 ms - -[0m
[0mGET /bootstrap/js/bootstrap.min.js [36m304 [0m0.232 ms - -[0m
[0mGET /bootstrap/css/bootstrap.min.css [36m304 [0m0.700 ms - -[0m
[0mGET /bootstrap/css/fontawesome-all.css [33m404 [0m1.353 ms - 1883[0m
[0mGET /bootstrap/js/jquery.min.js [33m404 [0m1.423 ms - 1883[0m
Error: Failed to lookup view "error" in views directory "/home/bitnami/lab4/blogger/app_server/views"
    at Function.render (/home/bitnami/lab4/blogger/node_modules/express/lib/application.js:580:17)
    at ServerResponse.render (/home/bitnami/lab4/blogger/node_modules/express/lib/response.js:971:7)
    at /home/bitnami/lab4/blogger/app.js:48:7
    at Layer.handle_error (/home/bitnami/lab4/blogger/node_modules/express/lib/router/layer.js:71:5)
    at trim_prefix (/home/bitnami/lab4/blogger/node_modules/express/lib/router/index.js:315:13)
    at /home/bitnami/lab4/blogger/node_modules/express/lib/router/index.js:284:7
    at Function.process_params (/home/bitnami/lab4/blogger/node_modules/express/lib/router/index.js:335:12)
    at next (/home/bitnami/lab4/blogger/node_modules/express/lib/router/index.js:275:10)
    at /home/bitnami/lab4/blogger/app.js:37:3
    at Layer.handle [as handle_request] (/home/bitnami/lab4/blogger/node_modules/express/lib/router/layer.js:95:5)
    at trim_prefix (/home/bitnami/lab4/blogger/node_modules/express/lib/router/index.js:317:13)
    at /home/bitnami/lab4/blogger/node_modules/express/lib/router/index.js:284:7
    at Function.process_params (/home/bitnami/lab4/blogger/node_modules/express/lib/router/index.js:335:12)
    at next (/home/bitnami/lab4/blogger/node_modules/express/lib/router/index.js:275:10)
    at /home/bitnami/lab4/blogger/node_modules/express/lib/router/index.js:635:15
    at next (/home/bitnami/lab4/blogger/node_modules/express/lib/router/index.js:260:14)
Error: Failed to lookup view "error" in views directory "/home/bitnami/lab4/blogger/app_server/views"
    at Function.render (/home/bitnami/lab4/blogger/node_modules/express/lib/application.js:580:17)
    at ServerResponse.render (/home/bitnami/lab4/blogger/node_modules/express/lib/response.js:971:7)
    at /home/bitnami/lab4/blogger/app.js:48:7
    at Layer.handle_error (/home/bitnami/lab4/blogger/node_modules/express/lib/router/layer.js:71:5)
    at trim_prefix (/home/bitnami/lab4/blogger/node_modules/express/lib/router/index.js:315:13)
    at /home/bitnami/lab4/blogger/node_modules/express/lib/router/index.js:284:7
    at Function.process_params (/home/bitnami/lab4/blogger/node_modules/express/lib/router/index.js:335:12)
    at next (/home/bitnami/lab4/blogger/node_modules/express/lib/router/index.js:275:10)
    at /home/bitnami/lab4/blogger/app.js:37:3
    at Layer.handle [as handle_request] (/home/bitnami/lab4/blogger/node_modules/express/lib/router/layer.js:95:5)
    at trim_prefix (/home/bitnami/lab4/blogger/node_modules/express/lib/router/index.js:317:13)
    at /home/bitnami/lab4/blogger/node_modules/express/lib/router/index.js:284:7
    at Function.process_params (/home/bitnami/lab4/blogger/node_modules/express/lib/router/index.js:335:12)
    at next (/home/bitnami/lab4/blogger/node_modules/express/lib/router/index.js:275:10)
    at /home/bitnami/lab4/blogger/node_modules/express/lib/router/index.js:635:15
    at next (/home/bitnami/lab4/blogger/node_modules/express/lib/router/index.js:260:14)
[0mGET /blogAdd [32m200 [0m1.025 ms - 1367[0m
[0mGET /stylesheets/style.css [36m304 [0m0.253 ms - -[0m
[0mGET /bootstrap/js/bootstrap.min.js [36m304 [0m0.626 ms - -[0m
[0mGET /bootstrap/css/bootstrap.min.css [36m304 [0m0.650 ms - -[0m
[0mGET /bootstrap/js/jquery.min.js [33m404 [0m5.040 ms - 1883[0m
Error: Failed to lookup view "error" in views directory "/home/bitnami/lab4/blogger/app_server/views"
    at Function.render (/home/bitnami/lab4/blogger/node_modules/express/lib/application.js:580:17)
    at ServerResponse.render (/home/bitnami/lab4/blogger/node_modules/express/lib/response.js:971:7)
    at /home/bitnami/lab4/blogger/app.js:48:7
    at Layer.handle_error (/home/bitnami/lab4/blogger/node_modules/express/lib/router/layer.js:71:5)
    at trim_prefix (/home/bitnami/lab4/blogger/node_modules/express/lib/router/index.js:315:13)
    at /home/bitnami/lab4/blogger/node_modules/express/lib/router/index.js:284:7
    at Function.process_params (/home/bitnami/lab4/blogger/node_modules/express/lib/router/index.js:335:12)
    at next (/home/bitnami/lab4/blogger/node_modules/express/lib/router/index.js:275:10)
    at /home/bitnami/lab4/blogger/app.js:37:3
    at Layer.handle [as handle_request] (/home/bitnami/lab4/blogger/node_modules/express/lib/router/layer.js:95:5)
    at trim_prefix (/home/bitnami/lab4/blogger/node_modules/express/lib/router/index.js:317:13)
    at /home/bitnami/lab4/blogger/node_modules/express/lib/router/index.js:284:7
    at Function.process_params (/home/bitnami/lab4/blogger/node_modules/express/lib/router/index.js:335:12)
    at next (/home/bitnami/lab4/blogger/node_modules/express/lib/router/index.js:275:10)
    at /home/bitnami/lab4/blogger/node_modules/express/lib/router/index.js:635:15
    at next (/home/bitnami/lab4/blogger/node_modules/express/lib/router/index.js:260:14)
Getting blogs list
[ { _id: 5caa8e38b0ae931181a48052,
    blogTitle: 'something2',
    blogText: ' something text2\r\n ',
    __v: 0,
    dateOfCreation: 2019-04-08T00:15:34.584Z } ]
[0mGET /api/blogs [32m200 [0m3.638 ms - 140[0m
[0mGET /blogList [32m200 [0m8.344 ms - 1852[0m
[0mGET /stylesheets/style.css [36m304 [0m0.449 ms - -[0m
[0mGET /bootstrap/css/bootstrap.min.css [36m304 [0m0.363 ms - -[0m
[0mGET /bootstrap/css/fontawesome-all.css [33m404 [0m1.612 ms - 1883[0m
[0mGET /bootstrap/js/bootstrap.min.js [36m304 [0m1.048 ms - -[0m
Error: Failed to lookup view "error" in views directory "/home/bitnami/lab4/blogger/app_server/views"
    at Function.render (/home/bitnami/lab4/blogger/node_modules/express/lib/application.js:580:17)
    at ServerResponse.render (/home/bitnami/lab4/blogger/node_modules/express/lib/response.js:971:7)
    at /home/bitnami/lab4/blogger/app.js:48:7
    at Layer.handle_error (/home/bitnami/lab4/blogger/node_modules/express/lib/router/layer.js:71:5)
    at trim_prefix (/home/bitnami/lab4/blogger/node_modules/express/lib/router/index.js:315:13)
    at /home/bitnami/lab4/blogger/node_modules/express/lib/router/index.js:284:7
    at Function.process_params (/home/bitnami/lab4/blogger/node_modules/express/lib/router/index.js:335:12)
    at next (/home/bitnami/lab4/blogger/node_modules/express/lib/router/index.js:275:10)
    at /home/bitnami/lab4/blogger/app.js:37:3
    at Layer.handle [as handle_request] (/home/bitnami/lab4/blogger/node_modules/express/lib/router/layer.js:95:5)
    at trim_prefix (/home/bitnami/lab4/blogger/node_modules/express/lib/router/index.js:317:13)
    at /home/bitnami/lab4/blogger/node_modules/express/lib/router/index.js:284:7
    at Function.process_params (/home/bitnami/lab4/blogger/node_modules/express/lib/router/index.js:335:12)
    at next (/home/bitnami/lab4/blogger/node_modules/express/lib/router/index.js:275:10)
    at /home/bitnami/lab4/blogger/node_modules/express/lib/router/index.js:635:15
    at next (/home/bitnami/lab4/blogger/node_modules/express/lib/router/index.js:260:14)
[0mGET /bootstrap/js/jquery.min.js [33m404 [0m1.823 ms - 1883[0m
Error: Failed to lookup view "error" in views directory "/home/bitnami/lab4/blogger/app_server/views"
    at Function.render (/home/bitnami/lab4/blogger/node_modules/express/lib/application.js:580:17)
    at ServerResponse.render (/home/bitnami/lab4/blogger/node_modules/express/lib/response.js:971:7)
    at /home/bitnami/lab4/blogger/app.js:48:7
    at Layer.handle_error (/home/bitnami/lab4/blogger/node_modules/express/lib/router/layer.js:71:5)
    at trim_prefix (/home/bitnami/lab4/blogger/node_modules/express/lib/router/index.js:315:13)
    at /home/bitnami/lab4/blogger/node_modules/express/lib/router/index.js:284:7
    at Function.process_params (/home/bitnami/lab4/blogger/node_modules/express/lib/router/index.js:335:12)
    at next (/home/bitnami/lab4/blogger/node_modules/express/lib/router/index.js:275:10)
    at /home/bitnami/lab4/blogger/app.js:37:3
    at Layer.handle [as handle_request] (/home/bitnami/lab4/blogger/node_modules/express/lib/router/layer.js:95:5)
    at trim_prefix (/home/bitnami/lab4/blogger/node_modules/express/lib/router/index.js:317:13)
    at /home/bitnami/lab4/blogger/node_modules/express/lib/router/index.js:284:7
    at Function.process_params (/home/bitnami/lab4/blogger/node_modules/express/lib/router/index.js:335:12)
    at next (/home/bitnami/lab4/blogger/node_modules/express/lib/router/index.js:275:10)
    at /home/bitnami/lab4/blogger/node_modules/express/lib/router/index.js:635:15
    at next (/home/bitnami/lab4/blogger/node_modules/express/lib/router/index.js:260:14)
[0mGET /bootstrap/js/jquery.min.js [33m404 [0m0.546 ms - 1883[0m
Error: Failed to lookup view "error" in views directory "/home/bitnami/lab4/blogger/app_server/views"
    at Function.render (/home/bitnami/lab4/blogger/node_modules/express/lib/application.js:580:17)
    at ServerResponse.render (/home/bitnami/lab4/blogger/node_modules/express/lib/response.js:971:7)
    at /home/bitnami/lab4/blogger/app.js:48:7
    at Layer.handle_error (/home/bitnami/lab4/blogger/node_modules/express/lib/router/layer.js:71:5)
    at trim_prefix (/home/bitnami/lab4/blogger/node_modules/express/lib/router/index.js:315:13)
    at /home/bitnami/lab4/blogger/node_modules/express/lib/router/index.js:284:7
    at Function.process_params (/home/bitnami/lab4/blogger/node_modules/express/lib/router/index.js:335:12)
    at next (/home/bitnami/lab4/blogger/node_modules/express/lib/router/index.js:275:10)
    at /home/bitnami/lab4/blogger/app.js:37:3
    at Layer.handle [as handle_request] (/home/bitnami/lab4/blogger/node_modules/express/lib/router/layer.js:95:5)
    at trim_prefix (/home/bitnami/lab4/blogger/node_modules/express/lib/router/index.js:317:13)
    at /home/bitnami/lab4/blogger/node_modules/express/lib/router/index.js:284:7
    at Function.process_params (/home/bitnami/lab4/blogger/node_modules/express/lib/router/index.js:335:12)
    at next (/home/bitnami/lab4/blogger/node_modules/express/lib/router/index.js:275:10)
    at /home/bitnami/lab4/blogger/node_modules/express/lib/router/index.js:635:15
    at next (/home/bitnami/lab4/blogger/node_modules/express/lib/router/index.js:260:14)
Getting blogs list
[ { _id: 5caa8e38b0ae931181a48052,
    blogTitle: 'something2',
    blogText: ' something text2\r\n ',
    __v: 0,
    dateOfCreation: 2019-04-08T00:15:43.218Z } ]
[0mGET /api/blogs [32m200 [0m2.723 ms - 140[0m
[0mGET /blogList [32m200 [0m6.983 ms - 1852[0m
[0mGET /stylesheets/style.css [36m304 [0m0.343 ms - -[0m
[0mGET /bootstrap/css/bootstrap.min.css [36m304 [0m0.258 ms - -[0m
[0mGET /bootstrap/css/fontawesome-all.css [33m404 [0m0.598 ms - 1883[0m
Error: Failed to lookup view "error" in views directory "/home/bitnami/lab4/blogger/app_server/views"
    at Function.render (/home/bitnami/lab4/blogger/node_modules/express/lib/application.js:580:17)
    at ServerResponse.render (/home/bitnami/lab4/blogger/node_modules/express/lib/response.js:971:7)
    at /home/bitnami/lab4/blogger/app.js:48:7
    at Layer.handle_error (/home/bitnami/lab4/blogger/node_modules/express/lib/router/layer.js:71:5)
    at trim_prefix (/home/bitnami/lab4/blogger/node_modules/express/lib/router/index.js:315:13)
    at /home/bitnami/lab4/blogger/node_modules/express/lib/router/index.js:284:7
    at Function.process_params (/home/bitnami/lab4/blogger/node_modules/express/lib/router/index.js:335:12)
    at next (/home/bitnami/lab4/blogger/node_modules/express/lib/router/index.js:275:10)
    at /home/bitnami/lab4/blogger/app.js:37:3
    at Layer.handle [as handle_request] (/home/bitnami/lab4/blogger/node_modules/express/lib/router/layer.js:95:5)
    at trim_prefix (/home/bitnami/lab4/blogger/node_modules/express/lib/router/index.js:317:13)
    at /home/bitnami/lab4/blogger/node_modules/express/lib/router/index.js:284:7
    at Function.process_params (/home/bitnami/lab4/blogger/node_modules/express/lib/router/index.js:335:12)
    at next (/home/bitnami/lab4/blogger/node_modules/express/lib/router/index.js:275:10)
    at /home/bitnami/lab4/blogger/node_modules/express/lib/router/index.js:635:15
    at next (/home/bitnami/lab4/blogger/node_modules/express/lib/router/index.js:260:14)
[0mGET /bootstrap/js/jquery.min.js [33m404 [0m0.496 ms - 1883[0m
Error: Failed to lookup view "error" in views directory "/home/bitnami/lab4/blogger/app_server/views"
    at Function.render (/home/bitnami/lab4/blogger/node_modules/express/lib/application.js:580:17)
    at ServerResponse.render (/home/bitnami/lab4/blogger/node_modules/express/lib/response.js:971:7)
    at /home/bitnami/lab4/blogger/app.js:48:7
    at Layer.handle_error (/home/bitnami/lab4/blogger/node_modules/express/lib/router/layer.js:71:5)
    at trim_prefix (/home/bitnami/lab4/blogger/node_modules/express/lib/router/index.js:315:13)
    at /home/bitnami/lab4/blogger/node_modules/express/lib/router/index.js:284:7
    at Function.process_params (/home/bitnami/lab4/blogger/node_modules/express/lib/router/index.js:335:12)
    at next (/home/bitnami/lab4/blogger/node_modules/express/lib/router/index.js:275:10)
    at /home/bitnami/lab4/blogger/app.js:37:3
    at Layer.handle [as handle_request] (/home/bitnami/lab4/blogger/node_modules/express/lib/router/layer.js:95:5)
    at trim_prefix (/home/bitnami/lab4/blogger/node_modules/express/lib/router/index.js:317:13)
    at /home/bitnami/lab4/blogger/node_modules/express/lib/router/index.js:284:7
    at Function.process_params (/home/bitnami/lab4/blogger/node_modules/express/lib/router/index.js:335:12)
    at next (/home/bitnami/lab4/blogger/node_modules/express/lib/router/index.js:275:10)
    at /home/bitnami/lab4/blogger/node_modules/express/lib/router/index.js:635:15
    at next (/home/bitnami/lab4/blogger/node_modules/express/lib/router/index.js:260:14)
[0mGET /bootstrap/js/bootstrap.min.js [36m304 [0m0.265 ms - -[0m
Getting blogs list
[ { _id: 5caa8e38b0ae931181a48052,
    blogTitle: 'something2',
    blogText: ' something text2\r\n ',
    __v: 0,
    dateOfCreation: 2019-04-08T00:15:47.245Z } ]
[0mGET /api/blogs [32m200 [0m2.231 ms - 140[0m
[0mGET /blogList [32m200 [0m4.889 ms - 1852[0m
[0mGET /bootstrap/css/bootstrap.min.css [36m304 [0m0.519 ms - -[0m
[0mGET /stylesheets/style.css [36m304 [0m0.515 ms - -[0m
[0mGET /bootstrap/css/fontawesome-all.css [33m404 [0m2.114 ms - 1883[0m
[0mGET /bootstrap/js/jquery.min.js [33m404 [0m2.027 ms - 1883[0m
Error: Failed to lookup view "error" in views directory "/home/bitnami/lab4/blogger/app_server/views"
    at Function.render (/home/bitnami/lab4/blogger/node_modules/express/lib/application.js:580:17)
    at ServerResponse.render (/home/bitnami/lab4/blogger/node_modules/express/lib/response.js:971:7)
    at /home/bitnami/lab4/blogger/app.js:48:7
    at Layer.handle_error (/home/bitnami/lab4/blogger/node_modules/express/lib/router/layer.js:71:5)
    at trim_prefix (/home/bitnami/lab4/blogger/node_modules/express/lib/router/index.js:315:13)
    at /home/bitnami/lab4/blogger/node_modules/express/lib/router/index.js:284:7
    at Function.process_params (/home/bitnami/lab4/blogger/node_modules/express/lib/router/index.js:335:12)
    at next (/home/bitnami/lab4/blogger/node_modules/express/lib/router/index.js:275:10)
    at /home/bitnami/lab4/blogger/app.js:37:3
    at Layer.handle [as handle_request] (/home/bitnami/lab4/blogger/node_modules/express/lib/router/layer.js:95:5)
    at trim_prefix (/home/bitnami/lab4/blogger/node_modules/express/lib/router/index.js:317:13)
    at /home/bitnami/lab4/blogger/node_modules/express/lib/router/index.js:284:7
    at Function.process_params (/home/bitnami/lab4/blogger/node_modules/express/lib/router/index.js:335:12)
    at next (/home/bitnami/lab4/blogger/node_modules/express/lib/router/index.js:275:10)
    at /home/bitnami/lab4/blogger/node_modules/express/lib/router/index.js:635:15
    at next (/home/bitnami/lab4/blogger/node_modules/express/lib/router/index.js:260:14)
Error: Failed to lookup view "error" in views directory "/home/bitnami/lab4/blogger/app_server/views"
    at Function.render (/home/bitnami/lab4/blogger/node_modules/express/lib/application.js:580:17)
    at ServerResponse.render (/home/bitnami/lab4/blogger/node_modules/express/lib/response.js:971:7)
    at /home/bitnami/lab4/blogger/app.js:48:7
    at Layer.handle_error (/home/bitnami/lab4/blogger/node_modules/express/lib/router/layer.js:71:5)
    at trim_prefix (/home/bitnami/lab4/blogger/node_modules/express/lib/router/index.js:315:13)
    at /home/bitnami/lab4/blogger/node_modules/express/lib/router/index.js:284:7
    at Function.process_params (/home/bitnami/lab4/blogger/node_modules/express/lib/router/index.js:335:12)
    at next (/home/bitnami/lab4/blogger/node_modules/express/lib/router/index.js:275:10)
    at /home/bitnami/lab4/blogger/app.js:37:3
    at Layer.handle [as handle_request] (/home/bitnami/lab4/blogger/node_modules/express/lib/router/layer.js:95:5)
    at trim_prefix (/home/bitnami/lab4/blogger/node_modules/express/lib/router/index.js:317:13)
    at /home/bitnami/lab4/blogger/node_modules/express/lib/router/index.js:284:7
    at Function.process_params (/home/bitnami/lab4/blogger/node_modules/express/lib/router/index.js:335:12)
    at next (/home/bitnami/lab4/blogger/node_modules/express/lib/router/index.js:275:10)
    at /home/bitnami/lab4/blogger/node_modules/express/lib/router/index.js:635:15
    at next (/home/bitnami/lab4/blogger/node_modules/express/lib/router/index.js:260:14)
[0mGET /bootstrap/js/bootstrap.min.js [36m304 [0m0.244 ms - -[0m
[0mGET /bootstrap/js/jquery.min.js [33m404 [0m0.612 ms - 1883[0m
Error: Failed to lookup view "error" in views directory "/home/bitnami/lab4/blogger/app_server/views"
    at Function.render (/home/bitnami/lab4/blogger/node_modules/express/lib/application.js:580:17)
    at ServerResponse.render (/home/bitnami/lab4/blogger/node_modules/express/lib/response.js:971:7)
    at /home/bitnami/lab4/blogger/app.js:48:7
    at Layer.handle_error (/home/bitnami/lab4/blogger/node_modules/express/lib/router/layer.js:71:5)
    at trim_prefix (/home/bitnami/lab4/blogger/node_modules/express/lib/router/index.js:315:13)
    at /home/bitnami/lab4/blogger/node_modules/express/lib/router/index.js:284:7
    at Function.process_params (/home/bitnami/lab4/blogger/node_modules/express/lib/router/index.js:335:12)
    at next (/home/bitnami/lab4/blogger/node_modules/express/lib/router/index.js:275:10)
    at /home/bitnami/lab4/blogger/app.js:37:3
    at Layer.handle [as handle_request] (/home/bitnami/lab4/blogger/node_modules/express/lib/router/layer.js:95:5)
    at trim_prefix (/home/bitnami/lab4/blogger/node_modules/express/lib/router/index.js:317:13)
    at /home/bitnami/lab4/blogger/node_modules/express/lib/router/index.js:284:7
    at Function.process_params (/home/bitnami/lab4/blogger/node_modules/express/lib/router/index.js:335:12)
    at next (/home/bitnami/lab4/blogger/node_modules/express/lib/router/index.js:275:10)
    at /home/bitnami/lab4/blogger/node_modules/express/lib/router/index.js:635:15
    at next (/home/bitnami/lab4/blogger/node_modules/express/lib/router/index.js:260:14)
 req.params.blogid = 5caa8e38b0ae931181a48052
Finding blog details { blogid: '5caa8e38b0ae931181a48052' }
{ _id: 5caa8e38b0ae931181a48052,
  blogTitle: 'something2',
  blogText: ' something text2\r\n ',
  __v: 0,
  dateOfCreation: 2019-04-08T00:15:49.952Z }
[0mGET /api/blogs/5caa8e38b0ae931181a48052 [32m200 [0m5.368 ms - 146[0m
[0mGET /blogDelete/5caa8e38b0ae931181a48052 [32m200 [0m8.832 ms - 1785[0m
[0mGET /stylesheets/style.css [36m304 [0m0.290 ms - -[0m
[0mGET /bootstrap/css/bootstrap.min.css [36m304 [0m0.409 ms - -[0m
[0mGET /bootstrap/css/fontawesome-all.css [33m404 [0m1.097 ms - 1883[0m
Error: Failed to lookup view "error" in views directory "/home/bitnami/lab4/blogger/app_server/views"
    at Function.render (/home/bitnami/lab4/blogger/node_modules/express/lib/application.js:580:17)
    at ServerResponse.render (/home/bitnami/lab4/blogger/node_modules/express/lib/response.js:971:7)
    at /home/bitnami/lab4/blogger/app.js:48:7
    at Layer.handle_error (/home/bitnami/lab4/blogger/node_modules/express/lib/router/layer.js:71:5)
    at trim_prefix (/home/bitnami/lab4/blogger/node_modules/express/lib/router/index.js:315:13)
    at /home/bitnami/lab4/blogger/node_modules/express/lib/router/index.js:284:7
    at Function.process_params (/home/bitnami/lab4/blogger/node_modules/express/lib/router/index.js:335:12)
    at next (/home/bitnami/lab4/blogger/node_modules/express/lib/router/index.js:275:10)
    at /home/bitnami/lab4/blogger/app.js:37:3
    at Layer.handle [as handle_request] (/home/bitnami/lab4/blogger/node_modules/express/lib/router/layer.js:95:5)
    at trim_prefix (/home/bitnami/lab4/blogger/node_modules/express/lib/router/index.js:317:13)
    at /home/bitnami/lab4/blogger/node_modules/express/lib/router/index.js:284:7
    at Function.process_params (/home/bitnami/lab4/blogger/node_modules/express/lib/router/index.js:335:12)
    at next (/home/bitnami/lab4/blogger/node_modules/express/lib/router/index.js:275:10)
    at /home/bitnami/lab4/blogger/node_modules/express/lib/router/index.js:635:15
    at next (/home/bitnami/lab4/blogger/node_modules/express/lib/router/index.js:260:14)
[0mGET /bootstrap/js/jquery.min.js [33m404 [0m0.532 ms - 1883[0m
Error: Failed to lookup view "error" in views directory "/home/bitnami/lab4/blogger/app_server/views"
    at Function.render (/home/bitnami/lab4/blogger/node_modules/express/lib/application.js:580:17)
    at ServerResponse.render (/home/bitnami/lab4/blogger/node_modules/express/lib/response.js:971:7)
    at /home/bitnami/lab4/blogger/app.js:48:7
    at Layer.handle_error (/home/bitnami/lab4/blogger/node_modules/express/lib/router/layer.js:71:5)
    at trim_prefix (/home/bitnami/lab4/blogger/node_modules/express/lib/router/index.js:315:13)
    at /home/bitnami/lab4/blogger/node_modules/express/lib/router/index.js:284:7
    at Function.process_params (/home/bitnami/lab4/blogger/node_modules/express/lib/router/index.js:335:12)
    at next (/home/bitnami/lab4/blogger/node_modules/express/lib/router/index.js:275:10)
    at /home/bitnami/lab4/blogger/app.js:37:3
    at Layer.handle [as handle_request] (/home/bitnami/lab4/blogger/node_modules/express/lib/router/layer.js:95:5)
    at trim_prefix (/home/bitnami/lab4/blogger/node_modules/express/lib/router/index.js:317:13)
    at /home/bitnami/lab4/blogger/node_modules/express/lib/router/index.js:284:7
    at Function.process_params (/home/bitnami/lab4/blogger/node_modules/express/lib/router/index.js:335:12)
    at next (/home/bitnami/lab4/blogger/node_modules/express/lib/router/index.js:275:10)
    at /home/bitnami/lab4/blogger/node_modules/express/lib/router/index.js:635:15
    at next (/home/bitnami/lab4/blogger/node_modules/express/lib/router/index.js:260:14)
[0mGET /bootstrap/js/bootstrap.min.js [36m304 [0m0.244 ms - -[0m
[0mGET / [36m304 [0m1.042 ms - -[0m
[0mGET /stylesheets/style.css [36m304 [0m1.406 ms - -[0m
[0mGET /bootstrap/css/bootstrap.min.css [36m304 [0m0.269 ms - -[0m
[0mGET /bootstrap/css/fontawesome-all.css [33m404 [0m0.960 ms - 1883[0m
Error: Failed to lookup view "error" in views directory "/home/bitnami/lab4/blogger/app_server/views"
    at Function.render (/home/bitnami/lab4/blogger/node_modules/express/lib/application.js:580:17)
    at ServerResponse.render (/home/bitnami/lab4/blogger/node_modules/express/lib/response.js:971:7)
    at /home/bitnami/lab4/blogger/app.js:48:7
    at Layer.handle_error (/home/bitnami/lab4/blogger/node_modules/express/lib/router/layer.js:71:5)
    at trim_prefix (/home/bitnami/lab4/blogger/node_modules/express/lib/router/index.js:315:13)
    at /home/bitnami/lab4/blogger/node_modules/express/lib/router/index.js:284:7
    at Function.process_params (/home/bitnami/lab4/blogger/node_modules/express/lib/router/index.js:335:12)
    at next (/home/bitnami/lab4/blogger/node_modules/express/lib/router/index.js:275:10)
    at /home/bitnami/lab4/blogger/app.js:37:3
    at Layer.handle [as handle_request] (/home/bitnami/lab4/blogger/node_modules/express/lib/router/layer.js:95:5)
    at trim_prefix (/home/bitnami/lab4/blogger/node_modules/express/lib/router/index.js:317:13)
    at /home/bitnami/lab4/blogger/node_modules/express/lib/router/index.js:284:7
    at Function.process_params (/home/bitnami/lab4/blogger/node_modules/express/lib/router/index.js:335:12)
    at next (/home/bitnami/lab4/blogger/node_modules/express/lib/router/index.js:275:10)
    at /home/bitnami/lab4/blogger/node_modules/express/lib/router/index.js:635:15
    at next (/home/bitnami/lab4/blogger/node_modules/express/lib/router/index.js:260:14)
[0mGET /bootstrap/js/jquery.min.js [33m404 [0m1.110 ms - 1883[0m
Error: Failed to lookup view "error" in views directory "/home/bitnami/lab4/blogger/app_server/views"
    at Function.render (/home/bitnami/lab4/blogger/node_modules/express/lib/application.js:580:17)
    at ServerResponse.render (/home/bitnami/lab4/blogger/node_modules/express/lib/response.js:971:7)
    at /home/bitnami/lab4/blogger/app.js:48:7
    at Layer.handle_error (/home/bitnami/lab4/blogger/node_modules/express/lib/router/layer.js:71:5)
    at trim_prefix (/home/bitnami/lab4/blogger/node_modules/express/lib/router/index.js:315:13)
    at /home/bitnami/lab4/blogger/node_modules/express/lib/router/index.js:284:7
    at Function.process_params (/home/bitnami/lab4/blogger/node_modules/express/lib/router/index.js:335:12)
    at next (/home/bitnami/lab4/blogger/node_modules/express/lib/router/index.js:275:10)
    at /home/bitnami/lab4/blogger/app.js:37:3
    at Layer.handle [as handle_request] (/home/bitnami/lab4/blogger/node_modules/express/lib/router/layer.js:95:5)
    at trim_prefix (/home/bitnami/lab4/blogger/node_modules/express/lib/router/index.js:317:13)
    at /home/bitnami/lab4/blogger/node_modules/express/lib/router/index.js:284:7
    at Function.process_params (/home/bitnami/lab4/blogger/node_modules/express/lib/router/index.js:335:12)
    at next (/home/bitnami/lab4/blogger/node_modules/express/lib/router/index.js:275:10)
    at /home/bitnami/lab4/blogger/node_modules/express/lib/router/index.js:635:15
    at next (/home/bitnami/lab4/blogger/node_modules/express/lib/router/index.js:260:14)
[0mGET /bootstrap/js/bootstrap.min.js [36m304 [0m0.270 ms - -[0m
Getting blogs list
[ { _id: 5caa8e38b0ae931181a48052,
    blogTitle: 'something2',
    blogText: ' something text2\r\n ',
    __v: 0,
    dateOfCreation: 2019-04-08T00:16:42.723Z } ]
[0mGET /api/blogs [32m200 [0m2.249 ms - 140[0m
[0mGET /blogList [32m200 [0m5.101 ms - 1852[0m
[0mGET /stylesheets/style.css [36m304 [0m0.394 ms - -[0m
[0mGET /bootstrap/css/bootstrap.min.css [36m304 [0m0.626 ms - -[0m
[0mGET /bootstrap/css/fontawesome-all.css [33m404 [0m1.710 ms - 1883[0m
[0mGET /bootstrap/js/jquery.min.js [33m404 [0m1.591 ms - 1883[0m
Error: Failed to lookup view "error" in views directory "/home/bitnami/lab4/blogger/app_server/views"
    at Function.render (/home/bitnami/lab4/blogger/node_modules/express/lib/application.js:580:17)
    at ServerResponse.render (/home/bitnami/lab4/blogger/node_modules/express/lib/response.js:971:7)
    at /home/bitnami/lab4/blogger/app.js:48:7
    at Layer.handle_error (/home/bitnami/lab4/blogger/node_modules/express/lib/router/layer.js:71:5)
    at trim_prefix (/home/bitnami/lab4/blogger/node_modules/express/lib/router/index.js:315:13)
    at /home/bitnami/lab4/blogger/node_modules/express/lib/router/index.js:284:7
    at Function.process_params (/home/bitnami/lab4/blogger/node_modules/express/lib/router/index.js:335:12)
    at next (/home/bitnami/lab4/blogger/node_modules/express/lib/router/index.js:275:10)
    at /home/bitnami/lab4/blogger/app.js:37:3
    at Layer.handle [as handle_request] (/home/bitnami/lab4/blogger/node_modules/express/lib/router/layer.js:95:5)
    at trim_prefix (/home/bitnami/lab4/blogger/node_modules/express/lib/router/index.js:317:13)
    at /home/bitnami/lab4/blogger/node_modules/express/lib/router/index.js:284:7
    at Function.process_params (/home/bitnami/lab4/blogger/node_modules/express/lib/router/index.js:335:12)
    at next (/home/bitnami/lab4/blogger/node_modules/express/lib/router/index.js:275:10)
    at /home/bitnami/lab4/blogger/node_modules/express/lib/router/index.js:635:15
    at next (/home/bitnami/lab4/blogger/node_modules/express/lib/router/index.js:260:14)
Error: Failed to lookup view "error" in views directory "/home/bitnami/lab4/blogger/app_server/views"
    at Function.render (/home/bitnami/lab4/blogger/node_modules/express/lib/application.js:580:17)
    at ServerResponse.render (/home/bitnami/lab4/blogger/node_modules/express/lib/response.js:971:7)
    at /home/bitnami/lab4/blogger/app.js:48:7
    at Layer.handle_error (/home/bitnami/lab4/blogger/node_modules/express/lib/router/layer.js:71:5)
    at trim_prefix (/home/bitnami/lab4/blogger/node_modules/express/lib/router/index.js:315:13)
    at /home/bitnami/lab4/blogger/node_modules/express/lib/router/index.js:284:7
    at Function.process_params (/home/bitnami/lab4/blogger/node_modules/express/lib/router/index.js:335:12)
    at next (/home/bitnami/lab4/blogger/node_modules/express/lib/router/index.js:275:10)
    at /home/bitnami/lab4/blogger/app.js:37:3
    at Layer.handle [as handle_request] (/home/bitnami/lab4/blogger/node_modules/express/lib/router/layer.js:95:5)
    at trim_prefix (/home/bitnami/lab4/blogger/node_modules/express/lib/router/index.js:317:13)
    at /home/bitnami/lab4/blogger/node_modules/express/lib/router/index.js:284:7
    at Function.process_params (/home/bitnami/lab4/blogger/node_modules/express/lib/router/index.js:335:12)
    at next (/home/bitnami/lab4/blogger/node_modules/express/lib/router/index.js:275:10)
    at /home/bitnami/lab4/blogger/node_modules/express/lib/router/index.js:635:15
    at next (/home/bitnami/lab4/blogger/node_modules/express/lib/router/index.js:260:14)
[0mGET /bootstrap/js/bootstrap.min.js [36m304 [0m0.251 ms - -[0m
[0mGET /blogAdd [36m304 [0m1.010 ms - -[0m
[0mGET /stylesheets/style.css [36m304 [0m0.269 ms - -[0m
[0mGET /bootstrap/css/bootstrap.min.css [36m304 [0m0.248 ms - -[0m
[0mGET /bootstrap/js/bootstrap.min.js [36m304 [0m1.283 ms - -[0m
[0mGET /bootstrap/js/jquery.min.js [33m404 [0m0.861 ms - 1883[0m
Error: Failed to lookup view "error" in views directory "/home/bitnami/lab4/blogger/app_server/views"
    at Function.render (/home/bitnami/lab4/blogger/node_modules/express/lib/application.js:580:17)
    at ServerResponse.render (/home/bitnami/lab4/blogger/node_modules/express/lib/response.js:971:7)
    at /home/bitnami/lab4/blogger/app.js:48:7
    at Layer.handle_error (/home/bitnami/lab4/blogger/node_modules/express/lib/router/layer.js:71:5)
    at trim_prefix (/home/bitnami/lab4/blogger/node_modules/express/lib/router/index.js:315:13)
    at /home/bitnami/lab4/blogger/node_modules/express/lib/router/index.js:284:7
    at Function.process_params (/home/bitnami/lab4/blogger/node_modules/express/lib/router/index.js:335:12)
    at next (/home/bitnami/lab4/blogger/node_modules/express/lib/router/index.js:275:10)
    at /home/bitnami/lab4/blogger/app.js:37:3
    at Layer.handle [as handle_request] (/home/bitnami/lab4/blogger/node_modules/express/lib/router/layer.js:95:5)
    at trim_prefix (/home/bitnami/lab4/blogger/node_modules/express/lib/router/index.js:317:13)
    at /home/bitnami/lab4/blogger/node_modules/express/lib/router/index.js:284:7
    at Function.process_params (/home/bitnami/lab4/blogger/node_modules/express/lib/router/index.js:335:12)
    at next (/home/bitnami/lab4/blogger/node_modules/express/lib/router/index.js:275:10)
    at /home/bitnami/lab4/blogger/node_modules/express/lib/router/index.js:635:15
    at next (/home/bitnami/lab4/blogger/node_modules/express/lib/router/index.js:260:14)
[0mGET / [32m200 [0m0.940 ms - 967[0m
[0mGET /wp-login.php [33m404 [0m0.754 ms - 1883[0m
Error: Failed to lookup view "error" in views directory "/home/bitnami/lab4/blogger/app_server/views"
    at Function.render (/home/bitnami/lab4/blogger/node_modules/express/lib/application.js:580:17)
    at ServerResponse.render (/home/bitnami/lab4/blogger/node_modules/express/lib/response.js:971:7)
    at /home/bitnami/lab4/blogger/app.js:48:7
    at Layer.handle_error (/home/bitnami/lab4/blogger/node_modules/express/lib/router/layer.js:71:5)
    at trim_prefix (/home/bitnami/lab4/blogger/node_modules/express/lib/router/index.js:315:13)
    at /home/bitnami/lab4/blogger/node_modules/express/lib/router/index.js:284:7
    at Function.process_params (/home/bitnami/lab4/blogger/node_modules/express/lib/router/index.js:335:12)
    at next (/home/bitnami/lab4/blogger/node_modules/express/lib/router/index.js:275:10)
    at /home/bitnami/lab4/blogger/app.js:37:3
    at Layer.handle [as handle_request] (/home/bitnami/lab4/blogger/node_modules/express/lib/router/layer.js:95:5)
    at trim_prefix (/home/bitnami/lab4/blogger/node_modules/express/lib/router/index.js:317:13)
    at /home/bitnami/lab4/blogger/node_modules/express/lib/router/index.js:284:7
    at Function.process_params (/home/bitnami/lab4/blogger/node_modules/express/lib/router/index.js:335:12)
    at next (/home/bitnami/lab4/blogger/node_modules/express/lib/router/index.js:275:10)
    at /home/bitnami/lab4/blogger/node_modules/express/lib/router/index.js:635:15
    at next (/home/bitnami/lab4/blogger/node_modules/express/lib/router/index.js:260:14)
[0mGET //ldskflks [33m404 [0m0.762 ms - 1883[0m
Error: Failed to lookup view "error" in views directory "/home/bitnami/lab4/blogger/app_server/views"
    at Function.render (/home/bitnami/lab4/blogger/node_modules/express/lib/application.js:580:17)
    at ServerResponse.render (/home/bitnami/lab4/blogger/node_modules/express/lib/response.js:971:7)
    at /home/bitnami/lab4/blogger/app.js:48:7
    at Layer.handle_error (/home/bitnami/lab4/blogger/node_modules/express/lib/router/layer.js:71:5)
    at trim_prefix (/home/bitnami/lab4/blogger/node_modules/express/lib/router/index.js:315:13)
    at /home/bitnami/lab4/blogger/node_modules/express/lib/router/index.js:284:7
    at Function.process_params (/home/bitnami/lab4/blogger/node_modules/express/lib/router/index.js:335:12)
    at next (/home/bitnami/lab4/blogger/node_modules/express/lib/router/index.js:275:10)
    at /home/bitnami/lab4/blogger/app.js:37:3
    at Layer.handle [as handle_request] (/home/bitnami/lab4/blogger/node_modules/express/lib/router/layer.js:95:5)
    at trim_prefix (/home/bitnami/lab4/blogger/node_modules/express/lib/router/index.js:317:13)
    at /home/bitnami/lab4/blogger/node_modules/express/lib/router/index.js:284:7
    at Function.process_params (/home/bitnami/lab4/blogger/node_modules/express/lib/router/index.js:335:12)
    at next (/home/bitnami/lab4/blogger/node_modules/express/lib/router/index.js:275:10)
    at /home/bitnami/lab4/blogger/node_modules/express/lib/router/index.js:635:15
    at next (/home/bitnami/lab4/blogger/node_modules/express/lib/router/index.js:260:14)
[0mGET //login [33m404 [0m0.542 ms - 1883[0m
Error: Failed to lookup view "error" in views directory "/home/bitnami/lab4/blogger/app_server/views"
    at Function.render (/home/bitnami/lab4/blogger/node_modules/express/lib/application.js:580:17)
    at ServerResponse.render (/home/bitnami/lab4/blogger/node_modules/express/lib/response.js:971:7)
    at /home/bitnami/lab4/blogger/app.js:48:7
    at Layer.handle_error (/home/bitnami/lab4/blogger/node_modules/express/lib/router/layer.js:71:5)
    at trim_prefix (/home/bitnami/lab4/blogger/node_modules/express/lib/router/index.js:315:13)
    at /home/bitnami/lab4/blogger/node_modules/express/lib/router/index.js:284:7
    at Function.process_params (/home/bitnami/lab4/blogger/node_modules/express/lib/router/index.js:335:12)
    at next (/home/bitnami/lab4/blogger/node_modules/express/lib/router/index.js:275:10)
    at /home/bitnami/lab4/blogger/app.js:37:3
    at Layer.handle [as handle_request] (/home/bitnami/lab4/blogger/node_modules/express/lib/router/layer.js:95:5)
    at trim_prefix (/home/bitnami/lab4/blogger/node_modules/express/lib/router/index.js:317:13)
    at /home/bitnami/lab4/blogger/node_modules/express/lib/router/index.js:284:7
    at Function.process_params (/home/bitnami/lab4/blogger/node_modules/express/lib/router/index.js:335:12)
    at next (/home/bitnami/lab4/blogger/node_modules/express/lib/router/index.js:275:10)
    at /home/bitnami/lab4/blogger/node_modules/express/lib/router/index.js:635:15
    at next (/home/bitnami/lab4/blogger/node_modules/express/lib/router/index.js:260:14)
