
> blogger@0.0.0 start /home/bitnami/lab4/blogger
> PORT=80 node ./bin/www


/home/bitnami/lab4/blogger/node_modules/mongoose/lib/index.js:434
      throw new mongoose.Error.MissingSchemaError(name);
      ^
MissingSchemaError: Schema hasn't been registered for model "Blog".
Use mongoose.model(name, schema)
    at new MissingSchemaError (/home/bitnami/lab4/blogger/node_modules/mongoose/lib/error/missingSchema.js:22:11)
    at Mongoose.model (/home/bitnami/lab4/blogger/node_modules/mongoose/lib/index.js:434:13)
    at Object.<anonymous> (/home/bitnami/lab4/blogger/app_api/controllers/blogs.js:2:26)
    at Module._compile (module.js:652:30)
    at Object.Module._extensions..js (module.js:663:10)
    at Module.load (module.js:565:32)
    at tryModuleLoad (module.js:505:12)
    at Function.Module._load (module.js:497:3)
    at Module.require (module.js:596:17)
    at require (internal/module.js:11:18)
    at Object.<anonymous> (/home/bitnami/lab4/blogger/app_api/routes/index.js:3:17)
    at Module._compile (module.js:652:30)
    at Object.Module._extensions..js (module.js:663:10)
    at Module.load (module.js:565:32)
    at tryModuleLoad (module.js:505:12)
    at Function.Module._load (module.js:497:3)
npm ERR! code ELIFECYCLE
npm ERR! errno 1
npm ERR! blogger@0.0.0 start: `PORT=80 node ./bin/www`
npm ERR! Exit status 1
npm ERR! 
npm ERR! Failed at the blogger@0.0.0 start script.
npm ERR! This is probably not a problem with npm. There is likely additional logging output above.

npm ERR! A complete log of this run can be found in:
npm ERR!     /root/.npm/_logs/2019-03-25T22_17_58_879Z-debug.log

> blogger@0.0.0 start /home/bitnami/lab4/blogger
> PORT=80 node ./bin/www


/home/bitnami/lab4/blogger/node_modules/mongoose/lib/index.js:434
      throw new mongoose.Error.MissingSchemaError(name);
      ^
MissingSchemaError: Schema hasn't been registered for model "Blog".
Use mongoose.model(name, schema)
    at new MissingSchemaError (/home/bitnami/lab4/blogger/node_modules/mongoose/lib/error/missingSchema.js:22:11)
    at Mongoose.model (/home/bitnami/lab4/blogger/node_modules/mongoose/lib/index.js:434:13)
    at Object.<anonymous> (/home/bitnami/lab4/blogger/app_api/controllers/blogs.js:2:26)
    at Module._compile (module.js:652:30)
    at Object.Module._extensions..js (module.js:663:10)
    at Module.load (module.js:565:32)
    at tryModuleLoad (module.js:505:12)
    at Function.Module._load (module.js:497:3)
    at Module.require (module.js:596:17)
    at require (internal/module.js:11:18)
    at Object.<anonymous> (/home/bitnami/lab4/blogger/app_api/routes/index.js:3:17)
    at Module._compile (module.js:652:30)
    at Object.Module._extensions..js (module.js:663:10)
    at Module.load (module.js:565:32)
    at tryModuleLoad (module.js:505:12)
    at Function.Module._load (module.js:497:3)
npm ERR! code ELIFECYCLE
npm ERR! errno 1
npm ERR! blogger@0.0.0 start: `PORT=80 node ./bin/www`
npm ERR! Exit status 1
npm ERR! 
npm ERR! Failed at the blogger@0.0.0 start script.
npm ERR! This is probably not a problem with npm. There is likely additional logging output above.

npm ERR! A complete log of this run can be found in:
npm ERR!     /root/.npm/_logs/2019-03-25T22_25_15_406Z-debug.log

> blogger@0.0.0 start /home/bitnami/lab4/blogger
> PORT=80 node ./bin/www

/home/bitnami/lab4/blogger/node_modules/express/lib/router/index.js:458
      throw new TypeError('Router.use() requires middleware function but got a ' + gettype(fn));
      ^

TypeError: Router.use() requires middleware function but got a Object
    at Function.use (/home/bitnami/lab4/blogger/node_modules/express/lib/router/index.js:458:13)
    at Function.<anonymous> (/home/bitnami/lab4/blogger/node_modules/express/lib/application.js:220:21)
    at Array.forEach (<anonymous>)
    at Function.use (/home/bitnami/lab4/blogger/node_modules/express/lib/application.js:217:7)
    at Object.<anonymous> (/home/bitnami/lab4/blogger/app.js:30:5)
    at Module._compile (module.js:652:30)
    at Object.Module._extensions..js (module.js:663:10)
    at Module.load (module.js:565:32)
    at tryModuleLoad (module.js:505:12)
    at Function.Module._load (module.js:497:3)
    at Module.require (module.js:596:17)
    at require (internal/module.js:11:18)
    at Object.<anonymous> (/home/bitnami/lab4/blogger/bin/www:7:11)
    at Module._compile (module.js:652:30)
    at Object.Module._extensions..js (module.js:663:10)
    at Module.load (module.js:565:32)
npm ERR! code ELIFECYCLE
npm ERR! errno 1
npm ERR! blogger@0.0.0 start: `PORT=80 node ./bin/www`
npm ERR! Exit status 1
npm ERR! 
npm ERR! Failed at the blogger@0.0.0 start script.
npm ERR! This is probably not a problem with npm. There is likely additional logging output above.

npm ERR! A complete log of this run can be found in:
npm ERR!     /root/.npm/_logs/2019-03-25T22_28_43_432Z-debug.log
